[0.716s] Invoking command in '/home/asambhav/vtol_ws/src/vtol_controller': PYTHONPATH=/home/asambhav/vtol_ws/build/vtol_controller/prefix_override:/usr/lib/python3/dist-packages/colcon_core/task/python/colcon_distutils_commands:/home/asambhav/vtol_ws/install/vtol_controller/lib/python3.10/site-packages:${PYTHONPATH} /usr/bin/python3 -W ignore:setup.py install is deprecated -W ignore:easy_install command is deprecated setup.py egg_info --egg-base ../../build/vtol_controller build --build-base /home/asambhav/vtol_ws/build/vtol_controller/build install --record /home/asambhav/vtol_ws/build/vtol_controller/install.log --single-version-externally-managed install_data
[0.905s] running egg_info
[0.915s] writing ../../build/vtol_controller/vtol_controller.egg-info/PKG-INFO
[0.915s] writing dependency_links to ../../build/vtol_controller/vtol_controller.egg-info/dependency_links.txt
[0.916s] writing entry points to ../../build/vtol_controller/vtol_controller.egg-info/entry_points.txt
[0.916s] writing requirements to ../../build/vtol_controller/vtol_controller.egg-info/requires.txt
[0.916s] writing top-level names to ../../build/vtol_controller/vtol_controller.egg-info/top_level.txt
[0.936s] reading manifest file '../../build/vtol_controller/vtol_controller.egg-info/SOURCES.txt'
[0.937s] writing manifest file '../../build/vtol_controller/vtol_controller.egg-info/SOURCES.txt'
[0.937s] running build
[0.938s] running build_py
[0.938s] copying vtol_controller/__init__.py -> /home/asambhav/vtol_ws/build/vtol_controller/build/lib/vtol_controller
[0.938s] copying vtol_controller/thrust_allocator.py -> /home/asambhav/vtol_ws/build/vtol_controller/build/lib/vtol_controller
[0.938s] running install
[0.941s] running install_lib
[0.951s] running install_data
[0.951s] copying resource/vtol_controller -> /home/asambhav/vtol_ws/install/vtol_controller/share/ament_index/resource_index/packages
[0.951s] copying package.xml -> /home/asambhav/vtol_ws/install/vtol_controller/share/vtol_controller
[0.952s] copying config/controllers.yaml -> /home/asambhav/vtol_ws/install/vtol_controller/share/vtol_controller/config
[0.952s] running install_egg_info
[0.962s] removing '/home/asambhav/vtol_ws/install/vtol_controller/lib/python3.10/site-packages/vtol_controller-0.0.0-py3.10.egg-info' (and everything under it)
[0.963s] Copying ../../build/vtol_controller/vtol_controller.egg-info to /home/asambhav/vtol_ws/install/vtol_controller/lib/python3.10/site-packages/vtol_controller-0.0.0-py3.10.egg-info
[0.963s] running install_scripts
[0.984s] Installing thrust_allocator script to /home/asambhav/vtol_ws/install/vtol_controller/lib/vtol_controller
[0.984s] writing list of installed files to '/home/asambhav/vtol_ws/build/vtol_controller/install.log'
[1.014s] Invoked command in '/home/asambhav/vtol_ws/src/vtol_controller' returned '0': PYTHONPATH=/home/asambhav/vtol_ws/build/vtol_controller/prefix_override:/usr/lib/python3/dist-packages/colcon_core/task/python/colcon_distutils_commands:/home/asambhav/vtol_ws/install/vtol_controller/lib/python3.10/site-packages:${PYTHONPATH} /usr/bin/python3 -W ignore:setup.py install is deprecated -W ignore:easy_install command is deprecated setup.py egg_info --egg-base ../../build/vtol_controller build --build-base /home/asambhav/vtol_ws/build/vtol_controller/build install --record /home/asambhav/vtol_ws/build/vtol_controller/install.log --single-version-externally-managed install_data
