[0.066s] DEBUG:colcon:Command line arguments: ['/usr/bin/colcon', 'build']
[0.066s] DEBUG:colcon:Parsed command line arguments: Namespace(log_base=None, log_level=None, verb_name='build', build_base='build', install_base='install', merge_install=False, symlink_install=False, test_result_base=None, continue_on_error=False, executor='parallel', parallel_workers=18, event_handlers=None, ignore_user_meta=False, metas=['./colcon.meta'], base_paths=['.'], packages_ignore=None, packages_ignore_regex=None, paths=None, packages_up_to=None, packages_up_to_regex=None, packages_above=None, packages_above_and_dependencies=None, packages_above_depth=None, packages_select_by_dep=None, packages_skip_by_dep=None, packages_skip_up_to=None, packages_select_build_failed=False, packages_skip_build_finished=False, packages_select_test_failures=False, packages_skip_test_passed=False, packages_select=None, packages_skip=None, packages_select_regex=None, packages_skip_regex=None, packages_start=None, packages_end=None, allow_overriding=[], cmake_args=None, cmake_target=None, cmake_target_skip_unavailable=False, cmake_clean_cache=False, cmake_clean_first=False, cmake_force_configure=False, ament_cmake_args=None, catkin_cmake_args=None, catkin_skip_building_tests=False, mixin_files=None, mixin=None, verb_parser=<colcon_mixin.mixin.mixin_argument.MixinArgumentDecorator object at 0x797b0f699660>, verb_extension=<colcon_core.verb.build.BuildVerb object at 0x797b0f61a350>, main=<bound method BuildVerb.main of <colcon_core.verb.build.BuildVerb object at 0x797b0f61a350>>, mixin_verb=('build',))
[0.090s] Level 1:colcon.colcon_core.package_discovery:discover_packages(colcon_meta) check parameters
[0.090s] Level 1:colcon.colcon_core.package_discovery:discover_packages(recursive) check parameters
[0.090s] Level 1:colcon.colcon_core.package_discovery:discover_packages(ignore) check parameters
[0.090s] Level 1:colcon.colcon_core.package_discovery:discover_packages(path) check parameters
[0.090s] Level 1:colcon.colcon_core.package_discovery:discover_packages(colcon_meta) discover
[0.090s] Level 1:colcon.colcon_core.package_discovery:discover_packages(recursive) discover
[0.090s] INFO:colcon.colcon_core.package_discovery:Crawling recursively for packages in '/home/asambhav/vtol_ws'
[0.090s] Level 1:colcon.colcon_core.package_identification:_identify(.) by extensions ['ignore', 'ignore_ament_install']
[0.090s] Level 1:colcon.colcon_core.package_identification:_identify(.) by extension 'ignore'
[0.090s] Level 1:colcon.colcon_core.package_identification:_identify(.) by extension 'ignore_ament_install'
[0.090s] Level 1:colcon.colcon_core.package_identification:_identify(.) by extensions ['colcon_pkg']
[0.090s] Level 1:colcon.colcon_core.package_identification:_identify(.) by extension 'colcon_pkg'
[0.090s] Level 1:colcon.colcon_core.package_identification:_identify(.) by extensions ['colcon_meta']
[0.090s] Level 1:colcon.colcon_core.package_identification:_identify(.) by extension 'colcon_meta'
[0.090s] Level 1:colcon.colcon_core.package_identification:_identify(.) by extensions ['ros']
[0.090s] Level 1:colcon.colcon_core.package_identification:_identify(.) by extension 'ros'
[0.099s] Level 1:colcon.colcon_core.package_identification:_identify(.) by extensions ['cmake', 'python']
[0.099s] Level 1:colcon.colcon_core.package_identification:_identify(.) by extension 'cmake'
[0.099s] Level 1:colcon.colcon_core.package_identification:_identify(.) by extension 'python'
[0.099s] Level 1:colcon.colcon_core.package_identification:_identify(.) by extensions ['python_setup_py']
[0.099s] Level 1:colcon.colcon_core.package_identification:_identify(.) by extension 'python_setup_py'
[0.099s] Level 1:colcon.colcon_core.package_identification:_identify(build) by extensions ['ignore', 'ignore_ament_install']
[0.099s] Level 1:colcon.colcon_core.package_identification:_identify(build) by extension 'ignore'
[0.099s] Level 1:colcon.colcon_core.package_identification:_identify(build) ignored
[0.099s] Level 1:colcon.colcon_core.package_identification:_identify(install) by extensions ['ignore', 'ignore_ament_install']
[0.099s] Level 1:colcon.colcon_core.package_identification:_identify(install) by extension 'ignore'
[0.099s] Level 1:colcon.colcon_core.package_identification:_identify(install) ignored
[0.099s] Level 1:colcon.colcon_core.package_identification:_identify(log) by extensions ['ignore', 'ignore_ament_install']
[0.099s] Level 1:colcon.colcon_core.package_identification:_identify(log) by extension 'ignore'
[0.099s] Level 1:colcon.colcon_core.package_identification:_identify(log) ignored
[0.099s] Level 1:colcon.colcon_core.package_identification:_identify(src) by extensions ['ignore', 'ignore_ament_install']
[0.099s] Level 1:colcon.colcon_core.package_identification:_identify(src) by extension 'ignore'
[0.099s] Level 1:colcon.colcon_core.package_identification:_identify(src) by extension 'ignore_ament_install'
[0.099s] Level 1:colcon.colcon_core.package_identification:_identify(src) by extensions ['colcon_pkg']
[0.099s] Level 1:colcon.colcon_core.package_identification:_identify(src) by extension 'colcon_pkg'
[0.099s] Level 1:colcon.colcon_core.package_identification:_identify(src) by extensions ['colcon_meta']
[0.099s] Level 1:colcon.colcon_core.package_identification:_identify(src) by extension 'colcon_meta'
[0.099s] Level 1:colcon.colcon_core.package_identification:_identify(src) by extensions ['ros']
[0.099s] Level 1:colcon.colcon_core.package_identification:_identify(src) by extension 'ros'
[0.099s] Level 1:colcon.colcon_core.package_identification:_identify(src) by extensions ['cmake', 'python']
[0.099s] Level 1:colcon.colcon_core.package_identification:_identify(src) by extension 'cmake'
[0.099s] Level 1:colcon.colcon_core.package_identification:_identify(src) by extension 'python'
[0.099s] Level 1:colcon.colcon_core.package_identification:_identify(src) by extensions ['python_setup_py']
[0.099s] Level 1:colcon.colcon_core.package_identification:_identify(src) by extension 'python_setup_py'
[0.099s] Level 1:colcon.colcon_core.package_identification:_identify(src/vtol_controller) by extensions ['ignore', 'ignore_ament_install']
[0.099s] Level 1:colcon.colcon_core.package_identification:_identify(src/vtol_controller) by extension 'ignore'
[0.100s] Level 1:colcon.colcon_core.package_identification:_identify(src/vtol_controller) by extension 'ignore_ament_install'
[0.100s] Level 1:colcon.colcon_core.package_identification:_identify(src/vtol_controller) by extensions ['colcon_pkg']
[0.100s] Level 1:colcon.colcon_core.package_identification:_identify(src/vtol_controller) by extension 'colcon_pkg'
[0.100s] Level 1:colcon.colcon_core.package_identification:_identify(src/vtol_controller) by extensions ['colcon_meta']
[0.100s] Level 1:colcon.colcon_core.package_identification:_identify(src/vtol_controller) by extension 'colcon_meta'
[0.100s] Level 1:colcon.colcon_core.package_identification:_identify(src/vtol_controller) by extensions ['ros']
[0.100s] Level 1:colcon.colcon_core.package_identification:_identify(src/vtol_controller) by extension 'ros'
[0.102s] DEBUG:colcon.colcon_core.package_identification:Package 'src/vtol_controller' with type 'ros.ament_python' and name 'vtol_controller'
[0.102s] Level 1:colcon.colcon_core.package_identification:_identify(src/vtol_description) by extensions ['ignore', 'ignore_ament_install']
[0.102s] Level 1:colcon.colcon_core.package_identification:_identify(src/vtol_description) by extension 'ignore'
[0.102s] Level 1:colcon.colcon_core.package_identification:_identify(src/vtol_description) by extension 'ignore_ament_install'
[0.102s] Level 1:colcon.colcon_core.package_identification:_identify(src/vtol_description) by extensions ['colcon_pkg']
[0.102s] Level 1:colcon.colcon_core.package_identification:_identify(src/vtol_description) by extension 'colcon_pkg'
[0.102s] Level 1:colcon.colcon_core.package_identification:_identify(src/vtol_description) by extensions ['colcon_meta']
[0.102s] Level 1:colcon.colcon_core.package_identification:_identify(src/vtol_description) by extension 'colcon_meta'
[0.102s] Level 1:colcon.colcon_core.package_identification:_identify(src/vtol_description) by extensions ['ros']
[0.102s] Level 1:colcon.colcon_core.package_identification:_identify(src/vtol_description) by extension 'ros'
[0.104s] DEBUG:colcon.colcon_core.package_identification:Package 'src/vtol_description' with type 'ros.ament_cmake' and name 'vtol_description'
[0.104s] Level 1:colcon.colcon_core.package_identification:_identify(src/vtol_dynamics) by extensions ['ignore', 'ignore_ament_install']
[0.104s] Level 1:colcon.colcon_core.package_identification:_identify(src/vtol_dynamics) by extension 'ignore'
[0.104s] Level 1:colcon.colcon_core.package_identification:_identify(src/vtol_dynamics) by extension 'ignore_ament_install'
[0.104s] Level 1:colcon.colcon_core.package_identification:_identify(src/vtol_dynamics) by extensions ['colcon_pkg']
[0.104s] Level 1:colcon.colcon_core.package_identification:_identify(src/vtol_dynamics) by extension 'colcon_pkg'
[0.104s] Level 1:colcon.colcon_core.package_identification:_identify(src/vtol_dynamics) by extensions ['colcon_meta']
[0.104s] Level 1:colcon.colcon_core.package_identification:_identify(src/vtol_dynamics) by extension 'colcon_meta'
[0.104s] Level 1:colcon.colcon_core.package_identification:_identify(src/vtol_dynamics) by extensions ['ros']
[0.104s] Level 1:colcon.colcon_core.package_identification:_identify(src/vtol_dynamics) by extension 'ros'
[0.105s] DEBUG:colcon.colcon_core.package_identification:Package 'src/vtol_dynamics' with type 'ros.ament_python' and name 'vtol_dynamics'
[0.105s] Level 1:colcon.colcon_core.package_identification:_identify(src/vtol_gazebo_plugins) by extensions ['ignore', 'ignore_ament_install']
[0.105s] Level 1:colcon.colcon_core.package_identification:_identify(src/vtol_gazebo_plugins) by extension 'ignore'
[0.105s] Level 1:colcon.colcon_core.package_identification:_identify(src/vtol_gazebo_plugins) by extension 'ignore_ament_install'
[0.105s] Level 1:colcon.colcon_core.package_identification:_identify(src/vtol_gazebo_plugins) by extensions ['colcon_pkg']
[0.105s] Level 1:colcon.colcon_core.package_identification:_identify(src/vtol_gazebo_plugins) by extension 'colcon_pkg'
[0.105s] Level 1:colcon.colcon_core.package_identification:_identify(src/vtol_gazebo_plugins) by extensions ['colcon_meta']
[0.105s] Level 1:colcon.colcon_core.package_identification:_identify(src/vtol_gazebo_plugins) by extension 'colcon_meta'
[0.105s] Level 1:colcon.colcon_core.package_identification:_identify(src/vtol_gazebo_plugins) by extensions ['ros']
[0.105s] Level 1:colcon.colcon_core.package_identification:_identify(src/vtol_gazebo_plugins) by extension 'ros'
[0.105s] DEBUG:colcon.colcon_core.package_identification:Package 'src/vtol_gazebo_plugins' with type 'ros.ament_cmake' and name 'vtol_gazebo_plugins'
[0.105s] Level 1:colcon.colcon_core.package_identification:_identify(src/vtol_planner) by extensions ['ignore', 'ignore_ament_install']
[0.105s] Level 1:colcon.colcon_core.package_identification:_identify(src/vtol_planner) by extension 'ignore'
[0.105s] Level 1:colcon.colcon_core.package_identification:_identify(src/vtol_planner) by extension 'ignore_ament_install'
[0.105s] Level 1:colcon.colcon_core.package_identification:_identify(src/vtol_planner) by extensions ['colcon_pkg']
[0.106s] Level 1:colcon.colcon_core.package_identification:_identify(src/vtol_planner) by extension 'colcon_pkg'
[0.106s] Level 1:colcon.colcon_core.package_identification:_identify(src/vtol_planner) by extensions ['colcon_meta']
[0.106s] Level 1:colcon.colcon_core.package_identification:_identify(src/vtol_planner) by extension 'colcon_meta'
[0.106s] Level 1:colcon.colcon_core.package_identification:_identify(src/vtol_planner) by extensions ['ros']
[0.106s] Level 1:colcon.colcon_core.package_identification:_identify(src/vtol_planner) by extension 'ros'
[0.106s] DEBUG:colcon.colcon_core.package_identification:Package 'src/vtol_planner' with type 'ros.ament_python' and name 'vtol_planner'
[0.106s] Level 1:colcon.colcon_core.package_identification:_identify(src/vtol_plant) by extensions ['ignore', 'ignore_ament_install']
[0.106s] Level 1:colcon.colcon_core.package_identification:_identify(src/vtol_plant) by extension 'ignore'
[0.106s] Level 1:colcon.colcon_core.package_identification:_identify(src/vtol_plant) by extension 'ignore_ament_install'
[0.106s] Level 1:colcon.colcon_core.package_identification:_identify(src/vtol_plant) by extensions ['colcon_pkg']
[0.106s] Level 1:colcon.colcon_core.package_identification:_identify(src/vtol_plant) by extension 'colcon_pkg'
[0.106s] Level 1:colcon.colcon_core.package_identification:_identify(src/vtol_plant) by extensions ['colcon_meta']
[0.106s] Level 1:colcon.colcon_core.package_identification:_identify(src/vtol_plant) by extension 'colcon_meta'
[0.106s] Level 1:colcon.colcon_core.package_identification:_identify(src/vtol_plant) by extensions ['ros']
[0.106s] Level 1:colcon.colcon_core.package_identification:_identify(src/vtol_plant) by extension 'ros'
[0.107s] DEBUG:colcon.colcon_core.package_identification:Package 'src/vtol_plant' with type 'ros.ament_python' and name 'vtol_plant'
[0.107s] Level 1:colcon.colcon_core.package_identification:_identify(src/vtol_testbench) by extensions ['ignore', 'ignore_ament_install']
[0.107s] Level 1:colcon.colcon_core.package_identification:_identify(src/vtol_testbench) by extension 'ignore'
[0.107s] Level 1:colcon.colcon_core.package_identification:_identify(src/vtol_testbench) by extension 'ignore_ament_install'
[0.107s] Level 1:colcon.colcon_core.package_identification:_identify(src/vtol_testbench) by extensions ['colcon_pkg']
[0.107s] Level 1:colcon.colcon_core.package_identification:_identify(src/vtol_testbench) by extension 'colcon_pkg'
[0.107s] Level 1:colcon.colcon_core.package_identification:_identify(src/vtol_testbench) by extensions ['colcon_meta']
[0.107s] Level 1:colcon.colcon_core.package_identification:_identify(src/vtol_testbench) by extension 'colcon_meta'
[0.107s] Level 1:colcon.colcon_core.package_identification:_identify(src/vtol_testbench) by extensions ['ros']
[0.107s] Level 1:colcon.colcon_core.package_identification:_identify(src/vtol_testbench) by extension 'ros'
[0.107s] DEBUG:colcon.colcon_core.package_identification:Package 'src/vtol_testbench' with type 'ros.ament_python' and name 'vtol_testbench'
[0.107s] Level 1:colcon.colcon_core.package_discovery:discover_packages(recursive) using defaults
[0.107s] Level 1:colcon.colcon_core.package_discovery:discover_packages(ignore) discover
[0.107s] Level 1:colcon.colcon_core.package_discovery:discover_packages(ignore) using defaults
[0.107s] Level 1:colcon.colcon_core.package_discovery:discover_packages(path) discover
[0.107s] Level 1:colcon.colcon_core.package_discovery:discover_packages(path) using defaults
[0.120s] Level 1:colcon.colcon_core.package_discovery:discover_packages(prefix_path) check parameters
[0.120s] Level 1:colcon.colcon_core.package_discovery:discover_packages(prefix_path) discover
[0.122s] DEBUG:colcon.colcon_installed_package_information.package_discovery:Found 7 installed packages in /home/asambhav/vtol_ws/install
[0.122s] DEBUG:colcon.colcon_installed_package_information.package_discovery:Found 9 installed packages in /home/asambhav/e-yantra_ws/install
[0.123s] DEBUG:colcon.colcon_installed_package_information.package_discovery:Found 409 installed packages in /opt/ros/humble
[0.124s] Level 1:colcon.colcon_core.package_discovery:discover_packages(prefix_path) using defaults
[0.159s] Level 5:colcon.colcon_core.verb:set package 'vtol_controller' build argument 'cmake_args' from command line to 'None'
[0.159s] Level 5:colcon.colcon_core.verb:set package 'vtol_controller' build argument 'cmake_target' from command line to 'None'
[0.159s] Level 5:colcon.colcon_core.verb:set package 'vtol_controller' build argument 'cmake_target_skip_unavailable' from command line to 'False'
[0.159s] Level 5:colcon.colcon_core.verb:set package 'vtol_controller' build argument 'cmake_clean_cache' from command line to 'False'
[0.159s] Level 5:colcon.colcon_core.verb:set package 'vtol_controller' build argument 'cmake_clean_first' from command line to 'False'
[0.159s] Level 5:colcon.colcon_core.verb:set package 'vtol_controller' build argument 'cmake_force_configure' from command line to 'False'
[0.159s] Level 5:colcon.colcon_core.verb:set package 'vtol_controller' build argument 'ament_cmake_args' from command line to 'None'
[0.159s] Level 5:colcon.colcon_core.verb:set package 'vtol_controller' build argument 'catkin_cmake_args' from command line to 'None'
[0.159s] Level 5:colcon.colcon_core.verb:set package 'vtol_controller' build argument 'catkin_skip_building_tests' from command line to 'False'
[0.159s] DEBUG:colcon.colcon_core.verb:Building package 'vtol_controller' with the following arguments: {'ament_cmake_args': None, 'build_base': '/home/asambhav/vtol_ws/build/vtol_controller', 'catkin_cmake_args': None, 'catkin_skip_building_tests': False, 'cmake_args': None, 'cmake_clean_cache': False, 'cmake_clean_first': False, 'cmake_force_configure': False, 'cmake_target': None, 'cmake_target_skip_unavailable': False, 'install_base': '/home/asambhav/vtol_ws/install/vtol_controller', 'merge_install': False, 'path': '/home/asambhav/vtol_ws/src/vtol_controller', 'symlink_install': False, 'test_result_base': None}
[0.159s] Level 5:colcon.colcon_core.verb:set package 'vtol_description' build argument 'cmake_args' from command line to 'None'
[0.159s] Level 5:colcon.colcon_core.verb:set package 'vtol_description' build argument 'cmake_target' from command line to 'None'
[0.159s] Level 5:colcon.colcon_core.verb:set package 'vtol_description' build argument 'cmake_target_skip_unavailable' from command line to 'False'
[0.159s] Level 5:colcon.colcon_core.verb:set package 'vtol_description' build argument 'cmake_clean_cache' from command line to 'False'
[0.159s] Level 5:colcon.colcon_core.verb:set package 'vtol_description' build argument 'cmake_clean_first' from command line to 'False'
[0.159s] Level 5:colcon.colcon_core.verb:set package 'vtol_description' build argument 'cmake_force_configure' from command line to 'False'
[0.159s] Level 5:colcon.colcon_core.verb:set package 'vtol_description' build argument 'ament_cmake_args' from command line to 'None'
[0.159s] Level 5:colcon.colcon_core.verb:set package 'vtol_description' build argument 'catkin_cmake_args' from command line to 'None'
[0.159s] Level 5:colcon.colcon_core.verb:set package 'vtol_description' build argument 'catkin_skip_building_tests' from command line to 'False'
[0.159s] DEBUG:colcon.colcon_core.verb:Building package 'vtol_description' with the following arguments: {'ament_cmake_args': None, 'build_base': '/home/asambhav/vtol_ws/build/vtol_description', 'catkin_cmake_args': None, 'catkin_skip_building_tests': False, 'cmake_args': None, 'cmake_clean_cache': False, 'cmake_clean_first': False, 'cmake_force_configure': False, 'cmake_target': None, 'cmake_target_skip_unavailable': False, 'install_base': '/home/asambhav/vtol_ws/install/vtol_description', 'merge_install': False, 'path': '/home/asambhav/vtol_ws/src/vtol_description', 'symlink_install': False, 'test_result_base': None}
[0.159s] Level 5:colcon.colcon_core.verb:set package 'vtol_dynamics' build argument 'cmake_args' from command line to 'None'
[0.159s] Level 5:colcon.colcon_core.verb:set package 'vtol_dynamics' build argument 'cmake_target' from command line to 'None'
[0.159s] Level 5:colcon.colcon_core.verb:set package 'vtol_dynamics' build argument 'cmake_target_skip_unavailable' from command line to 'False'
[0.159s] Level 5:colcon.colcon_core.verb:set package 'vtol_dynamics' build argument 'cmake_clean_cache' from command line to 'False'
[0.159s] Level 5:colcon.colcon_core.verb:set package 'vtol_dynamics' build argument 'cmake_clean_first' from command line to 'False'
[0.159s] Level 5:colcon.colcon_core.verb:set package 'vtol_dynamics' build argument 'cmake_force_configure' from command line to 'False'
[0.159s] Level 5:colcon.colcon_core.verb:set package 'vtol_dynamics' build argument 'ament_cmake_args' from command line to 'None'
[0.159s] Level 5:colcon.colcon_core.verb:set package 'vtol_dynamics' build argument 'catkin_cmake_args' from command line to 'None'
[0.159s] Level 5:colcon.colcon_core.verb:set package 'vtol_dynamics' build argument 'catkin_skip_building_tests' from command line to 'False'
[0.159s] DEBUG:colcon.colcon_core.verb:Building package 'vtol_dynamics' with the following arguments: {'ament_cmake_args': None, 'build_base': '/home/asambhav/vtol_ws/build/vtol_dynamics', 'catkin_cmake_args': None, 'catkin_skip_building_tests': False, 'cmake_args': None, 'cmake_clean_cache': False, 'cmake_clean_first': False, 'cmake_force_configure': False, 'cmake_target': None, 'cmake_target_skip_unavailable': False, 'install_base': '/home/asambhav/vtol_ws/install/vtol_dynamics', 'merge_install': False, 'path': '/home/asambhav/vtol_ws/src/vtol_dynamics', 'symlink_install': False, 'test_result_base': None}
[0.160s] Level 5:colcon.colcon_core.verb:set package 'vtol_gazebo_plugins' build argument 'cmake_args' from command line to 'None'
[0.160s] Level 5:colcon.colcon_core.verb:set package 'vtol_gazebo_plugins' build argument 'cmake_target' from command line to 'None'
[0.160s] Level 5:colcon.colcon_core.verb:set package 'vtol_gazebo_plugins' build argument 'cmake_target_skip_unavailable' from command line to 'False'
[0.160s] Level 5:colcon.colcon_core.verb:set package 'vtol_gazebo_plugins' build argument 'cmake_clean_cache' from command line to 'False'
[0.160s] Level 5:colcon.colcon_core.verb:set package 'vtol_gazebo_plugins' build argument 'cmake_clean_first' from command line to 'False'
[0.160s] Level 5:colcon.colcon_core.verb:set package 'vtol_gazebo_plugins' build argument 'cmake_force_configure' from command line to 'False'
[0.160s] Level 5:colcon.colcon_core.verb:set package 'vtol_gazebo_plugins' build argument 'ament_cmake_args' from command line to 'None'
[0.160s] Level 5:colcon.colcon_core.verb:set package 'vtol_gazebo_plugins' build argument 'catkin_cmake_args' from command line to 'None'
[0.160s] Level 5:colcon.colcon_core.verb:set package 'vtol_gazebo_plugins' build argument 'catkin_skip_building_tests' from command line to 'False'
[0.160s] DEBUG:colcon.colcon_core.verb:Building package 'vtol_gazebo_plugins' with the following arguments: {'ament_cmake_args': None, 'build_base': '/home/asambhav/vtol_ws/build/vtol_gazebo_plugins', 'catkin_cmake_args': None, 'catkin_skip_building_tests': False, 'cmake_args': None, 'cmake_clean_cache': False, 'cmake_clean_first': False, 'cmake_force_configure': False, 'cmake_target': None, 'cmake_target_skip_unavailable': False, 'install_base': '/home/asambhav/vtol_ws/install/vtol_gazebo_plugins', 'merge_install': False, 'path': '/home/asambhav/vtol_ws/src/vtol_gazebo_plugins', 'symlink_install': False, 'test_result_base': None}
[0.160s] Level 5:colcon.colcon_core.verb:set package 'vtol_planner' build argument 'cmake_args' from command line to 'None'
[0.160s] Level 5:colcon.colcon_core.verb:set package 'vtol_planner' build argument 'cmake_target' from command line to 'None'
[0.160s] Level 5:colcon.colcon_core.verb:set package 'vtol_planner' build argument 'cmake_target_skip_unavailable' from command line to 'False'
[0.160s] Level 5:colcon.colcon_core.verb:set package 'vtol_planner' build argument 'cmake_clean_cache' from command line to 'False'
[0.160s] Level 5:colcon.colcon_core.verb:set package 'vtol_planner' build argument 'cmake_clean_first' from command line to 'False'
[0.160s] Level 5:colcon.colcon_core.verb:set package 'vtol_planner' build argument 'cmake_force_configure' from command line to 'False'
[0.160s] Level 5:colcon.colcon_core.verb:set package 'vtol_planner' build argument 'ament_cmake_args' from command line to 'None'
[0.160s] Level 5:colcon.colcon_core.verb:set package 'vtol_planner' build argument 'catkin_cmake_args' from command line to 'None'
[0.160s] Level 5:colcon.colcon_core.verb:set package 'vtol_planner' build argument 'catkin_skip_building_tests' from command line to 'False'
[0.160s] DEBUG:colcon.colcon_core.verb:Building package 'vtol_planner' with the following arguments: {'ament_cmake_args': None, 'build_base': '/home/asambhav/vtol_ws/build/vtol_planner', 'catkin_cmake_args': None, 'catkin_skip_building_tests': False, 'cmake_args': None, 'cmake_clean_cache': False, 'cmake_clean_first': False, 'cmake_force_configure': False, 'cmake_target': None, 'cmake_target_skip_unavailable': False, 'install_base': '/home/asambhav/vtol_ws/install/vtol_planner', 'merge_install': False, 'path': '/home/asambhav/vtol_ws/src/vtol_planner', 'symlink_install': False, 'test_result_base': None}
[0.160s] Level 5:colcon.colcon_core.verb:set package 'vtol_plant' build argument 'cmake_args' from command line to 'None'
[0.160s] Level 5:colcon.colcon_core.verb:set package 'vtol_plant' build argument 'cmake_target' from command line to 'None'
[0.160s] Level 5:colcon.colcon_core.verb:set package 'vtol_plant' build argument 'cmake_target_skip_unavailable' from command line to 'False'
[0.160s] Level 5:colcon.colcon_core.verb:set package 'vtol_plant' build argument 'cmake_clean_cache' from command line to 'False'
[0.160s] Level 5:colcon.colcon_core.verb:set package 'vtol_plant' build argument 'cmake_clean_first' from command line to 'False'
[0.160s] Level 5:colcon.colcon_core.verb:set package 'vtol_plant' build argument 'cmake_force_configure' from command line to 'False'
[0.160s] Level 5:colcon.colcon_core.verb:set package 'vtol_plant' build argument 'ament_cmake_args' from command line to 'None'
[0.160s] Level 5:colcon.colcon_core.verb:set package 'vtol_plant' build argument 'catkin_cmake_args' from command line to 'None'
[0.160s] Level 5:colcon.colcon_core.verb:set package 'vtol_plant' build argument 'catkin_skip_building_tests' from command line to 'False'
[0.160s] DEBUG:colcon.colcon_core.verb:Building package 'vtol_plant' with the following arguments: {'ament_cmake_args': None, 'build_base': '/home/asambhav/vtol_ws/build/vtol_plant', 'catkin_cmake_args': None, 'catkin_skip_building_tests': False, 'cmake_args': None, 'cmake_clean_cache': False, 'cmake_clean_first': False, 'cmake_force_configure': False, 'cmake_target': None, 'cmake_target_skip_unavailable': False, 'install_base': '/home/asambhav/vtol_ws/install/vtol_plant', 'merge_install': False, 'path': '/home/asambhav/vtol_ws/src/vtol_plant', 'symlink_install': False, 'test_result_base': None}
[0.161s] Level 5:colcon.colcon_core.verb:set package 'vtol_testbench' build argument 'cmake_args' from command line to 'None'
[0.161s] Level 5:colcon.colcon_core.verb:set package 'vtol_testbench' build argument 'cmake_target' from command line to 'None'
[0.161s] Level 5:colcon.colcon_core.verb:set package 'vtol_testbench' build argument 'cmake_target_skip_unavailable' from command line to 'False'
[0.161s] Level 5:colcon.colcon_core.verb:set package 'vtol_testbench' build argument 'cmake_clean_cache' from command line to 'False'
[0.161s] Level 5:colcon.colcon_core.verb:set package 'vtol_testbench' build argument 'cmake_clean_first' from command line to 'False'
[0.161s] Level 5:colcon.colcon_core.verb:set package 'vtol_testbench' build argument 'cmake_force_configure' from command line to 'False'
[0.161s] Level 5:colcon.colcon_core.verb:set package 'vtol_testbench' build argument 'ament_cmake_args' from command line to 'None'
[0.161s] Level 5:colcon.colcon_core.verb:set package 'vtol_testbench' build argument 'catkin_cmake_args' from command line to 'None'
[0.161s] Level 5:colcon.colcon_core.verb:set package 'vtol_testbench' build argument 'catkin_skip_building_tests' from command line to 'False'
[0.161s] DEBUG:colcon.colcon_core.verb:Building package 'vtol_testbench' with the following arguments: {'ament_cmake_args': None, 'build_base': '/home/asambhav/vtol_ws/build/vtol_testbench', 'catkin_cmake_args': None, 'catkin_skip_building_tests': False, 'cmake_args': None, 'cmake_clean_cache': False, 'cmake_clean_first': False, 'cmake_force_configure': False, 'cmake_target': None, 'cmake_target_skip_unavailable': False, 'install_base': '/home/asambhav/vtol_ws/install/vtol_testbench', 'merge_install': False, 'path': '/home/asambhav/vtol_ws/src/vtol_testbench', 'symlink_install': False, 'test_result_base': None}
[0.161s] INFO:colcon.colcon_core.executor:Executing jobs using 'parallel' executor
[0.162s] DEBUG:colcon.colcon_parallel_executor.executor.parallel:run_until_complete
[0.162s] INFO:colcon.colcon_ros.task.ament_python.build:Building ROS package in '/home/asambhav/vtol_ws/src/vtol_controller' with build type 'ament_python'
[0.163s] Level 1:colcon.colcon_core.shell:create_environment_hook('vtol_controller', 'ament_prefix_path')
[0.165s] INFO:colcon.colcon_core.plugin_system:Skipping extension 'colcon_core.shell.bat': Not used on non-Windows systems
[0.165s] INFO:colcon.colcon_core.shell:Creating environment hook '/home/asambhav/vtol_ws/install/vtol_controller/share/vtol_controller/hook/ament_prefix_path.ps1'
[0.166s] INFO:colcon.colcon_core.shell:Creating environment descriptor '/home/asambhav/vtol_ws/install/vtol_controller/share/vtol_controller/hook/ament_prefix_path.dsv'
[0.166s] INFO:colcon.colcon_core.shell:Creating environment hook '/home/asambhav/vtol_ws/install/vtol_controller/share/vtol_controller/hook/ament_prefix_path.sh'
[0.166s] INFO:colcon.colcon_core.shell:Skip shell extension 'powershell' for command environment: Not usable outside of PowerShell
[0.166s] DEBUG:colcon.colcon_core.shell:Skip shell extension 'dsv' for command environment
[0.169s] INFO:colcon.colcon_ros.task.ament_cmake.build:Building ROS package in '/home/asambhav/vtol_ws/src/vtol_description' with build type 'ament_cmake'
[0.170s] INFO:colcon.colcon_cmake.task.cmake.build:Building CMake package in '/home/asambhav/vtol_ws/src/vtol_description'
[0.170s] INFO:colcon.colcon_core.shell:Skip shell extension 'powershell' for command environment: Not usable outside of PowerShell
[0.170s] DEBUG:colcon.colcon_core.shell:Skip shell extension 'dsv' for command environment
[0.172s] INFO:colcon.colcon_ros.task.ament_python.build:Building ROS package in '/home/asambhav/vtol_ws/src/vtol_dynamics' with build type 'ament_python'
[0.172s] Level 1:colcon.colcon_core.shell:create_environment_hook('vtol_dynamics', 'ament_prefix_path')
[0.172s] INFO:colcon.colcon_core.shell:Creating environment hook '/home/asambhav/vtol_ws/install/vtol_dynamics/share/vtol_dynamics/hook/ament_prefix_path.ps1'
[0.173s] INFO:colcon.colcon_core.shell:Creating environment descriptor '/home/asambhav/vtol_ws/install/vtol_dynamics/share/vtol_dynamics/hook/ament_prefix_path.dsv'
[0.173s] INFO:colcon.colcon_core.shell:Creating environment hook '/home/asambhav/vtol_ws/install/vtol_dynamics/share/vtol_dynamics/hook/ament_prefix_path.sh'
[0.173s] INFO:colcon.colcon_core.shell:Skip shell extension 'powershell' for command environment: Not usable outside of PowerShell
[0.173s] DEBUG:colcon.colcon_core.shell:Skip shell extension 'dsv' for command environment
[0.176s] INFO:colcon.colcon_ros.task.ament_cmake.build:Building ROS package in '/home/asambhav/vtol_ws/src/vtol_gazebo_plugins' with build type 'ament_cmake'
[0.176s] INFO:colcon.colcon_cmake.task.cmake.build:Building CMake package in '/home/asambhav/vtol_ws/src/vtol_gazebo_plugins'
[0.176s] INFO:colcon.colcon_core.shell:Skip shell extension 'powershell' for command environment: Not usable outside of PowerShell
[0.176s] DEBUG:colcon.colcon_core.shell:Skip shell extension 'dsv' for command environment
[0.179s] INFO:colcon.colcon_ros.task.ament_python.build:Building ROS package in '/home/asambhav/vtol_ws/src/vtol_planner' with build type 'ament_python'
[0.179s] Level 1:colcon.colcon_core.shell:create_environment_hook('vtol_planner', 'ament_prefix_path')
[0.179s] INFO:colcon.colcon_core.shell:Creating environment hook '/home/asambhav/vtol_ws/install/vtol_planner/share/vtol_planner/hook/ament_prefix_path.ps1'
[0.179s] INFO:colcon.colcon_core.shell:Creating environment descriptor '/home/asambhav/vtol_ws/install/vtol_planner/share/vtol_planner/hook/ament_prefix_path.dsv'
[0.179s] INFO:colcon.colcon_core.shell:Creating environment hook '/home/asambhav/vtol_ws/install/vtol_planner/share/vtol_planner/hook/ament_prefix_path.sh'
[0.180s] INFO:colcon.colcon_core.shell:Skip shell extension 'powershell' for command environment: Not usable outside of PowerShell
[0.180s] DEBUG:colcon.colcon_core.shell:Skip shell extension 'dsv' for command environment
[0.182s] INFO:colcon.colcon_ros.task.ament_python.build:Building ROS package in '/home/asambhav/vtol_ws/src/vtol_plant' with build type 'ament_python'
[0.182s] Level 1:colcon.colcon_core.shell:create_environment_hook('vtol_plant', 'ament_prefix_path')
[0.182s] INFO:colcon.colcon_core.shell:Creating environment hook '/home/asambhav/vtol_ws/install/vtol_plant/share/vtol_plant/hook/ament_prefix_path.ps1'
[0.182s] INFO:colcon.colcon_core.shell:Creating environment descriptor '/home/asambhav/vtol_ws/install/vtol_plant/share/vtol_plant/hook/ament_prefix_path.dsv'
[0.183s] INFO:colcon.colcon_core.shell:Creating environment hook '/home/asambhav/vtol_ws/install/vtol_plant/share/vtol_plant/hook/ament_prefix_path.sh'
[0.183s] INFO:colcon.colcon_core.shell:Skip shell extension 'powershell' for command environment: Not usable outside of PowerShell
[0.183s] DEBUG:colcon.colcon_core.shell:Skip shell extension 'dsv' for command environment
[0.185s] INFO:colcon.colcon_ros.task.ament_python.build:Building ROS package in '/home/asambhav/vtol_ws/src/vtol_testbench' with build type 'ament_python'
[0.185s] Level 1:colcon.colcon_core.shell:create_environment_hook('vtol_testbench', 'ament_prefix_path')
[0.185s] INFO:colcon.colcon_core.shell:Creating environment hook '/home/asambhav/vtol_ws/install/vtol_testbench/share/vtol_testbench/hook/ament_prefix_path.ps1'
[0.186s] INFO:colcon.colcon_core.shell:Creating environment descriptor '/home/asambhav/vtol_ws/install/vtol_testbench/share/vtol_testbench/hook/ament_prefix_path.dsv'
[0.186s] INFO:colcon.colcon_core.shell:Creating environment hook '/home/asambhav/vtol_ws/install/vtol_testbench/share/vtol_testbench/hook/ament_prefix_path.sh'
[0.186s] INFO:colcon.colcon_core.shell:Skip shell extension 'powershell' for command environment: Not usable outside of PowerShell
[0.186s] DEBUG:colcon.colcon_core.shell:Skip shell extension 'dsv' for command environment
[0.316s] INFO:colcon.colcon_core.task.python.build:Building Python package in '/home/asambhav/vtol_ws/src/vtol_controller'
[0.317s] INFO:colcon.colcon_core.shell:Skip shell extension 'powershell' for command environment: Not usable outside of PowerShell
[0.317s] DEBUG:colcon.colcon_core.shell:Skip shell extension 'dsv' for command environment
[0.327s] DEBUG:colcon.colcon_core.event_handler.log_command:Invoking command in '/home/asambhav/vtol_ws/build/vtol_description': CMAKE_PREFIX_PATH=${CMAKE_PREFIX_PATH}:/home/asambhav/vtol_ws/install/vtol_testbench:/home/asambhav/vtol_ws/install/vtol_plant:/home/asambhav/vtol_ws/install/vtol_planner:/home/asambhav/vtol_ws/install/vtol_dynamics:/home/asambhav/vtol_ws/install/vtol_controller:/home/asambhav/e-yantra_ws/install/task_1:/opt/ros/humble /usr/bin/cmake --build /home/asambhav/vtol_ws/build/vtol_description -- -j18 -l18
[0.460s] INFO:colcon.colcon_core.task.python.build:Building Python package in '/home/asambhav/vtol_ws/src/vtol_dynamics'
[0.460s] INFO:colcon.colcon_core.shell:Skip shell extension 'powershell' for command environment: Not usable outside of PowerShell
[0.460s] DEBUG:colcon.colcon_core.shell:Skip shell extension 'dsv' for command environment
[0.468s] DEBUG:colcon.colcon_core.event_handler.log_command:Invoking command in '/home/asambhav/vtol_ws/build/vtol_gazebo_plugins': CMAKE_PREFIX_PATH=${CMAKE_PREFIX_PATH}:/home/asambhav/vtol_ws/install/vtol_testbench:/home/asambhav/vtol_ws/install/vtol_plant:/home/asambhav/vtol_ws/install/vtol_planner:/home/asambhav/vtol_ws/install/vtol_dynamics:/home/asambhav/vtol_ws/install/vtol_controller:/home/asambhav/e-yantra_ws/install/task_1:/opt/ros/humble /usr/bin/cmake --build /home/asambhav/vtol_ws/build/vtol_gazebo_plugins -- -j18 -l18
[0.616s] INFO:colcon.colcon_core.task.python.build:Building Python package in '/home/asambhav/vtol_ws/src/vtol_planner'
[0.617s] INFO:colcon.colcon_core.shell:Skip shell extension 'powershell' for command environment: Not usable outside of PowerShell
[0.617s] DEBUG:colcon.colcon_core.shell:Skip shell extension 'dsv' for command environment
[0.778s] INFO:colcon.colcon_core.task.python.build:Building Python package in '/home/asambhav/vtol_ws/src/vtol_plant'
[0.778s] INFO:colcon.colcon_core.shell:Skip shell extension 'powershell' for command environment: Not usable outside of PowerShell
[0.778s] DEBUG:colcon.colcon_core.shell:Skip shell extension 'dsv' for command environment
[0.918s] INFO:colcon.colcon_core.task.python.build:Building Python package in '/home/asambhav/vtol_ws/src/vtol_testbench'
[0.918s] INFO:colcon.colcon_core.shell:Skip shell extension 'powershell' for command environment: Not usable outside of PowerShell
[0.918s] DEBUG:colcon.colcon_core.shell:Skip shell extension 'dsv' for command environment
[0.923s] DEBUG:colcon.colcon_core.event_handler.log_command:Invoked command in '/home/asambhav/vtol_ws/build/vtol_description' returned '0': CMAKE_PREFIX_PATH=${CMAKE_PREFIX_PATH}:/home/asambhav/vtol_ws/install/vtol_testbench:/home/asambhav/vtol_ws/install/vtol_plant:/home/asambhav/vtol_ws/install/vtol_planner:/home/asambhav/vtol_ws/install/vtol_dynamics:/home/asambhav/vtol_ws/install/vtol_controller:/home/asambhav/e-yantra_ws/install/task_1:/opt/ros/humble /usr/bin/cmake --build /home/asambhav/vtol_ws/build/vtol_description -- -j18 -l18
[0.934s] DEBUG:colcon.colcon_core.event_handler.log_command:Invoking command in '/home/asambhav/vtol_ws/build/vtol_description': CMAKE_PREFIX_PATH=${CMAKE_PREFIX_PATH}:/home/asambhav/vtol_ws/install/vtol_testbench:/home/asambhav/vtol_ws/install/vtol_plant:/home/asambhav/vtol_ws/install/vtol_planner:/home/asambhav/vtol_ws/install/vtol_dynamics:/home/asambhav/vtol_ws/install/vtol_controller:/home/asambhav/e-yantra_ws/install/task_1:/opt/ros/humble /usr/bin/cmake --install /home/asambhav/vtol_ws/build/vtol_description
[0.940s] DEBUG:colcon.colcon_core.event_handler.log_command:Invoked command in '/home/asambhav/vtol_ws/build/vtol_gazebo_plugins' returned '0': CMAKE_PREFIX_PATH=${CMAKE_PREFIX_PATH}:/home/asambhav/vtol_ws/install/vtol_testbench:/home/asambhav/vtol_ws/install/vtol_plant:/home/asambhav/vtol_ws/install/vtol_planner:/home/asambhav/vtol_ws/install/vtol_dynamics:/home/asambhav/vtol_ws/install/vtol_controller:/home/asambhav/e-yantra_ws/install/task_1:/opt/ros/humble /usr/bin/cmake --build /home/asambhav/vtol_ws/build/vtol_gazebo_plugins -- -j18 -l18
[0.945s] DEBUG:colcon.colcon_core.event_handler.log_command:Invoking command in '/home/asambhav/vtol_ws/build/vtol_gazebo_plugins': CMAKE_PREFIX_PATH=${CMAKE_PREFIX_PATH}:/home/asambhav/vtol_ws/install/vtol_testbench:/home/asambhav/vtol_ws/install/vtol_plant:/home/asambhav/vtol_ws/install/vtol_planner:/home/asambhav/vtol_ws/install/vtol_dynamics:/home/asambhav/vtol_ws/install/vtol_controller:/home/asambhav/e-yantra_ws/install/task_1:/opt/ros/humble /usr/bin/cmake --install /home/asambhav/vtol_ws/build/vtol_gazebo_plugins
[0.949s] Level 1:colcon.colcon_core.environment:create_environment_scripts_only(vtol_description)
[0.953s] DEBUG:colcon.colcon_core.event_handler.log_command:Invoked command in '/home/asambhav/vtol_ws/build/vtol_description' returned '0': CMAKE_PREFIX_PATH=${CMAKE_PREFIX_PATH}:/home/asambhav/vtol_ws/install/vtol_testbench:/home/asambhav/vtol_ws/install/vtol_plant:/home/asambhav/vtol_ws/install/vtol_planner:/home/asambhav/vtol_ws/install/vtol_dynamics:/home/asambhav/vtol_ws/install/vtol_controller:/home/asambhav/e-yantra_ws/install/task_1:/opt/ros/humble /usr/bin/cmake --install /home/asambhav/vtol_ws/build/vtol_description
[0.956s] Level 1:colcon.colcon_core.environment:checking '/home/asambhav/vtol_ws/install/vtol_description' for CMake module files
[0.956s] Level 1:colcon.colcon_core.environment:checking '/home/asambhav/vtol_ws/install/vtol_description' for CMake config files
[0.956s] Level 1:colcon.colcon_core.shell:create_environment_hook('vtol_description', 'cmake_prefix_path')
[0.957s] INFO:colcon.colcon_core.shell:Creating environment hook '/home/asambhav/vtol_ws/install/vtol_description/share/vtol_description/hook/cmake_prefix_path.ps1'
[0.957s] INFO:colcon.colcon_core.shell:Creating environment descriptor '/home/asambhav/vtol_ws/install/vtol_description/share/vtol_description/hook/cmake_prefix_path.dsv'
[0.958s] INFO:colcon.colcon_core.shell:Creating environment hook '/home/asambhav/vtol_ws/install/vtol_description/share/vtol_description/hook/cmake_prefix_path.sh'
[0.958s] Level 1:colcon.colcon_core.environment:checking '/home/asambhav/vtol_ws/install/vtol_description/bin'
[0.959s] Level 1:colcon.colcon_core.environment:checking '/home/asambhav/vtol_ws/install/vtol_description/lib/pkgconfig/vtol_description.pc'
[0.959s] Level 1:colcon.colcon_core.environment:checking '/home/asambhav/vtol_ws/install/vtol_description/lib/python3.10/site-packages'
[0.959s] Level 1:colcon.colcon_core.environment:checking '/home/asambhav/vtol_ws/install/vtol_description/bin'
[0.960s] INFO:colcon.colcon_core.shell:Creating package script '/home/asambhav/vtol_ws/install/vtol_description/share/vtol_description/package.ps1'
[0.961s] INFO:colcon.colcon_core.shell:Creating package descriptor '/home/asambhav/vtol_ws/install/vtol_description/share/vtol_description/package.dsv'
[0.961s] INFO:colcon.colcon_core.shell:Creating package script '/home/asambhav/vtol_ws/install/vtol_description/share/vtol_description/package.sh'
[0.962s] INFO:colcon.colcon_core.shell:Creating package script '/home/asambhav/vtol_ws/install/vtol_description/share/vtol_description/package.bash'
[0.963s] INFO:colcon.colcon_core.shell:Creating package script '/home/asambhav/vtol_ws/install/vtol_description/share/vtol_description/package.zsh'
[0.964s] Level 1:colcon.colcon_core.environment:create_file_with_runtime_dependencies(/home/asambhav/vtol_ws/install/vtol_description/share/colcon-core/packages/vtol_description)
[0.965s] Level 1:colcon.colcon_core.environment:create_environment_scripts_only(vtol_description)
[0.965s] Level 1:colcon.colcon_core.environment:checking '/home/asambhav/vtol_ws/install/vtol_description' for CMake module files
[0.965s] Level 1:colcon.colcon_core.environment:checking '/home/asambhav/vtol_ws/install/vtol_description' for CMake config files
[0.965s] Level 1:colcon.colcon_core.shell:create_environment_hook('vtol_description', 'cmake_prefix_path')
[0.966s] INFO:colcon.colcon_core.shell:Creating environment hook '/home/asambhav/vtol_ws/install/vtol_description/share/vtol_description/hook/cmake_prefix_path.ps1'
[0.966s] INFO:colcon.colcon_core.shell:Creating environment descriptor '/home/asambhav/vtol_ws/install/vtol_description/share/vtol_description/hook/cmake_prefix_path.dsv'
[0.967s] INFO:colcon.colcon_core.shell:Creating environment hook '/home/asambhav/vtol_ws/install/vtol_description/share/vtol_description/hook/cmake_prefix_path.sh'
[0.967s] Level 1:colcon.colcon_core.environment:checking '/home/asambhav/vtol_ws/install/vtol_description/bin'
[0.967s] Level 1:colcon.colcon_core.environment:checking '/home/asambhav/vtol_ws/install/vtol_description/lib/pkgconfig/vtol_description.pc'
[0.967s] Level 1:colcon.colcon_core.environment:checking '/home/asambhav/vtol_ws/install/vtol_description/lib/python3.10/site-packages'
[0.968s] Level 1:colcon.colcon_core.environment:checking '/home/asambhav/vtol_ws/install/vtol_description/bin'
[0.968s] INFO:colcon.colcon_core.shell:Creating package script '/home/asambhav/vtol_ws/install/vtol_description/share/vtol_description/package.ps1'
[0.969s] INFO:colcon.colcon_core.shell:Creating package descriptor '/home/asambhav/vtol_ws/install/vtol_description/share/vtol_description/package.dsv'
[0.969s] INFO:colcon.colcon_core.shell:Creating package script '/home/asambhav/vtol_ws/install/vtol_description/share/vtol_description/package.sh'
[0.970s] INFO:colcon.colcon_core.shell:Creating package script '/home/asambhav/vtol_ws/install/vtol_description/share/vtol_description/package.bash'
[0.970s] INFO:colcon.colcon_core.shell:Creating package script '/home/asambhav/vtol_ws/install/vtol_description/share/vtol_description/package.zsh'
[0.971s] Level 1:colcon.colcon_core.environment:create_file_with_runtime_dependencies(/home/asambhav/vtol_ws/install/vtol_description/share/colcon-core/packages/vtol_description)
[0.972s] Level 1:colcon.colcon_core.environment:create_environment_scripts_only(vtol_gazebo_plugins)
[0.972s] Level 1:colcon.colcon_core.environment:checking '/home/asambhav/vtol_ws/install/vtol_gazebo_plugins' for CMake module files
[0.973s] DEBUG:colcon.colcon_core.event_handler.log_command:Invoked command in '/home/asambhav/vtol_ws/build/vtol_gazebo_plugins' returned '0': CMAKE_PREFIX_PATH=${CMAKE_PREFIX_PATH}:/home/asambhav/vtol_ws/install/vtol_testbench:/home/asambhav/vtol_ws/install/vtol_plant:/home/asambhav/vtol_ws/install/vtol_planner:/home/asambhav/vtol_ws/install/vtol_dynamics:/home/asambhav/vtol_ws/install/vtol_controller:/home/asambhav/e-yantra_ws/install/task_1:/opt/ros/humble /usr/bin/cmake --install /home/asambhav/vtol_ws/build/vtol_gazebo_plugins
[0.973s] Level 1:colcon.colcon_core.environment:checking '/home/asambhav/vtol_ws/install/vtol_gazebo_plugins' for CMake config files
[0.974s] Level 1:colcon.colcon_core.shell:create_environment_hook('vtol_gazebo_plugins', 'cmake_prefix_path')
[0.974s] INFO:colcon.colcon_core.shell:Creating environment hook '/home/asambhav/vtol_ws/install/vtol_gazebo_plugins/share/vtol_gazebo_plugins/hook/cmake_prefix_path.ps1'
[0.974s] INFO:colcon.colcon_core.shell:Creating environment descriptor '/home/asambhav/vtol_ws/install/vtol_gazebo_plugins/share/vtol_gazebo_plugins/hook/cmake_prefix_path.dsv'
[0.975s] INFO:colcon.colcon_core.shell:Creating environment hook '/home/asambhav/vtol_ws/install/vtol_gazebo_plugins/share/vtol_gazebo_plugins/hook/cmake_prefix_path.sh'
[0.975s] Level 1:colcon.colcon_core.environment:checking '/home/asambhav/vtol_ws/install/vtol_gazebo_plugins/lib'
[0.976s] Level 1:colcon.colcon_core.shell:create_environment_hook('vtol_gazebo_plugins', 'ld_library_path_lib')
[0.976s] INFO:colcon.colcon_core.shell:Creating environment hook '/home/asambhav/vtol_ws/install/vtol_gazebo_plugins/share/vtol_gazebo_plugins/hook/ld_library_path_lib.ps1'
[0.976s] INFO:colcon.colcon_core.shell:Creating environment descriptor '/home/asambhav/vtol_ws/install/vtol_gazebo_plugins/share/vtol_gazebo_plugins/hook/ld_library_path_lib.dsv'
[0.977s] INFO:colcon.colcon_core.shell:Creating environment hook '/home/asambhav/vtol_ws/install/vtol_gazebo_plugins/share/vtol_gazebo_plugins/hook/ld_library_path_lib.sh'
[0.977s] Level 1:colcon.colcon_core.environment:checking '/home/asambhav/vtol_ws/install/vtol_gazebo_plugins/bin'
[0.977s] Level 1:colcon.colcon_core.environment:checking '/home/asambhav/vtol_ws/install/vtol_gazebo_plugins/lib/pkgconfig/vtol_gazebo_plugins.pc'
[0.977s] Level 1:colcon.colcon_core.environment:checking '/home/asambhav/vtol_ws/install/vtol_gazebo_plugins/lib/python3.10/site-packages'
[0.978s] Level 1:colcon.colcon_core.environment:checking '/home/asambhav/vtol_ws/install/vtol_gazebo_plugins/bin'
[0.978s] INFO:colcon.colcon_core.shell:Creating package script '/home/asambhav/vtol_ws/install/vtol_gazebo_plugins/share/vtol_gazebo_plugins/package.ps1'
[0.979s] INFO:colcon.colcon_core.shell:Creating package descriptor '/home/asambhav/vtol_ws/install/vtol_gazebo_plugins/share/vtol_gazebo_plugins/package.dsv'
[0.979s] INFO:colcon.colcon_core.shell:Creating package script '/home/asambhav/vtol_ws/install/vtol_gazebo_plugins/share/vtol_gazebo_plugins/package.sh'
[0.979s] INFO:colcon.colcon_core.shell:Creating package script '/home/asambhav/vtol_ws/install/vtol_gazebo_plugins/share/vtol_gazebo_plugins/package.bash'
[0.980s] INFO:colcon.colcon_core.shell:Creating package script '/home/asambhav/vtol_ws/install/vtol_gazebo_plugins/share/vtol_gazebo_plugins/package.zsh'
[0.980s] Level 1:colcon.colcon_core.environment:create_file_with_runtime_dependencies(/home/asambhav/vtol_ws/install/vtol_gazebo_plugins/share/colcon-core/packages/vtol_gazebo_plugins)
[0.981s] Level 1:colcon.colcon_core.environment:create_environment_scripts_only(vtol_gazebo_plugins)
[0.981s] Level 1:colcon.colcon_core.environment:checking '/home/asambhav/vtol_ws/install/vtol_gazebo_plugins' for CMake module files
[0.982s] Level 1:colcon.colcon_core.environment:checking '/home/asambhav/vtol_ws/install/vtol_gazebo_plugins' for CMake config files
[0.982s] Level 1:colcon.colcon_core.shell:create_environment_hook('vtol_gazebo_plugins', 'cmake_prefix_path')
[0.982s] INFO:colcon.colcon_core.shell:Creating environment hook '/home/asambhav/vtol_ws/install/vtol_gazebo_plugins/share/vtol_gazebo_plugins/hook/cmake_prefix_path.ps1'
[0.982s] INFO:colcon.colcon_core.shell:Creating environment descriptor '/home/asambhav/vtol_ws/install/vtol_gazebo_plugins/share/vtol_gazebo_plugins/hook/cmake_prefix_path.dsv'
[0.983s] INFO:colcon.colcon_core.shell:Creating environment hook '/home/asambhav/vtol_ws/install/vtol_gazebo_plugins/share/vtol_gazebo_plugins/hook/cmake_prefix_path.sh'
[0.983s] Level 1:colcon.colcon_core.environment:checking '/home/asambhav/vtol_ws/install/vtol_gazebo_plugins/lib'
[0.983s] Level 1:colcon.colcon_core.shell:create_environment_hook('vtol_gazebo_plugins', 'ld_library_path_lib')
[0.984s] INFO:colcon.colcon_core.shell:Creating environment hook '/home/asambhav/vtol_ws/install/vtol_gazebo_plugins/share/vtol_gazebo_plugins/hook/ld_library_path_lib.ps1'
[0.984s] INFO:colcon.colcon_core.shell:Creating environment descriptor '/home/asambhav/vtol_ws/install/vtol_gazebo_plugins/share/vtol_gazebo_plugins/hook/ld_library_path_lib.dsv'
[0.984s] INFO:colcon.colcon_core.shell:Creating environment hook '/home/asambhav/vtol_ws/install/vtol_gazebo_plugins/share/vtol_gazebo_plugins/hook/ld_library_path_lib.sh'
[0.985s] Level 1:colcon.colcon_core.environment:checking '/home/asambhav/vtol_ws/install/vtol_gazebo_plugins/bin'
[0.985s] Level 1:colcon.colcon_core.environment:checking '/home/asambhav/vtol_ws/install/vtol_gazebo_plugins/lib/pkgconfig/vtol_gazebo_plugins.pc'
[0.985s] Level 1:colcon.colcon_core.environment:checking '/home/asambhav/vtol_ws/install/vtol_gazebo_plugins/lib/python3.10/site-packages'
[0.985s] Level 1:colcon.colcon_core.environment:checking '/home/asambhav/vtol_ws/install/vtol_gazebo_plugins/bin'
[0.986s] INFO:colcon.colcon_core.shell:Creating package script '/home/asambhav/vtol_ws/install/vtol_gazebo_plugins/share/vtol_gazebo_plugins/package.ps1'
[0.987s] INFO:colcon.colcon_core.shell:Creating package descriptor '/home/asambhav/vtol_ws/install/vtol_gazebo_plugins/share/vtol_gazebo_plugins/package.dsv'
[0.987s] INFO:colcon.colcon_core.shell:Creating package script '/home/asambhav/vtol_ws/install/vtol_gazebo_plugins/share/vtol_gazebo_plugins/package.sh'
[0.987s] INFO:colcon.colcon_core.shell:Creating package script '/home/asambhav/vtol_ws/install/vtol_gazebo_plugins/share/vtol_gazebo_plugins/package.bash'
[0.988s] INFO:colcon.colcon_core.shell:Creating package script '/home/asambhav/vtol_ws/install/vtol_gazebo_plugins/share/vtol_gazebo_plugins/package.zsh'
[0.988s] Level 1:colcon.colcon_core.environment:create_file_with_runtime_dependencies(/home/asambhav/vtol_ws/install/vtol_gazebo_plugins/share/colcon-core/packages/vtol_gazebo_plugins)
[1.234s] DEBUG:colcon.colcon_core.event_handler.log_command:Invoking command in '/home/asambhav/vtol_ws/src/vtol_planner': PYTHONPATH=/home/asambhav/vtol_ws/build/vtol_planner/prefix_override:/usr/lib/python3/dist-packages/colcon_core/task/python/colcon_distutils_commands:/home/asambhav/vtol_ws/install/vtol_planner/lib/python3.10/site-packages:${PYTHONPATH} /usr/bin/python3 -W ignore:setup.py install is deprecated -W ignore:easy_install command is deprecated setup.py egg_info --egg-base ../../build/vtol_planner build --build-base /home/asambhav/vtol_ws/build/vtol_planner/build install --record /home/asambhav/vtol_ws/build/vtol_planner/install.log --single-version-externally-managed install_data
[1.245s] DEBUG:colcon.colcon_core.event_handler.log_command:Invoking command in '/home/asambhav/vtol_ws/src/vtol_testbench': PYTHONPATH=/home/asambhav/vtol_ws/build/vtol_testbench/prefix_override:/usr/lib/python3/dist-packages/colcon_core/task/python/colcon_distutils_commands:/home/asambhav/vtol_ws/install/vtol_testbench/lib/python3.10/site-packages:${PYTHONPATH} /usr/bin/python3 -W ignore:setup.py install is deprecated -W ignore:easy_install command is deprecated setup.py egg_info --egg-base ../../build/vtol_testbench build --build-base /home/asambhav/vtol_ws/build/vtol_testbench/build install --record /home/asambhav/vtol_ws/build/vtol_testbench/install.log --single-version-externally-managed install_data
[1.261s] DEBUG:colcon.colcon_core.event_handler.log_command:Invoking command in '/home/asambhav/vtol_ws/src/vtol_plant': PYTHONPATH=/home/asambhav/vtol_ws/build/vtol_plant/prefix_override:/usr/lib/python3/dist-packages/colcon_core/task/python/colcon_distutils_commands:/home/asambhav/vtol_ws/install/vtol_plant/lib/python3.10/site-packages:${PYTHONPATH} /usr/bin/python3 -W ignore:setup.py install is deprecated -W ignore:easy_install command is deprecated setup.py egg_info --egg-base ../../build/vtol_plant build --build-base /home/asambhav/vtol_ws/build/vtol_plant/build install --record /home/asambhav/vtol_ws/build/vtol_plant/install.log --single-version-externally-managed install_data
[1.270s] DEBUG:colcon.colcon_core.event_handler.log_command:Invoking command in '/home/asambhav/vtol_ws/src/vtol_controller': PYTHONPATH=/home/asambhav/vtol_ws/build/vtol_controller/prefix_override:/usr/lib/python3/dist-packages/colcon_core/task/python/colcon_distutils_commands:/home/asambhav/vtol_ws/install/vtol_controller/lib/python3.10/site-packages:${PYTHONPATH} /usr/bin/python3 -W ignore:setup.py install is deprecated -W ignore:easy_install command is deprecated setup.py egg_info --egg-base ../../build/vtol_controller build --build-base /home/asambhav/vtol_ws/build/vtol_controller/build install --record /home/asambhav/vtol_ws/build/vtol_controller/install.log --single-version-externally-managed install_data
[1.311s] DEBUG:colcon.colcon_core.event_handler.log_command:Invoking command in '/home/asambhav/vtol_ws/src/vtol_dynamics': PYTHONPATH=/home/asambhav/vtol_ws/build/vtol_dynamics/prefix_override:/usr/lib/python3/dist-packages/colcon_core/task/python/colcon_distutils_commands:/home/asambhav/vtol_ws/install/vtol_dynamics/lib/python3.10/site-packages:${PYTHONPATH} /usr/bin/python3 -W ignore:setup.py install is deprecated -W ignore:easy_install command is deprecated setup.py egg_info --egg-base ../../build/vtol_dynamics build --build-base /home/asambhav/vtol_ws/build/vtol_dynamics/build install --record /home/asambhav/vtol_ws/build/vtol_dynamics/install.log --single-version-externally-managed install_data
[1.492s] Level 1:colcon.colcon_core.environment:checking '/home/asambhav/vtol_ws/install/vtol_planner' for CMake module files
[1.493s] DEBUG:colcon.colcon_core.event_handler.log_command:Invoked command in '/home/asambhav/vtol_ws/src/vtol_planner' returned '0': PYTHONPATH=/home/asambhav/vtol_ws/build/vtol_planner/prefix_override:/usr/lib/python3/dist-packages/colcon_core/task/python/colcon_distutils_commands:/home/asambhav/vtol_ws/install/vtol_planner/lib/python3.10/site-packages:${PYTHONPATH} /usr/bin/python3 -W ignore:setup.py install is deprecated -W ignore:easy_install command is deprecated setup.py egg_info --egg-base ../../build/vtol_planner build --build-base /home/asambhav/vtol_ws/build/vtol_planner/build install --record /home/asambhav/vtol_ws/build/vtol_planner/install.log --single-version-externally-managed install_data
[1.494s] Level 1:colcon.colcon_core.environment:checking '/home/asambhav/vtol_ws/install/vtol_planner' for CMake config files
[1.495s] Level 1:colcon.colcon_core.environment:checking '/home/asambhav/vtol_ws/install/vtol_planner/lib'
[1.495s] Level 1:colcon.colcon_core.environment:checking '/home/asambhav/vtol_ws/install/vtol_planner/bin'
[1.495s] Level 1:colcon.colcon_core.environment:checking '/home/asambhav/vtol_ws/install/vtol_planner/lib/pkgconfig/vtol_planner.pc'
[1.495s] Level 1:colcon.colcon_core.environment:checking '/home/asambhav/vtol_ws/install/vtol_planner/lib/python3.10/site-packages'
[1.495s] Level 1:colcon.colcon_core.shell:create_environment_hook('vtol_planner', 'pythonpath')
[1.495s] INFO:colcon.colcon_core.shell:Creating environment hook '/home/asambhav/vtol_ws/install/vtol_planner/share/vtol_planner/hook/pythonpath.ps1'
[1.496s] INFO:colcon.colcon_core.shell:Creating environment descriptor '/home/asambhav/vtol_ws/install/vtol_planner/share/vtol_planner/hook/pythonpath.dsv'
[1.496s] INFO:colcon.colcon_core.shell:Creating environment hook '/home/asambhav/vtol_ws/install/vtol_planner/share/vtol_planner/hook/pythonpath.sh'
[1.497s] Level 1:colcon.colcon_core.environment:checking '/home/asambhav/vtol_ws/install/vtol_planner/bin'
[1.497s] Level 1:colcon.colcon_core.environment:create_environment_scripts_only(vtol_planner)
[1.498s] INFO:colcon.colcon_core.shell:Creating package script '/home/asambhav/vtol_ws/install/vtol_planner/share/vtol_planner/package.ps1'
[1.498s] INFO:colcon.colcon_core.shell:Creating package descriptor '/home/asambhav/vtol_ws/install/vtol_planner/share/vtol_planner/package.dsv'
[1.499s] INFO:colcon.colcon_core.shell:Creating package script '/home/asambhav/vtol_ws/install/vtol_planner/share/vtol_planner/package.sh'
[1.499s] INFO:colcon.colcon_core.shell:Creating package script '/home/asambhav/vtol_ws/install/vtol_planner/share/vtol_planner/package.bash'
[1.499s] INFO:colcon.colcon_core.shell:Creating package script '/home/asambhav/vtol_ws/install/vtol_planner/share/vtol_planner/package.zsh'
[1.500s] Level 1:colcon.colcon_core.environment:create_file_with_runtime_dependencies(/home/asambhav/vtol_ws/install/vtol_planner/share/colcon-core/packages/vtol_planner)
[1.516s] Level 1:colcon.colcon_core.environment:checking '/home/asambhav/vtol_ws/install/vtol_plant' for CMake module files
[1.516s] DEBUG:colcon.colcon_core.event_handler.log_command:Invoked command in '/home/asambhav/vtol_ws/src/vtol_plant' returned '0': PYTHONPATH=/home/asambhav/vtol_ws/build/vtol_plant/prefix_override:/usr/lib/python3/dist-packages/colcon_core/task/python/colcon_distutils_commands:/home/asambhav/vtol_ws/install/vtol_plant/lib/python3.10/site-packages:${PYTHONPATH} /usr/bin/python3 -W ignore:setup.py install is deprecated -W ignore:easy_install command is deprecated setup.py egg_info --egg-base ../../build/vtol_plant build --build-base /home/asambhav/vtol_ws/build/vtol_plant/build install --record /home/asambhav/vtol_ws/build/vtol_plant/install.log --single-version-externally-managed install_data
[1.517s] Level 1:colcon.colcon_core.environment:checking '/home/asambhav/vtol_ws/install/vtol_plant' for CMake config files
[1.517s] Level 1:colcon.colcon_core.environment:checking '/home/asambhav/vtol_ws/install/vtol_plant/lib'
[1.517s] Level 1:colcon.colcon_core.environment:checking '/home/asambhav/vtol_ws/install/vtol_plant/bin'
[1.517s] Level 1:colcon.colcon_core.environment:checking '/home/asambhav/vtol_ws/install/vtol_plant/lib/pkgconfig/vtol_plant.pc'
[1.517s] Level 1:colcon.colcon_core.environment:checking '/home/asambhav/vtol_ws/install/vtol_plant/lib/python3.10/site-packages'
[1.517s] Level 1:colcon.colcon_core.shell:create_environment_hook('vtol_plant', 'pythonpath')
[1.518s] INFO:colcon.colcon_core.shell:Creating environment hook '/home/asambhav/vtol_ws/install/vtol_plant/share/vtol_plant/hook/pythonpath.ps1'
[1.518s] INFO:colcon.colcon_core.shell:Creating environment descriptor '/home/asambhav/vtol_ws/install/vtol_plant/share/vtol_plant/hook/pythonpath.dsv'
[1.518s] INFO:colcon.colcon_core.shell:Creating environment hook '/home/asambhav/vtol_ws/install/vtol_plant/share/vtol_plant/hook/pythonpath.sh'
[1.519s] Level 1:colcon.colcon_core.environment:checking '/home/asambhav/vtol_ws/install/vtol_plant/bin'
[1.519s] Level 1:colcon.colcon_core.environment:create_environment_scripts_only(vtol_plant)
[1.519s] INFO:colcon.colcon_core.shell:Creating package script '/home/asambhav/vtol_ws/install/vtol_plant/share/vtol_plant/package.ps1'
[1.519s] INFO:colcon.colcon_core.shell:Creating package descriptor '/home/asambhav/vtol_ws/install/vtol_plant/share/vtol_plant/package.dsv'
[1.519s] INFO:colcon.colcon_core.shell:Creating package script '/home/asambhav/vtol_ws/install/vtol_plant/share/vtol_plant/package.sh'
[1.520s] INFO:colcon.colcon_core.shell:Creating package script '/home/asambhav/vtol_ws/install/vtol_plant/share/vtol_plant/package.bash'
[1.520s] INFO:colcon.colcon_core.shell:Creating package script '/home/asambhav/vtol_ws/install/vtol_plant/share/vtol_plant/package.zsh'
[1.520s] Level 1:colcon.colcon_core.environment:create_file_with_runtime_dependencies(/home/asambhav/vtol_ws/install/vtol_plant/share/colcon-core/packages/vtol_plant)
[1.530s] Level 1:colcon.colcon_core.environment:checking '/home/asambhav/vtol_ws/install/vtol_controller' for CMake module files
[1.530s] DEBUG:colcon.colcon_core.event_handler.log_command:Invoked command in '/home/asambhav/vtol_ws/src/vtol_controller' returned '0': PYTHONPATH=/home/asambhav/vtol_ws/build/vtol_controller/prefix_override:/usr/lib/python3/dist-packages/colcon_core/task/python/colcon_distutils_commands:/home/asambhav/vtol_ws/install/vtol_controller/lib/python3.10/site-packages:${PYTHONPATH} /usr/bin/python3 -W ignore:setup.py install is deprecated -W ignore:easy_install command is deprecated setup.py egg_info --egg-base ../../build/vtol_controller build --build-base /home/asambhav/vtol_ws/build/vtol_controller/build install --record /home/asambhav/vtol_ws/build/vtol_controller/install.log --single-version-externally-managed install_data
[1.531s] Level 1:colcon.colcon_core.environment:checking '/home/asambhav/vtol_ws/install/vtol_controller' for CMake config files
[1.531s] Level 1:colcon.colcon_core.environment:checking '/home/asambhav/vtol_ws/install/vtol_controller/lib'
[1.531s] Level 1:colcon.colcon_core.environment:checking '/home/asambhav/vtol_ws/install/vtol_controller/bin'
[1.531s] Level 1:colcon.colcon_core.environment:checking '/home/asambhav/vtol_ws/install/vtol_controller/lib/pkgconfig/vtol_controller.pc'
[1.531s] Level 1:colcon.colcon_core.environment:checking '/home/asambhav/vtol_ws/install/vtol_controller/lib/python3.10/site-packages'
[1.531s] Level 1:colcon.colcon_core.shell:create_environment_hook('vtol_controller', 'pythonpath')
[1.531s] INFO:colcon.colcon_core.shell:Creating environment hook '/home/asambhav/vtol_ws/install/vtol_controller/share/vtol_controller/hook/pythonpath.ps1'
[1.532s] INFO:colcon.colcon_core.shell:Creating environment descriptor '/home/asambhav/vtol_ws/install/vtol_controller/share/vtol_controller/hook/pythonpath.dsv'
[1.532s] INFO:colcon.colcon_core.shell:Creating environment hook '/home/asambhav/vtol_ws/install/vtol_controller/share/vtol_controller/hook/pythonpath.sh'
[1.532s] Level 1:colcon.colcon_core.environment:checking '/home/asambhav/vtol_ws/install/vtol_controller/bin'
[1.532s] Level 1:colcon.colcon_core.environment:create_environment_scripts_only(vtol_controller)
[1.532s] INFO:colcon.colcon_core.shell:Creating package script '/home/asambhav/vtol_ws/install/vtol_controller/share/vtol_controller/package.ps1'
[1.533s] INFO:colcon.colcon_core.shell:Creating package descriptor '/home/asambhav/vtol_ws/install/vtol_controller/share/vtol_controller/package.dsv'
[1.533s] INFO:colcon.colcon_core.shell:Creating package script '/home/asambhav/vtol_ws/install/vtol_controller/share/vtol_controller/package.sh'
[1.533s] INFO:colcon.colcon_core.shell:Creating package script '/home/asambhav/vtol_ws/install/vtol_controller/share/vtol_controller/package.bash'
[1.533s] INFO:colcon.colcon_core.shell:Creating package script '/home/asambhav/vtol_ws/install/vtol_controller/share/vtol_controller/package.zsh'
[1.533s] Level 1:colcon.colcon_core.environment:create_file_with_runtime_dependencies(/home/asambhav/vtol_ws/install/vtol_controller/share/colcon-core/packages/vtol_controller)
[1.564s] Level 1:colcon.colcon_core.environment:checking '/home/asambhav/vtol_ws/install/vtol_dynamics' for CMake module files
[1.565s] Level 1:colcon.colcon_core.environment:checking '/home/asambhav/vtol_ws/install/vtol_dynamics' for CMake config files
[1.566s] DEBUG:colcon.colcon_core.event_handler.log_command:Invoked command in '/home/asambhav/vtol_ws/src/vtol_dynamics' returned '0': PYTHONPATH=/home/asambhav/vtol_ws/build/vtol_dynamics/prefix_override:/usr/lib/python3/dist-packages/colcon_core/task/python/colcon_distutils_commands:/home/asambhav/vtol_ws/install/vtol_dynamics/lib/python3.10/site-packages:${PYTHONPATH} /usr/bin/python3 -W ignore:setup.py install is deprecated -W ignore:easy_install command is deprecated setup.py egg_info --egg-base ../../build/vtol_dynamics build --build-base /home/asambhav/vtol_ws/build/vtol_dynamics/build install --record /home/asambhav/vtol_ws/build/vtol_dynamics/install.log --single-version-externally-managed install_data
[1.566s] Level 1:colcon.colcon_core.environment:checking '/home/asambhav/vtol_ws/install/vtol_dynamics/lib'
[1.566s] Level 1:colcon.colcon_core.environment:checking '/home/asambhav/vtol_ws/install/vtol_dynamics/bin'
[1.566s] Level 1:colcon.colcon_core.environment:checking '/home/asambhav/vtol_ws/install/vtol_dynamics/lib/pkgconfig/vtol_dynamics.pc'
[1.566s] Level 1:colcon.colcon_core.environment:checking '/home/asambhav/vtol_ws/install/vtol_dynamics/lib/python3.10/site-packages'
[1.566s] Level 1:colcon.colcon_core.shell:create_environment_hook('vtol_dynamics', 'pythonpath')
[1.567s] INFO:colcon.colcon_core.shell:Creating environment hook '/home/asambhav/vtol_ws/install/vtol_dynamics/share/vtol_dynamics/hook/pythonpath.ps1'
[1.567s] INFO:colcon.colcon_core.shell:Creating environment descriptor '/home/asambhav/vtol_ws/install/vtol_dynamics/share/vtol_dynamics/hook/pythonpath.dsv'
[1.567s] INFO:colcon.colcon_core.shell:Creating environment hook '/home/asambhav/vtol_ws/install/vtol_dynamics/share/vtol_dynamics/hook/pythonpath.sh'
[1.568s] Level 1:colcon.colcon_core.environment:checking '/home/asambhav/vtol_ws/install/vtol_dynamics/bin'
[1.568s] Level 1:colcon.colcon_core.environment:create_environment_scripts_only(vtol_dynamics)
[1.568s] INFO:colcon.colcon_core.shell:Creating package script '/home/asambhav/vtol_ws/install/vtol_dynamics/share/vtol_dynamics/package.ps1'
[1.568s] INFO:colcon.colcon_core.shell:Creating package descriptor '/home/asambhav/vtol_ws/install/vtol_dynamics/share/vtol_dynamics/package.dsv'
[1.569s] INFO:colcon.colcon_core.shell:Creating package script '/home/asambhav/vtol_ws/install/vtol_dynamics/share/vtol_dynamics/package.sh'
[1.569s] INFO:colcon.colcon_core.shell:Creating package script '/home/asambhav/vtol_ws/install/vtol_dynamics/share/vtol_dynamics/package.bash'
[1.569s] INFO:colcon.colcon_core.shell:Creating package script '/home/asambhav/vtol_ws/install/vtol_dynamics/share/vtol_dynamics/package.zsh'
[1.569s] Level 1:colcon.colcon_core.environment:create_file_with_runtime_dependencies(/home/asambhav/vtol_ws/install/vtol_dynamics/share/colcon-core/packages/vtol_dynamics)
[1.609s] Level 1:colcon.colcon_core.environment:checking '/home/asambhav/vtol_ws/install/vtol_testbench' for CMake module files
[1.611s] DEBUG:colcon.colcon_core.event_handler.log_command:Invoked command in '/home/asambhav/vtol_ws/src/vtol_testbench' returned '0': PYTHONPATH=/home/asambhav/vtol_ws/build/vtol_testbench/prefix_override:/usr/lib/python3/dist-packages/colcon_core/task/python/colcon_distutils_commands:/home/asambhav/vtol_ws/install/vtol_testbench/lib/python3.10/site-packages:${PYTHONPATH} /usr/bin/python3 -W ignore:setup.py install is deprecated -W ignore:easy_install command is deprecated setup.py egg_info --egg-base ../../build/vtol_testbench build --build-base /home/asambhav/vtol_ws/build/vtol_testbench/build install --record /home/asambhav/vtol_ws/build/vtol_testbench/install.log --single-version-externally-managed install_data
[1.611s] Level 1:colcon.colcon_core.environment:checking '/home/asambhav/vtol_ws/install/vtol_testbench' for CMake config files
[1.612s] Level 1:colcon.colcon_core.environment:checking '/home/asambhav/vtol_ws/install/vtol_testbench/lib'
[1.612s] Level 1:colcon.colcon_core.environment:checking '/home/asambhav/vtol_ws/install/vtol_testbench/bin'
[1.612s] Level 1:colcon.colcon_core.environment:checking '/home/asambhav/vtol_ws/install/vtol_testbench/lib/pkgconfig/vtol_testbench.pc'
[1.612s] Level 1:colcon.colcon_core.environment:checking '/home/asambhav/vtol_ws/install/vtol_testbench/lib/python3.10/site-packages'
[1.612s] Level 1:colcon.colcon_core.shell:create_environment_hook('vtol_testbench', 'pythonpath')
[1.613s] INFO:colcon.colcon_core.shell:Creating environment hook '/home/asambhav/vtol_ws/install/vtol_testbench/share/vtol_testbench/hook/pythonpath.ps1'
[1.613s] INFO:colcon.colcon_core.shell:Creating environment descriptor '/home/asambhav/vtol_ws/install/vtol_testbench/share/vtol_testbench/hook/pythonpath.dsv'
[1.613s] INFO:colcon.colcon_core.shell:Creating environment hook '/home/asambhav/vtol_ws/install/vtol_testbench/share/vtol_testbench/hook/pythonpath.sh'
[1.614s] Level 1:colcon.colcon_core.environment:checking '/home/asambhav/vtol_ws/install/vtol_testbench/bin'
[1.614s] Level 1:colcon.colcon_core.environment:create_environment_scripts_only(vtol_testbench)
[1.614s] INFO:colcon.colcon_core.shell:Creating package script '/home/asambhav/vtol_ws/install/vtol_testbench/share/vtol_testbench/package.ps1'
[1.615s] INFO:colcon.colcon_core.shell:Creating package descriptor '/home/asambhav/vtol_ws/install/vtol_testbench/share/vtol_testbench/package.dsv'
[1.615s] INFO:colcon.colcon_core.shell:Creating package script '/home/asambhav/vtol_ws/install/vtol_testbench/share/vtol_testbench/package.sh'
[1.615s] INFO:colcon.colcon_core.shell:Creating package script '/home/asambhav/vtol_ws/install/vtol_testbench/share/vtol_testbench/package.bash'
[1.616s] INFO:colcon.colcon_core.shell:Creating package script '/home/asambhav/vtol_ws/install/vtol_testbench/share/vtol_testbench/package.zsh'
[1.616s] Level 1:colcon.colcon_core.environment:create_file_with_runtime_dependencies(/home/asambhav/vtol_ws/install/vtol_testbench/share/colcon-core/packages/vtol_testbench)
[1.616s] DEBUG:colcon.colcon_parallel_executor.executor.parallel:closing loop
[1.616s] DEBUG:colcon.colcon_parallel_executor.executor.parallel:loop closed
[1.616s] DEBUG:colcon.colcon_parallel_executor.executor.parallel:run_until_complete finished with '0'
[1.616s] DEBUG:colcon.colcon_core.event_reactor:joining thread
[1.621s] INFO:colcon.colcon_core.plugin_system:Skipping extension 'colcon_notification.desktop_notification.terminal_notifier': Not used on non-Darwin systems
[1.621s] INFO:colcon.colcon_core.plugin_system:Skipping extension 'colcon_notification.desktop_notification.win32': Not used on non-Windows systems
[1.621s] INFO:colcon.colcon_notification.desktop_notification:Sending desktop notification using 'notify2'
[1.630s] DEBUG:colcon.colcon_core.event_reactor:joined thread
[1.630s] INFO:colcon.colcon_core.shell:Creating prefix script '/home/asambhav/vtol_ws/install/local_setup.ps1'
[1.631s] INFO:colcon.colcon_core.shell:Creating prefix util module '/home/asambhav/vtol_ws/install/_local_setup_util_ps1.py'
[1.631s] INFO:colcon.colcon_core.shell:Creating prefix chain script '/home/asambhav/vtol_ws/install/setup.ps1'
[1.632s] INFO:colcon.colcon_core.shell:Creating prefix script '/home/asambhav/vtol_ws/install/local_setup.sh'
[1.632s] INFO:colcon.colcon_core.shell:Creating prefix util module '/home/asambhav/vtol_ws/install/_local_setup_util_sh.py'
[1.633s] INFO:colcon.colcon_core.shell:Creating prefix chain script '/home/asambhav/vtol_ws/install/setup.sh'
[1.634s] INFO:colcon.colcon_core.shell:Creating prefix script '/home/asambhav/vtol_ws/install/local_setup.bash'
[1.634s] INFO:colcon.colcon_core.shell:Creating prefix chain script '/home/asambhav/vtol_ws/install/setup.bash'
[1.635s] INFO:colcon.colcon_core.shell:Creating prefix script '/home/asambhav/vtol_ws/install/local_setup.zsh'
[1.635s] INFO:colcon.colcon_core.shell:Creating prefix chain script '/home/asambhav/vtol_ws/install/setup.zsh'
