[1.475s] Invoking command in '/home/asambhav/vtol_ws/src/sensor_simulator': PYTHONPATH=/home/asambhav/vtol_ws/build/sensor_simulator/prefix_override:/usr/lib/python3/dist-packages/colcon_core/task/python/colcon_distutils_commands:/home/asambhav/vtol_ws/install/sensor_simulator/lib/python3.10/site-packages:${PYTHONPATH} /usr/bin/python3 -W ignore:setup.py install is deprecated -W ignore:easy_install command is deprecated setup.py egg_info --egg-base ../../build/sensor_simulator build --build-base /home/asambhav/vtol_ws/build/sensor_simulator/build install --record /home/asambhav/vtol_ws/build/sensor_simulator/install.log --single-version-externally-managed install_data
[1.704s] running egg_info
[1.714s] writing ../../build/sensor_simulator/sensor_simulator.egg-info/PKG-INFO
[1.714s] writing dependency_links to ../../build/sensor_simulator/sensor_simulator.egg-info/dependency_links.txt
[1.714s] writing entry points to ../../build/sensor_simulator/sensor_simulator.egg-info/entry_points.txt
[1.714s] writing requirements to ../../build/sensor_simulator/sensor_simulator.egg-info/requires.txt
[1.714s] writing top-level names to ../../build/sensor_simulator/sensor_simulator.egg-info/top_level.txt
[1.735s] reading manifest file '../../build/sensor_simulator/sensor_simulator.egg-info/SOURCES.txt'
[1.736s] writing manifest file '../../build/sensor_simulator/sensor_simulator.egg-info/SOURCES.txt'
[1.736s] running build
[1.736s] running build_py
[1.736s] copying sensor_simulator/__init__.py -> /home/asambhav/vtol_ws/build/sensor_simulator/build/lib/sensor_simulator
[1.737s] copying sensor_simulator/sensor_simulator_node.py -> /home/asambhav/vtol_ws/build/sensor_simulator/build/lib/sensor_simulator
[1.737s] running install
[1.741s] running install_lib
[1.756s] copying /home/asambhav/vtol_ws/build/sensor_simulator/build/lib/sensor_simulator/sensor_simulator_node.py -> /home/asambhav/vtol_ws/install/sensor_simulator/lib/python3.10/site-packages/sensor_simulator
[1.757s] byte-compiling /home/asambhav/vtol_ws/install/sensor_simulator/lib/python3.10/site-packages/sensor_simulator/sensor_simulator_node.py to sensor_simulator_node.cpython-310.pyc
[1.757s] running install_data
[1.758s] copying resource/sensor_simulator -> /home/asambhav/vtol_ws/install/sensor_simulator/share/ament_index/resource_index/packages
[1.758s] copying package.xml -> /home/asambhav/vtol_ws/install/sensor_simulator/share/sensor_simulator
[1.758s] running install_egg_info
[1.768s] removing '/home/asambhav/vtol_ws/install/sensor_simulator/lib/python3.10/site-packages/sensor_simulator-0.0.0-py3.10.egg-info' (and everything under it)
[1.768s] Copying ../../build/sensor_simulator/sensor_simulator.egg-info to /home/asambhav/vtol_ws/install/sensor_simulator/lib/python3.10/site-packages/sensor_simulator-0.0.0-py3.10.egg-info
[1.769s] running install_scripts
[1.790s] Installing sensor_simulator_node script to /home/asambhav/vtol_ws/install/sensor_simulator/lib/sensor_simulator
[1.791s] writing list of installed files to '/home/asambhav/vtol_ws/build/sensor_simulator/install.log'
[1.817s] Invoked command in '/home/asambhav/vtol_ws/src/sensor_simulator' returned '0': PYTHONPATH=/home/asambhav/vtol_ws/build/sensor_simulator/prefix_override:/usr/lib/python3/dist-packages/colcon_core/task/python/colcon_distutils_commands:/home/asambhav/vtol_ws/install/sensor_simulator/lib/python3.10/site-packages:${PYTHONPATH} /usr/bin/python3 -W ignore:setup.py install is deprecated -W ignore:easy_install command is deprecated setup.py egg_info --egg-base ../../build/sensor_simulator build --build-base /home/asambhav/vtol_ws/build/sensor_simulator/build install --record /home/asambhav/vtol_ws/build/sensor_simulator/install.log --single-version-externally-managed install_data
