[0.437s] Invoking command in '/home/asambhav/vtol_ws_clean/build/vtol_description': CMAKE_PREFIX_PATH=${CMAKE_PREFIX_PATH}:/home/asambhav/vtol_ws/install/vtol_testbench:/home/asambhav/vtol_ws/install/vtol_plant:/home/asambhav/vtol_ws/install/vtol_planner:/home/asambhav/vtol_ws/install/vtol_gazebo_plugins:/home/asambhav/vtol_ws/install/vtol_dynamics:/home/asambhav/vtol_ws/install/vtol_description:/home/asambhav/vtol_ws/install/vtol_controller:/home/asambhav/vtol_ws/install/state_estimator:/home/asambhav/vtol_ws/install/sensor_simulator:/home/asambhav/e-yantra_ws/install/task_1:/opt/ros/humble /usr/bin/cmake --build /home/asambhav/vtol_ws_clean/build/vtol_description -- -j18 -l18
[0.884s] -- Found ament_cmake: 1.3.14 (/opt/ros/humble/share/ament_cmake/cmake)
[0.884s] -- Found ament_lint_auto: 0.12.15 (/opt/ros/humble/share/ament_lint_auto/cmake)
[0.884s] -- Added test 'flake8' to check Python code syntax and style conventions
[0.884s] -- Added test 'lint_cmake' to check CMake code style
[0.884s] -- Added test 'pep257' to check Python code against some of the docstring style conventions in PEP 257
[0.884s] -- Added test 'xmllint' to check XML markup files
[0.885s] -- Configuring done
[0.885s] -- Generating done
[0.885s] -- Build files have been written to: /home/asambhav/vtol_ws/build/vtol_description
[0.885s] [0mCMake Error: The current CMakeCache.txt directory /home/asambhav/vtol_ws_clean/build/vtol_description/CMakeCache.txt is different than the directory /home/asambhav/vtol_ws/build/vtol_description where CMakeCache.txt was created. This may result in binaries being created in the wrong place. If you are not sure, reedit the CMakeCache.txt[0m
[0.887s] Invoked command in '/home/asambhav/vtol_ws_clean/build/vtol_description' returned '0': CMAKE_PREFIX_PATH=${CMAKE_PREFIX_PATH}:/home/asambhav/vtol_ws/install/vtol_testbench:/home/asambhav/vtol_ws/install/vtol_plant:/home/asambhav/vtol_ws/install/vtol_planner:/home/asambhav/vtol_ws/install/vtol_gazebo_plugins:/home/asambhav/vtol_ws/install/vtol_dynamics:/home/asambhav/vtol_ws/install/vtol_description:/home/asambhav/vtol_ws/install/vtol_controller:/home/asambhav/vtol_ws/install/state_estimator:/home/asambhav/vtol_ws/install/sensor_simulator:/home/asambhav/e-yantra_ws/install/task_1:/opt/ros/humble /usr/bin/cmake --build /home/asambhav/vtol_ws_clean/build/vtol_description -- -j18 -l18
[0.897s] Invoking command in '/home/asambhav/vtol_ws_clean/build/vtol_description': CMAKE_PREFIX_PATH=${CMAKE_PREFIX_PATH}:/home/asambhav/vtol_ws/install/vtol_testbench:/home/asambhav/vtol_ws/install/vtol_plant:/home/asambhav/vtol_ws/install/vtol_planner:/home/asambhav/vtol_ws/install/vtol_gazebo_plugins:/home/asambhav/vtol_ws/install/vtol_dynamics:/home/asambhav/vtol_ws/install/vtol_description:/home/asambhav/vtol_ws/install/vtol_controller:/home/asambhav/vtol_ws/install/state_estimator:/home/asambhav/vtol_ws/install/sensor_simulator:/home/asambhav/e-yantra_ws/install/task_1:/opt/ros/humble /usr/bin/cmake --install /home/asambhav/vtol_ws_clean/build/vtol_description
[1.076s] -- Install configuration: ""
[1.076s] -- Up-to-date: /home/asambhav/vtol_ws/install/vtol_description/share/vtol_description/launch
[1.076s] -- Up-to-date: /home/asambhav/vtol_ws/install/vtol_description/share/vtol_description/launch/gazebo.launch.py
[1.076s] -- Up-to-date: /home/asambhav/vtol_ws/install/vtol_description/share/vtol_description/launch/display.launch.py
[1.077s] -- Up-to-date: /home/asambhav/vtol_ws/install/vtol_description/share/vtol_description/meshes
[1.077s] -- Up-to-date: /home/asambhav/vtol_ws/install/vtol_description/share/vtol_description/meshes/rack_n_pinion1.STL
[1.077s] -- Up-to-date: /home/asambhav/vtol_ws/install/vtol_description/share/vtol_description/meshes/motor3.STL
[1.077s] -- Up-to-date: /home/asambhav/vtol_ws/install/vtol_description/share/vtol_description/meshes/rack_n_pinion2.STL
[1.078s] -- Up-to-date: /home/asambhav/vtol_ws/install/vtol_description/share/vtol_description/meshes/body.STL
[1.078s] -- Up-to-date: /home/asambhav/vtol_ws/install/vtol_description/share/vtol_description/meshes/motor4.STL
[1.078s] -- Up-to-date: /home/asambhav/vtol_ws/install/vtol_description/share/vtol_description/meshes/motor2.STL
[1.078s] -- Up-to-date: /home/asambhav/vtol_ws/install/vtol_description/share/vtol_description/meshes/motor1.STL
[1.078s] -- Up-to-date: /home/asambhav/vtol_ws/install/vtol_description/share/vtol_description/meshes/fixed_wing_propeller.STL
[1.078s] -- Up-to-date: /home/asambhav/vtol_ws/install/vtol_description/share/vtol_description/urdf
[1.079s] -- Up-to-date: /home/asambhav/vtol_ws/install/vtol_description/share/vtol_description/urdf/vtol_controller.xacro
[1.079s] -- Up-to-date: /home/asambhav/vtol_ws/install/vtol_description/share/vtol_description/urdf/vtol_description.urdf.xacro
[1.079s] -- Up-to-date: /home/asambhav/vtol_ws/install/vtol_description/share/vtol_description/urdf/vtol_gazebo.xacro
[1.079s] -- Up-to-date: /home/asambhav/vtol_ws/install/vtol_description/share/vtol_description/rviz
[1.079s] -- Up-to-date: /home/asambhav/vtol_ws/install/vtol_description/share/vtol_description/worlds
[1.079s] -- Up-to-date: /home/asambhav/vtol_ws/install/vtol_description/share/vtol_description/worlds/empty.sdf
[1.079s] -- Up-to-date: /home/asambhav/vtol_ws/install/vtol_description/share/ament_index/resource_index/package_run_dependencies/vtol_description
[1.079s] -- Up-to-date: /home/asambhav/vtol_ws/install/vtol_description/share/ament_index/resource_index/parent_prefix_path/vtol_description
[1.079s] -- Up-to-date: /home/asambhav/vtol_ws/install/vtol_description/share/vtol_description/environment/ament_prefix_path.sh
[1.079s] -- Installing: /home/asambhav/vtol_ws/install/vtol_description/share/vtol_description/environment/ament_prefix_path.dsv
[1.079s] -- Up-to-date: /home/asambhav/vtol_ws/install/vtol_description/share/vtol_description/environment/path.sh
[1.079s] -- Installing: /home/asambhav/vtol_ws/install/vtol_description/share/vtol_description/environment/path.dsv
[1.079s] -- Up-to-date: /home/asambhav/vtol_ws/install/vtol_description/share/vtol_description/local_setup.bash
[1.079s] -- Up-to-date: /home/asambhav/vtol_ws/install/vtol_description/share/vtol_description/local_setup.sh
[1.079s] -- Up-to-date: /home/asambhav/vtol_ws/install/vtol_description/share/vtol_description/local_setup.zsh
[1.079s] -- Installing: /home/asambhav/vtol_ws/install/vtol_description/share/vtol_description/local_setup.dsv
[1.080s] -- Installing: /home/asambhav/vtol_ws/install/vtol_description/share/vtol_description/package.dsv
[1.080s] -- Up-to-date: /home/asambhav/vtol_ws/install/vtol_description/share/ament_index/resource_index/packages/vtol_description
[1.080s] -- Up-to-date: /home/asambhav/vtol_ws/install/vtol_description/share/vtol_description/cmake/vtol_descriptionConfig.cmake
[1.080s] -- Up-to-date: /home/asambhav/vtol_ws/install/vtol_description/share/vtol_description/cmake/vtol_descriptionConfig-version.cmake
[1.080s] -- Up-to-date: /home/asambhav/vtol_ws/install/vtol_description/share/vtol_description/package.xml
[1.087s] Invoked command in '/home/asambhav/vtol_ws_clean/build/vtol_description' returned '0': CMAKE_PREFIX_PATH=${CMAKE_PREFIX_PATH}:/home/asambhav/vtol_ws/install/vtol_testbench:/home/asambhav/vtol_ws/install/vtol_plant:/home/asambhav/vtol_ws/install/vtol_planner:/home/asambhav/vtol_ws/install/vtol_gazebo_plugins:/home/asambhav/vtol_ws/install/vtol_dynamics:/home/asambhav/vtol_ws/install/vtol_description:/home/asambhav/vtol_ws/install/vtol_controller:/home/asambhav/vtol_ws/install/state_estimator:/home/asambhav/vtol_ws/install/sensor_simulator:/home/asambhav/e-yantra_ws/install/task_1:/opt/ros/humble /usr/bin/cmake --install /home/asambhav/vtol_ws_clean/build/vtol_description
