[0.089s] DEBUG:colcon:Command line arguments: ['/usr/bin/colcon', 'build']
[0.089s] DEBUG:colcon:Parsed command line arguments: Namespace(log_base=None, log_level=None, verb_name='build', build_base='build', install_base='install', merge_install=False, symlink_install=False, test_result_base=None, continue_on_error=False, executor='parallel', parallel_workers=18, event_handlers=None, ignore_user_meta=False, metas=['./colcon.meta'], base_paths=['.'], packages_ignore=None, packages_ignore_regex=None, paths=None, packages_up_to=None, packages_up_to_regex=None, packages_above=None, packages_above_and_dependencies=None, packages_above_depth=None, packages_select_by_dep=None, packages_skip_by_dep=None, packages_skip_up_to=None, packages_select_build_failed=False, packages_skip_build_finished=False, packages_select_test_failures=False, packages_skip_test_passed=False, packages_select=None, packages_skip=None, packages_select_regex=None, packages_skip_regex=None, packages_start=None, packages_end=None, allow_overriding=[], cmake_args=None, cmake_target=None, cmake_target_skip_unavailable=False, cmake_clean_cache=False, cmake_clean_first=False, cmake_force_configure=False, ament_cmake_args=None, catkin_cmake_args=None, catkin_skip_building_tests=False, mixin_files=None, mixin=None, verb_parser=<colcon_mixin.mixin.mixin_argument.MixinArgumentDecorator object at 0x74ecf1595c00>, verb_extension=<colcon_core.verb.build.BuildVerb object at 0x74ecf151e980>, main=<bound method BuildVerb.main of <colcon_core.verb.build.BuildVerb object at 0x74ecf151e980>>, mixin_verb=('build',))
[0.116s] Level 1:colcon.colcon_core.package_discovery:discover_packages(colcon_meta) check parameters
[0.116s] Level 1:colcon.colcon_core.package_discovery:discover_packages(recursive) check parameters
[0.116s] Level 1:colcon.colcon_core.package_discovery:discover_packages(ignore) check parameters
[0.116s] Level 1:colcon.colcon_core.package_discovery:discover_packages(path) check parameters
[0.116s] Level 1:colcon.colcon_core.package_discovery:discover_packages(colcon_meta) discover
[0.117s] Level 1:colcon.colcon_core.package_discovery:discover_packages(recursive) discover
[0.117s] INFO:colcon.colcon_core.package_discovery:Crawling recursively for packages in '/home/asambhav/vtol_ws'
[0.117s] Level 1:colcon.colcon_core.package_identification:_identify(.) by extensions ['ignore', 'ignore_ament_install']
[0.117s] Level 1:colcon.colcon_core.package_identification:_identify(.) by extension 'ignore'
[0.117s] Level 1:colcon.colcon_core.package_identification:_identify(.) by extension 'ignore_ament_install'
[0.117s] Level 1:colcon.colcon_core.package_identification:_identify(.) by extensions ['colcon_pkg']
[0.117s] Level 1:colcon.colcon_core.package_identification:_identify(.) by extension 'colcon_pkg'
[0.117s] Level 1:colcon.colcon_core.package_identification:_identify(.) by extensions ['colcon_meta']
[0.117s] Level 1:colcon.colcon_core.package_identification:_identify(.) by extension 'colcon_meta'
[0.117s] Level 1:colcon.colcon_core.package_identification:_identify(.) by extensions ['ros']
[0.117s] Level 1:colcon.colcon_core.package_identification:_identify(.) by extension 'ros'
[0.127s] Level 1:colcon.colcon_core.package_identification:_identify(.) by extensions ['cmake', 'python']
[0.127s] Level 1:colcon.colcon_core.package_identification:_identify(.) by extension 'cmake'
[0.127s] Level 1:colcon.colcon_core.package_identification:_identify(.) by extension 'python'
[0.127s] Level 1:colcon.colcon_core.package_identification:_identify(.) by extensions ['python_setup_py']
[0.127s] Level 1:colcon.colcon_core.package_identification:_identify(.) by extension 'python_setup_py'
[0.127s] Level 1:colcon.colcon_core.package_identification:_identify(build) by extensions ['ignore', 'ignore_ament_install']
[0.127s] Level 1:colcon.colcon_core.package_identification:_identify(build) by extension 'ignore'
[0.127s] Level 1:colcon.colcon_core.package_identification:_identify(build) ignored
[0.127s] Level 1:colcon.colcon_core.package_identification:_identify(install) by extensions ['ignore', 'ignore_ament_install']
[0.128s] Level 1:colcon.colcon_core.package_identification:_identify(install) by extension 'ignore'
[0.128s] Level 1:colcon.colcon_core.package_identification:_identify(install) ignored
[0.128s] Level 1:colcon.colcon_core.package_identification:_identify(log) by extensions ['ignore', 'ignore_ament_install']
[0.128s] Level 1:colcon.colcon_core.package_identification:_identify(log) by extension 'ignore'
[0.128s] Level 1:colcon.colcon_core.package_identification:_identify(log) ignored
[0.128s] Level 1:colcon.colcon_core.package_identification:_identify(src) by extensions ['ignore', 'ignore_ament_install']
[0.128s] Level 1:colcon.colcon_core.package_identification:_identify(src) by extension 'ignore'
[0.128s] Level 1:colcon.colcon_core.package_identification:_identify(src) by extension 'ignore_ament_install'
[0.128s] Level 1:colcon.colcon_core.package_identification:_identify(src) by extensions ['colcon_pkg']
[0.128s] Level 1:colcon.colcon_core.package_identification:_identify(src) by extension 'colcon_pkg'
[0.128s] Level 1:colcon.colcon_core.package_identification:_identify(src) by extensions ['colcon_meta']
[0.128s] Level 1:colcon.colcon_core.package_identification:_identify(src) by extension 'colcon_meta'
[0.128s] Level 1:colcon.colcon_core.package_identification:_identify(src) by extensions ['ros']
[0.128s] Level 1:colcon.colcon_core.package_identification:_identify(src) by extension 'ros'
[0.128s] Level 1:colcon.colcon_core.package_identification:_identify(src) by extensions ['cmake', 'python']
[0.128s] Level 1:colcon.colcon_core.package_identification:_identify(src) by extension 'cmake'
[0.128s] Level 1:colcon.colcon_core.package_identification:_identify(src) by extension 'python'
[0.128s] Level 1:colcon.colcon_core.package_identification:_identify(src) by extensions ['python_setup_py']
[0.128s] Level 1:colcon.colcon_core.package_identification:_identify(src) by extension 'python_setup_py'
[0.128s] Level 1:colcon.colcon_core.package_identification:_identify(src/sensor_simulator) by extensions ['ignore', 'ignore_ament_install']
[0.128s] Level 1:colcon.colcon_core.package_identification:_identify(src/sensor_simulator) by extension 'ignore'
[0.128s] Level 1:colcon.colcon_core.package_identification:_identify(src/sensor_simulator) by extension 'ignore_ament_install'
[0.128s] Level 1:colcon.colcon_core.package_identification:_identify(src/sensor_simulator) by extensions ['colcon_pkg']
[0.128s] Level 1:colcon.colcon_core.package_identification:_identify(src/sensor_simulator) by extension 'colcon_pkg'
[0.128s] Level 1:colcon.colcon_core.package_identification:_identify(src/sensor_simulator) by extensions ['colcon_meta']
[0.128s] Level 1:colcon.colcon_core.package_identification:_identify(src/sensor_simulator) by extension 'colcon_meta'
[0.128s] Level 1:colcon.colcon_core.package_identification:_identify(src/sensor_simulator) by extensions ['ros']
[0.128s] Level 1:colcon.colcon_core.package_identification:_identify(src/sensor_simulator) by extension 'ros'
[0.130s] DEBUG:colcon.colcon_core.package_identification:Package 'src/sensor_simulator' with type 'ros.ament_python' and name 'sensor_simulator'
[0.130s] Level 1:colcon.colcon_core.package_identification:_identify(src/state_estimator) by extensions ['ignore', 'ignore_ament_install']
[0.130s] Level 1:colcon.colcon_core.package_identification:_identify(src/state_estimator) by extension 'ignore'
[0.130s] Level 1:colcon.colcon_core.package_identification:_identify(src/state_estimator) by extension 'ignore_ament_install'
[0.130s] Level 1:colcon.colcon_core.package_identification:_identify(src/state_estimator) by extensions ['colcon_pkg']
[0.130s] Level 1:colcon.colcon_core.package_identification:_identify(src/state_estimator) by extension 'colcon_pkg'
[0.130s] Level 1:colcon.colcon_core.package_identification:_identify(src/state_estimator) by extensions ['colcon_meta']
[0.130s] Level 1:colcon.colcon_core.package_identification:_identify(src/state_estimator) by extension 'colcon_meta'
[0.130s] Level 1:colcon.colcon_core.package_identification:_identify(src/state_estimator) by extensions ['ros']
[0.130s] Level 1:colcon.colcon_core.package_identification:_identify(src/state_estimator) by extension 'ros'
[0.131s] DEBUG:colcon.colcon_core.package_identification:Package 'src/state_estimator' with type 'ros.ament_python' and name 'state_estimator'
[0.131s] Level 1:colcon.colcon_core.package_identification:_identify(src/vtol_controller) by extensions ['ignore', 'ignore_ament_install']
[0.131s] Level 1:colcon.colcon_core.package_identification:_identify(src/vtol_controller) by extension 'ignore'
[0.131s] Level 1:colcon.colcon_core.package_identification:_identify(src/vtol_controller) by extension 'ignore_ament_install'
[0.131s] Level 1:colcon.colcon_core.package_identification:_identify(src/vtol_controller) by extensions ['colcon_pkg']
[0.131s] Level 1:colcon.colcon_core.package_identification:_identify(src/vtol_controller) by extension 'colcon_pkg'
[0.131s] Level 1:colcon.colcon_core.package_identification:_identify(src/vtol_controller) by extensions ['colcon_meta']
[0.131s] Level 1:colcon.colcon_core.package_identification:_identify(src/vtol_controller) by extension 'colcon_meta'
[0.131s] Level 1:colcon.colcon_core.package_identification:_identify(src/vtol_controller) by extensions ['ros']
[0.131s] Level 1:colcon.colcon_core.package_identification:_identify(src/vtol_controller) by extension 'ros'
[0.132s] DEBUG:colcon.colcon_core.package_identification:Package 'src/vtol_controller' with type 'ros.ament_python' and name 'vtol_controller'
[0.133s] Level 1:colcon.colcon_core.package_identification:_identify(src/vtol_description) by extensions ['ignore', 'ignore_ament_install']
[0.133s] Level 1:colcon.colcon_core.package_identification:_identify(src/vtol_description) by extension 'ignore'
[0.133s] Level 1:colcon.colcon_core.package_identification:_identify(src/vtol_description) by extension 'ignore_ament_install'
[0.133s] Level 1:colcon.colcon_core.package_identification:_identify(src/vtol_description) by extensions ['colcon_pkg']
[0.133s] Level 1:colcon.colcon_core.package_identification:_identify(src/vtol_description) by extension 'colcon_pkg'
[0.133s] Level 1:colcon.colcon_core.package_identification:_identify(src/vtol_description) by extensions ['colcon_meta']
[0.133s] Level 1:colcon.colcon_core.package_identification:_identify(src/vtol_description) by extension 'colcon_meta'
[0.133s] Level 1:colcon.colcon_core.package_identification:_identify(src/vtol_description) by extensions ['ros']
[0.133s] Level 1:colcon.colcon_core.package_identification:_identify(src/vtol_description) by extension 'ros'
[0.135s] DEBUG:colcon.colcon_core.package_identification:Package 'src/vtol_description' with type 'ros.ament_cmake' and name 'vtol_description'
[0.135s] Level 1:colcon.colcon_core.package_identification:_identify(src/vtol_dynamics) by extensions ['ignore', 'ignore_ament_install']
[0.135s] Level 1:colcon.colcon_core.package_identification:_identify(src/vtol_dynamics) by extension 'ignore'
[0.135s] Level 1:colcon.colcon_core.package_identification:_identify(src/vtol_dynamics) by extension 'ignore_ament_install'
[0.135s] Level 1:colcon.colcon_core.package_identification:_identify(src/vtol_dynamics) by extensions ['colcon_pkg']
[0.135s] Level 1:colcon.colcon_core.package_identification:_identify(src/vtol_dynamics) by extension 'colcon_pkg'
[0.135s] Level 1:colcon.colcon_core.package_identification:_identify(src/vtol_dynamics) by extensions ['colcon_meta']
[0.135s] Level 1:colcon.colcon_core.package_identification:_identify(src/vtol_dynamics) by extension 'colcon_meta'
[0.135s] Level 1:colcon.colcon_core.package_identification:_identify(src/vtol_dynamics) by extensions ['ros']
[0.135s] Level 1:colcon.colcon_core.package_identification:_identify(src/vtol_dynamics) by extension 'ros'
[0.136s] DEBUG:colcon.colcon_core.package_identification:Package 'src/vtol_dynamics' with type 'ros.ament_python' and name 'vtol_dynamics'
[0.136s] Level 1:colcon.colcon_core.package_identification:_identify(src/vtol_gazebo_plugins) by extensions ['ignore', 'ignore_ament_install']
[0.136s] Level 1:colcon.colcon_core.package_identification:_identify(src/vtol_gazebo_plugins) by extension 'ignore'
[0.136s] Level 1:colcon.colcon_core.package_identification:_identify(src/vtol_gazebo_plugins) by extension 'ignore_ament_install'
[0.136s] Level 1:colcon.colcon_core.package_identification:_identify(src/vtol_gazebo_plugins) by extensions ['colcon_pkg']
[0.136s] Level 1:colcon.colcon_core.package_identification:_identify(src/vtol_gazebo_plugins) by extension 'colcon_pkg'
[0.136s] Level 1:colcon.colcon_core.package_identification:_identify(src/vtol_gazebo_plugins) by extensions ['colcon_meta']
[0.136s] Level 1:colcon.colcon_core.package_identification:_identify(src/vtol_gazebo_plugins) by extension 'colcon_meta'
[0.136s] Level 1:colcon.colcon_core.package_identification:_identify(src/vtol_gazebo_plugins) by extensions ['ros']
[0.136s] Level 1:colcon.colcon_core.package_identification:_identify(src/vtol_gazebo_plugins) by extension 'ros'
[0.138s] DEBUG:colcon.colcon_core.package_identification:Package 'src/vtol_gazebo_plugins' with type 'ros.ament_cmake' and name 'vtol_gazebo_plugins'
[0.138s] Level 1:colcon.colcon_core.package_identification:_identify(src/vtol_planner) by extensions ['ignore', 'ignore_ament_install']
[0.138s] Level 1:colcon.colcon_core.package_identification:_identify(src/vtol_planner) by extension 'ignore'
[0.138s] Level 1:colcon.colcon_core.package_identification:_identify(src/vtol_planner) by extension 'ignore_ament_install'
[0.138s] Level 1:colcon.colcon_core.package_identification:_identify(src/vtol_planner) by extensions ['colcon_pkg']
[0.138s] Level 1:colcon.colcon_core.package_identification:_identify(src/vtol_planner) by extension 'colcon_pkg'
[0.138s] Level 1:colcon.colcon_core.package_identification:_identify(src/vtol_planner) by extensions ['colcon_meta']
[0.138s] Level 1:colcon.colcon_core.package_identification:_identify(src/vtol_planner) by extension 'colcon_meta'
[0.138s] Level 1:colcon.colcon_core.package_identification:_identify(src/vtol_planner) by extensions ['ros']
[0.138s] Level 1:colcon.colcon_core.package_identification:_identify(src/vtol_planner) by extension 'ros'
[0.139s] DEBUG:colcon.colcon_core.package_identification:Package 'src/vtol_planner' with type 'ros.ament_python' and name 'vtol_planner'
[0.140s] Level 1:colcon.colcon_core.package_identification:_identify(src/vtol_plant) by extensions ['ignore', 'ignore_ament_install']
[0.140s] Level 1:colcon.colcon_core.package_identification:_identify(src/vtol_plant) by extension 'ignore'
[0.140s] Level 1:colcon.colcon_core.package_identification:_identify(src/vtol_plant) by extension 'ignore_ament_install'
[0.140s] Level 1:colcon.colcon_core.package_identification:_identify(src/vtol_plant) by extensions ['colcon_pkg']
[0.140s] Level 1:colcon.colcon_core.package_identification:_identify(src/vtol_plant) by extension 'colcon_pkg'
[0.140s] Level 1:colcon.colcon_core.package_identification:_identify(src/vtol_plant) by extensions ['colcon_meta']
[0.140s] Level 1:colcon.colcon_core.package_identification:_identify(src/vtol_plant) by extension 'colcon_meta'
[0.140s] Level 1:colcon.colcon_core.package_identification:_identify(src/vtol_plant) by extensions ['ros']
[0.140s] Level 1:colcon.colcon_core.package_identification:_identify(src/vtol_plant) by extension 'ros'
[0.141s] DEBUG:colcon.colcon_core.package_identification:Package 'src/vtol_plant' with type 'ros.ament_python' and name 'vtol_plant'
[0.141s] Level 1:colcon.colcon_core.package_identification:_identify(src/vtol_testbench) by extensions ['ignore', 'ignore_ament_install']
[0.141s] Level 1:colcon.colcon_core.package_identification:_identify(src/vtol_testbench) by extension 'ignore'
[0.141s] Level 1:colcon.colcon_core.package_identification:_identify(src/vtol_testbench) by extension 'ignore_ament_install'
[0.141s] Level 1:colcon.colcon_core.package_identification:_identify(src/vtol_testbench) by extensions ['colcon_pkg']
[0.141s] Level 1:colcon.colcon_core.package_identification:_identify(src/vtol_testbench) by extension 'colcon_pkg'
[0.141s] Level 1:colcon.colcon_core.package_identification:_identify(src/vtol_testbench) by extensions ['colcon_meta']
[0.141s] Level 1:colcon.colcon_core.package_identification:_identify(src/vtol_testbench) by extension 'colcon_meta'
[0.141s] Level 1:colcon.colcon_core.package_identification:_identify(src/vtol_testbench) by extensions ['ros']
[0.141s] Level 1:colcon.colcon_core.package_identification:_identify(src/vtol_testbench) by extension 'ros'
[0.141s] DEBUG:colcon.colcon_core.package_identification:Package 'src/vtol_testbench' with type 'ros.ament_python' and name 'vtol_testbench'
[0.141s] Level 1:colcon.colcon_core.package_discovery:discover_packages(recursive) using defaults
[0.142s] Level 1:colcon.colcon_core.package_discovery:discover_packages(ignore) discover
[0.142s] Level 1:colcon.colcon_core.package_discovery:discover_packages(ignore) using defaults
[0.142s] Level 1:colcon.colcon_core.package_discovery:discover_packages(path) discover
[0.142s] Level 1:colcon.colcon_core.package_discovery:discover_packages(path) using defaults
[0.158s] Level 1:colcon.colcon_core.package_discovery:discover_packages(prefix_path) check parameters
[0.158s] Level 1:colcon.colcon_core.package_discovery:discover_packages(prefix_path) discover
[0.160s] DEBUG:colcon.colcon_installed_package_information.package_discovery:Found 9 installed packages in /home/asambhav/vtol_ws/install
[0.161s] DEBUG:colcon.colcon_installed_package_information.package_discovery:Found 9 installed packages in /home/asambhav/e-yantra_ws/install
[0.161s] DEBUG:colcon.colcon_installed_package_information.package_discovery:Found 409 installed packages in /opt/ros/humble
[0.163s] Level 1:colcon.colcon_core.package_discovery:discover_packages(prefix_path) using defaults
[0.238s] Level 5:colcon.colcon_core.verb:set package 'sensor_simulator' build argument 'cmake_args' from command line to 'None'
[0.238s] Level 5:colcon.colcon_core.verb:set package 'sensor_simulator' build argument 'cmake_target' from command line to 'None'
[0.238s] Level 5:colcon.colcon_core.verb:set package 'sensor_simulator' build argument 'cmake_target_skip_unavailable' from command line to 'False'
[0.238s] Level 5:colcon.colcon_core.verb:set package 'sensor_simulator' build argument 'cmake_clean_cache' from command line to 'False'
[0.238s] Level 5:colcon.colcon_core.verb:set package 'sensor_simulator' build argument 'cmake_clean_first' from command line to 'False'
[0.238s] Level 5:colcon.colcon_core.verb:set package 'sensor_simulator' build argument 'cmake_force_configure' from command line to 'False'
[0.238s] Level 5:colcon.colcon_core.verb:set package 'sensor_simulator' build argument 'ament_cmake_args' from command line to 'None'
[0.238s] Level 5:colcon.colcon_core.verb:set package 'sensor_simulator' build argument 'catkin_cmake_args' from command line to 'None'
[0.238s] Level 5:colcon.colcon_core.verb:set package 'sensor_simulator' build argument 'catkin_skip_building_tests' from command line to 'False'
[0.238s] DEBUG:colcon.colcon_core.verb:Building package 'sensor_simulator' with the following arguments: {'ament_cmake_args': None, 'build_base': '/home/asambhav/vtol_ws/build/sensor_simulator', 'catkin_cmake_args': None, 'catkin_skip_building_tests': False, 'cmake_args': None, 'cmake_clean_cache': False, 'cmake_clean_first': False, 'cmake_force_configure': False, 'cmake_target': None, 'cmake_target_skip_unavailable': False, 'install_base': '/home/asambhav/vtol_ws/install/sensor_simulator', 'merge_install': False, 'path': '/home/asambhav/vtol_ws/src/sensor_simulator', 'symlink_install': False, 'test_result_base': None}
[0.239s] Level 5:colcon.colcon_core.verb:set package 'state_estimator' build argument 'cmake_args' from command line to 'None'
[0.239s] Level 5:colcon.colcon_core.verb:set package 'state_estimator' build argument 'cmake_target' from command line to 'None'
[0.239s] Level 5:colcon.colcon_core.verb:set package 'state_estimator' build argument 'cmake_target_skip_unavailable' from command line to 'False'
[0.239s] Level 5:colcon.colcon_core.verb:set package 'state_estimator' build argument 'cmake_clean_cache' from command line to 'False'
[0.239s] Level 5:colcon.colcon_core.verb:set package 'state_estimator' build argument 'cmake_clean_first' from command line to 'False'
[0.239s] Level 5:colcon.colcon_core.verb:set package 'state_estimator' build argument 'cmake_force_configure' from command line to 'False'
[0.239s] Level 5:colcon.colcon_core.verb:set package 'state_estimator' build argument 'ament_cmake_args' from command line to 'None'
[0.239s] Level 5:colcon.colcon_core.verb:set package 'state_estimator' build argument 'catkin_cmake_args' from command line to 'None'
[0.239s] Level 5:colcon.colcon_core.verb:set package 'state_estimator' build argument 'catkin_skip_building_tests' from command line to 'False'
[0.239s] DEBUG:colcon.colcon_core.verb:Building package 'state_estimator' with the following arguments: {'ament_cmake_args': None, 'build_base': '/home/asambhav/vtol_ws/build/state_estimator', 'catkin_cmake_args': None, 'catkin_skip_building_tests': False, 'cmake_args': None, 'cmake_clean_cache': False, 'cmake_clean_first': False, 'cmake_force_configure': False, 'cmake_target': None, 'cmake_target_skip_unavailable': False, 'install_base': '/home/asambhav/vtol_ws/install/state_estimator', 'merge_install': False, 'path': '/home/asambhav/vtol_ws/src/state_estimator', 'symlink_install': False, 'test_result_base': None}
[0.239s] Level 5:colcon.colcon_core.verb:set package 'vtol_controller' build argument 'cmake_args' from command line to 'None'
[0.239s] Level 5:colcon.colcon_core.verb:set package 'vtol_controller' build argument 'cmake_target' from command line to 'None'
[0.239s] Level 5:colcon.colcon_core.verb:set package 'vtol_controller' build argument 'cmake_target_skip_unavailable' from command line to 'False'
[0.239s] Level 5:colcon.colcon_core.verb:set package 'vtol_controller' build argument 'cmake_clean_cache' from command line to 'False'
[0.239s] Level 5:colcon.colcon_core.verb:set package 'vtol_controller' build argument 'cmake_clean_first' from command line to 'False'
[0.239s] Level 5:colcon.colcon_core.verb:set package 'vtol_controller' build argument 'cmake_force_configure' from command line to 'False'
[0.239s] Level 5:colcon.colcon_core.verb:set package 'vtol_controller' build argument 'ament_cmake_args' from command line to 'None'
[0.239s] Level 5:colcon.colcon_core.verb:set package 'vtol_controller' build argument 'catkin_cmake_args' from command line to 'None'
[0.239s] Level 5:colcon.colcon_core.verb:set package 'vtol_controller' build argument 'catkin_skip_building_tests' from command line to 'False'
[0.239s] DEBUG:colcon.colcon_core.verb:Building package 'vtol_controller' with the following arguments: {'ament_cmake_args': None, 'build_base': '/home/asambhav/vtol_ws/build/vtol_controller', 'catkin_cmake_args': None, 'catkin_skip_building_tests': False, 'cmake_args': None, 'cmake_clean_cache': False, 'cmake_clean_first': False, 'cmake_force_configure': False, 'cmake_target': None, 'cmake_target_skip_unavailable': False, 'install_base': '/home/asambhav/vtol_ws/install/vtol_controller', 'merge_install': False, 'path': '/home/asambhav/vtol_ws/src/vtol_controller', 'symlink_install': False, 'test_result_base': None}
[0.239s] Level 5:colcon.colcon_core.verb:set package 'vtol_description' build argument 'cmake_args' from command line to 'None'
[0.239s] Level 5:colcon.colcon_core.verb:set package 'vtol_description' build argument 'cmake_target' from command line to 'None'
[0.239s] Level 5:colcon.colcon_core.verb:set package 'vtol_description' build argument 'cmake_target_skip_unavailable' from command line to 'False'
[0.239s] Level 5:colcon.colcon_core.verb:set package 'vtol_description' build argument 'cmake_clean_cache' from command line to 'False'
[0.239s] Level 5:colcon.colcon_core.verb:set package 'vtol_description' build argument 'cmake_clean_first' from command line to 'False'
[0.239s] Level 5:colcon.colcon_core.verb:set package 'vtol_description' build argument 'cmake_force_configure' from command line to 'False'
[0.239s] Level 5:colcon.colcon_core.verb:set package 'vtol_description' build argument 'ament_cmake_args' from command line to 'None'
[0.239s] Level 5:colcon.colcon_core.verb:set package 'vtol_description' build argument 'catkin_cmake_args' from command line to 'None'
[0.239s] Level 5:colcon.colcon_core.verb:set package 'vtol_description' build argument 'catkin_skip_building_tests' from command line to 'False'
[0.239s] DEBUG:colcon.colcon_core.verb:Building package 'vtol_description' with the following arguments: {'ament_cmake_args': None, 'build_base': '/home/asambhav/vtol_ws/build/vtol_description', 'catkin_cmake_args': None, 'catkin_skip_building_tests': False, 'cmake_args': None, 'cmake_clean_cache': False, 'cmake_clean_first': False, 'cmake_force_configure': False, 'cmake_target': None, 'cmake_target_skip_unavailable': False, 'install_base': '/home/asambhav/vtol_ws/install/vtol_description', 'merge_install': False, 'path': '/home/asambhav/vtol_ws/src/vtol_description', 'symlink_install': False, 'test_result_base': None}
[0.239s] Level 5:colcon.colcon_core.verb:set package 'vtol_dynamics' build argument 'cmake_args' from command line to 'None'
[0.239s] Level 5:colcon.colcon_core.verb:set package 'vtol_dynamics' build argument 'cmake_target' from command line to 'None'
[0.239s] Level 5:colcon.colcon_core.verb:set package 'vtol_dynamics' build argument 'cmake_target_skip_unavailable' from command line to 'False'
[0.240s] Level 5:colcon.colcon_core.verb:set package 'vtol_dynamics' build argument 'cmake_clean_cache' from command line to 'False'
[0.240s] Level 5:colcon.colcon_core.verb:set package 'vtol_dynamics' build argument 'cmake_clean_first' from command line to 'False'
[0.240s] Level 5:colcon.colcon_core.verb:set package 'vtol_dynamics' build argument 'cmake_force_configure' from command line to 'False'
[0.240s] Level 5:colcon.colcon_core.verb:set package 'vtol_dynamics' build argument 'ament_cmake_args' from command line to 'None'
[0.240s] Level 5:colcon.colcon_core.verb:set package 'vtol_dynamics' build argument 'catkin_cmake_args' from command line to 'None'
[0.240s] Level 5:colcon.colcon_core.verb:set package 'vtol_dynamics' build argument 'catkin_skip_building_tests' from command line to 'False'
[0.240s] DEBUG:colcon.colcon_core.verb:Building package 'vtol_dynamics' with the following arguments: {'ament_cmake_args': None, 'build_base': '/home/asambhav/vtol_ws/build/vtol_dynamics', 'catkin_cmake_args': None, 'catkin_skip_building_tests': False, 'cmake_args': None, 'cmake_clean_cache': False, 'cmake_clean_first': False, 'cmake_force_configure': False, 'cmake_target': None, 'cmake_target_skip_unavailable': False, 'install_base': '/home/asambhav/vtol_ws/install/vtol_dynamics', 'merge_install': False, 'path': '/home/asambhav/vtol_ws/src/vtol_dynamics', 'symlink_install': False, 'test_result_base': None}
[0.240s] Level 5:colcon.colcon_core.verb:set package 'vtol_gazebo_plugins' build argument 'cmake_args' from command line to 'None'
[0.240s] Level 5:colcon.colcon_core.verb:set package 'vtol_gazebo_plugins' build argument 'cmake_target' from command line to 'None'
[0.240s] Level 5:colcon.colcon_core.verb:set package 'vtol_gazebo_plugins' build argument 'cmake_target_skip_unavailable' from command line to 'False'
[0.240s] Level 5:colcon.colcon_core.verb:set package 'vtol_gazebo_plugins' build argument 'cmake_clean_cache' from command line to 'False'
[0.240s] Level 5:colcon.colcon_core.verb:set package 'vtol_gazebo_plugins' build argument 'cmake_clean_first' from command line to 'False'
[0.240s] Level 5:colcon.colcon_core.verb:set package 'vtol_gazebo_plugins' build argument 'cmake_force_configure' from command line to 'False'
[0.240s] Level 5:colcon.colcon_core.verb:set package 'vtol_gazebo_plugins' build argument 'ament_cmake_args' from command line to 'None'
[0.240s] Level 5:colcon.colcon_core.verb:set package 'vtol_gazebo_plugins' build argument 'catkin_cmake_args' from command line to 'None'
[0.240s] Level 5:colcon.colcon_core.verb:set package 'vtol_gazebo_plugins' build argument 'catkin_skip_building_tests' from command line to 'False'
[0.240s] DEBUG:colcon.colcon_core.verb:Building package 'vtol_gazebo_plugins' with the following arguments: {'ament_cmake_args': None, 'build_base': '/home/asambhav/vtol_ws/build/vtol_gazebo_plugins', 'catkin_cmake_args': None, 'catkin_skip_building_tests': False, 'cmake_args': None, 'cmake_clean_cache': False, 'cmake_clean_first': False, 'cmake_force_configure': False, 'cmake_target': None, 'cmake_target_skip_unavailable': False, 'install_base': '/home/asambhav/vtol_ws/install/vtol_gazebo_plugins', 'merge_install': False, 'path': '/home/asambhav/vtol_ws/src/vtol_gazebo_plugins', 'symlink_install': False, 'test_result_base': None}
[0.240s] Level 5:colcon.colcon_core.verb:set package 'vtol_planner' build argument 'cmake_args' from command line to 'None'
[0.240s] Level 5:colcon.colcon_core.verb:set package 'vtol_planner' build argument 'cmake_target' from command line to 'None'
[0.240s] Level 5:colcon.colcon_core.verb:set package 'vtol_planner' build argument 'cmake_target_skip_unavailable' from command line to 'False'
[0.240s] Level 5:colcon.colcon_core.verb:set package 'vtol_planner' build argument 'cmake_clean_cache' from command line to 'False'
[0.240s] Level 5:colcon.colcon_core.verb:set package 'vtol_planner' build argument 'cmake_clean_first' from command line to 'False'
[0.240s] Level 5:colcon.colcon_core.verb:set package 'vtol_planner' build argument 'cmake_force_configure' from command line to 'False'
[0.240s] Level 5:colcon.colcon_core.verb:set package 'vtol_planner' build argument 'ament_cmake_args' from command line to 'None'
[0.240s] Level 5:colcon.colcon_core.verb:set package 'vtol_planner' build argument 'catkin_cmake_args' from command line to 'None'
[0.240s] Level 5:colcon.colcon_core.verb:set package 'vtol_planner' build argument 'catkin_skip_building_tests' from command line to 'False'
[0.240s] DEBUG:colcon.colcon_core.verb:Building package 'vtol_planner' with the following arguments: {'ament_cmake_args': None, 'build_base': '/home/asambhav/vtol_ws/build/vtol_planner', 'catkin_cmake_args': None, 'catkin_skip_building_tests': False, 'cmake_args': None, 'cmake_clean_cache': False, 'cmake_clean_first': False, 'cmake_force_configure': False, 'cmake_target': None, 'cmake_target_skip_unavailable': False, 'install_base': '/home/asambhav/vtol_ws/install/vtol_planner', 'merge_install': False, 'path': '/home/asambhav/vtol_ws/src/vtol_planner', 'symlink_install': False, 'test_result_base': None}
[0.240s] Level 5:colcon.colcon_core.verb:set package 'vtol_plant' build argument 'cmake_args' from command line to 'None'
[0.240s] Level 5:colcon.colcon_core.verb:set package 'vtol_plant' build argument 'cmake_target' from command line to 'None'
[0.240s] Level 5:colcon.colcon_core.verb:set package 'vtol_plant' build argument 'cmake_target_skip_unavailable' from command line to 'False'
[0.240s] Level 5:colcon.colcon_core.verb:set package 'vtol_plant' build argument 'cmake_clean_cache' from command line to 'False'
[0.240s] Level 5:colcon.colcon_core.verb:set package 'vtol_plant' build argument 'cmake_clean_first' from command line to 'False'
[0.240s] Level 5:colcon.colcon_core.verb:set package 'vtol_plant' build argument 'cmake_force_configure' from command line to 'False'
[0.240s] Level 5:colcon.colcon_core.verb:set package 'vtol_plant' build argument 'ament_cmake_args' from command line to 'None'
[0.240s] Level 5:colcon.colcon_core.verb:set package 'vtol_plant' build argument 'catkin_cmake_args' from command line to 'None'
[0.240s] Level 5:colcon.colcon_core.verb:set package 'vtol_plant' build argument 'catkin_skip_building_tests' from command line to 'False'
[0.240s] DEBUG:colcon.colcon_core.verb:Building package 'vtol_plant' with the following arguments: {'ament_cmake_args': None, 'build_base': '/home/asambhav/vtol_ws/build/vtol_plant', 'catkin_cmake_args': None, 'catkin_skip_building_tests': False, 'cmake_args': None, 'cmake_clean_cache': False, 'cmake_clean_first': False, 'cmake_force_configure': False, 'cmake_target': None, 'cmake_target_skip_unavailable': False, 'install_base': '/home/asambhav/vtol_ws/install/vtol_plant', 'merge_install': False, 'path': '/home/asambhav/vtol_ws/src/vtol_plant', 'symlink_install': False, 'test_result_base': None}
[0.241s] Level 5:colcon.colcon_core.verb:set package 'vtol_testbench' build argument 'cmake_args' from command line to 'None'
[0.241s] Level 5:colcon.colcon_core.verb:set package 'vtol_testbench' build argument 'cmake_target' from command line to 'None'
[0.241s] Level 5:colcon.colcon_core.verb:set package 'vtol_testbench' build argument 'cmake_target_skip_unavailable' from command line to 'False'
[0.241s] Level 5:colcon.colcon_core.verb:set package 'vtol_testbench' build argument 'cmake_clean_cache' from command line to 'False'
[0.241s] Level 5:colcon.colcon_core.verb:set package 'vtol_testbench' build argument 'cmake_clean_first' from command line to 'False'
[0.241s] Level 5:colcon.colcon_core.verb:set package 'vtol_testbench' build argument 'cmake_force_configure' from command line to 'False'
[0.241s] Level 5:colcon.colcon_core.verb:set package 'vtol_testbench' build argument 'ament_cmake_args' from command line to 'None'
[0.241s] Level 5:colcon.colcon_core.verb:set package 'vtol_testbench' build argument 'catkin_cmake_args' from command line to 'None'
[0.241s] Level 5:colcon.colcon_core.verb:set package 'vtol_testbench' build argument 'catkin_skip_building_tests' from command line to 'False'
[0.241s] DEBUG:colcon.colcon_core.verb:Building package 'vtol_testbench' with the following arguments: {'ament_cmake_args': None, 'build_base': '/home/asambhav/vtol_ws/build/vtol_testbench', 'catkin_cmake_args': None, 'catkin_skip_building_tests': False, 'cmake_args': None, 'cmake_clean_cache': False, 'cmake_clean_first': False, 'cmake_force_configure': False, 'cmake_target': None, 'cmake_target_skip_unavailable': False, 'install_base': '/home/asambhav/vtol_ws/install/vtol_testbench', 'merge_install': False, 'path': '/home/asambhav/vtol_ws/src/vtol_testbench', 'symlink_install': False, 'test_result_base': None}
[0.241s] INFO:colcon.colcon_core.executor:Executing jobs using 'parallel' executor
[0.242s] DEBUG:colcon.colcon_parallel_executor.executor.parallel:run_until_complete
[0.243s] INFO:colcon.colcon_ros.task.ament_python.build:Building ROS package in '/home/asambhav/vtol_ws/src/sensor_simulator' with build type 'ament_python'
[0.244s] Level 1:colcon.colcon_core.shell:create_environment_hook('sensor_simulator', 'ament_prefix_path')
[0.248s] INFO:colcon.colcon_core.plugin_system:Skipping extension 'colcon_core.shell.bat': Not used on non-Windows systems
[0.248s] INFO:colcon.colcon_core.shell:Creating environment hook '/home/asambhav/vtol_ws/install/sensor_simulator/share/sensor_simulator/hook/ament_prefix_path.ps1'
[0.248s] INFO:colcon.colcon_core.shell:Creating environment descriptor '/home/asambhav/vtol_ws/install/sensor_simulator/share/sensor_simulator/hook/ament_prefix_path.dsv'
[0.249s] INFO:colcon.colcon_core.shell:Creating environment hook '/home/asambhav/vtol_ws/install/sensor_simulator/share/sensor_simulator/hook/ament_prefix_path.sh'
[0.249s] INFO:colcon.colcon_core.shell:Skip shell extension 'powershell' for command environment: Not usable outside of PowerShell
[0.249s] DEBUG:colcon.colcon_core.shell:Skip shell extension 'dsv' for command environment
[0.252s] INFO:colcon.colcon_ros.task.ament_python.build:Building ROS package in '/home/asambhav/vtol_ws/src/state_estimator' with build type 'ament_python'
[0.252s] Level 1:colcon.colcon_core.shell:create_environment_hook('state_estimator', 'ament_prefix_path')
[0.252s] INFO:colcon.colcon_core.shell:Creating environment hook '/home/asambhav/vtol_ws/install/state_estimator/share/state_estimator/hook/ament_prefix_path.ps1'
[0.253s] INFO:colcon.colcon_core.shell:Creating environment descriptor '/home/asambhav/vtol_ws/install/state_estimator/share/state_estimator/hook/ament_prefix_path.dsv'
[0.253s] INFO:colcon.colcon_core.shell:Creating environment hook '/home/asambhav/vtol_ws/install/state_estimator/share/state_estimator/hook/ament_prefix_path.sh'
[0.253s] INFO:colcon.colcon_core.shell:Skip shell extension 'powershell' for command environment: Not usable outside of PowerShell
[0.253s] DEBUG:colcon.colcon_core.shell:Skip shell extension 'dsv' for command environment
[0.256s] INFO:colcon.colcon_ros.task.ament_python.build:Building ROS package in '/home/asambhav/vtol_ws/src/vtol_controller' with build type 'ament_python'
[0.256s] Level 1:colcon.colcon_core.shell:create_environment_hook('vtol_controller', 'ament_prefix_path')
[0.256s] INFO:colcon.colcon_core.shell:Creating environment hook '/home/asambhav/vtol_ws/install/vtol_controller/share/vtol_controller/hook/ament_prefix_path.ps1'
[0.256s] INFO:colcon.colcon_core.shell:Creating environment descriptor '/home/asambhav/vtol_ws/install/vtol_controller/share/vtol_controller/hook/ament_prefix_path.dsv'
[0.256s] INFO:colcon.colcon_core.shell:Creating environment hook '/home/asambhav/vtol_ws/install/vtol_controller/share/vtol_controller/hook/ament_prefix_path.sh'
[0.257s] INFO:colcon.colcon_core.shell:Skip shell extension 'powershell' for command environment: Not usable outside of PowerShell
[0.257s] DEBUG:colcon.colcon_core.shell:Skip shell extension 'dsv' for command environment
[0.259s] INFO:colcon.colcon_ros.task.ament_cmake.build:Building ROS package in '/home/asambhav/vtol_ws/src/vtol_description' with build type 'ament_cmake'
[0.259s] INFO:colcon.colcon_cmake.task.cmake.build:Building CMake package in '/home/asambhav/vtol_ws/src/vtol_description'
[0.259s] INFO:colcon.colcon_core.shell:Skip shell extension 'powershell' for command environment: Not usable outside of PowerShell
[0.259s] DEBUG:colcon.colcon_core.shell:Skip shell extension 'dsv' for command environment
[0.262s] INFO:colcon.colcon_ros.task.ament_python.build:Building ROS package in '/home/asambhav/vtol_ws/src/vtol_dynamics' with build type 'ament_python'
[0.262s] Level 1:colcon.colcon_core.shell:create_environment_hook('vtol_dynamics', 'ament_prefix_path')
[0.262s] INFO:colcon.colcon_core.shell:Creating environment hook '/home/asambhav/vtol_ws/install/vtol_dynamics/share/vtol_dynamics/hook/ament_prefix_path.ps1'
[0.262s] INFO:colcon.colcon_core.shell:Creating environment descriptor '/home/asambhav/vtol_ws/install/vtol_dynamics/share/vtol_dynamics/hook/ament_prefix_path.dsv'
[0.262s] INFO:colcon.colcon_core.shell:Creating environment hook '/home/asambhav/vtol_ws/install/vtol_dynamics/share/vtol_dynamics/hook/ament_prefix_path.sh'
[0.263s] INFO:colcon.colcon_core.shell:Skip shell extension 'powershell' for command environment: Not usable outside of PowerShell
[0.263s] DEBUG:colcon.colcon_core.shell:Skip shell extension 'dsv' for command environment
[0.265s] INFO:colcon.colcon_ros.task.ament_cmake.build:Building ROS package in '/home/asambhav/vtol_ws/src/vtol_gazebo_plugins' with build type 'ament_cmake'
[0.265s] INFO:colcon.colcon_cmake.task.cmake.build:Building CMake package in '/home/asambhav/vtol_ws/src/vtol_gazebo_plugins'
[0.265s] INFO:colcon.colcon_core.shell:Skip shell extension 'powershell' for command environment: Not usable outside of PowerShell
[0.265s] DEBUG:colcon.colcon_core.shell:Skip shell extension 'dsv' for command environment
[0.267s] INFO:colcon.colcon_ros.task.ament_python.build:Building ROS package in '/home/asambhav/vtol_ws/src/vtol_planner' with build type 'ament_python'
[0.268s] Level 1:colcon.colcon_core.shell:create_environment_hook('vtol_planner', 'ament_prefix_path')
[0.268s] INFO:colcon.colcon_core.shell:Creating environment hook '/home/asambhav/vtol_ws/install/vtol_planner/share/vtol_planner/hook/ament_prefix_path.ps1'
[0.268s] INFO:colcon.colcon_core.shell:Creating environment descriptor '/home/asambhav/vtol_ws/install/vtol_planner/share/vtol_planner/hook/ament_prefix_path.dsv'
[0.268s] INFO:colcon.colcon_core.shell:Creating environment hook '/home/asambhav/vtol_ws/install/vtol_planner/share/vtol_planner/hook/ament_prefix_path.sh'
[0.268s] INFO:colcon.colcon_core.shell:Skip shell extension 'powershell' for command environment: Not usable outside of PowerShell
[0.269s] DEBUG:colcon.colcon_core.shell:Skip shell extension 'dsv' for command environment
[0.271s] INFO:colcon.colcon_ros.task.ament_python.build:Building ROS package in '/home/asambhav/vtol_ws/src/vtol_plant' with build type 'ament_python'
[0.271s] Level 1:colcon.colcon_core.shell:create_environment_hook('vtol_plant', 'ament_prefix_path')
[0.271s] INFO:colcon.colcon_core.shell:Creating environment hook '/home/asambhav/vtol_ws/install/vtol_plant/share/vtol_plant/hook/ament_prefix_path.ps1'
[0.271s] INFO:colcon.colcon_core.shell:Creating environment descriptor '/home/asambhav/vtol_ws/install/vtol_plant/share/vtol_plant/hook/ament_prefix_path.dsv'
[0.272s] INFO:colcon.colcon_core.shell:Creating environment hook '/home/asambhav/vtol_ws/install/vtol_plant/share/vtol_plant/hook/ament_prefix_path.sh'
[0.272s] INFO:colcon.colcon_core.shell:Skip shell extension 'powershell' for command environment: Not usable outside of PowerShell
[0.272s] DEBUG:colcon.colcon_core.shell:Skip shell extension 'dsv' for command environment
[0.274s] INFO:colcon.colcon_ros.task.ament_python.build:Building ROS package in '/home/asambhav/vtol_ws/src/vtol_testbench' with build type 'ament_python'
[0.275s] Level 1:colcon.colcon_core.shell:create_environment_hook('vtol_testbench', 'ament_prefix_path')
[0.275s] INFO:colcon.colcon_core.shell:Creating environment hook '/home/asambhav/vtol_ws/install/vtol_testbench/share/vtol_testbench/hook/ament_prefix_path.ps1'
[0.275s] INFO:colcon.colcon_core.shell:Creating environment descriptor '/home/asambhav/vtol_ws/install/vtol_testbench/share/vtol_testbench/hook/ament_prefix_path.dsv'
[0.275s] INFO:colcon.colcon_core.shell:Creating environment hook '/home/asambhav/vtol_ws/install/vtol_testbench/share/vtol_testbench/hook/ament_prefix_path.sh'
[0.275s] INFO:colcon.colcon_core.shell:Skip shell extension 'powershell' for command environment: Not usable outside of PowerShell
[0.275s] DEBUG:colcon.colcon_core.shell:Skip shell extension 'dsv' for command environment
[0.424s] INFO:colcon.colcon_core.task.python.build:Building Python package in '/home/asambhav/vtol_ws/src/sensor_simulator'
[0.424s] INFO:colcon.colcon_core.shell:Skip shell extension 'powershell' for command environment: Not usable outside of PowerShell
[0.424s] DEBUG:colcon.colcon_core.shell:Skip shell extension 'dsv' for command environment
[0.600s] INFO:colcon.colcon_core.task.python.build:Building Python package in '/home/asambhav/vtol_ws/src/state_estimator'
[0.600s] INFO:colcon.colcon_core.shell:Skip shell extension 'powershell' for command environment: Not usable outside of PowerShell
[0.600s] DEBUG:colcon.colcon_core.shell:Skip shell extension 'dsv' for command environment
[0.738s] INFO:colcon.colcon_core.task.python.build:Building Python package in '/home/asambhav/vtol_ws/src/vtol_controller'
[0.739s] INFO:colcon.colcon_core.shell:Skip shell extension 'powershell' for command environment: Not usable outside of PowerShell
[0.739s] DEBUG:colcon.colcon_core.shell:Skip shell extension 'dsv' for command environment
[0.747s] DEBUG:colcon.colcon_core.event_handler.log_command:Invoking command in '/home/asambhav/vtol_ws/build/vtol_description': CMAKE_PREFIX_PATH=${CMAKE_PREFIX_PATH}:/home/asambhav/vtol_ws/install/state_estimator:/home/asambhav/vtol_ws/install/sensor_simulator:/home/asambhav/vtol_ws/install/vtol_testbench:/home/asambhav/vtol_ws/install/vtol_plant:/home/asambhav/vtol_ws/install/vtol_planner:/home/asambhav/vtol_ws/install/vtol_dynamics:/home/asambhav/vtol_ws/install/vtol_controller:/home/asambhav/e-yantra_ws/install/task_1:/opt/ros/humble /usr/bin/cmake --build /home/asambhav/vtol_ws/build/vtol_description -- -j18 -l18
[0.892s] INFO:colcon.colcon_core.task.python.build:Building Python package in '/home/asambhav/vtol_ws/src/vtol_dynamics'
[0.892s] INFO:colcon.colcon_core.shell:Skip shell extension 'powershell' for command environment: Not usable outside of PowerShell
[0.892s] DEBUG:colcon.colcon_core.shell:Skip shell extension 'dsv' for command environment
[0.899s] DEBUG:colcon.colcon_core.event_handler.log_command:Invoking command in '/home/asambhav/vtol_ws/build/vtol_gazebo_plugins': CMAKE_PREFIX_PATH=${CMAKE_PREFIX_PATH}:/home/asambhav/vtol_ws/install/state_estimator:/home/asambhav/vtol_ws/install/sensor_simulator:/home/asambhav/vtol_ws/install/vtol_testbench:/home/asambhav/vtol_ws/install/vtol_plant:/home/asambhav/vtol_ws/install/vtol_planner:/home/asambhav/vtol_ws/install/vtol_dynamics:/home/asambhav/vtol_ws/install/vtol_controller:/home/asambhav/e-yantra_ws/install/task_1:/opt/ros/humble /usr/bin/cmake --build /home/asambhav/vtol_ws/build/vtol_gazebo_plugins -- -j18 -l18
[1.030s] INFO:colcon.colcon_core.task.python.build:Building Python package in '/home/asambhav/vtol_ws/src/vtol_planner'
[1.030s] INFO:colcon.colcon_core.shell:Skip shell extension 'powershell' for command environment: Not usable outside of PowerShell
[1.030s] DEBUG:colcon.colcon_core.shell:Skip shell extension 'dsv' for command environment
[1.173s] INFO:colcon.colcon_core.task.python.build:Building Python package in '/home/asambhav/vtol_ws/src/vtol_plant'
[1.173s] INFO:colcon.colcon_core.shell:Skip shell extension 'powershell' for command environment: Not usable outside of PowerShell
[1.173s] DEBUG:colcon.colcon_core.shell:Skip shell extension 'dsv' for command environment
[1.313s] INFO:colcon.colcon_core.task.python.build:Building Python package in '/home/asambhav/vtol_ws/src/vtol_testbench'
[1.313s] INFO:colcon.colcon_core.shell:Skip shell extension 'powershell' for command environment: Not usable outside of PowerShell
[1.313s] DEBUG:colcon.colcon_core.shell:Skip shell extension 'dsv' for command environment
[1.318s] DEBUG:colcon.colcon_core.event_handler.log_command:Invoked command in '/home/asambhav/vtol_ws/build/vtol_gazebo_plugins' returned '0': CMAKE_PREFIX_PATH=${CMAKE_PREFIX_PATH}:/home/asambhav/vtol_ws/install/state_estimator:/home/asambhav/vtol_ws/install/sensor_simulator:/home/asambhav/vtol_ws/install/vtol_testbench:/home/asambhav/vtol_ws/install/vtol_plant:/home/asambhav/vtol_ws/install/vtol_planner:/home/asambhav/vtol_ws/install/vtol_dynamics:/home/asambhav/vtol_ws/install/vtol_controller:/home/asambhav/e-yantra_ws/install/task_1:/opt/ros/humble /usr/bin/cmake --build /home/asambhav/vtol_ws/build/vtol_gazebo_plugins -- -j18 -l18
[1.326s] DEBUG:colcon.colcon_core.event_handler.log_command:Invoking command in '/home/asambhav/vtol_ws/build/vtol_gazebo_plugins': CMAKE_PREFIX_PATH=${CMAKE_PREFIX_PATH}:/home/asambhav/vtol_ws/install/state_estimator:/home/asambhav/vtol_ws/install/sensor_simulator:/home/asambhav/vtol_ws/install/vtol_testbench:/home/asambhav/vtol_ws/install/vtol_plant:/home/asambhav/vtol_ws/install/vtol_planner:/home/asambhav/vtol_ws/install/vtol_dynamics:/home/asambhav/vtol_ws/install/vtol_controller:/home/asambhav/e-yantra_ws/install/task_1:/opt/ros/humble /usr/bin/cmake --install /home/asambhav/vtol_ws/build/vtol_gazebo_plugins
[1.326s] DEBUG:colcon.colcon_core.event_handler.log_command:Invoked command in '/home/asambhav/vtol_ws/build/vtol_description' returned '0': CMAKE_PREFIX_PATH=${CMAKE_PREFIX_PATH}:/home/asambhav/vtol_ws/install/state_estimator:/home/asambhav/vtol_ws/install/sensor_simulator:/home/asambhav/vtol_ws/install/vtol_testbench:/home/asambhav/vtol_ws/install/vtol_plant:/home/asambhav/vtol_ws/install/vtol_planner:/home/asambhav/vtol_ws/install/vtol_dynamics:/home/asambhav/vtol_ws/install/vtol_controller:/home/asambhav/e-yantra_ws/install/task_1:/opt/ros/humble /usr/bin/cmake --build /home/asambhav/vtol_ws/build/vtol_description -- -j18 -l18
[1.328s] DEBUG:colcon.colcon_core.event_handler.log_command:Invoking command in '/home/asambhav/vtol_ws/build/vtol_description': CMAKE_PREFIX_PATH=${CMAKE_PREFIX_PATH}:/home/asambhav/vtol_ws/install/state_estimator:/home/asambhav/vtol_ws/install/sensor_simulator:/home/asambhav/vtol_ws/install/vtol_testbench:/home/asambhav/vtol_ws/install/vtol_plant:/home/asambhav/vtol_ws/install/vtol_planner:/home/asambhav/vtol_ws/install/vtol_dynamics:/home/asambhav/vtol_ws/install/vtol_controller:/home/asambhav/e-yantra_ws/install/task_1:/opt/ros/humble /usr/bin/cmake --install /home/asambhav/vtol_ws/build/vtol_description
[1.341s] Level 1:colcon.colcon_core.environment:create_environment_scripts_only(vtol_gazebo_plugins)
[1.345s] DEBUG:colcon.colcon_core.event_handler.log_command:Invoked command in '/home/asambhav/vtol_ws/build/vtol_gazebo_plugins' returned '0': CMAKE_PREFIX_PATH=${CMAKE_PREFIX_PATH}:/home/asambhav/vtol_ws/install/state_estimator:/home/asambhav/vtol_ws/install/sensor_simulator:/home/asambhav/vtol_ws/install/vtol_testbench:/home/asambhav/vtol_ws/install/vtol_plant:/home/asambhav/vtol_ws/install/vtol_planner:/home/asambhav/vtol_ws/install/vtol_dynamics:/home/asambhav/vtol_ws/install/vtol_controller:/home/asambhav/e-yantra_ws/install/task_1:/opt/ros/humble /usr/bin/cmake --install /home/asambhav/vtol_ws/build/vtol_gazebo_plugins
[1.347s] Level 1:colcon.colcon_core.environment:checking '/home/asambhav/vtol_ws/install/vtol_gazebo_plugins' for CMake module files
[1.348s] Level 1:colcon.colcon_core.environment:checking '/home/asambhav/vtol_ws/install/vtol_gazebo_plugins' for CMake config files
[1.348s] Level 1:colcon.colcon_core.shell:create_environment_hook('vtol_gazebo_plugins', 'cmake_prefix_path')
[1.349s] INFO:colcon.colcon_core.shell:Creating environment hook '/home/asambhav/vtol_ws/install/vtol_gazebo_plugins/share/vtol_gazebo_plugins/hook/cmake_prefix_path.ps1'
[1.349s] INFO:colcon.colcon_core.shell:Creating environment descriptor '/home/asambhav/vtol_ws/install/vtol_gazebo_plugins/share/vtol_gazebo_plugins/hook/cmake_prefix_path.dsv'
[1.350s] INFO:colcon.colcon_core.shell:Creating environment hook '/home/asambhav/vtol_ws/install/vtol_gazebo_plugins/share/vtol_gazebo_plugins/hook/cmake_prefix_path.sh'
[1.350s] Level 1:colcon.colcon_core.environment:checking '/home/asambhav/vtol_ws/install/vtol_gazebo_plugins/lib'
[1.351s] Level 1:colcon.colcon_core.shell:create_environment_hook('vtol_gazebo_plugins', 'ld_library_path_lib')
[1.351s] INFO:colcon.colcon_core.shell:Creating environment hook '/home/asambhav/vtol_ws/install/vtol_gazebo_plugins/share/vtol_gazebo_plugins/hook/ld_library_path_lib.ps1'
[1.351s] INFO:colcon.colcon_core.shell:Creating environment descriptor '/home/asambhav/vtol_ws/install/vtol_gazebo_plugins/share/vtol_gazebo_plugins/hook/ld_library_path_lib.dsv'
[1.352s] INFO:colcon.colcon_core.shell:Creating environment hook '/home/asambhav/vtol_ws/install/vtol_gazebo_plugins/share/vtol_gazebo_plugins/hook/ld_library_path_lib.sh'
[1.352s] Level 1:colcon.colcon_core.environment:checking '/home/asambhav/vtol_ws/install/vtol_gazebo_plugins/bin'
[1.352s] Level 1:colcon.colcon_core.environment:checking '/home/asambhav/vtol_ws/install/vtol_gazebo_plugins/lib/pkgconfig/vtol_gazebo_plugins.pc'
[1.352s] Level 1:colcon.colcon_core.environment:checking '/home/asambhav/vtol_ws/install/vtol_gazebo_plugins/lib/python3.10/site-packages'
[1.353s] Level 1:colcon.colcon_core.environment:checking '/home/asambhav/vtol_ws/install/vtol_gazebo_plugins/bin'
[1.353s] INFO:colcon.colcon_core.shell:Creating package script '/home/asambhav/vtol_ws/install/vtol_gazebo_plugins/share/vtol_gazebo_plugins/package.ps1'
[1.355s] INFO:colcon.colcon_core.shell:Creating package descriptor '/home/asambhav/vtol_ws/install/vtol_gazebo_plugins/share/vtol_gazebo_plugins/package.dsv'
[1.355s] INFO:colcon.colcon_core.shell:Creating package script '/home/asambhav/vtol_ws/install/vtol_gazebo_plugins/share/vtol_gazebo_plugins/package.sh'
[1.356s] INFO:colcon.colcon_core.shell:Creating package script '/home/asambhav/vtol_ws/install/vtol_gazebo_plugins/share/vtol_gazebo_plugins/package.bash'
[1.357s] INFO:colcon.colcon_core.shell:Creating package script '/home/asambhav/vtol_ws/install/vtol_gazebo_plugins/share/vtol_gazebo_plugins/package.zsh'
[1.357s] Level 1:colcon.colcon_core.environment:create_file_with_runtime_dependencies(/home/asambhav/vtol_ws/install/vtol_gazebo_plugins/share/colcon-core/packages/vtol_gazebo_plugins)
[1.358s] Level 1:colcon.colcon_core.environment:create_environment_scripts_only(vtol_gazebo_plugins)
[1.359s] Level 1:colcon.colcon_core.environment:checking '/home/asambhav/vtol_ws/install/vtol_gazebo_plugins' for CMake module files
[1.359s] Level 1:colcon.colcon_core.environment:checking '/home/asambhav/vtol_ws/install/vtol_gazebo_plugins' for CMake config files
[1.359s] Level 1:colcon.colcon_core.shell:create_environment_hook('vtol_gazebo_plugins', 'cmake_prefix_path')
[1.360s] INFO:colcon.colcon_core.shell:Creating environment hook '/home/asambhav/vtol_ws/install/vtol_gazebo_plugins/share/vtol_gazebo_plugins/hook/cmake_prefix_path.ps1'
[1.360s] INFO:colcon.colcon_core.shell:Creating environment descriptor '/home/asambhav/vtol_ws/install/vtol_gazebo_plugins/share/vtol_gazebo_plugins/hook/cmake_prefix_path.dsv'
[1.360s] INFO:colcon.colcon_core.shell:Creating environment hook '/home/asambhav/vtol_ws/install/vtol_gazebo_plugins/share/vtol_gazebo_plugins/hook/cmake_prefix_path.sh'
[1.361s] Level 1:colcon.colcon_core.environment:checking '/home/asambhav/vtol_ws/install/vtol_gazebo_plugins/lib'
[1.361s] Level 1:colcon.colcon_core.shell:create_environment_hook('vtol_gazebo_plugins', 'ld_library_path_lib')
[1.361s] INFO:colcon.colcon_core.shell:Creating environment hook '/home/asambhav/vtol_ws/install/vtol_gazebo_plugins/share/vtol_gazebo_plugins/hook/ld_library_path_lib.ps1'
[1.362s] INFO:colcon.colcon_core.shell:Creating environment descriptor '/home/asambhav/vtol_ws/install/vtol_gazebo_plugins/share/vtol_gazebo_plugins/hook/ld_library_path_lib.dsv'
[1.362s] INFO:colcon.colcon_core.shell:Creating environment hook '/home/asambhav/vtol_ws/install/vtol_gazebo_plugins/share/vtol_gazebo_plugins/hook/ld_library_path_lib.sh'
[1.362s] Level 1:colcon.colcon_core.environment:checking '/home/asambhav/vtol_ws/install/vtol_gazebo_plugins/bin'
[1.363s] Level 1:colcon.colcon_core.environment:checking '/home/asambhav/vtol_ws/install/vtol_gazebo_plugins/lib/pkgconfig/vtol_gazebo_plugins.pc'
[1.363s] Level 1:colcon.colcon_core.environment:checking '/home/asambhav/vtol_ws/install/vtol_gazebo_plugins/lib/python3.10/site-packages'
[1.363s] Level 1:colcon.colcon_core.environment:checking '/home/asambhav/vtol_ws/install/vtol_gazebo_plugins/bin'
[1.364s] INFO:colcon.colcon_core.shell:Creating package script '/home/asambhav/vtol_ws/install/vtol_gazebo_plugins/share/vtol_gazebo_plugins/package.ps1'
[1.364s] INFO:colcon.colcon_core.shell:Creating package descriptor '/home/asambhav/vtol_ws/install/vtol_gazebo_plugins/share/vtol_gazebo_plugins/package.dsv'
[1.365s] INFO:colcon.colcon_core.shell:Creating package script '/home/asambhav/vtol_ws/install/vtol_gazebo_plugins/share/vtol_gazebo_plugins/package.sh'
[1.366s] INFO:colcon.colcon_core.shell:Creating package script '/home/asambhav/vtol_ws/install/vtol_gazebo_plugins/share/vtol_gazebo_plugins/package.bash'
[1.366s] INFO:colcon.colcon_core.shell:Creating package script '/home/asambhav/vtol_ws/install/vtol_gazebo_plugins/share/vtol_gazebo_plugins/package.zsh'
[1.367s] Level 1:colcon.colcon_core.environment:create_file_with_runtime_dependencies(/home/asambhav/vtol_ws/install/vtol_gazebo_plugins/share/colcon-core/packages/vtol_gazebo_plugins)
[1.368s] Level 1:colcon.colcon_core.environment:create_environment_scripts_only(vtol_description)
[1.368s] Level 1:colcon.colcon_core.environment:checking '/home/asambhav/vtol_ws/install/vtol_description' for CMake module files
[1.369s] DEBUG:colcon.colcon_core.event_handler.log_command:Invoked command in '/home/asambhav/vtol_ws/build/vtol_description' returned '0': CMAKE_PREFIX_PATH=${CMAKE_PREFIX_PATH}:/home/asambhav/vtol_ws/install/state_estimator:/home/asambhav/vtol_ws/install/sensor_simulator:/home/asambhav/vtol_ws/install/vtol_testbench:/home/asambhav/vtol_ws/install/vtol_plant:/home/asambhav/vtol_ws/install/vtol_planner:/home/asambhav/vtol_ws/install/vtol_dynamics:/home/asambhav/vtol_ws/install/vtol_controller:/home/asambhav/e-yantra_ws/install/task_1:/opt/ros/humble /usr/bin/cmake --install /home/asambhav/vtol_ws/build/vtol_description
[1.369s] Level 1:colcon.colcon_core.environment:checking '/home/asambhav/vtol_ws/install/vtol_description' for CMake config files
[1.370s] Level 1:colcon.colcon_core.shell:create_environment_hook('vtol_description', 'cmake_prefix_path')
[1.370s] INFO:colcon.colcon_core.shell:Creating environment hook '/home/asambhav/vtol_ws/install/vtol_description/share/vtol_description/hook/cmake_prefix_path.ps1'
[1.370s] INFO:colcon.colcon_core.shell:Creating environment descriptor '/home/asambhav/vtol_ws/install/vtol_description/share/vtol_description/hook/cmake_prefix_path.dsv'
[1.371s] INFO:colcon.colcon_core.shell:Creating environment hook '/home/asambhav/vtol_ws/install/vtol_description/share/vtol_description/hook/cmake_prefix_path.sh'
[1.371s] Level 1:colcon.colcon_core.environment:checking '/home/asambhav/vtol_ws/install/vtol_description/bin'
[1.372s] Level 1:colcon.colcon_core.environment:checking '/home/asambhav/vtol_ws/install/vtol_description/lib/pkgconfig/vtol_description.pc'
[1.372s] Level 1:colcon.colcon_core.environment:checking '/home/asambhav/vtol_ws/install/vtol_description/lib/python3.10/site-packages'
[1.372s] Level 1:colcon.colcon_core.environment:checking '/home/asambhav/vtol_ws/install/vtol_description/bin'
[1.373s] INFO:colcon.colcon_core.shell:Creating package script '/home/asambhav/vtol_ws/install/vtol_description/share/vtol_description/package.ps1'
[1.373s] INFO:colcon.colcon_core.shell:Creating package descriptor '/home/asambhav/vtol_ws/install/vtol_description/share/vtol_description/package.dsv'
[1.374s] INFO:colcon.colcon_core.shell:Creating package script '/home/asambhav/vtol_ws/install/vtol_description/share/vtol_description/package.sh'
[1.374s] INFO:colcon.colcon_core.shell:Creating package script '/home/asambhav/vtol_ws/install/vtol_description/share/vtol_description/package.bash'
[1.375s] INFO:colcon.colcon_core.shell:Creating package script '/home/asambhav/vtol_ws/install/vtol_description/share/vtol_description/package.zsh'
[1.375s] Level 1:colcon.colcon_core.environment:create_file_with_runtime_dependencies(/home/asambhav/vtol_ws/install/vtol_description/share/colcon-core/packages/vtol_description)
[1.376s] Level 1:colcon.colcon_core.environment:create_environment_scripts_only(vtol_description)
[1.376s] Level 1:colcon.colcon_core.environment:checking '/home/asambhav/vtol_ws/install/vtol_description' for CMake module files
[1.376s] Level 1:colcon.colcon_core.environment:checking '/home/asambhav/vtol_ws/install/vtol_description' for CMake config files
[1.377s] Level 1:colcon.colcon_core.shell:create_environment_hook('vtol_description', 'cmake_prefix_path')
[1.377s] INFO:colcon.colcon_core.shell:Creating environment hook '/home/asambhav/vtol_ws/install/vtol_description/share/vtol_description/hook/cmake_prefix_path.ps1'
[1.377s] INFO:colcon.colcon_core.shell:Creating environment descriptor '/home/asambhav/vtol_ws/install/vtol_description/share/vtol_description/hook/cmake_prefix_path.dsv'
[1.378s] INFO:colcon.colcon_core.shell:Creating environment hook '/home/asambhav/vtol_ws/install/vtol_description/share/vtol_description/hook/cmake_prefix_path.sh'
[1.378s] Level 1:colcon.colcon_core.environment:checking '/home/asambhav/vtol_ws/install/vtol_description/bin'
[1.378s] Level 1:colcon.colcon_core.environment:checking '/home/asambhav/vtol_ws/install/vtol_description/lib/pkgconfig/vtol_description.pc'
[1.379s] Level 1:colcon.colcon_core.environment:checking '/home/asambhav/vtol_ws/install/vtol_description/lib/python3.10/site-packages'
[1.379s] Level 1:colcon.colcon_core.environment:checking '/home/asambhav/vtol_ws/install/vtol_description/bin'
[1.379s] INFO:colcon.colcon_core.shell:Creating package script '/home/asambhav/vtol_ws/install/vtol_description/share/vtol_description/package.ps1'
[1.380s] INFO:colcon.colcon_core.shell:Creating package descriptor '/home/asambhav/vtol_ws/install/vtol_description/share/vtol_description/package.dsv'
[1.380s] INFO:colcon.colcon_core.shell:Creating package script '/home/asambhav/vtol_ws/install/vtol_description/share/vtol_description/package.sh'
[1.381s] INFO:colcon.colcon_core.shell:Creating package script '/home/asambhav/vtol_ws/install/vtol_description/share/vtol_description/package.bash'
[1.381s] INFO:colcon.colcon_core.shell:Creating package script '/home/asambhav/vtol_ws/install/vtol_description/share/vtol_description/package.zsh'
[1.382s] Level 1:colcon.colcon_core.environment:create_file_with_runtime_dependencies(/home/asambhav/vtol_ws/install/vtol_description/share/colcon-core/packages/vtol_description)
[1.660s] DEBUG:colcon.colcon_core.event_handler.log_command:Invoking command in '/home/asambhav/vtol_ws/src/vtol_dynamics': PYTHONPATH=/home/asambhav/vtol_ws/build/vtol_dynamics/prefix_override:/usr/lib/python3/dist-packages/colcon_core/task/python/colcon_distutils_commands:/home/asambhav/vtol_ws/install/vtol_dynamics/lib/python3.10/site-packages:${PYTHONPATH} /usr/bin/python3 -W ignore:setup.py install is deprecated -W ignore:easy_install command is deprecated setup.py egg_info --egg-base ../../build/vtol_dynamics build --build-base /home/asambhav/vtol_ws/build/vtol_dynamics/build install --record /home/asambhav/vtol_ws/build/vtol_dynamics/install.log --single-version-externally-managed install_data
[1.661s] DEBUG:colcon.colcon_core.event_handler.log_command:Invoking command in '/home/asambhav/vtol_ws/src/vtol_plant': PYTHONPATH=/home/asambhav/vtol_ws/build/vtol_plant/prefix_override:/usr/lib/python3/dist-packages/colcon_core/task/python/colcon_distutils_commands:/home/asambhav/vtol_ws/install/vtol_plant/lib/python3.10/site-packages:${PYTHONPATH} /usr/bin/python3 -W ignore:setup.py install is deprecated -W ignore:easy_install command is deprecated setup.py egg_info --egg-base ../../build/vtol_plant build --build-base /home/asambhav/vtol_ws/build/vtol_plant/build install --record /home/asambhav/vtol_ws/build/vtol_plant/install.log --single-version-externally-managed install_data
[1.695s] DEBUG:colcon.colcon_core.event_handler.log_command:Invoking command in '/home/asambhav/vtol_ws/src/sensor_simulator': PYTHONPATH=/home/asambhav/vtol_ws/build/sensor_simulator/prefix_override:/usr/lib/python3/dist-packages/colcon_core/task/python/colcon_distutils_commands:/home/asambhav/vtol_ws/install/sensor_simulator/lib/python3.10/site-packages:${PYTHONPATH} /usr/bin/python3 -W ignore:setup.py install is deprecated -W ignore:easy_install command is deprecated setup.py egg_info --egg-base ../../build/sensor_simulator build --build-base /home/asambhav/vtol_ws/build/sensor_simulator/build install --record /home/asambhav/vtol_ws/build/sensor_simulator/install.log --single-version-externally-managed install_data
[1.770s] DEBUG:colcon.colcon_core.event_handler.log_command:Invoking command in '/home/asambhav/vtol_ws/src/vtol_planner': PYTHONPATH=/home/asambhav/vtol_ws/build/vtol_planner/prefix_override:/usr/lib/python3/dist-packages/colcon_core/task/python/colcon_distutils_commands:/home/asambhav/vtol_ws/install/vtol_planner/lib/python3.10/site-packages:${PYTHONPATH} /usr/bin/python3 -W ignore:setup.py install is deprecated -W ignore:easy_install command is deprecated setup.py egg_info --egg-base ../../build/vtol_planner build --build-base /home/asambhav/vtol_ws/build/vtol_planner/build install --record /home/asambhav/vtol_ws/build/vtol_planner/install.log --single-version-externally-managed install_data
[1.923s] DEBUG:colcon.colcon_core.event_handler.log_command:Invoking command in '/home/asambhav/vtol_ws/src/vtol_controller': PYTHONPATH=/home/asambhav/vtol_ws/build/vtol_controller/prefix_override:/usr/lib/python3/dist-packages/colcon_core/task/python/colcon_distutils_commands:/home/asambhav/vtol_ws/install/vtol_controller/lib/python3.10/site-packages:${PYTHONPATH} /usr/bin/python3 -W ignore:setup.py install is deprecated -W ignore:easy_install command is deprecated setup.py egg_info --egg-base ../../build/vtol_controller build --build-base /home/asambhav/vtol_ws/build/vtol_controller/build install --record /home/asambhav/vtol_ws/build/vtol_controller/install.log --single-version-externally-managed install_data
[1.930s] DEBUG:colcon.colcon_core.event_handler.log_command:Invoking command in '/home/asambhav/vtol_ws/src/state_estimator': PYTHONPATH=/home/asambhav/vtol_ws/build/state_estimator/prefix_override:/usr/lib/python3/dist-packages/colcon_core/task/python/colcon_distutils_commands:/home/asambhav/vtol_ws/install/state_estimator/lib/python3.10/site-packages:${PYTHONPATH} /usr/bin/python3 -W ignore:setup.py install is deprecated -W ignore:easy_install command is deprecated setup.py egg_info --egg-base ../../build/state_estimator build --build-base /home/asambhav/vtol_ws/build/state_estimator/build install --record /home/asambhav/vtol_ws/build/state_estimator/install.log --single-version-externally-managed install_data
[1.936s] Level 1:colcon.colcon_core.environment:checking '/home/asambhav/vtol_ws/install/vtol_plant' for CMake module files
[1.936s] DEBUG:colcon.colcon_core.event_handler.log_command:Invoked command in '/home/asambhav/vtol_ws/src/vtol_plant' returned '0': PYTHONPATH=/home/asambhav/vtol_ws/build/vtol_plant/prefix_override:/usr/lib/python3/dist-packages/colcon_core/task/python/colcon_distutils_commands:/home/asambhav/vtol_ws/install/vtol_plant/lib/python3.10/site-packages:${PYTHONPATH} /usr/bin/python3 -W ignore:setup.py install is deprecated -W ignore:easy_install command is deprecated setup.py egg_info --egg-base ../../build/vtol_plant build --build-base /home/asambhav/vtol_ws/build/vtol_plant/build install --record /home/asambhav/vtol_ws/build/vtol_plant/install.log --single-version-externally-managed install_data
[1.937s] Level 1:colcon.colcon_core.environment:checking '/home/asambhav/vtol_ws/install/vtol_plant' for CMake config files
[1.937s] Level 1:colcon.colcon_core.environment:checking '/home/asambhav/vtol_ws/install/vtol_plant/lib'
[1.938s] Level 1:colcon.colcon_core.environment:checking '/home/asambhav/vtol_ws/install/vtol_plant/bin'
[1.938s] Level 1:colcon.colcon_core.environment:checking '/home/asambhav/vtol_ws/install/vtol_plant/lib/pkgconfig/vtol_plant.pc'
[1.938s] Level 1:colcon.colcon_core.environment:checking '/home/asambhav/vtol_ws/install/vtol_plant/lib/python3.10/site-packages'
[1.938s] Level 1:colcon.colcon_core.shell:create_environment_hook('vtol_plant', 'pythonpath')
[1.938s] INFO:colcon.colcon_core.shell:Creating environment hook '/home/asambhav/vtol_ws/install/vtol_plant/share/vtol_plant/hook/pythonpath.ps1'
[1.939s] INFO:colcon.colcon_core.shell:Creating environment descriptor '/home/asambhav/vtol_ws/install/vtol_plant/share/vtol_plant/hook/pythonpath.dsv'
[1.940s] INFO:colcon.colcon_core.shell:Creating environment hook '/home/asambhav/vtol_ws/install/vtol_plant/share/vtol_plant/hook/pythonpath.sh'
[1.941s] Level 1:colcon.colcon_core.environment:checking '/home/asambhav/vtol_ws/install/vtol_plant/bin'
[1.941s] Level 1:colcon.colcon_core.environment:create_environment_scripts_only(vtol_plant)
[1.941s] INFO:colcon.colcon_core.shell:Creating package script '/home/asambhav/vtol_ws/install/vtol_plant/share/vtol_plant/package.ps1'
[1.942s] INFO:colcon.colcon_core.shell:Creating package descriptor '/home/asambhav/vtol_ws/install/vtol_plant/share/vtol_plant/package.dsv'
[1.943s] INFO:colcon.colcon_core.shell:Creating package script '/home/asambhav/vtol_ws/install/vtol_plant/share/vtol_plant/package.sh'
[1.943s] INFO:colcon.colcon_core.shell:Creating package script '/home/asambhav/vtol_ws/install/vtol_plant/share/vtol_plant/package.bash'
[1.944s] INFO:colcon.colcon_core.shell:Creating package script '/home/asambhav/vtol_ws/install/vtol_plant/share/vtol_plant/package.zsh'
[1.944s] Level 1:colcon.colcon_core.environment:create_file_with_runtime_dependencies(/home/asambhav/vtol_ws/install/vtol_plant/share/colcon-core/packages/vtol_plant)
[1.947s] DEBUG:colcon.colcon_core.event_handler.log_command:Invoking command in '/home/asambhav/vtol_ws/src/vtol_testbench': PYTHONPATH=/home/asambhav/vtol_ws/build/vtol_testbench/prefix_override:/usr/lib/python3/dist-packages/colcon_core/task/python/colcon_distutils_commands:/home/asambhav/vtol_ws/install/vtol_testbench/lib/python3.10/site-packages:${PYTHONPATH} /usr/bin/python3 -W ignore:setup.py install is deprecated -W ignore:easy_install command is deprecated setup.py egg_info --egg-base ../../build/vtol_testbench build --build-base /home/asambhav/vtol_ws/build/vtol_testbench/build install --record /home/asambhav/vtol_ws/build/vtol_testbench/install.log --single-version-externally-managed install_data
[1.960s] Level 1:colcon.colcon_core.environment:checking '/home/asambhav/vtol_ws/install/sensor_simulator' for CMake module files
[1.961s] DEBUG:colcon.colcon_core.event_handler.log_command:Invoked command in '/home/asambhav/vtol_ws/src/sensor_simulator' returned '0': PYTHONPATH=/home/asambhav/vtol_ws/build/sensor_simulator/prefix_override:/usr/lib/python3/dist-packages/colcon_core/task/python/colcon_distutils_commands:/home/asambhav/vtol_ws/install/sensor_simulator/lib/python3.10/site-packages:${PYTHONPATH} /usr/bin/python3 -W ignore:setup.py install is deprecated -W ignore:easy_install command is deprecated setup.py egg_info --egg-base ../../build/sensor_simulator build --build-base /home/asambhav/vtol_ws/build/sensor_simulator/build install --record /home/asambhav/vtol_ws/build/sensor_simulator/install.log --single-version-externally-managed install_data
[1.961s] Level 1:colcon.colcon_core.environment:checking '/home/asambhav/vtol_ws/install/sensor_simulator' for CMake config files
[1.962s] Level 1:colcon.colcon_core.environment:checking '/home/asambhav/vtol_ws/install/sensor_simulator/lib'
[1.962s] Level 1:colcon.colcon_core.environment:checking '/home/asambhav/vtol_ws/install/sensor_simulator/bin'
[1.962s] Level 1:colcon.colcon_core.environment:checking '/home/asambhav/vtol_ws/install/sensor_simulator/lib/pkgconfig/sensor_simulator.pc'
[1.962s] Level 1:colcon.colcon_core.environment:checking '/home/asambhav/vtol_ws/install/sensor_simulator/lib/python3.10/site-packages'
[1.962s] Level 1:colcon.colcon_core.shell:create_environment_hook('sensor_simulator', 'pythonpath')
[1.963s] INFO:colcon.colcon_core.shell:Creating environment hook '/home/asambhav/vtol_ws/install/sensor_simulator/share/sensor_simulator/hook/pythonpath.ps1'
[1.963s] INFO:colcon.colcon_core.shell:Creating environment descriptor '/home/asambhav/vtol_ws/install/sensor_simulator/share/sensor_simulator/hook/pythonpath.dsv'
[1.964s] INFO:colcon.colcon_core.shell:Creating environment hook '/home/asambhav/vtol_ws/install/sensor_simulator/share/sensor_simulator/hook/pythonpath.sh'
[1.965s] Level 1:colcon.colcon_core.environment:checking '/home/asambhav/vtol_ws/install/sensor_simulator/bin'
[1.965s] Level 1:colcon.colcon_core.environment:create_environment_scripts_only(sensor_simulator)
[1.965s] INFO:colcon.colcon_core.shell:Creating package script '/home/asambhav/vtol_ws/install/sensor_simulator/share/sensor_simulator/package.ps1'
[1.966s] INFO:colcon.colcon_core.shell:Creating package descriptor '/home/asambhav/vtol_ws/install/sensor_simulator/share/sensor_simulator/package.dsv'
[1.966s] INFO:colcon.colcon_core.shell:Creating package script '/home/asambhav/vtol_ws/install/sensor_simulator/share/sensor_simulator/package.sh'
[1.967s] INFO:colcon.colcon_core.shell:Creating package script '/home/asambhav/vtol_ws/install/sensor_simulator/share/sensor_simulator/package.bash'
[1.967s] INFO:colcon.colcon_core.shell:Creating package script '/home/asambhav/vtol_ws/install/sensor_simulator/share/sensor_simulator/package.zsh'
[1.967s] Level 1:colcon.colcon_core.environment:create_file_with_runtime_dependencies(/home/asambhav/vtol_ws/install/sensor_simulator/share/colcon-core/packages/sensor_simulator)
[2.053s] Level 1:colcon.colcon_core.environment:checking '/home/asambhav/vtol_ws/install/vtol_planner' for CMake module files
[2.053s] DEBUG:colcon.colcon_core.event_handler.log_command:Invoked command in '/home/asambhav/vtol_ws/src/vtol_planner' returned '0': PYTHONPATH=/home/asambhav/vtol_ws/build/vtol_planner/prefix_override:/usr/lib/python3/dist-packages/colcon_core/task/python/colcon_distutils_commands:/home/asambhav/vtol_ws/install/vtol_planner/lib/python3.10/site-packages:${PYTHONPATH} /usr/bin/python3 -W ignore:setup.py install is deprecated -W ignore:easy_install command is deprecated setup.py egg_info --egg-base ../../build/vtol_planner build --build-base /home/asambhav/vtol_ws/build/vtol_planner/build install --record /home/asambhav/vtol_ws/build/vtol_planner/install.log --single-version-externally-managed install_data
[2.053s] Level 1:colcon.colcon_core.environment:checking '/home/asambhav/vtol_ws/install/vtol_planner' for CMake config files
[2.054s] Level 1:colcon.colcon_core.environment:checking '/home/asambhav/vtol_ws/install/vtol_planner/lib'
[2.054s] Level 1:colcon.colcon_core.environment:checking '/home/asambhav/vtol_ws/install/vtol_planner/bin'
[2.054s] Level 1:colcon.colcon_core.environment:checking '/home/asambhav/vtol_ws/install/vtol_planner/lib/pkgconfig/vtol_planner.pc'
[2.054s] Level 1:colcon.colcon_core.environment:checking '/home/asambhav/vtol_ws/install/vtol_planner/lib/python3.10/site-packages'
[2.054s] Level 1:colcon.colcon_core.shell:create_environment_hook('vtol_planner', 'pythonpath')
[2.054s] INFO:colcon.colcon_core.shell:Creating environment hook '/home/asambhav/vtol_ws/install/vtol_planner/share/vtol_planner/hook/pythonpath.ps1'
[2.055s] INFO:colcon.colcon_core.shell:Creating environment descriptor '/home/asambhav/vtol_ws/install/vtol_planner/share/vtol_planner/hook/pythonpath.dsv'
[2.055s] INFO:colcon.colcon_core.shell:Creating environment hook '/home/asambhav/vtol_ws/install/vtol_planner/share/vtol_planner/hook/pythonpath.sh'
[2.055s] Level 1:colcon.colcon_core.environment:checking '/home/asambhav/vtol_ws/install/vtol_planner/bin'
[2.055s] Level 1:colcon.colcon_core.environment:create_environment_scripts_only(vtol_planner)
[2.055s] INFO:colcon.colcon_core.shell:Creating package script '/home/asambhav/vtol_ws/install/vtol_planner/share/vtol_planner/package.ps1'
[2.056s] INFO:colcon.colcon_core.shell:Creating package descriptor '/home/asambhav/vtol_ws/install/vtol_planner/share/vtol_planner/package.dsv'
[2.056s] INFO:colcon.colcon_core.shell:Creating package script '/home/asambhav/vtol_ws/install/vtol_planner/share/vtol_planner/package.sh'
[2.056s] INFO:colcon.colcon_core.shell:Creating package script '/home/asambhav/vtol_ws/install/vtol_planner/share/vtol_planner/package.bash'
[2.056s] INFO:colcon.colcon_core.shell:Creating package script '/home/asambhav/vtol_ws/install/vtol_planner/share/vtol_planner/package.zsh'
[2.057s] Level 1:colcon.colcon_core.environment:create_file_with_runtime_dependencies(/home/asambhav/vtol_ws/install/vtol_planner/share/colcon-core/packages/vtol_planner)
[2.064s] Level 1:colcon.colcon_core.environment:checking '/home/asambhav/vtol_ws/install/vtol_dynamics' for CMake module files
[2.065s] DEBUG:colcon.colcon_core.event_handler.log_command:Invoked command in '/home/asambhav/vtol_ws/src/vtol_dynamics' returned '0': PYTHONPATH=/home/asambhav/vtol_ws/build/vtol_dynamics/prefix_override:/usr/lib/python3/dist-packages/colcon_core/task/python/colcon_distutils_commands:/home/asambhav/vtol_ws/install/vtol_dynamics/lib/python3.10/site-packages:${PYTHONPATH} /usr/bin/python3 -W ignore:setup.py install is deprecated -W ignore:easy_install command is deprecated setup.py egg_info --egg-base ../../build/vtol_dynamics build --build-base /home/asambhav/vtol_ws/build/vtol_dynamics/build install --record /home/asambhav/vtol_ws/build/vtol_dynamics/install.log --single-version-externally-managed install_data
[2.065s] Level 1:colcon.colcon_core.environment:checking '/home/asambhav/vtol_ws/install/vtol_dynamics' for CMake config files
[2.066s] Level 1:colcon.colcon_core.environment:checking '/home/asambhav/vtol_ws/install/vtol_dynamics/lib'
[2.066s] Level 1:colcon.colcon_core.environment:checking '/home/asambhav/vtol_ws/install/vtol_dynamics/bin'
[2.066s] Level 1:colcon.colcon_core.environment:checking '/home/asambhav/vtol_ws/install/vtol_dynamics/lib/pkgconfig/vtol_dynamics.pc'
[2.066s] Level 1:colcon.colcon_core.environment:checking '/home/asambhav/vtol_ws/install/vtol_dynamics/lib/python3.10/site-packages'
[2.066s] Level 1:colcon.colcon_core.shell:create_environment_hook('vtol_dynamics', 'pythonpath')
[2.066s] INFO:colcon.colcon_core.shell:Creating environment hook '/home/asambhav/vtol_ws/install/vtol_dynamics/share/vtol_dynamics/hook/pythonpath.ps1'
[2.066s] INFO:colcon.colcon_core.shell:Creating environment descriptor '/home/asambhav/vtol_ws/install/vtol_dynamics/share/vtol_dynamics/hook/pythonpath.dsv'
[2.066s] INFO:colcon.colcon_core.shell:Creating environment hook '/home/asambhav/vtol_ws/install/vtol_dynamics/share/vtol_dynamics/hook/pythonpath.sh'
[2.067s] Level 1:colcon.colcon_core.environment:checking '/home/asambhav/vtol_ws/install/vtol_dynamics/bin'
[2.067s] Level 1:colcon.colcon_core.environment:create_environment_scripts_only(vtol_dynamics)
[2.067s] INFO:colcon.colcon_core.shell:Creating package script '/home/asambhav/vtol_ws/install/vtol_dynamics/share/vtol_dynamics/package.ps1'
[2.068s] INFO:colcon.colcon_core.shell:Creating package descriptor '/home/asambhav/vtol_ws/install/vtol_dynamics/share/vtol_dynamics/package.dsv'
[2.068s] INFO:colcon.colcon_core.shell:Creating package script '/home/asambhav/vtol_ws/install/vtol_dynamics/share/vtol_dynamics/package.sh'
[2.068s] INFO:colcon.colcon_core.shell:Creating package script '/home/asambhav/vtol_ws/install/vtol_dynamics/share/vtol_dynamics/package.bash'
[2.068s] INFO:colcon.colcon_core.shell:Creating package script '/home/asambhav/vtol_ws/install/vtol_dynamics/share/vtol_dynamics/package.zsh'
[2.068s] Level 1:colcon.colcon_core.environment:create_file_with_runtime_dependencies(/home/asambhav/vtol_ws/install/vtol_dynamics/share/colcon-core/packages/vtol_dynamics)
[2.184s] Level 1:colcon.colcon_core.environment:checking '/home/asambhav/vtol_ws/install/vtol_controller' for CMake module files
[2.184s] DEBUG:colcon.colcon_core.event_handler.log_command:Invoked command in '/home/asambhav/vtol_ws/src/vtol_controller' returned '0': PYTHONPATH=/home/asambhav/vtol_ws/build/vtol_controller/prefix_override:/usr/lib/python3/dist-packages/colcon_core/task/python/colcon_distutils_commands:/home/asambhav/vtol_ws/install/vtol_controller/lib/python3.10/site-packages:${PYTHONPATH} /usr/bin/python3 -W ignore:setup.py install is deprecated -W ignore:easy_install command is deprecated setup.py egg_info --egg-base ../../build/vtol_controller build --build-base /home/asambhav/vtol_ws/build/vtol_controller/build install --record /home/asambhav/vtol_ws/build/vtol_controller/install.log --single-version-externally-managed install_data
[2.184s] Level 1:colcon.colcon_core.environment:checking '/home/asambhav/vtol_ws/install/vtol_controller' for CMake config files
[2.185s] Level 1:colcon.colcon_core.environment:checking '/home/asambhav/vtol_ws/install/vtol_controller/lib'
[2.185s] Level 1:colcon.colcon_core.environment:checking '/home/asambhav/vtol_ws/install/vtol_controller/bin'
[2.185s] Level 1:colcon.colcon_core.environment:checking '/home/asambhav/vtol_ws/install/vtol_controller/lib/pkgconfig/vtol_controller.pc'
[2.185s] Level 1:colcon.colcon_core.environment:checking '/home/asambhav/vtol_ws/install/vtol_controller/lib/python3.10/site-packages'
[2.185s] Level 1:colcon.colcon_core.shell:create_environment_hook('vtol_controller', 'pythonpath')
[2.185s] INFO:colcon.colcon_core.shell:Creating environment hook '/home/asambhav/vtol_ws/install/vtol_controller/share/vtol_controller/hook/pythonpath.ps1'
[2.185s] INFO:colcon.colcon_core.shell:Creating environment descriptor '/home/asambhav/vtol_ws/install/vtol_controller/share/vtol_controller/hook/pythonpath.dsv'
[2.186s] INFO:colcon.colcon_core.shell:Creating environment hook '/home/asambhav/vtol_ws/install/vtol_controller/share/vtol_controller/hook/pythonpath.sh'
[2.186s] Level 1:colcon.colcon_core.environment:checking '/home/asambhav/vtol_ws/install/vtol_controller/bin'
[2.186s] Level 1:colcon.colcon_core.environment:create_environment_scripts_only(vtol_controller)
[2.186s] INFO:colcon.colcon_core.shell:Creating package script '/home/asambhav/vtol_ws/install/vtol_controller/share/vtol_controller/package.ps1'
[2.187s] INFO:colcon.colcon_core.shell:Creating package descriptor '/home/asambhav/vtol_ws/install/vtol_controller/share/vtol_controller/package.dsv'
[2.187s] INFO:colcon.colcon_core.shell:Creating package script '/home/asambhav/vtol_ws/install/vtol_controller/share/vtol_controller/package.sh'
[2.188s] INFO:colcon.colcon_core.shell:Creating package script '/home/asambhav/vtol_ws/install/vtol_controller/share/vtol_controller/package.bash'
[2.188s] INFO:colcon.colcon_core.shell:Creating package script '/home/asambhav/vtol_ws/install/vtol_controller/share/vtol_controller/package.zsh'
[2.188s] Level 1:colcon.colcon_core.environment:create_file_with_runtime_dependencies(/home/asambhav/vtol_ws/install/vtol_controller/share/colcon-core/packages/vtol_controller)
[2.235s] Level 1:colcon.colcon_core.environment:checking '/home/asambhav/vtol_ws/install/vtol_testbench' for CMake module files
[2.235s] DEBUG:colcon.colcon_core.event_handler.log_command:Invoked command in '/home/asambhav/vtol_ws/src/vtol_testbench' returned '0': PYTHONPATH=/home/asambhav/vtol_ws/build/vtol_testbench/prefix_override:/usr/lib/python3/dist-packages/colcon_core/task/python/colcon_distutils_commands:/home/asambhav/vtol_ws/install/vtol_testbench/lib/python3.10/site-packages:${PYTHONPATH} /usr/bin/python3 -W ignore:setup.py install is deprecated -W ignore:easy_install command is deprecated setup.py egg_info --egg-base ../../build/vtol_testbench build --build-base /home/asambhav/vtol_ws/build/vtol_testbench/build install --record /home/asambhav/vtol_ws/build/vtol_testbench/install.log --single-version-externally-managed install_data
[2.236s] Level 1:colcon.colcon_core.environment:checking '/home/asambhav/vtol_ws/install/vtol_testbench' for CMake config files
[2.236s] Level 1:colcon.colcon_core.environment:checking '/home/asambhav/vtol_ws/install/vtol_testbench/lib'
[2.236s] Level 1:colcon.colcon_core.environment:checking '/home/asambhav/vtol_ws/install/vtol_testbench/bin'
[2.236s] Level 1:colcon.colcon_core.environment:checking '/home/asambhav/vtol_ws/install/vtol_testbench/lib/pkgconfig/vtol_testbench.pc'
[2.237s] Level 1:colcon.colcon_core.environment:checking '/home/asambhav/vtol_ws/install/vtol_testbench/lib/python3.10/site-packages'
[2.237s] Level 1:colcon.colcon_core.shell:create_environment_hook('vtol_testbench', 'pythonpath')
[2.237s] INFO:colcon.colcon_core.shell:Creating environment hook '/home/asambhav/vtol_ws/install/vtol_testbench/share/vtol_testbench/hook/pythonpath.ps1'
[2.238s] INFO:colcon.colcon_core.shell:Creating environment descriptor '/home/asambhav/vtol_ws/install/vtol_testbench/share/vtol_testbench/hook/pythonpath.dsv'
[2.238s] INFO:colcon.colcon_core.shell:Creating environment hook '/home/asambhav/vtol_ws/install/vtol_testbench/share/vtol_testbench/hook/pythonpath.sh'
[2.239s] Level 1:colcon.colcon_core.environment:checking '/home/asambhav/vtol_ws/install/vtol_testbench/bin'
[2.239s] Level 1:colcon.colcon_core.environment:create_environment_scripts_only(vtol_testbench)
[2.239s] INFO:colcon.colcon_core.shell:Creating package script '/home/asambhav/vtol_ws/install/vtol_testbench/share/vtol_testbench/package.ps1'
[2.240s] INFO:colcon.colcon_core.shell:Creating package descriptor '/home/asambhav/vtol_ws/install/vtol_testbench/share/vtol_testbench/package.dsv'
[2.240s] INFO:colcon.colcon_core.shell:Creating package script '/home/asambhav/vtol_ws/install/vtol_testbench/share/vtol_testbench/package.sh'
[2.241s] INFO:colcon.colcon_core.shell:Creating package script '/home/asambhav/vtol_ws/install/vtol_testbench/share/vtol_testbench/package.bash'
[2.241s] INFO:colcon.colcon_core.shell:Creating package script '/home/asambhav/vtol_ws/install/vtol_testbench/share/vtol_testbench/package.zsh'
[2.241s] Level 1:colcon.colcon_core.environment:create_file_with_runtime_dependencies(/home/asambhav/vtol_ws/install/vtol_testbench/share/colcon-core/packages/vtol_testbench)
[2.267s] Level 1:colcon.colcon_core.environment:checking '/home/asambhav/vtol_ws/install/state_estimator' for CMake module files
[2.267s] DEBUG:colcon.colcon_core.event_handler.log_command:Invoked command in '/home/asambhav/vtol_ws/src/state_estimator' returned '0': PYTHONPATH=/home/asambhav/vtol_ws/build/state_estimator/prefix_override:/usr/lib/python3/dist-packages/colcon_core/task/python/colcon_distutils_commands:/home/asambhav/vtol_ws/install/state_estimator/lib/python3.10/site-packages:${PYTHONPATH} /usr/bin/python3 -W ignore:setup.py install is deprecated -W ignore:easy_install command is deprecated setup.py egg_info --egg-base ../../build/state_estimator build --build-base /home/asambhav/vtol_ws/build/state_estimator/build install --record /home/asambhav/vtol_ws/build/state_estimator/install.log --single-version-externally-managed install_data
[2.267s] Level 1:colcon.colcon_core.environment:checking '/home/asambhav/vtol_ws/install/state_estimator' for CMake config files
[2.268s] Level 1:colcon.colcon_core.environment:checking '/home/asambhav/vtol_ws/install/state_estimator/lib'
[2.268s] Level 1:colcon.colcon_core.environment:checking '/home/asambhav/vtol_ws/install/state_estimator/bin'
[2.268s] Level 1:colcon.colcon_core.environment:checking '/home/asambhav/vtol_ws/install/state_estimator/lib/pkgconfig/state_estimator.pc'
[2.268s] Level 1:colcon.colcon_core.environment:checking '/home/asambhav/vtol_ws/install/state_estimator/lib/python3.10/site-packages'
[2.268s] Level 1:colcon.colcon_core.shell:create_environment_hook('state_estimator', 'pythonpath')
[2.268s] INFO:colcon.colcon_core.shell:Creating environment hook '/home/asambhav/vtol_ws/install/state_estimator/share/state_estimator/hook/pythonpath.ps1'
[2.269s] INFO:colcon.colcon_core.shell:Creating environment descriptor '/home/asambhav/vtol_ws/install/state_estimator/share/state_estimator/hook/pythonpath.dsv'
[2.269s] INFO:colcon.colcon_core.shell:Creating environment hook '/home/asambhav/vtol_ws/install/state_estimator/share/state_estimator/hook/pythonpath.sh'
[2.269s] Level 1:colcon.colcon_core.environment:checking '/home/asambhav/vtol_ws/install/state_estimator/bin'
[2.269s] Level 1:colcon.colcon_core.environment:create_environment_scripts_only(state_estimator)
[2.269s] INFO:colcon.colcon_core.shell:Creating package script '/home/asambhav/vtol_ws/install/state_estimator/share/state_estimator/package.ps1'
[2.270s] INFO:colcon.colcon_core.shell:Creating package descriptor '/home/asambhav/vtol_ws/install/state_estimator/share/state_estimator/package.dsv'
[2.270s] INFO:colcon.colcon_core.shell:Creating package script '/home/asambhav/vtol_ws/install/state_estimator/share/state_estimator/package.sh'
[2.270s] INFO:colcon.colcon_core.shell:Creating package script '/home/asambhav/vtol_ws/install/state_estimator/share/state_estimator/package.bash'
[2.270s] INFO:colcon.colcon_core.shell:Creating package script '/home/asambhav/vtol_ws/install/state_estimator/share/state_estimator/package.zsh'
[2.271s] Level 1:colcon.colcon_core.environment:create_file_with_runtime_dependencies(/home/asambhav/vtol_ws/install/state_estimator/share/colcon-core/packages/state_estimator)
[2.271s] DEBUG:colcon.colcon_parallel_executor.executor.parallel:closing loop
[2.271s] DEBUG:colcon.colcon_parallel_executor.executor.parallel:loop closed
[2.271s] DEBUG:colcon.colcon_parallel_executor.executor.parallel:run_until_complete finished with '0'
[2.271s] DEBUG:colcon.colcon_core.event_reactor:joining thread
[2.280s] INFO:colcon.colcon_core.plugin_system:Skipping extension 'colcon_notification.desktop_notification.terminal_notifier': Not used on non-Darwin systems
[2.280s] INFO:colcon.colcon_core.plugin_system:Skipping extension 'colcon_notification.desktop_notification.win32': Not used on non-Windows systems
[2.280s] INFO:colcon.colcon_notification.desktop_notification:Sending desktop notification using 'notify2'
[2.288s] DEBUG:colcon.colcon_core.event_reactor:joined thread
[2.289s] INFO:colcon.colcon_core.shell:Creating prefix script '/home/asambhav/vtol_ws/install/local_setup.ps1'
[2.290s] INFO:colcon.colcon_core.shell:Creating prefix util module '/home/asambhav/vtol_ws/install/_local_setup_util_ps1.py'
[2.292s] INFO:colcon.colcon_core.shell:Creating prefix chain script '/home/asambhav/vtol_ws/install/setup.ps1'
[2.293s] INFO:colcon.colcon_core.shell:Creating prefix script '/home/asambhav/vtol_ws/install/local_setup.sh'
[2.294s] INFO:colcon.colcon_core.shell:Creating prefix util module '/home/asambhav/vtol_ws/install/_local_setup_util_sh.py'
[2.294s] INFO:colcon.colcon_core.shell:Creating prefix chain script '/home/asambhav/vtol_ws/install/setup.sh'
[2.295s] INFO:colcon.colcon_core.shell:Creating prefix script '/home/asambhav/vtol_ws/install/local_setup.bash'
[2.295s] INFO:colcon.colcon_core.shell:Creating prefix chain script '/home/asambhav/vtol_ws/install/setup.bash'
[2.296s] INFO:colcon.colcon_core.shell:Creating prefix script '/home/asambhav/vtol_ws/install/local_setup.zsh'
[2.297s] INFO:colcon.colcon_core.shell:Creating prefix chain script '/home/asambhav/vtol_ws/install/setup.zsh'
