[1.376s] Invoking command in '/home/asambhav/vtol_ws/src/state_estimator': PYTHONPATH=/home/asambhav/vtol_ws/build/state_estimator/prefix_override:/usr/lib/python3/dist-packages/colcon_core/task/python/colcon_distutils_commands:/home/asambhav/vtol_ws/install/state_estimator/lib/python3.10/site-packages:${PYTHONPATH} /usr/bin/python3 -W ignore:setup.py install is deprecated -W ignore:easy_install command is deprecated setup.py egg_info --egg-base ../../build/state_estimator build --build-base /home/asambhav/vtol_ws/build/state_estimator/build install --record /home/asambhav/vtol_ws/build/state_estimator/install.log --single-version-externally-managed install_data
[1.541s] running egg_info
[1.551s] creating ../../build/state_estimator/state_estimator.egg-info
[1.551s] writing ../../build/state_estimator/state_estimator.egg-info/PKG-INFO
[1.551s] writing dependency_links to ../../build/state_estimator/state_estimator.egg-info/dependency_links.txt
[1.552s] writing requirements to ../../build/state_estimator/state_estimator.egg-info/requires.txt
[1.552s] writing top-level names to ../../build/state_estimator/state_estimator.egg-info/top_level.txt
[1.552s] writing manifest file '../../build/state_estimator/state_estimator.egg-info/SOURCES.txt'
[1.573s] reading manifest file '../../build/state_estimator/state_estimator.egg-info/SOURCES.txt'
[1.573s] writing manifest file '../../build/state_estimator/state_estimator.egg-info/SOURCES.txt'
[1.573s] running build
[1.573s] running build_py
[1.574s] creating /home/asambhav/vtol_ws/build/state_estimator/build/lib/state_estimator
[1.574s] copying state_estimator/__init__.py -> /home/asambhav/vtol_ws/build/state_estimator/build/lib/state_estimator
[1.574s] running install
[1.576s] running install_lib
[1.587s] creating /home/asambhav/vtol_ws/install/state_estimator/lib/python3.10/site-packages/state_estimator
[1.587s] copying /home/asambhav/vtol_ws/build/state_estimator/build/lib/state_estimator/__init__.py -> /home/asambhav/vtol_ws/install/state_estimator/lib/python3.10/site-packages/state_estimator
[1.587s] byte-compiling /home/asambhav/vtol_ws/install/state_estimator/lib/python3.10/site-packages/state_estimator/__init__.py to __init__.cpython-310.pyc
[1.587s] running install_data
[1.587s] creating /home/asambhav/vtol_ws/install/state_estimator/share/ament_index/resource_index/packages
[1.587s] copying resource/state_estimator -> /home/asambhav/vtol_ws/install/state_estimator/share/ament_index/resource_index/packages
[1.587s] copying package.xml -> /home/asambhav/vtol_ws/install/state_estimator/share/state_estimator
[1.588s] running install_egg_info
[1.598s] Copying ../../build/state_estimator/state_estimator.egg-info to /home/asambhav/vtol_ws/install/state_estimator/lib/python3.10/site-packages/state_estimator-0.0.0-py3.10.egg-info
[1.599s] running install_scripts
[1.619s] writing list of installed files to '/home/asambhav/vtol_ws/build/state_estimator/install.log'
[1.637s] Invoked command in '/home/asambhav/vtol_ws/src/state_estimator' returned '0': PYTHONPATH=/home/asambhav/vtol_ws/build/state_estimator/prefix_override:/usr/lib/python3/dist-packages/colcon_core/task/python/colcon_distutils_commands:/home/asambhav/vtol_ws/install/state_estimator/lib/python3.10/site-packages:${PYTHONPATH} /usr/bin/python3 -W ignore:setup.py install is deprecated -W ignore:easy_install command is deprecated setup.py egg_info --egg-base ../../build/state_estimator build --build-base /home/asambhav/vtol_ws/build/state_estimator/build install --record /home/asambhav/vtol_ws/build/state_estimator/install.log --single-version-externally-managed install_data
