running egg_info
creating ../../build/vtol_planner/vtol_planner.egg-info
writing ../../build/vtol_planner/vtol_planner.egg-info/PKG-INFO
writing dependency_links to ../../build/vtol_planner/vtol_planner.egg-info/dependency_links.txt
writing requirements to ../../build/vtol_planner/vtol_planner.egg-info/requires.txt
writing top-level names to ../../build/vtol_planner/vtol_planner.egg-info/top_level.txt
writing manifest file '../../build/vtol_planner/vtol_planner.egg-info/SOURCES.txt'
reading manifest file '../../build/vtol_planner/vtol_planner.egg-info/SOURCES.txt'
writing manifest file '../../build/vtol_planner/vtol_planner.egg-info/SOURCES.txt'
running build
running build_py
creating /home/asambhav/vtol_ws/build/vtol_planner/build/lib/vtol_planner
copying vtol_planner/planner_node.py -> /home/asambhav/vtol_ws/build/vtol_planner/build/lib/vtol_planner
copying vtol_planner/__init__.py -> /home/asambhav/vtol_ws/build/vtol_planner/build/lib/vtol_planner
copying vtol_planner/transition_trajectory.py -> /home/asambhav/vtol_ws/build/vtol_planner/build/lib/vtol_planner
copying vtol_planner/trajectory_visualizer.py -> /home/asambhav/vtol_ws/build/vtol_planner/build/lib/vtol_planner
copying vtol_planner/circle_trajectory.py -> /home/asambhav/vtol_ws/build/vtol_planner/build/lib/vtol_planner
running install
running install_lib
creating /home/asambhav/vtol_ws/install/vtol_planner/lib/python3.10/site-packages/vtol_planner
copying /home/asambhav/vtol_ws/build/vtol_planner/build/lib/vtol_planner/planner_node.py -> /home/asambhav/vtol_ws/install/vtol_planner/lib/python3.10/site-packages/vtol_planner
copying /home/asambhav/vtol_ws/build/vtol_planner/build/lib/vtol_planner/__init__.py -> /home/asambhav/vtol_ws/install/vtol_planner/lib/python3.10/site-packages/vtol_planner
copying /home/asambhav/vtol_ws/build/vtol_planner/build/lib/vtol_planner/transition_trajectory.py -> /home/asambhav/vtol_ws/install/vtol_planner/lib/python3.10/site-packages/vtol_planner
copying /home/asambhav/vtol_ws/build/vtol_planner/build/lib/vtol_planner/trajectory_visualizer.py -> /home/asambhav/vtol_ws/install/vtol_planner/lib/python3.10/site-packages/vtol_planner
copying /home/asambhav/vtol_ws/build/vtol_planner/build/lib/vtol_planner/circle_trajectory.py -> /home/asambhav/vtol_ws/install/vtol_planner/lib/python3.10/site-packages/vtol_planner
byte-compiling /home/asambhav/vtol_ws/install/vtol_planner/lib/python3.10/site-packages/vtol_planner/planner_node.py to planner_node.cpython-310.pyc
byte-compiling /home/asambhav/vtol_ws/install/vtol_planner/lib/python3.10/site-packages/vtol_planner/__init__.py to __init__.cpython-310.pyc
byte-compiling /home/asambhav/vtol_ws/install/vtol_planner/lib/python3.10/site-packages/vtol_planner/transition_trajectory.py to transition_trajectory.cpython-310.pyc
byte-compiling /home/asambhav/vtol_ws/install/vtol_planner/lib/python3.10/site-packages/vtol_planner/trajectory_visualizer.py to trajectory_visualizer.cpython-310.pyc
byte-compiling /home/asambhav/vtol_ws/install/vtol_planner/lib/python3.10/site-packages/vtol_planner/circle_trajectory.py to circle_trajectory.cpython-310.pyc
running install_data
creating /home/asambhav/vtol_ws/install/vtol_planner/share/ament_index/resource_index/packages
copying resource/vtol_planner -> /home/asambhav/vtol_ws/install/vtol_planner/share/ament_index/resource_index/packages
copying package.xml -> /home/asambhav/vtol_ws/install/vtol_planner/share/vtol_planner
running install_egg_info
Copying ../../build/vtol_planner/vtol_planner.egg-info to /home/asambhav/vtol_ws/install/vtol_planner/lib/python3.10/site-packages/vtol_planner-0.0.0-py3.10.egg-info
running install_scripts
writing list of installed files to '/home/asambhav/vtol_ws/build/vtol_planner/install.log'
