[1.084s] Invoking command in '/home/asambhav/vtol_ws/src/vtol_planner': PYTHONPATH=/home/asambhav/vtol_ws/build/vtol_planner/prefix_override:/usr/lib/python3/dist-packages/colcon_core/task/python/colcon_distutils_commands:/home/asambhav/vtol_ws/install/vtol_planner/lib/python3.10/site-packages:${PYTHONPATH} /usr/bin/python3 -W ignore:setup.py install is deprecated -W ignore:easy_install command is deprecated setup.py egg_info --egg-base ../../build/vtol_planner build --build-base /home/asambhav/vtol_ws/build/vtol_planner/build install --record /home/asambhav/vtol_ws/build/vtol_planner/install.log --single-version-externally-managed install_data
[1.260s] running egg_info
[1.271s] creating ../../build/vtol_planner/vtol_planner.egg-info
[1.271s] writing ../../build/vtol_planner/vtol_planner.egg-info/PKG-INFO
[1.271s] writing dependency_links to ../../build/vtol_planner/vtol_planner.egg-info/dependency_links.txt
[1.272s] writing requirements to ../../build/vtol_planner/vtol_planner.egg-info/requires.txt
[1.272s] writing top-level names to ../../build/vtol_planner/vtol_planner.egg-info/top_level.txt
[1.272s] writing manifest file '../../build/vtol_planner/vtol_planner.egg-info/SOURCES.txt'
[1.294s] reading manifest file '../../build/vtol_planner/vtol_planner.egg-info/SOURCES.txt'
[1.295s] writing manifest file '../../build/vtol_planner/vtol_planner.egg-info/SOURCES.txt'
[1.295s] running build
[1.295s] running build_py
[1.295s] creating /home/asambhav/vtol_ws/build/vtol_planner/build/lib/vtol_planner
[1.296s] copying vtol_planner/planner_node.py -> /home/asambhav/vtol_ws/build/vtol_planner/build/lib/vtol_planner
[1.296s] copying vtol_planner/__init__.py -> /home/asambhav/vtol_ws/build/vtol_planner/build/lib/vtol_planner
[1.296s] copying vtol_planner/transition_trajectory.py -> /home/asambhav/vtol_ws/build/vtol_planner/build/lib/vtol_planner
[1.296s] copying vtol_planner/trajectory_visualizer.py -> /home/asambhav/vtol_ws/build/vtol_planner/build/lib/vtol_planner
[1.296s] copying vtol_planner/circle_trajectory.py -> /home/asambhav/vtol_ws/build/vtol_planner/build/lib/vtol_planner
[1.297s] running install
[1.302s] running install_lib
[1.322s] creating /home/asambhav/vtol_ws/install/vtol_planner/lib/python3.10/site-packages/vtol_planner
[1.322s] copying /home/asambhav/vtol_ws/build/vtol_planner/build/lib/vtol_planner/planner_node.py -> /home/asambhav/vtol_ws/install/vtol_planner/lib/python3.10/site-packages/vtol_planner
[1.322s] copying /home/asambhav/vtol_ws/build/vtol_planner/build/lib/vtol_planner/__init__.py -> /home/asambhav/vtol_ws/install/vtol_planner/lib/python3.10/site-packages/vtol_planner
[1.322s] copying /home/asambhav/vtol_ws/build/vtol_planner/build/lib/vtol_planner/transition_trajectory.py -> /home/asambhav/vtol_ws/install/vtol_planner/lib/python3.10/site-packages/vtol_planner
[1.323s] copying /home/asambhav/vtol_ws/build/vtol_planner/build/lib/vtol_planner/trajectory_visualizer.py -> /home/asambhav/vtol_ws/install/vtol_planner/lib/python3.10/site-packages/vtol_planner
[1.323s] copying /home/asambhav/vtol_ws/build/vtol_planner/build/lib/vtol_planner/circle_trajectory.py -> /home/asambhav/vtol_ws/install/vtol_planner/lib/python3.10/site-packages/vtol_planner
[1.323s] byte-compiling /home/asambhav/vtol_ws/install/vtol_planner/lib/python3.10/site-packages/vtol_planner/planner_node.py to planner_node.cpython-310.pyc
[1.324s] byte-compiling /home/asambhav/vtol_ws/install/vtol_planner/lib/python3.10/site-packages/vtol_planner/__init__.py to __init__.cpython-310.pyc
[1.324s] byte-compiling /home/asambhav/vtol_ws/install/vtol_planner/lib/python3.10/site-packages/vtol_planner/transition_trajectory.py to transition_trajectory.cpython-310.pyc
[1.325s] byte-compiling /home/asambhav/vtol_ws/install/vtol_planner/lib/python3.10/site-packages/vtol_planner/trajectory_visualizer.py to trajectory_visualizer.cpython-310.pyc
[1.326s] byte-compiling /home/asambhav/vtol_ws/install/vtol_planner/lib/python3.10/site-packages/vtol_planner/circle_trajectory.py to circle_trajectory.cpython-310.pyc
[1.326s] running install_data
[1.326s] creating /home/asambhav/vtol_ws/install/vtol_planner/share/ament_index/resource_index/packages
[1.327s] copying resource/vtol_planner -> /home/asambhav/vtol_ws/install/vtol_planner/share/ament_index/resource_index/packages
[1.327s] copying package.xml -> /home/asambhav/vtol_ws/install/vtol_planner/share/vtol_planner
[1.327s] running install_egg_info
[1.340s] Copying ../../build/vtol_planner/vtol_planner.egg-info to /home/asambhav/vtol_ws/install/vtol_planner/lib/python3.10/site-packages/vtol_planner-0.0.0-py3.10.egg-info
[1.340s] running install_scripts
[1.363s] writing list of installed files to '/home/asambhav/vtol_ws/build/vtol_planner/install.log'
[1.380s] Invoked command in '/home/asambhav/vtol_ws/src/vtol_planner' returned '0': PYTHONPATH=/home/asambhav/vtol_ws/build/vtol_planner/prefix_override:/usr/lib/python3/dist-packages/colcon_core/task/python/colcon_distutils_commands:/home/asambhav/vtol_ws/install/vtol_planner/lib/python3.10/site-packages:${PYTHONPATH} /usr/bin/python3 -W ignore:setup.py install is deprecated -W ignore:easy_install command is deprecated setup.py egg_info --egg-base ../../build/vtol_planner build --build-base /home/asambhav/vtol_ws/build/vtol_planner/build install --record /home/asambhav/vtol_ws/build/vtol_planner/install.log --single-version-externally-managed install_data
