[1.404s] Invoking command in '/home/asambhav/vtol_ws/src/state_estimator': PYTHONPATH=/home/asambhav/vtol_ws/build/state_estimator/prefix_override:/usr/lib/python3/dist-packages/colcon_core/task/python/colcon_distutils_commands:/home/asambhav/vtol_ws/install/state_estimator/lib/python3.10/site-packages:${PYTHONPATH} /usr/bin/python3 -W ignore:setup.py install is deprecated -W ignore:easy_install command is deprecated setup.py egg_info --egg-base ../../build/state_estimator build --build-base /home/asambhav/vtol_ws/build/state_estimator/build install --record /home/asambhav/vtol_ws/build/state_estimator/install.log --single-version-externally-managed install_data
[1.598s] running egg_info
[1.608s] writing ../../build/state_estimator/state_estimator.egg-info/PKG-INFO
[1.608s] writing dependency_links to ../../build/state_estimator/state_estimator.egg-info/dependency_links.txt
[1.608s] writing entry points to ../../build/state_estimator/state_estimator.egg-info/entry_points.txt
[1.608s] writing requirements to ../../build/state_estimator/state_estimator.egg-info/requires.txt
[1.608s] writing top-level names to ../../build/state_estimator/state_estimator.egg-info/top_level.txt
[1.629s] reading manifest file '../../build/state_estimator/state_estimator.egg-info/SOURCES.txt'
[1.630s] writing manifest file '../../build/state_estimator/state_estimator.egg-info/SOURCES.txt'
[1.630s] running build
[1.630s] running build_py
[1.631s] copying state_estimator/__init__.py -> /home/asambhav/vtol_ws/build/state_estimator/build/lib/state_estimator
[1.631s] copying state_estimator/state_estimator_node.py -> /home/asambhav/vtol_ws/build/state_estimator/build/lib/state_estimator
[1.631s] running install
[1.633s] running install_lib
[1.643s] running install_data
[1.644s] copying resource/state_estimator -> /home/asambhav/vtol_ws/install/state_estimator/share/ament_index/resource_index/packages
[1.644s] copying package.xml -> /home/asambhav/vtol_ws/install/state_estimator/share/state_estimator
[1.644s] running install_egg_info
[1.654s] removing '/home/asambhav/vtol_ws/install/state_estimator/lib/python3.10/site-packages/state_estimator-0.0.0-py3.10.egg-info' (and everything under it)
[1.655s] Copying ../../build/state_estimator/state_estimator.egg-info to /home/asambhav/vtol_ws/install/state_estimator/lib/python3.10/site-packages/state_estimator-0.0.0-py3.10.egg-info
[1.655s] running install_scripts
[1.676s] Installing state_estimator_node script to /home/asambhav/vtol_ws/install/state_estimator/lib/state_estimator
[1.676s] writing list of installed files to '/home/asambhav/vtol_ws/build/state_estimator/install.log'
[1.695s] Invoked command in '/home/asambhav/vtol_ws/src/state_estimator' returned '0': PYTHONPATH=/home/asambhav/vtol_ws/build/state_estimator/prefix_override:/usr/lib/python3/dist-packages/colcon_core/task/python/colcon_distutils_commands:/home/asambhav/vtol_ws/install/state_estimator/lib/python3.10/site-packages:${PYTHONPATH} /usr/bin/python3 -W ignore:setup.py install is deprecated -W ignore:easy_install command is deprecated setup.py egg_info --egg-base ../../build/state_estimator build --build-base /home/asambhav/vtol_ws/build/state_estimator/build install --record /home/asambhav/vtol_ws/build/state_estimator/install.log --single-version-externally-managed install_data
