[0.573s] Invoking command in '/home/asambhav/vtol_ws_clean/build/vtol_gazebo_plugins': CMAKE_PREFIX_PATH=${CMAKE_PREFIX_PATH}:/home/asambhav/vtol_ws/install/vtol_testbench:/home/asambhav/vtol_ws/install/vtol_plant:/home/asambhav/vtol_ws/install/vtol_planner:/home/asambhav/vtol_ws/install/vtol_gazebo_plugins:/home/asambhav/vtol_ws/install/vtol_dynamics:/home/asambhav/vtol_ws/install/vtol_description:/home/asambhav/vtol_ws/install/vtol_controller:/home/asambhav/vtol_ws/install/state_estimator:/home/asambhav/vtol_ws/install/sensor_simulator:/home/asambhav/e-yantra_ws/install/task_1:/opt/ros/humble /usr/bin/cmake --build /home/asambhav/vtol_ws_clean/build/vtol_gazebo_plugins -- -j18 -l18
[0.878s] -- Found ament_cmake: 1.3.14 (/opt/ros/humble/share/ament_cmake/cmake)
[0.878s] -- Looking for ignition-gazebo6 -- found version 6.17.1
[0.878s] -- Searching for dependencies of ignition-gazebo6
[0.878s] -- Looking for sdformat12 -- found version 12.9.0
[0.878s] -- Searching for dependencies of sdformat12
[0.878s] -- Checking for module 'tinyxml2'
[0.879s] --   Found tinyxml2, version 9.0.0
[0.879s] -- Looking for ignition-math6 -- found version 6.16.0
[0.879s] -- Searching for dependencies of ignition-math6
[0.879s] -- Looking for ignition-utils1 -- found version 1.5.1
[0.879s] -- Searching for dependencies of ignition-utils1
[0.879s] -- Looking for ignition-plugin1 -- found version 1.4.0
[0.879s] -- Searching for dependencies of ignition-plugin1
[0.879s] -- Searching for <ignition-plugin1> component [loader]
[0.879s] -- Looking for ignition-plugin1-loader -- found version 1.4.0
[0.879s] -- Searching for dependencies of ignition-plugin1-loader
[0.879s] -- Searching for <ignition-plugin1> component [register]
[0.879s] -- Looking for ignition-plugin1-register -- found version 1.4.0
[0.879s] -- Searching for dependencies of ignition-plugin1-register
[0.879s] -- Looking for ignition-transport11 -- found version 11.4.2
[0.879s] -- Searching for dependencies of ignition-transport11
[0.879s] -- Config-file not installed for ZeroMQ -- checking for pkg-config
[0.879s] -- Checking for module 'libzmq >= 4'
[0.880s] --   Found libzmq , version 4.3.4
[0.880s] -- Checking for module 'uuid'
[0.880s] --   Found uuid, version 2.37.2
[0.880s] [0mCMake Error: The current CMakeCache.txt directory /home/asambhav/vtol_ws_clean/build/vtol_gazebo_plugins/CMakeCache.txt is different than the directory /home/asambhav/vtol_ws/build/vtol_gazebo_plugins where CMakeCache.txt was created. This may result in binaries being created in the wrong place. If you are not sure, reedit the CMakeCache.txt[0m
[0.880s] -- Looking for ignition-utils1 -- found version 1.5.1
[0.880s] -- Searching for dependencies of ignition-utils1
[0.880s] -- Searching for <ignition-utils1> component [cli]
[0.880s] -- Looking for ignition-utils1-cli -- found version 1.5.1
[0.880s] -- Searching for dependencies of ignition-utils1-cli
[0.880s] -- Looking for ignition-msgs8 -- found version 8.7.0
[0.880s] -- Searching for dependencies of ignition-msgs8
[0.893s] -- Found Protobuf: /usr/lib/x86_64-linux-gnu/libprotobuf.so (found suitable version "3.12.4", minimum required is "3") 
[0.894s] -- Looking for ignition-math6 -- found version 6.16.0
[0.910s] -- Searching for <ignition-transport11> component [log]
[0.911s] -- Looking for ignition-transport11-log -- found version 11.4.2
[0.911s] -- Searching for dependencies of ignition-transport11-log
[0.911s] -- Searching for <ignition-transport11> component [parameters]
[0.912s] -- Looking for ignition-transport11-parameters -- found version 11.4.2
[0.912s] -- Searching for dependencies of ignition-transport11-parameters
[0.913s] -- Looking for ignition-msgs8 -- found version 8.7.0
[0.913s] -- Looking for ignition-common4 -- found version 4.8.0
[0.914s] -- Searching for dependencies of ignition-common4
[0.914s] -- Looking for dlfcn.h - found
[0.914s] -- Looking for libdl - found
[0.922s] -- Searching for <ignition-common4> component [profiler]
[0.922s] -- Looking for ignition-common4-profiler -- found version 4.8.0
[0.922s] -- Searching for dependencies of ignition-common4-profiler
[0.923s] -- Searching for <ignition-common4> component [events]
[0.923s] -- Looking for ignition-common4-events -- found version 4.8.0
[0.923s] -- Searching for dependencies of ignition-common4-events
[0.924s] -- Looking for ignition-math6 -- found version 6.16.0
[0.924s] -- Searching for <ignition-common4> component [av]
[0.924s] -- Looking for ignition-common4-av -- found version 4.8.0
[0.925s] -- Searching for dependencies of ignition-common4-av
[0.929s] -- Checking for module 'libswscale'
[0.941s] --   Found libswscale, version 5.9.100
[0.971s] -- Checking for module 'libavdevice >= 56.4.100'
[0.984s] --   Found libavdevice , version 58.13.100
[1.020s] -- Checking for module 'libavformat'
[1.032s] --   Found libavformat, version 58.76.100
[1.067s] -- Checking for module 'libavcodec'
[1.081s] --   Found libavcodec, version 58.134.100
[1.117s] -- Checking for module 'libavutil'
[1.127s] --   Found libavutil, version 56.70.100
[1.147s] -- Looking for ignition-fuel_tools7 -- found version 7.3.1
[1.147s] -- Searching for dependencies of ignition-fuel_tools7
[1.185s] -- Checking for module 'jsoncpp'
[1.200s] --   Found jsoncpp, version 1.9.5
[1.231s] -- Checking for module 'libzip'
[1.239s] --   Found libzip, version 1.7.3
[1.261s] -- Looking for ignition-common4 -- found version 4.8.0
[1.261s] -- Looking for ignition-math6 -- found version 6.16.0
[1.262s] -- Looking for ignition-msgs8 -- found version 8.7.0
[1.264s] -- Looking for ignition-gui6 -- found version 6.9.0
[1.264s] -- Searching for dependencies of ignition-gui6
[1.288s] -- Found Protobuf: /usr/lib/x86_64-linux-gnu/libprotobuf.so (found version "3.12.4") 
[1.300s] -- Looking for ignition-math6 -- found version 6.16.0
[1.300s] -- Looking for ignition-common4 -- found version 4.8.0
[1.301s] -- Looking for ignition-plugin1 -- found version 1.4.0
[1.301s] -- Looking for ignition-transport11 -- found version 11.4.2
[1.302s] -- Looking for ignition-rendering6 -- found version 6.6.4
[1.302s] -- Searching for dependencies of ignition-rendering6
[1.303s] -- Looking for ignition-math6 -- found version 6.16.0
[1.303s] -- Searching for dependencies of ignition-math6
[1.303s] -- Searching for <ignition-math6> component [eigen3]
[1.304s] -- Looking for ignition-math6-eigen3 -- found version 6.16.0
[1.305s] -- Searching for dependencies of ignition-math6-eigen3
[1.307s] -- Looking for ignition-common4 -- found version 4.8.0
[1.307s] -- Searching for dependencies of ignition-common4
[1.307s] -- Looking for dlfcn.h - found
[1.307s] -- Looking for libdl - found
[1.320s] -- Searching for <ignition-common4> component [graphics]
[1.321s] -- Looking for ignition-common4-graphics -- found version 4.8.0
[1.322s] -- Searching for dependencies of ignition-common4-graphics
[1.322s] -- Looking for ignition-math6 -- found version 6.16.0
[1.322s] -- Looking for ignition-utils1 -- found version 1.5.1
[1.323s] -- Searching for <ignition-common4> component [events]
[1.324s] -- Looking for ignition-plugin1 -- found version 1.4.0
[1.324s] -- Searching for dependencies of ignition-plugin1
[1.324s] -- Searching for <ignition-plugin1> component [all]
[1.325s] -- Looking for all libraries of ignition-plugin1 -- found version 1.4.0
[1.326s] -- Looking for ignition-plugin1 -- found version 1.4.0
[1.328s] -- Looking for ignition-msgs8 -- found version 8.7.0
[1.352s] -- Looking for ignition-physics5 -- found version 5.4.0
[1.352s] -- Searching for dependencies of ignition-physics5
[1.352s] -- Looking for ignition-math6 -- found version 6.16.0
[1.353s] -- Looking for ignition-plugin1 -- found version 1.4.0
[1.353s] -- Looking for ignition-utils1 -- found version 1.5.1
[1.354s] -- Searching for <ignition-physics5> component [heightmap]
[1.355s] -- Looking for ignition-physics5-heightmap -- found version 5.4.0
[1.355s] -- Searching for dependencies of ignition-physics5-heightmap
[1.355s] -- Looking for ignition-common4 -- found version 4.8.0
[1.356s] -- Searching for <ignition-physics5> component [mesh]
[1.357s] -- Looking for ignition-physics5-mesh -- found version 5.4.0
[1.357s] -- Searching for dependencies of ignition-physics5-mesh
[1.357s] -- Looking for ignition-common4 -- found version 4.8.0
[1.358s] -- Searching for <ignition-physics5> component [sdf]
[1.358s] -- Looking for ignition-physics5-sdf -- found version 5.4.0
[1.359s] -- Searching for dependencies of ignition-physics5-sdf
[1.359s] -- Looking for sdformat12 -- found version 12.9.0
[1.361s] -- Looking for ignition-sensors6 -- found version 6.9.0
[1.361s] -- Searching for dependencies of ignition-sensors6
[1.377s] -- Looking for ignition-math6 -- found version 6.16.0
[1.377s] -- Looking for ignition-common4 -- found version 4.8.0
[1.377s] -- Looking for ignition-transport11 -- found version 11.4.2
[1.378s] -- Looking for ignition-rendering6 -- found version 6.6.4
[1.378s] -- Looking for ignition-msgs8 -- found version 8.7.0
[1.378s] -- Looking for sdformat12 -- found version 12.9.0
[1.379s] -- Searching for <ignition-sensors6> component [air_pressure]
[1.379s] -- Looking for ignition-sensors6-air_pressure -- found version 6.9.0
[1.380s] -- Searching for dependencies of ignition-sensors6-air_pressure
[1.380s] -- Searching for <ignition-sensors6> component [altimeter]
[1.381s] -- Looking for ignition-sensors6-altimeter -- found version 6.9.0
[1.381s] -- Searching for dependencies of ignition-sensors6-altimeter
[1.382s] -- Searching for <ignition-sensors6> component [imu]
[1.382s] -- Looking for ignition-sensors6-imu -- found version 6.9.0
[1.382s] -- Searching for dependencies of ignition-sensors6-imu
[1.383s] -- Searching for <ignition-sensors6> component [force_torque]
[1.383s] -- Looking for ignition-sensors6-force_torque -- found version 6.9.0
[1.384s] -- Searching for dependencies of ignition-sensors6-force_torque
[1.384s] -- Searching for <ignition-sensors6> component [logical_camera]
[1.385s] -- Looking for ignition-sensors6-logical_camera -- found version 6.9.0
[1.385s] -- Searching for dependencies of ignition-sensors6-logical_camera
[1.385s] -- Searching for <ignition-sensors6> component [magnetometer]
[1.386s] -- Looking for ignition-sensors6-magnetometer -- found version 6.9.0
[1.386s] -- Searching for dependencies of ignition-sensors6-magnetometer
[1.387s] -- Searching for <ignition-sensors6> component [navsat]
[1.387s] -- Looking for ignition-sensors6-navsat -- found version 6.9.0
[1.388s] -- Searching for dependencies of ignition-sensors6-navsat
[1.388s] -- Searching for <ignition-sensors6> component [rendering]
[1.388s] -- Looking for ignition-sensors6-rendering -- found version 6.9.0
[1.389s] -- Searching for dependencies of ignition-sensors6-rendering
[1.389s] -- Searching for <ignition-sensors6> component [lidar]
[1.390s] -- Looking for ignition-sensors6-lidar -- found version 6.9.0
[1.390s] -- Searching for dependencies of ignition-sensors6-lidar
[1.390s] -- Looking for ignition-sensors6 -- found version 6.9.0
[1.391s] -- Searching for <ignition-sensors6> component [gpu_lidar]
[1.392s] -- Looking for ignition-sensors6-gpu_lidar -- found version 6.9.0
[1.392s] -- Searching for dependencies of ignition-sensors6-gpu_lidar
[1.392s] -- Looking for ignition-sensors6 -- found version 6.9.0
[1.393s] -- Searching for <ignition-sensors6> component [camera]
[1.394s] -- Looking for ignition-sensors6-camera -- found version 6.9.0
[1.394s] -- Searching for dependencies of ignition-sensors6-camera
[1.394s] -- Looking for ignition-sensors6 -- found version 6.9.0
[1.395s] -- Searching for <ignition-sensors6> component [boundingbox_camera]
[1.395s] -- Looking for ignition-sensors6-boundingbox_camera -- found version 6.9.0
[1.396s] -- Searching for dependencies of ignition-sensors6-boundingbox_camera
[1.396s] -- Searching for <ignition-sensors6> component [segmentation_camera]
[1.397s] -- Looking for ignition-sensors6-segmentation_camera -- found version 6.9.0
[1.397s] -- Searching for dependencies of ignition-sensors6-segmentation_camera
[1.398s] -- Searching for <ignition-sensors6> component [depth_camera]
[1.398s] -- Looking for ignition-sensors6-depth_camera -- found version 6.9.0
[1.398s] -- Searching for dependencies of ignition-sensors6-depth_camera
[1.399s] -- Looking for ignition-sensors6 -- found version 6.9.0
[1.399s] -- Searching for <ignition-sensors6> component [rgbd_camera]
[1.400s] -- Looking for ignition-sensors6-rgbd_camera -- found version 6.9.0
[1.400s] -- Searching for dependencies of ignition-sensors6-rgbd_camera
[1.400s] -- Looking for ignition-sensors6 -- found version 6.9.0
[1.401s] -- Searching for <ignition-sensors6> component [thermal_camera]
[1.401s] -- Looking for ignition-sensors6-thermal_camera -- found version 6.9.0
[1.401s] -- Searching for dependencies of ignition-sensors6-thermal_camera
[1.402s] -- Looking for ignition-sensors6 -- found version 6.9.0
[1.403s] -- Looking for ignition-rendering6 -- found version 6.6.4
[1.403s] -- Looking for ignition-math6 -- found version 6.16.0
[1.403s] -- Looking for ignition-utils1 -- found version 1.5.1
[1.418s] -- Looking for ignition-plugin1 -- found version 1.4.0
[1.418s] -- Looking for ignition-common4 -- found version 4.8.0
[1.419s] -- Looking for ignition-math6 -- found version 6.16.0
[1.419s] -- Found ament_lint_auto: 0.12.15 (/opt/ros/humble/share/ament_lint_auto/cmake)
[1.479s] -- Added test 'cppcheck' to perform static code analysis on C / C++ code
[1.479s] -- Configured cppcheck include dirs: /home/asambhav/vtol_ws/src/vtol_gazebo_plugins/include
[1.479s] -- Configured cppcheck exclude dirs and/or files: 
[1.479s] -- Added test 'lint_cmake' to check CMake code style
[1.480s] -- Added test 'uncrustify' to check C / C++ code style
[1.480s] -- Configured uncrustify additional arguments: 
[1.480s] -- Added test 'xmllint' to check XML markup files
[1.481s] -- Configuring done
[1.490s] -- Generating done
[1.492s] -- Build files have been written to: /home/asambhav/vtol_ws/build/vtol_gazebo_plugins
[1.515s] [35m[1mConsolidate compiler generated dependencies of target multicopter_motor_model[0m
[1.538s] [100%] Built target multicopter_motor_model
[1.550s] Invoked command in '/home/asambhav/vtol_ws_clean/build/vtol_gazebo_plugins' returned '0': CMAKE_PREFIX_PATH=${CMAKE_PREFIX_PATH}:/home/asambhav/vtol_ws/install/vtol_testbench:/home/asambhav/vtol_ws/install/vtol_plant:/home/asambhav/vtol_ws/install/vtol_planner:/home/asambhav/vtol_ws/install/vtol_gazebo_plugins:/home/asambhav/vtol_ws/install/vtol_dynamics:/home/asambhav/vtol_ws/install/vtol_description:/home/asambhav/vtol_ws/install/vtol_controller:/home/asambhav/vtol_ws/install/state_estimator:/home/asambhav/vtol_ws/install/sensor_simulator:/home/asambhav/e-yantra_ws/install/task_1:/opt/ros/humble /usr/bin/cmake --build /home/asambhav/vtol_ws_clean/build/vtol_gazebo_plugins -- -j18 -l18
[1.552s] Invoking command in '/home/asambhav/vtol_ws_clean/build/vtol_gazebo_plugins': CMAKE_PREFIX_PATH=${CMAKE_PREFIX_PATH}:/home/asambhav/vtol_ws/install/vtol_testbench:/home/asambhav/vtol_ws/install/vtol_plant:/home/asambhav/vtol_ws/install/vtol_planner:/home/asambhav/vtol_ws/install/vtol_gazebo_plugins:/home/asambhav/vtol_ws/install/vtol_dynamics:/home/asambhav/vtol_ws/install/vtol_description:/home/asambhav/vtol_ws/install/vtol_controller:/home/asambhav/vtol_ws/install/state_estimator:/home/asambhav/vtol_ws/install/sensor_simulator:/home/asambhav/e-yantra_ws/install/task_1:/opt/ros/humble /usr/bin/cmake --install /home/asambhav/vtol_ws_clean/build/vtol_gazebo_plugins
[1.558s] -- Install configuration: ""
[1.558s] -- Up-to-date: /home/asambhav/vtol_ws/install/vtol_gazebo_plugins/lib/libmulticopter_motor_model.so
[1.558s] -- Up-to-date: /home/asambhav/vtol_ws/install/vtol_gazebo_plugins/share/ament_index/resource_index/package_run_dependencies/vtol_gazebo_plugins
[1.558s] -- Up-to-date: /home/asambhav/vtol_ws/install/vtol_gazebo_plugins/share/ament_index/resource_index/parent_prefix_path/vtol_gazebo_plugins
[1.558s] -- Up-to-date: /home/asambhav/vtol_ws/install/vtol_gazebo_plugins/share/vtol_gazebo_plugins/environment/ament_prefix_path.sh
[1.558s] -- Installing: /home/asambhav/vtol_ws/install/vtol_gazebo_plugins/share/vtol_gazebo_plugins/environment/ament_prefix_path.dsv
[1.558s] -- Up-to-date: /home/asambhav/vtol_ws/install/vtol_gazebo_plugins/share/vtol_gazebo_plugins/environment/path.sh
[1.558s] -- Installing: /home/asambhav/vtol_ws/install/vtol_gazebo_plugins/share/vtol_gazebo_plugins/environment/path.dsv
[1.559s] -- Up-to-date: /home/asambhav/vtol_ws/install/vtol_gazebo_plugins/share/vtol_gazebo_plugins/local_setup.bash
[1.559s] -- Up-to-date: /home/asambhav/vtol_ws/install/vtol_gazebo_plugins/share/vtol_gazebo_plugins/local_setup.sh
[1.559s] -- Up-to-date: /home/asambhav/vtol_ws/install/vtol_gazebo_plugins/share/vtol_gazebo_plugins/local_setup.zsh
[1.559s] -- Installing: /home/asambhav/vtol_ws/install/vtol_gazebo_plugins/share/vtol_gazebo_plugins/local_setup.dsv
[1.559s] -- Installing: /home/asambhav/vtol_ws/install/vtol_gazebo_plugins/share/vtol_gazebo_plugins/package.dsv
[1.559s] -- Up-to-date: /home/asambhav/vtol_ws/install/vtol_gazebo_plugins/share/ament_index/resource_index/packages/vtol_gazebo_plugins
[1.559s] -- Up-to-date: /home/asambhav/vtol_ws/install/vtol_gazebo_plugins/share/vtol_gazebo_plugins/cmake/vtol_gazebo_pluginsConfig.cmake
[1.559s] -- Up-to-date: /home/asambhav/vtol_ws/install/vtol_gazebo_plugins/share/vtol_gazebo_plugins/cmake/vtol_gazebo_pluginsConfig-version.cmake
[1.559s] -- Up-to-date: /home/asambhav/vtol_ws/install/vtol_gazebo_plugins/share/vtol_gazebo_plugins/package.xml
[1.562s] Invoked command in '/home/asambhav/vtol_ws_clean/build/vtol_gazebo_plugins' returned '0': CMAKE_PREFIX_PATH=${CMAKE_PREFIX_PATH}:/home/asambhav/vtol_ws/install/vtol_testbench:/home/asambhav/vtol_ws/install/vtol_plant:/home/asambhav/vtol_ws/install/vtol_planner:/home/asambhav/vtol_ws/install/vtol_gazebo_plugins:/home/asambhav/vtol_ws/install/vtol_dynamics:/home/asambhav/vtol_ws/install/vtol_description:/home/asambhav/vtol_ws/install/vtol_controller:/home/asambhav/vtol_ws/install/state_estimator:/home/asambhav/vtol_ws/install/sensor_simulator:/home/asambhav/e-yantra_ws/install/task_1:/opt/ros/humble /usr/bin/cmake --install /home/asambhav/vtol_ws_clean/build/vtol_gazebo_plugins
