running egg_info
writing ../../build/vtol_planner/vtol_planner.egg-info/PKG-INFO
writing dependency_links to ../../build/vtol_planner/vtol_planner.egg-info/dependency_links.txt
writing entry points to ../../build/vtol_planner/vtol_planner.egg-info/entry_points.txt
writing requirements to ../../build/vtol_planner/vtol_planner.egg-info/requires.txt
writing top-level names to ../../build/vtol_planner/vtol_planner.egg-info/top_level.txt
reading manifest file '../../build/vtol_planner/vtol_planner.egg-info/SOURCES.txt'
writing manifest file '../../build/vtol_planner/vtol_planner.egg-info/SOURCES.txt'
running build
running build_py
copying vtol_planner/planner_node.py -> /home/asambhav/vtol_ws/build/vtol_planner/build/lib/vtol_planner
copying vtol_planner/__init__.py -> /home/asambhav/vtol_ws/build/vtol_planner/build/lib/vtol_planner
copying vtol_planner/transition_trajectory.py -> /home/asambhav/vtol_ws/build/vtol_planner/build/lib/vtol_planner
copying vtol_planner/trajectory_visualizer.py -> /home/asambhav/vtol_ws/build/vtol_planner/build/lib/vtol_planner
copying vtol_planner/circle_trajectory.py -> /home/asambhav/vtol_ws/build/vtol_planner/build/lib/vtol_planner
running install
running install_lib
running install_data
copying resource/vtol_planner -> /home/asambhav/vtol_ws/install/vtol_planner/share/ament_index/resource_index/packages
copying package.xml -> /home/asambhav/vtol_ws/install/vtol_planner/share/vtol_planner
running install_egg_info
removing '/home/asambhav/vtol_ws/install/vtol_planner/lib/python3.10/site-packages/vtol_planner-0.0.0-py3.10.egg-info' (and everything under it)
Copying ../../build/vtol_planner/vtol_planner.egg-info to /home/asambhav/vtol_ws/install/vtol_planner/lib/python3.10/site-packages/vtol_planner-0.0.0-py3.10.egg-info
running install_scripts
Installing circle_trajectory script to /home/asambhav/vtol_ws/install/vtol_planner/lib/vtol_planner
Installing planner_node script to /home/asambhav/vtol_ws/install/vtol_planner/lib/vtol_planner
Installing trajectory_visualizer script to /home/asambhav/vtol_ws/install/vtol_planner/lib/vtol_planner
Installing transition_trajectory script to /home/asambhav/vtol_ws/install/vtol_planner/lib/vtol_planner
writing list of installed files to '/home/asambhav/vtol_ws/build/vtol_planner/install.log'
