[1.451s] Invoking command in '/home/asambhav/vtol_ws/src/state_estimator': PYTHONPATH=/home/asambhav/vtol_ws/build/state_estimator/prefix_override:/usr/lib/python3/dist-packages/colcon_core/task/python/colcon_distutils_commands:/home/asambhav/vtol_ws/install/state_estimator/lib/python3.10/site-packages:${PYTHONPATH} /usr/bin/python3 -W ignore:setup.py install is deprecated -W ignore:easy_install command is deprecated setup.py egg_info --egg-base ../../build/state_estimator build --build-base /home/asambhav/vtol_ws/build/state_estimator/build install --record /home/asambhav/vtol_ws/build/state_estimator/install.log --single-version-externally-managed install_data
[1.713s] running egg_info
[1.723s] writing ../../build/state_estimator/state_estimator.egg-info/PKG-INFO
[1.723s] writing dependency_links to ../../build/state_estimator/state_estimator.egg-info/dependency_links.txt
[1.724s] writing entry points to ../../build/state_estimator/state_estimator.egg-info/entry_points.txt
[1.724s] writing requirements to ../../build/state_estimator/state_estimator.egg-info/requires.txt
[1.724s] writing top-level names to ../../build/state_estimator/state_estimator.egg-info/top_level.txt
[1.744s] reading manifest file '../../build/state_estimator/state_estimator.egg-info/SOURCES.txt'
[1.745s] writing manifest file '../../build/state_estimator/state_estimator.egg-info/SOURCES.txt'
[1.745s] running build
[1.745s] running build_py
[1.746s] copying state_estimator/__init__.py -> /home/asambhav/vtol_ws/build/state_estimator/build/lib/state_estimator
[1.746s] copying state_estimator/state_estimator_node.py -> /home/asambhav/vtol_ws/build/state_estimator/build/lib/state_estimator
[1.746s] running install
[1.749s] running install_lib
[1.759s] running install_data
[1.759s] copying resource/state_estimator -> /home/asambhav/vtol_ws/install/state_estimator/share/ament_index/resource_index/packages
[1.759s] copying package.xml -> /home/asambhav/vtol_ws/install/state_estimator/share/state_estimator
[1.759s] running install_egg_info
[1.770s] removing '/home/asambhav/vtol_ws/install/state_estimator/lib/python3.10/site-packages/state_estimator-0.0.0-py3.10.egg-info' (and everything under it)
[1.770s] Copying ../../build/state_estimator/state_estimator.egg-info to /home/asambhav/vtol_ws/install/state_estimator/lib/python3.10/site-packages/state_estimator-0.0.0-py3.10.egg-info
[1.771s] running install_scripts
[1.791s] Installing state_estimator_node script to /home/asambhav/vtol_ws/install/state_estimator/lib/state_estimator
[1.792s] writing list of installed files to '/home/asambhav/vtol_ws/build/state_estimator/install.log'
[1.810s] Invoked command in '/home/asambhav/vtol_ws/src/state_estimator' returned '0': PYTHONPATH=/home/asambhav/vtol_ws/build/state_estimator/prefix_override:/usr/lib/python3/dist-packages/colcon_core/task/python/colcon_distutils_commands:/home/asambhav/vtol_ws/install/state_estimator/lib/python3.10/site-packages:${PYTHONPATH} /usr/bin/python3 -W ignore:setup.py install is deprecated -W ignore:easy_install command is deprecated setup.py egg_info --egg-base ../../build/state_estimator build --build-base /home/asambhav/vtol_ws/build/state_estimator/build install --record /home/asambhav/vtol_ws/build/state_estimator/install.log --single-version-externally-managed install_data
