[0.152s] Invoking command in '/home/asambhav/vtol_ws/build/vtol_gazebo_plugins': CMAKE_PREFIX_PATH=${CMAKE_PREFIX_PATH}:/home/asambhav/vtol_ws/install/vtol_controller:/home/asambhav/e-yantra_ws/install/task_1:/opt/ros/humble /usr/bin/cmake --build /home/asambhav/vtol_ws/build/vtol_gazebo_plugins -- -j18 -l18
[0.166s] -- Found ament_cmake: 1.3.14 (/opt/ros/humble/share/ament_cmake/cmake)
[0.263s] -- Looking for ignition-gazebo6 -- found version 6.17.1
[0.270s] -- Searching for dependencies of ignition-gazebo6
[0.272s] -- Looking for sdformat12 -- found version 12.9.0
[0.273s] -- Searching for dependencies of sdformat12
[0.278s] -- Checking for module 'tinyxml2'
[0.293s] --   Found tinyxml2, version 9.0.0
[0.324s] -- Looking for ignition-math6 -- found version 6.16.0
[0.324s] -- Searching for dependencies of ignition-math6
[0.327s] -- Looking for ignition-utils1 -- found version 1.5.1
[0.327s] -- Searching for dependencies of ignition-utils1
[0.330s] -- Looking for ignition-plugin1 -- found version 1.4.0
[0.331s] -- Searching for dependencies of ignition-plugin1
[0.331s] -- Searching for <ignition-plugin1> component [loader]
[0.333s] -- Looking for ignition-plugin1-loader -- found version 1.4.0
[0.333s] -- Searching for dependencies of ignition-plugin1-loader
[0.334s] -- Searching for <ignition-plugin1> component [register]
[0.336s] -- Looking for ignition-plugin1-register -- found version 1.4.0
[0.336s] -- Searching for dependencies of ignition-plugin1-register
[0.338s] -- Looking for ignition-transport11 -- found version 11.4.2
[0.339s] -- Searching for dependencies of ignition-transport11
[0.526s] -- Found Protobuf: /usr/lib/x86_64-linux-gnu/libprotobuf.so (found version "3.12.4") 
[0.536s] -- Config-file not installed for ZeroMQ -- checking for pkg-config
[0.540s] -- Checking for module 'libzmq >= 4'
[0.553s] --   Found libzmq , version 4.3.4
[0.586s] -- Found ZeroMQ: TRUE (Required is at least version "4") 
[0.591s] -- Checking for module 'uuid'
[0.603s] --   Found uuid, version 2.37.2
[0.630s] -- Found UUID: TRUE  
[0.631s] -- Looking for ignition-utils1 -- found version 1.5.1
[0.631s] -- Searching for dependencies of ignition-utils1
[0.631s] -- Searching for <ignition-utils1> component [cli]
[0.633s] -- Looking for ignition-utils1-cli -- found version 1.5.1
[0.634s] -- Searching for dependencies of ignition-utils1-cli
[0.636s] -- Looking for ignition-msgs8 -- found version 8.7.0
[0.636s] -- Searching for dependencies of ignition-msgs8
[0.649s] -- Found Protobuf: /usr/lib/x86_64-linux-gnu/libprotobuf.so (found suitable version "3.12.4", minimum required is "3") 
[0.649s] -- Looking for ignition-math6 -- found version 6.16.0
[0.662s] -- Searching for <ignition-transport11> component [log]
[0.664s] -- Looking for ignition-transport11-log -- found version 11.4.2
[0.665s] -- Searching for dependencies of ignition-transport11-log
[0.665s] -- Searching for <ignition-transport11> component [parameters]
[0.667s] -- Looking for ignition-transport11-parameters -- found version 11.4.2
[0.667s] -- Searching for dependencies of ignition-transport11-parameters
[0.668s] -- Looking for ignition-msgs8 -- found version 8.7.0
[0.671s] -- Looking for ignition-common4 -- found version 4.8.0
[0.671s] -- Searching for dependencies of ignition-common4
[0.671s] -- Looking for dlfcn.h - found
[0.672s] -- Looking for libdl - found
[0.673s] -- Found DL: TRUE  
[0.681s] -- Searching for <ignition-common4> component [profiler]
[0.684s] -- Looking for ignition-common4-profiler -- found version 4.8.0
[0.685s] -- Searching for dependencies of ignition-common4-profiler
[0.686s] -- Searching for <ignition-common4> component [events]
[0.690s] -- Looking for ignition-common4-events -- found version 4.8.0
[0.690s] -- Searching for dependencies of ignition-common4-events
[0.690s] -- Looking for ignition-math6 -- found version 6.16.0
[0.691s] -- Searching for <ignition-common4> component [av]
[0.694s] -- Looking for ignition-common4-av -- found version 4.8.0
[0.694s] -- Searching for dependencies of ignition-common4-av
[0.702s] -- Checking for module 'libswscale'
[0.716s] --   Found libswscale, version 5.9.100
[0.744s] -- Found SWSCALE: TRUE  
[0.748s] -- Checking for module 'libavdevice >= 56.4.100'
[0.760s] --   Found libavdevice , version 58.13.100
[0.792s] -- Found AVDEVICE: TRUE (Required is at least version "56.4.100") 
[0.797s] -- Checking for module 'libavformat'
[0.809s] --   Found libavformat, version 58.76.100
[0.841s] -- Found AVFORMAT: TRUE  
[0.846s] -- Checking for module 'libavcodec'
[0.856s] --   Found libavcodec, version 58.134.100
[0.888s] -- Found AVCODEC: TRUE  
[0.893s] -- Checking for module 'libavutil'
[0.905s] --   Found libavutil, version 56.70.100
[0.934s] -- Found AVUTIL: TRUE  
[0.937s] -- Looking for ignition-fuel_tools7 -- found version 7.3.1
[0.937s] -- Searching for dependencies of ignition-fuel_tools7
[1.003s] -- Found CURL: /usr/lib/x86_64-linux-gnu/libcurl.so (found version "7.81.0")  
[1.011s] -- Checking for module 'jsoncpp'
[1.023s] --   Found jsoncpp, version 1.9.5
[1.052s] -- Found JSONCPP: TRUE  
[1.059s] -- Checking for module 'libzip'
[1.071s] --   Found libzip, version 1.7.3
[1.100s] -- Found ZIP: TRUE  
[1.100s] -- Looking for ignition-common4 -- found version 4.8.0
[1.101s] -- Looking for ignition-math6 -- found version 6.16.0
[1.101s] -- Looking for ignition-msgs8 -- found version 8.7.0
[1.107s] -- Looking for ignition-gui6 -- found version 6.9.0
[1.107s] -- Searching for dependencies of ignition-gui6
[1.122s] -- Found Protobuf: /usr/lib/x86_64-linux-gnu/libprotobuf.so (found version "3.12.4") 
[1.132s] -- Looking for ignition-math6 -- found version 6.16.0
[1.132s] -- Looking for ignition-common4 -- found version 4.8.0
[1.132s] -- Looking for ignition-plugin1 -- found version 1.4.0
[1.133s] -- Looking for ignition-transport11 -- found version 11.4.2
[1.137s] -- Looking for ignition-rendering6 -- found version 6.6.4
[1.138s] -- Searching for dependencies of ignition-rendering6
[1.138s] -- Looking for ignition-math6 -- found version 6.16.0
[1.138s] -- Searching for dependencies of ignition-math6
[1.139s] -- Searching for <ignition-math6> component [eigen3]
[1.143s] -- Looking for ignition-math6-eigen3 -- found version 6.16.0
[1.143s] -- Searching for dependencies of ignition-math6-eigen3
[1.154s] -- Looking for ignition-common4 -- found version 4.8.0
[1.154s] -- Searching for dependencies of ignition-common4
[1.154s] -- Looking for dlfcn.h - found
[1.154s] -- Looking for libdl - found
[1.164s] -- Searching for <ignition-common4> component [graphics]
[1.166s] -- Looking for ignition-common4-graphics -- found version 4.8.0
[1.167s] -- Searching for dependencies of ignition-common4-graphics
[1.167s] -- Looking for ignition-math6 -- found version 6.16.0
[1.167s] -- Looking for ignition-utils1 -- found version 1.5.1
[1.168s] -- Searching for <ignition-common4> component [events]
[1.168s] -- Looking for ignition-plugin1 -- found version 1.4.0
[1.169s] -- Searching for dependencies of ignition-plugin1
[1.169s] -- Searching for <ignition-plugin1> component [all]
[1.171s] -- Looking for all libraries of ignition-plugin1 -- found version 1.4.0
[1.171s] -- Looking for ignition-plugin1 -- found version 1.4.0
[1.173s] -- Looking for ignition-msgs8 -- found version 8.7.0
[1.197s] -- Looking for ignition-physics5 -- found version 5.4.0
[1.198s] -- Searching for dependencies of ignition-physics5
[1.198s] -- Looking for ignition-math6 -- found version 6.16.0
[1.198s] -- Looking for ignition-plugin1 -- found version 1.4.0
[1.198s] -- Looking for ignition-utils1 -- found version 1.5.1
[1.199s] -- Searching for <ignition-physics5> component [heightmap]
[1.201s] -- Looking for ignition-physics5-heightmap -- found version 5.4.0
[1.202s] -- Searching for dependencies of ignition-physics5-heightmap
[1.202s] -- Looking for ignition-common4 -- found version 4.8.0
[1.202s] -- Searching for <ignition-physics5> component [mesh]
[1.204s] -- Looking for ignition-physics5-mesh -- found version 5.4.0
[1.205s] -- Searching for dependencies of ignition-physics5-mesh
[1.205s] -- Looking for ignition-common4 -- found version 4.8.0
[1.205s] -- Searching for <ignition-physics5> component [sdf]
[1.207s] -- Looking for ignition-physics5-sdf -- found version 5.4.0
[1.208s] -- Searching for dependencies of ignition-physics5-sdf
[1.208s] -- Looking for sdformat12 -- found version 12.9.0
[1.211s] -- Looking for ignition-sensors6 -- found version 6.9.0
[1.212s] -- Searching for dependencies of ignition-sensors6
[1.226s] -- Looking for ignition-math6 -- found version 6.16.0
[1.226s] -- Looking for ignition-common4 -- found version 4.8.0
[1.226s] -- Looking for ignition-transport11 -- found version 11.4.2
[1.226s] -- Looking for ignition-rendering6 -- found version 6.6.4
[1.226s] -- Looking for ignition-msgs8 -- found version 8.7.0
[1.227s] -- Looking for sdformat12 -- found version 12.9.0
[1.227s] -- Searching for <ignition-sensors6> component [air_pressure]
[1.230s] -- Looking for ignition-sensors6-air_pressure -- found version 6.9.0
[1.230s] -- Searching for dependencies of ignition-sensors6-air_pressure
[1.231s] -- Searching for <ignition-sensors6> component [altimeter]
[1.233s] -- Looking for ignition-sensors6-altimeter -- found version 6.9.0
[1.233s] -- Searching for dependencies of ignition-sensors6-altimeter
[1.233s] -- Searching for <ignition-sensors6> component [imu]
[1.235s] -- Looking for ignition-sensors6-imu -- found version 6.9.0
[1.236s] -- Searching for dependencies of ignition-sensors6-imu
[1.236s] -- Searching for <ignition-sensors6> component [force_torque]
[1.238s] -- Looking for ignition-sensors6-force_torque -- found version 6.9.0
[1.238s] -- Searching for dependencies of ignition-sensors6-force_torque
[1.239s] -- Searching for <ignition-sensors6> component [logical_camera]
[1.241s] -- Looking for ignition-sensors6-logical_camera -- found version 6.9.0
[1.241s] -- Searching for dependencies of ignition-sensors6-logical_camera
[1.242s] -- Searching for <ignition-sensors6> component [magnetometer]
[1.244s] -- Looking for ignition-sensors6-magnetometer -- found version 6.9.0
[1.244s] -- Searching for dependencies of ignition-sensors6-magnetometer
[1.245s] -- Searching for <ignition-sensors6> component [navsat]
[1.247s] -- Looking for ignition-sensors6-navsat -- found version 6.9.0
[1.247s] -- Searching for dependencies of ignition-sensors6-navsat
[1.247s] -- Searching for <ignition-sensors6> component [rendering]
[1.249s] -- Looking for ignition-sensors6-rendering -- found version 6.9.0
[1.250s] -- Searching for dependencies of ignition-sensors6-rendering
[1.250s] -- Searching for <ignition-sensors6> component [lidar]
[1.252s] -- Looking for ignition-sensors6-lidar -- found version 6.9.0
[1.252s] -- Searching for dependencies of ignition-sensors6-lidar
[1.253s] -- Looking for ignition-sensors6 -- found version 6.9.0
[1.253s] -- Searching for <ignition-sensors6> component [gpu_lidar]
[1.255s] -- Looking for ignition-sensors6-gpu_lidar -- found version 6.9.0
[1.256s] -- Searching for dependencies of ignition-sensors6-gpu_lidar
[1.256s] -- Looking for ignition-sensors6 -- found version 6.9.0
[1.256s] -- Searching for <ignition-sensors6> component [camera]
[1.258s] -- Looking for ignition-sensors6-camera -- found version 6.9.0
[1.259s] -- Searching for dependencies of ignition-sensors6-camera
[1.259s] -- Looking for ignition-sensors6 -- found version 6.9.0
[1.259s] -- Searching for <ignition-sensors6> component [boundingbox_camera]
[1.262s] -- Looking for ignition-sensors6-boundingbox_camera -- found version 6.9.0
[1.262s] -- Searching for dependencies of ignition-sensors6-boundingbox_camera
[1.262s] -- Searching for <ignition-sensors6> component [segmentation_camera]
[1.264s] -- Looking for ignition-sensors6-segmentation_camera -- found version 6.9.0
[1.265s] -- Searching for dependencies of ignition-sensors6-segmentation_camera
[1.265s] -- Searching for <ignition-sensors6> component [depth_camera]
[1.267s] -- Looking for ignition-sensors6-depth_camera -- found version 6.9.0
[1.267s] -- Searching for dependencies of ignition-sensors6-depth_camera
[1.268s] -- Looking for ignition-sensors6 -- found version 6.9.0
[1.268s] -- Searching for <ignition-sensors6> component [rgbd_camera]
[1.270s] -- Looking for ignition-sensors6-rgbd_camera -- found version 6.9.0
[1.270s] -- Searching for dependencies of ignition-sensors6-rgbd_camera
[1.271s] -- Looking for ignition-sensors6 -- found version 6.9.0
[1.271s] -- Searching for <ignition-sensors6> component [thermal_camera]
[1.273s] -- Looking for ignition-sensors6-thermal_camera -- found version 6.9.0
[1.273s] -- Searching for dependencies of ignition-sensors6-thermal_camera
[1.274s] -- Looking for ignition-sensors6 -- found version 6.9.0
[1.274s] -- Looking for ignition-rendering6 -- found version 6.6.4
[1.275s] -- Looking for ignition-math6 -- found version 6.16.0
[1.277s] -- Looking for ignition-utils1 -- found version 1.5.1
[1.291s] -- Looking for ignition-plugin1 -- found version 1.4.0
[1.292s] -- Looking for ignition-common4 -- found version 4.8.0
[1.292s] -- Looking for ignition-math6 -- found version 6.16.0
[1.292s] -- Found ament_lint_auto: 0.12.15 (/opt/ros/humble/share/ament_lint_auto/cmake)
[1.347s] -- Added test 'cppcheck' to perform static code analysis on C / C++ code
[1.347s] -- Configured cppcheck include dirs: /home/asambhav/vtol_ws/src/vtol_gazebo_plugins/include
[1.348s] -- Configured cppcheck exclude dirs and/or files: 
[1.348s] -- Added test 'lint_cmake' to check CMake code style
[1.348s] -- Added test 'uncrustify' to check C / C++ code style
[1.348s] -- Configured uncrustify additional arguments: 
[1.349s] -- Added test 'xmllint' to check XML markup files
[1.350s] -- Configuring done
[1.356s] -- Generating done
[1.360s] -- Build files have been written to: /home/asambhav/vtol_ws/build/vtol_gazebo_plugins
[1.400s] [ 50%] [32mBuilding CXX object CMakeFiles/multicopter_motor_model.dir/src/multicopter_motor_model.cpp.o[0m
[5.862s] [100%] [32m[1mLinking CXX shared library libmulticopter_motor_model.so[0m
[6.063s] [100%] Built target multicopter_motor_model
[6.071s] Invoked command in '/home/asambhav/vtol_ws/build/vtol_gazebo_plugins' returned '0': CMAKE_PREFIX_PATH=${CMAKE_PREFIX_PATH}:/home/asambhav/vtol_ws/install/vtol_controller:/home/asambhav/e-yantra_ws/install/task_1:/opt/ros/humble /usr/bin/cmake --build /home/asambhav/vtol_ws/build/vtol_gazebo_plugins -- -j18 -l18
[6.072s] Invoking command in '/home/asambhav/vtol_ws/build/vtol_gazebo_plugins': CMAKE_PREFIX_PATH=${CMAKE_PREFIX_PATH}:/home/asambhav/vtol_ws/install/vtol_controller:/home/asambhav/e-yantra_ws/install/task_1:/opt/ros/humble /usr/bin/cmake --install /home/asambhav/vtol_ws/build/vtol_gazebo_plugins
[6.077s] -- Install configuration: ""
[6.077s] -- Installing: /home/asambhav/vtol_ws/install/vtol_gazebo_plugins/lib/libmulticopter_motor_model.so
[6.078s] -- Installing: /home/asambhav/vtol_ws/install/vtol_gazebo_plugins/share/ament_index/resource_index/package_run_dependencies/vtol_gazebo_plugins
[6.078s] -- Installing: /home/asambhav/vtol_ws/install/vtol_gazebo_plugins/share/ament_index/resource_index/parent_prefix_path/vtol_gazebo_plugins
[6.078s] -- Up-to-date: /home/asambhav/vtol_ws/install/vtol_gazebo_plugins/share/vtol_gazebo_plugins/environment/ament_prefix_path.sh
[6.078s] -- Installing: /home/asambhav/vtol_ws/install/vtol_gazebo_plugins/share/vtol_gazebo_plugins/environment/ament_prefix_path.dsv
[6.078s] -- Up-to-date: /home/asambhav/vtol_ws/install/vtol_gazebo_plugins/share/vtol_gazebo_plugins/environment/path.sh
[6.078s] -- Installing: /home/asambhav/vtol_ws/install/vtol_gazebo_plugins/share/vtol_gazebo_plugins/environment/path.dsv
[6.078s] -- Up-to-date: /home/asambhav/vtol_ws/install/vtol_gazebo_plugins/share/vtol_gazebo_plugins/local_setup.bash
[6.078s] -- Up-to-date: /home/asambhav/vtol_ws/install/vtol_gazebo_plugins/share/vtol_gazebo_plugins/local_setup.sh
[6.078s] -- Up-to-date: /home/asambhav/vtol_ws/install/vtol_gazebo_plugins/share/vtol_gazebo_plugins/local_setup.zsh
[6.078s] -- Installing: /home/asambhav/vtol_ws/install/vtol_gazebo_plugins/share/vtol_gazebo_plugins/local_setup.dsv
[6.079s] -- Installing: /home/asambhav/vtol_ws/install/vtol_gazebo_plugins/share/vtol_gazebo_plugins/package.dsv
[6.079s] -- Up-to-date: /home/asambhav/vtol_ws/install/vtol_gazebo_plugins/share/ament_index/resource_index/packages/vtol_gazebo_plugins
[6.079s] -- Up-to-date: /home/asambhav/vtol_ws/install/vtol_gazebo_plugins/share/vtol_gazebo_plugins/cmake/vtol_gazebo_pluginsConfig.cmake
[6.079s] -- Up-to-date: /home/asambhav/vtol_ws/install/vtol_gazebo_plugins/share/vtol_gazebo_plugins/cmake/vtol_gazebo_pluginsConfig-version.cmake
[6.079s] -- Installing: /home/asambhav/vtol_ws/install/vtol_gazebo_plugins/share/vtol_gazebo_plugins/package.xml
[6.080s] Invoked command in '/home/asambhav/vtol_ws/build/vtol_gazebo_plugins' returned '0': CMAKE_PREFIX_PATH=${CMAKE_PREFIX_PATH}:/home/asambhav/vtol_ws/install/vtol_controller:/home/asambhav/e-yantra_ws/install/task_1:/opt/ros/humble /usr/bin/cmake --install /home/asambhav/vtol_ws/build/vtol_gazebo_plugins
