/home/asambhav/.local/lib/python3.10/site-packages/setuptools/_distutils/dist.py:289: UserWarning: Unknown distribution option: 'tests_require'
  warnings.warn(msg)
running egg_info
creating ../../build/vtol_plant/vtol_plant.egg-info
writing ../../build/vtol_plant/vtol_plant.egg-info/PKG-INFO
writing dependency_links to ../../build/vtol_plant/vtol_plant.egg-info/dependency_links.txt
writing entry points to ../../build/vtol_plant/vtol_plant.egg-info/entry_points.txt
writing requirements to ../../build/vtol_plant/vtol_plant.egg-info/requires.txt
writing top-level names to ../../build/vtol_plant/vtol_plant.egg-info/top_level.txt
writing manifest file '../../build/vtol_plant/vtol_plant.egg-info/SOURCES.txt'
reading manifest file '../../build/vtol_plant/vtol_plant.egg-info/SOURCES.txt'
writing manifest file '../../build/vtol_plant/vtol_plant.egg-info/SOURCES.txt'
running build
running build_py
creating /home/asambhav/vtol_ws/build/vtol_plant/build/lib/vtol_plant
copying vtol_plant/__init__.py -> /home/asambhav/vtol_ws/build/vtol_plant/build/lib/vtol_plant
copying vtol_plant/plant_node.py -> /home/asambhav/vtol_ws/build/vtol_plant/build/lib/vtol_plant
copying vtol_plant/allocator.py -> /home/asambhav/vtol_ws/build/vtol_plant/build/lib/vtol_plant
copying vtol_plant/parameter.py -> /home/asambhav/vtol_ws/build/vtol_plant/build/lib/vtol_plant
copying vtol_plant/dynamics.py -> /home/asambhav/vtol_ws/build/vtol_plant/build/lib/vtol_plant
copying vtol_plant/integrator.py -> /home/asambhav/vtol_ws/build/vtol_plant/build/lib/vtol_plant
running install
running install_lib
creating /home/asambhav/vtol_ws/install/vtol_plant/lib/python3.10/site-packages/vtol_plant
copying /home/asambhav/vtol_ws/build/vtol_plant/build/lib/vtol_plant/__init__.py -> /home/asambhav/vtol_ws/install/vtol_plant/lib/python3.10/site-packages/vtol_plant
copying /home/asambhav/vtol_ws/build/vtol_plant/build/lib/vtol_plant/plant_node.py -> /home/asambhav/vtol_ws/install/vtol_plant/lib/python3.10/site-packages/vtol_plant
copying /home/asambhav/vtol_ws/build/vtol_plant/build/lib/vtol_plant/allocator.py -> /home/asambhav/vtol_ws/install/vtol_plant/lib/python3.10/site-packages/vtol_plant
copying /home/asambhav/vtol_ws/build/vtol_plant/build/lib/vtol_plant/parameter.py -> /home/asambhav/vtol_ws/install/vtol_plant/lib/python3.10/site-packages/vtol_plant
copying /home/asambhav/vtol_ws/build/vtol_plant/build/lib/vtol_plant/dynamics.py -> /home/asambhav/vtol_ws/install/vtol_plant/lib/python3.10/site-packages/vtol_plant
copying /home/asambhav/vtol_ws/build/vtol_plant/build/lib/vtol_plant/integrator.py -> /home/asambhav/vtol_ws/install/vtol_plant/lib/python3.10/site-packages/vtol_plant
byte-compiling /home/asambhav/vtol_ws/install/vtol_plant/lib/python3.10/site-packages/vtol_plant/__init__.py to __init__.cpython-310.pyc
byte-compiling /home/asambhav/vtol_ws/install/vtol_plant/lib/python3.10/site-packages/vtol_plant/plant_node.py to plant_node.cpython-310.pyc
byte-compiling /home/asambhav/vtol_ws/install/vtol_plant/lib/python3.10/site-packages/vtol_plant/allocator.py to allocator.cpython-310.pyc
byte-compiling /home/asambhav/vtol_ws/install/vtol_plant/lib/python3.10/site-packages/vtol_plant/parameter.py to parameter.cpython-310.pyc
byte-compiling /home/asambhav/vtol_ws/install/vtol_plant/lib/python3.10/site-packages/vtol_plant/dynamics.py to dynamics.cpython-310.pyc
byte-compiling /home/asambhav/vtol_ws/install/vtol_plant/lib/python3.10/site-packages/vtol_plant/integrator.py to integrator.cpython-310.pyc
running install_data
creating /home/asambhav/vtol_ws/install/vtol_plant/share/ament_index/resource_index/packages
copying resource/vtol_plant -> /home/asambhav/vtol_ws/install/vtol_plant/share/ament_index/resource_index/packages
copying package.xml -> /home/asambhav/vtol_ws/install/vtol_plant/share/vtol_plant
running install_egg_info
Copying ../../build/vtol_plant/vtol_plant.egg-info to /home/asambhav/vtol_ws/install/vtol_plant/lib/python3.10/site-packages/vtol_plant-0.0.1-py3.10.egg-info
running install_scripts
Installing plant_node script to /home/asambhav/vtol_ws/install/vtol_plant/lib/vtol_plant
writing list of installed files to '/home/asambhav/vtol_ws/build/vtol_plant/install.log'
