[0.773s] Invoking command in '/home/asambhav/vtol_ws/src/vtol_plant': PYTHONPATH=/home/asambhav/vtol_ws/build/vtol_plant/prefix_override:/usr/lib/python3/dist-packages/colcon_core/task/python/colcon_distutils_commands:/home/asambhav/vtol_ws/install/vtol_plant/lib/python3.10/site-packages:${PYTHONPATH} /usr/bin/python3 -W ignore:setup.py install is deprecated -W ignore:easy_install command is deprecated setup.py egg_info --egg-base ../../build/vtol_plant build --build-base /home/asambhav/vtol_ws/build/vtol_plant/build install --record /home/asambhav/vtol_ws/build/vtol_plant/install.log --single-version-externally-managed install_data
[0.874s] /home/asambhav/.local/lib/python3.10/site-packages/setuptools/_distutils/dist.py:289: UserWarning: Unknown distribution option: 'tests_require'
[0.874s]   warnings.warn(msg)
[0.930s] running egg_info
[0.939s] creating ../../build/vtol_plant/vtol_plant.egg-info
[0.940s] writing ../../build/vtol_plant/vtol_plant.egg-info/PKG-INFO
[0.940s] writing dependency_links to ../../build/vtol_plant/vtol_plant.egg-info/dependency_links.txt
[0.940s] writing entry points to ../../build/vtol_plant/vtol_plant.egg-info/entry_points.txt
[0.940s] writing requirements to ../../build/vtol_plant/vtol_plant.egg-info/requires.txt
[0.940s] writing top-level names to ../../build/vtol_plant/vtol_plant.egg-info/top_level.txt
[0.940s] writing manifest file '../../build/vtol_plant/vtol_plant.egg-info/SOURCES.txt'
[0.961s] reading manifest file '../../build/vtol_plant/vtol_plant.egg-info/SOURCES.txt'
[0.962s] writing manifest file '../../build/vtol_plant/vtol_plant.egg-info/SOURCES.txt'
[0.962s] running build
[0.962s] running build_py
[0.962s] creating /home/asambhav/vtol_ws/build/vtol_plant/build/lib/vtol_plant
[0.962s] copying vtol_plant/__init__.py -> /home/asambhav/vtol_ws/build/vtol_plant/build/lib/vtol_plant
[0.962s] copying vtol_plant/plant_node.py -> /home/asambhav/vtol_ws/build/vtol_plant/build/lib/vtol_plant
[0.962s] copying vtol_plant/allocator.py -> /home/asambhav/vtol_ws/build/vtol_plant/build/lib/vtol_plant
[0.963s] copying vtol_plant/parameter.py -> /home/asambhav/vtol_ws/build/vtol_plant/build/lib/vtol_plant
[0.963s] copying vtol_plant/dynamics.py -> /home/asambhav/vtol_ws/build/vtol_plant/build/lib/vtol_plant
[0.963s] copying vtol_plant/integrator.py -> /home/asambhav/vtol_ws/build/vtol_plant/build/lib/vtol_plant
[0.963s] running install
[0.966s] running install_lib
[0.976s] creating /home/asambhav/vtol_ws/install/vtol_plant/lib/python3.10/site-packages/vtol_plant
[0.976s] copying /home/asambhav/vtol_ws/build/vtol_plant/build/lib/vtol_plant/__init__.py -> /home/asambhav/vtol_ws/install/vtol_plant/lib/python3.10/site-packages/vtol_plant
[0.976s] copying /home/asambhav/vtol_ws/build/vtol_plant/build/lib/vtol_plant/plant_node.py -> /home/asambhav/vtol_ws/install/vtol_plant/lib/python3.10/site-packages/vtol_plant
[0.976s] copying /home/asambhav/vtol_ws/build/vtol_plant/build/lib/vtol_plant/allocator.py -> /home/asambhav/vtol_ws/install/vtol_plant/lib/python3.10/site-packages/vtol_plant
[0.976s] copying /home/asambhav/vtol_ws/build/vtol_plant/build/lib/vtol_plant/parameter.py -> /home/asambhav/vtol_ws/install/vtol_plant/lib/python3.10/site-packages/vtol_plant
[0.976s] copying /home/asambhav/vtol_ws/build/vtol_plant/build/lib/vtol_plant/dynamics.py -> /home/asambhav/vtol_ws/install/vtol_plant/lib/python3.10/site-packages/vtol_plant
[0.976s] copying /home/asambhav/vtol_ws/build/vtol_plant/build/lib/vtol_plant/integrator.py -> /home/asambhav/vtol_ws/install/vtol_plant/lib/python3.10/site-packages/vtol_plant
[0.976s] byte-compiling /home/asambhav/vtol_ws/install/vtol_plant/lib/python3.10/site-packages/vtol_plant/__init__.py to __init__.cpython-310.pyc
[0.976s] byte-compiling /home/asambhav/vtol_ws/install/vtol_plant/lib/python3.10/site-packages/vtol_plant/plant_node.py to plant_node.cpython-310.pyc
[0.977s] byte-compiling /home/asambhav/vtol_ws/install/vtol_plant/lib/python3.10/site-packages/vtol_plant/allocator.py to allocator.cpython-310.pyc
[0.977s] byte-compiling /home/asambhav/vtol_ws/install/vtol_plant/lib/python3.10/site-packages/vtol_plant/parameter.py to parameter.cpython-310.pyc
[0.977s] byte-compiling /home/asambhav/vtol_ws/install/vtol_plant/lib/python3.10/site-packages/vtol_plant/dynamics.py to dynamics.cpython-310.pyc
[0.978s] byte-compiling /home/asambhav/vtol_ws/install/vtol_plant/lib/python3.10/site-packages/vtol_plant/integrator.py to integrator.cpython-310.pyc
[0.978s] running install_data
[0.978s] creating /home/asambhav/vtol_ws/install/vtol_plant/share/ament_index/resource_index/packages
[0.978s] copying resource/vtol_plant -> /home/asambhav/vtol_ws/install/vtol_plant/share/ament_index/resource_index/packages
[0.978s] copying package.xml -> /home/asambhav/vtol_ws/install/vtol_plant/share/vtol_plant
[0.978s] running install_egg_info
[0.989s] Copying ../../build/vtol_plant/vtol_plant.egg-info to /home/asambhav/vtol_ws/install/vtol_plant/lib/python3.10/site-packages/vtol_plant-0.0.1-py3.10.egg-info
[0.989s] running install_scripts
[1.010s] Installing plant_node script to /home/asambhav/vtol_ws/install/vtol_plant/lib/vtol_plant
[1.010s] writing list of installed files to '/home/asambhav/vtol_ws/build/vtol_plant/install.log'
[1.027s] Invoked command in '/home/asambhav/vtol_ws/src/vtol_plant' returned '0': PYTHONPATH=/home/asambhav/vtol_ws/build/vtol_plant/prefix_override:/usr/lib/python3/dist-packages/colcon_core/task/python/colcon_distutils_commands:/home/asambhav/vtol_ws/install/vtol_plant/lib/python3.10/site-packages:${PYTHONPATH} /usr/bin/python3 -W ignore:setup.py install is deprecated -W ignore:easy_install command is deprecated setup.py egg_info --egg-base ../../build/vtol_plant build --build-base /home/asambhav/vtol_ws/build/vtol_plant/build install --record /home/asambhav/vtol_ws/build/vtol_plant/install.log --single-version-externally-managed install_data
