[1.485s] Invoking command in '/home/asambhav/vtol_ws/src/vtol_dynamics': PYTHONPATH=/home/asambhav/vtol_ws/build/vtol_dynamics/prefix_override:/usr/lib/python3/dist-packages/colcon_core/task/python/colcon_distutils_commands:/home/asambhav/vtol_ws/install/vtol_dynamics/lib/python3.10/site-packages:${PYTHONPATH} /usr/bin/python3 -W ignore:setup.py install is deprecated -W ignore:easy_install command is deprecated setup.py egg_info --egg-base ../../build/vtol_dynamics build --build-base /home/asambhav/vtol_ws/build/vtol_dynamics/build install --record /home/asambhav/vtol_ws/build/vtol_dynamics/install.log --single-version-externally-managed install_data
[1.692s] running egg_info
[1.702s] writing ../../build/vtol_dynamics/vtol_dynamics.egg-info/PKG-INFO
[1.702s] writing dependency_links to ../../build/vtol_dynamics/vtol_dynamics.egg-info/dependency_links.txt
[1.703s] writing entry points to ../../build/vtol_dynamics/vtol_dynamics.egg-info/entry_points.txt
[1.703s] writing requirements to ../../build/vtol_dynamics/vtol_dynamics.egg-info/requires.txt
[1.703s] writing top-level names to ../../build/vtol_dynamics/vtol_dynamics.egg-info/top_level.txt
[1.723s] reading manifest file '../../build/vtol_dynamics/vtol_dynamics.egg-info/SOURCES.txt'
[1.724s] writing manifest file '../../build/vtol_dynamics/vtol_dynamics.egg-info/SOURCES.txt'
[1.724s] running build
[1.724s] running build_py
[1.724s] copying vtol_dynamics/vtol_dynamics_node.py -> /home/asambhav/vtol_ws/build/vtol_dynamics/build/lib/vtol_dynamics
[1.724s] copying vtol_dynamics/__init__.py -> /home/asambhav/vtol_ws/build/vtol_dynamics/build/lib/vtol_dynamics
[1.724s] running install
[1.727s] running install_lib
[1.737s] running install_data
[1.738s] copying resource/vtol_dynamics -> /home/asambhav/vtol_ws/install/vtol_dynamics/share/ament_index/resource_index/packages
[1.738s] copying package.xml -> /home/asambhav/vtol_ws/install/vtol_dynamics/share/vtol_dynamics
[1.738s] running install_egg_info
[1.748s] removing '/home/asambhav/vtol_ws/install/vtol_dynamics/lib/python3.10/site-packages/vtol_dynamics-0.0.0-py3.10.egg-info' (and everything under it)
[1.748s] Copying ../../build/vtol_dynamics/vtol_dynamics.egg-info to /home/asambhav/vtol_ws/install/vtol_dynamics/lib/python3.10/site-packages/vtol_dynamics-0.0.0-py3.10.egg-info
[1.749s] running install_scripts
[1.770s] Installing vtol_dynamics_node script to /home/asambhav/vtol_ws/install/vtol_dynamics/lib/vtol_dynamics
[1.770s] writing list of installed files to '/home/asambhav/vtol_ws/build/vtol_dynamics/install.log'
[1.790s] Invoked command in '/home/asambhav/vtol_ws/src/vtol_dynamics' returned '0': PYTHONPATH=/home/asambhav/vtol_ws/build/vtol_dynamics/prefix_override:/usr/lib/python3/dist-packages/colcon_core/task/python/colcon_distutils_commands:/home/asambhav/vtol_ws/install/vtol_dynamics/lib/python3.10/site-packages:${PYTHONPATH} /usr/bin/python3 -W ignore:setup.py install is deprecated -W ignore:easy_install command is deprecated setup.py egg_info --egg-base ../../build/vtol_dynamics build --build-base /home/asambhav/vtol_ws/build/vtol_dynamics/build install --record /home/asambhav/vtol_ws/build/vtol_dynamics/install.log --single-version-externally-managed install_data
