[0.149s] Invoking command in '/home/asambhav/vtol_ws/build/vtol_gazebo_plugins': CMAKE_PREFIX_PATH=${CMAKE_PREFIX_PATH}:/home/asambhav/e-yantra_ws/install/task_1:/opt/ros/humble /usr/bin/cmake /home/asambhav/vtol_ws/src/vtol_gazebo_plugins -DCMAKE_INSTALL_PREFIX=/home/asambhav/vtol_ws/install/vtol_gazebo_plugins
[0.235s] -- The C compiler identification is GNU 11.4.0
[0.293s] -- The CXX compiler identification is GNU 11.4.0
[0.304s] -- Detecting C compiler ABI info
[0.352s] -- Detecting C compiler ABI info - done
[0.357s] -- Check for working C compiler: /usr/lib/ccache/cc - skipped
[0.357s] -- Detecting C compile features
[0.358s] -- Detecting C compile features - done
[0.360s] -- Detecting CXX compiler ABI info
[0.417s] -- Detecting CXX compiler ABI info - done
[0.425s] -- Check for working CXX compiler: /usr/lib/ccache/c++ - skipped
[0.425s] -- Detecting CXX compile features
[0.425s] -- Detecting CXX compile features - done
[0.429s] -- Found ament_cmake: 1.3.14 (/opt/ros/humble/share/ament_cmake/cmake)
[0.707s] -- Found Python3: /usr/bin/python3 (found version "3.10.12") found components: Interpreter 
[0.783s] -- Found ament_lint_auto: 0.12.15 (/opt/ros/humble/share/ament_lint_auto/cmake)
[0.840s] -- Added test 'cppcheck' to perform static code analysis on C / C++ code
[0.840s] -- Configured cppcheck include dirs: 
[0.840s] -- Configured cppcheck exclude dirs and/or files: 
[0.840s] -- Added test 'lint_cmake' to check CMake code style
[0.841s] -- Added test 'uncrustify' to check C / C++ code style
[0.841s] -- Configured uncrustify additional arguments: 
[0.841s] -- Added test 'xmllint' to check XML markup files
[0.843s] -- Configuring done
[0.844s] -- Generating done
[0.845s] -- Build files have been written to: /home/asambhav/vtol_ws/build/vtol_gazebo_plugins
[0.850s] Invoked command in '/home/asambhav/vtol_ws/build/vtol_gazebo_plugins' returned '0': CMAKE_PREFIX_PATH=${CMAKE_PREFIX_PATH}:/home/asambhav/e-yantra_ws/install/task_1:/opt/ros/humble /usr/bin/cmake /home/asambhav/vtol_ws/src/vtol_gazebo_plugins -DCMAKE_INSTALL_PREFIX=/home/asambhav/vtol_ws/install/vtol_gazebo_plugins
[0.850s] Invoking command in '/home/asambhav/vtol_ws/build/vtol_gazebo_plugins': CMAKE_PREFIX_PATH=${CMAKE_PREFIX_PATH}:/home/asambhav/e-yantra_ws/install/task_1:/opt/ros/humble /usr/bin/cmake --build /home/asambhav/vtol_ws/build/vtol_gazebo_plugins -- -j18 -l18
[0.882s] Invoked command in '/home/asambhav/vtol_ws/build/vtol_gazebo_plugins' returned '0': CMAKE_PREFIX_PATH=${CMAKE_PREFIX_PATH}:/home/asambhav/e-yantra_ws/install/task_1:/opt/ros/humble /usr/bin/cmake --build /home/asambhav/vtol_ws/build/vtol_gazebo_plugins -- -j18 -l18
[0.884s] Invoking command in '/home/asambhav/vtol_ws/build/vtol_gazebo_plugins': CMAKE_PREFIX_PATH=${CMAKE_PREFIX_PATH}:/home/asambhav/e-yantra_ws/install/task_1:/opt/ros/humble /usr/bin/cmake --install /home/asambhav/vtol_ws/build/vtol_gazebo_plugins
[0.892s] -- Install configuration: ""
[0.892s] -- Installing: /home/asambhav/vtol_ws/install/vtol_gazebo_plugins/share/ament_index/resource_index/package_run_dependencies/vtol_gazebo_plugins
[0.892s] -- Installing: /home/asambhav/vtol_ws/install/vtol_gazebo_plugins/share/ament_index/resource_index/parent_prefix_path/vtol_gazebo_plugins
[0.892s] -- Installing: /home/asambhav/vtol_ws/install/vtol_gazebo_plugins/share/vtol_gazebo_plugins/environment/ament_prefix_path.sh
[0.892s] -- Installing: /home/asambhav/vtol_ws/install/vtol_gazebo_plugins/share/vtol_gazebo_plugins/environment/ament_prefix_path.dsv
[0.892s] -- Installing: /home/asambhav/vtol_ws/install/vtol_gazebo_plugins/share/vtol_gazebo_plugins/environment/path.sh
[0.892s] -- Installing: /home/asambhav/vtol_ws/install/vtol_gazebo_plugins/share/vtol_gazebo_plugins/environment/path.dsv
[0.893s] -- Installing: /home/asambhav/vtol_ws/install/vtol_gazebo_plugins/share/vtol_gazebo_plugins/local_setup.bash
[0.893s] -- Installing: /home/asambhav/vtol_ws/install/vtol_gazebo_plugins/share/vtol_gazebo_plugins/local_setup.sh
[0.893s] -- Installing: /home/asambhav/vtol_ws/install/vtol_gazebo_plugins/share/vtol_gazebo_plugins/local_setup.zsh
[0.893s] -- Installing: /home/asambhav/vtol_ws/install/vtol_gazebo_plugins/share/vtol_gazebo_plugins/local_setup.dsv
[0.893s] -- Installing: /home/asambhav/vtol_ws/install/vtol_gazebo_plugins/share/vtol_gazebo_plugins/package.dsv
[0.893s] -- Installing: /home/asambhav/vtol_ws/install/vtol_gazebo_plugins/share/ament_index/resource_index/packages/vtol_gazebo_plugins
[0.893s] -- Installing: /home/asambhav/vtol_ws/install/vtol_gazebo_plugins/share/vtol_gazebo_plugins/cmake/vtol_gazebo_pluginsConfig.cmake
[0.893s] -- Installing: /home/asambhav/vtol_ws/install/vtol_gazebo_plugins/share/vtol_gazebo_plugins/cmake/vtol_gazebo_pluginsConfig-version.cmake
[0.893s] -- Installing: /home/asambhav/vtol_ws/install/vtol_gazebo_plugins/share/vtol_gazebo_plugins/package.xml
[0.895s] Invoked command in '/home/asambhav/vtol_ws/build/vtol_gazebo_plugins' returned '0': CMAKE_PREFIX_PATH=${CMAKE_PREFIX_PATH}:/home/asambhav/e-yantra_ws/install/task_1:/opt/ros/humble /usr/bin/cmake --install /home/asambhav/vtol_ws/build/vtol_gazebo_plugins
