[1.530s] Invoking command in '/home/asambhav/vtol_ws_clean/src/state_estimator': PYTHONPATH=/home/asambhav/vtol_ws_clean/build/state_estimator/prefix_override:/usr/lib/python3/dist-packages/colcon_core/task/python/colcon_distutils_commands:/home/asambhav/vtol_ws_clean/install/state_estimator/lib/python3.10/site-packages:${PYTHONPATH} /usr/bin/python3 -W ignore:setup.py install is deprecated -W ignore:easy_install command is deprecated setup.py egg_info --egg-base ../../build/state_estimator build --build-base /home/asambhav/vtol_ws_clean/build/state_estimator/build install --record /home/asambhav/vtol_ws_clean/build/state_estimator/install.log --single-version-externally-managed install_data
[1.765s] running egg_info
[1.776s] writing ../../build/state_estimator/state_estimator.egg-info/PKG-INFO
[1.777s] writing dependency_links to ../../build/state_estimator/state_estimator.egg-info/dependency_links.txt
[1.777s] writing entry points to ../../build/state_estimator/state_estimator.egg-info/entry_points.txt
[1.777s] writing requirements to ../../build/state_estimator/state_estimator.egg-info/requires.txt
[1.778s] writing top-level names to ../../build/state_estimator/state_estimator.egg-info/top_level.txt
[1.798s] reading manifest file '../../build/state_estimator/state_estimator.egg-info/SOURCES.txt'
[1.799s] writing manifest file '../../build/state_estimator/state_estimator.egg-info/SOURCES.txt'
[1.799s] running build
[1.799s] running build_py
[1.799s] copying state_estimator/__init__.py -> /home/asambhav/vtol_ws_clean/build/state_estimator/build/lib/state_estimator
[1.800s] copying state_estimator/state_estimator_node.py -> /home/asambhav/vtol_ws_clean/build/state_estimator/build/lib/state_estimator
[1.800s] running install
[1.802s] running install_lib
[1.813s] copying /home/asambhav/vtol_ws_clean/build/state_estimator/build/lib/state_estimator/__init__.py -> /home/asambhav/vtol_ws_clean/install/state_estimator/lib/python3.10/site-packages/state_estimator
[1.813s] copying /home/asambhav/vtol_ws_clean/build/state_estimator/build/lib/state_estimator/state_estimator_node.py -> /home/asambhav/vtol_ws_clean/install/state_estimator/lib/python3.10/site-packages/state_estimator
[1.813s] byte-compiling /home/asambhav/vtol_ws_clean/install/state_estimator/lib/python3.10/site-packages/state_estimator/__init__.py to __init__.cpython-310.pyc
[1.813s] byte-compiling /home/asambhav/vtol_ws_clean/install/state_estimator/lib/python3.10/site-packages/state_estimator/state_estimator_node.py to state_estimator_node.cpython-310.pyc
[1.814s] running install_data
[1.814s] copying resource/state_estimator -> /home/asambhav/vtol_ws_clean/install/state_estimator/share/ament_index/resource_index/packages
[1.814s] copying package.xml -> /home/asambhav/vtol_ws_clean/install/state_estimator/share/state_estimator
[1.814s] running install_egg_info
[1.826s] removing '/home/asambhav/vtol_ws_clean/install/state_estimator/lib/python3.10/site-packages/state_estimator-0.0.0-py3.10.egg-info' (and everything under it)
[1.827s] Copying ../../build/state_estimator/state_estimator.egg-info to /home/asambhav/vtol_ws_clean/install/state_estimator/lib/python3.10/site-packages/state_estimator-0.0.0-py3.10.egg-info
[1.827s] running install_scripts
[1.870s] Installing state_estimator_node script to /home/asambhav/vtol_ws_clean/install/state_estimator/lib/state_estimator
[1.871s] writing list of installed files to '/home/asambhav/vtol_ws_clean/build/state_estimator/install.log'
[1.934s] Invoked command in '/home/asambhav/vtol_ws_clean/src/state_estimator' returned '0': PYTHONPATH=/home/asambhav/vtol_ws_clean/build/state_estimator/prefix_override:/usr/lib/python3/dist-packages/colcon_core/task/python/colcon_distutils_commands:/home/asambhav/vtol_ws_clean/install/state_estimator/lib/python3.10/site-packages:${PYTHONPATH} /usr/bin/python3 -W ignore:setup.py install is deprecated -W ignore:easy_install command is deprecated setup.py egg_info --egg-base ../../build/state_estimator build --build-base /home/asambhav/vtol_ws_clean/build/state_estimator/build install --record /home/asambhav/vtol_ws_clean/build/state_estimator/install.log --single-version-externally-managed install_data
