/home/asambhav/vtol_ws/install/vtol_plant/lib/python3.10/site-packages/vtol_plant/__init__.py
/home/asambhav/vtol_ws/install/vtol_plant/lib/python3.10/site-packages/vtol_plant/plant_node.py
/home/asambhav/vtol_ws/install/vtol_plant/lib/python3.10/site-packages/vtol_plant/allocator.py
/home/asambhav/vtol_ws/install/vtol_plant/lib/python3.10/site-packages/vtol_plant/parameter.py
/home/asambhav/vtol_ws/install/vtol_plant/lib/python3.10/site-packages/vtol_plant/odom_tf_broadcaster.py
/home/asambhav/vtol_ws/install/vtol_plant/lib/python3.10/site-packages/vtol_plant/dynamics.py
/home/asambhav/vtol_ws/install/vtol_plant/lib/python3.10/site-packages/vtol_plant/state_visualizer.py
/home/asambhav/vtol_ws/install/vtol_plant/lib/python3.10/site-packages/vtol_plant/integrator.py
/home/asambhav/vtol_ws/install/vtol_plant/lib/python3.10/site-packages/vtol_plant/__pycache__/__init__.cpython-310.pyc
/home/asambhav/vtol_ws/install/vtol_plant/lib/python3.10/site-packages/vtol_plant/__pycache__/plant_node.cpython-310.pyc
/home/asambhav/vtol_ws/install/vtol_plant/lib/python3.10/site-packages/vtol_plant/__pycache__/allocator.cpython-310.pyc
/home/asambhav/vtol_ws/install/vtol_plant/lib/python3.10/site-packages/vtol_plant/__pycache__/parameter.cpython-310.pyc
/home/asambhav/vtol_ws/install/vtol_plant/lib/python3.10/site-packages/vtol_plant/__pycache__/odom_tf_broadcaster.cpython-310.pyc
/home/asambhav/vtol_ws/install/vtol_plant/lib/python3.10/site-packages/vtol_plant/__pycache__/dynamics.cpython-310.pyc
/home/asambhav/vtol_ws/install/vtol_plant/lib/python3.10/site-packages/vtol_plant/__pycache__/state_visualizer.cpython-310.pyc
/home/asambhav/vtol_ws/install/vtol_plant/lib/python3.10/site-packages/vtol_plant/__pycache__/integrator.cpython-310.pyc
/home/asambhav/vtol_ws/install/vtol_plant/share/ament_index/resource_index/packages/vtol_plant
/home/asambhav/vtol_ws/install/vtol_plant/share/vtol_plant/package.xml
/home/asambhav/vtol_ws/install/vtol_plant/lib/python3.10/site-packages/vtol_plant-0.0.1-py3.10.egg-info/top_level.txt
/home/asambhav/vtol_ws/install/vtol_plant/lib/python3.10/site-packages/vtol_plant-0.0.1-py3.10.egg-info/zip-safe
/home/asambhav/vtol_ws/install/vtol_plant/lib/python3.10/site-packages/vtol_plant-0.0.1-py3.10.egg-info/entry_points.txt
/home/asambhav/vtol_ws/install/vtol_plant/lib/python3.10/site-packages/vtol_plant-0.0.1-py3.10.egg-info/dependency_links.txt
/home/asambhav/vtol_ws/install/vtol_plant/lib/python3.10/site-packages/vtol_plant-0.0.1-py3.10.egg-info/SOURCES.txt
/home/asambhav/vtol_ws/install/vtol_plant/lib/python3.10/site-packages/vtol_plant-0.0.1-py3.10.egg-info/PKG-INFO
/home/asambhav/vtol_ws/install/vtol_plant/lib/python3.10/site-packages/vtol_plant-0.0.1-py3.10.egg-info/requires.txt
/home/asambhav/vtol_ws/install/vtol_plant/lib/vtol_plant/odom_tf_broadcaster
/home/asambhav/vtol_ws/install/vtol_plant/lib/vtol_plant/plant_node
/home/asambhav/vtol_ws/install/vtol_plant/lib/vtol_plant/state_visualizer
