[0.588s] Invoking command in '/home/asambhav/vtol_ws/build/vtol_gazebo_plugins': CMAKE_PREFIX_PATH=${CMAKE_PREFIX_PATH}:/home/asambhav/vtol_ws/install/state_estimator:/home/asambhav/vtol_ws/install/sensor_simulator:/home/asambhav/vtol_ws/install/vtol_testbench:/home/asambhav/vtol_ws/install/vtol_plant:/home/asambhav/vtol_ws/install/vtol_planner:/home/asambhav/vtol_ws/install/vtol_dynamics:/home/asambhav/vtol_ws/install/vtol_controller:/home/asambhav/e-yantra_ws/install/task_1:/opt/ros/humble /usr/bin/cmake --build /home/asambhav/vtol_ws/build/vtol_gazebo_plugins -- -j18 -l18
[0.876s] [100%] Built target multicopter_motor_model
[1.026s] Invoked command in '/home/asambhav/vtol_ws/build/vtol_gazebo_plugins' returned '0': CMAKE_PREFIX_PATH=${CMAKE_PREFIX_PATH}:/home/asambhav/vtol_ws/install/state_estimator:/home/asambhav/vtol_ws/install/sensor_simulator:/home/asambhav/vtol_ws/install/vtol_testbench:/home/asambhav/vtol_ws/install/vtol_plant:/home/asambhav/vtol_ws/install/vtol_planner:/home/asambhav/vtol_ws/install/vtol_dynamics:/home/asambhav/vtol_ws/install/vtol_controller:/home/asambhav/e-yantra_ws/install/task_1:/opt/ros/humble /usr/bin/cmake --build /home/asambhav/vtol_ws/build/vtol_gazebo_plugins -- -j18 -l18
[1.027s] Invoking command in '/home/asambhav/vtol_ws/build/vtol_gazebo_plugins': CMAKE_PREFIX_PATH=${CMAKE_PREFIX_PATH}:/home/asambhav/vtol_ws/install/state_estimator:/home/asambhav/vtol_ws/install/sensor_simulator:/home/asambhav/vtol_ws/install/vtol_testbench:/home/asambhav/vtol_ws/install/vtol_plant:/home/asambhav/vtol_ws/install/vtol_planner:/home/asambhav/vtol_ws/install/vtol_dynamics:/home/asambhav/vtol_ws/install/vtol_controller:/home/asambhav/e-yantra_ws/install/task_1:/opt/ros/humble /usr/bin/cmake --install /home/asambhav/vtol_ws/build/vtol_gazebo_plugins
[1.043s] -- Install configuration: ""
[1.043s] -- Up-to-date: /home/asambhav/vtol_ws/install/vtol_gazebo_plugins/lib/libmulticopter_motor_model.so
[1.043s] -- Up-to-date: /home/asambhav/vtol_ws/install/vtol_gazebo_plugins/share/ament_index/resource_index/package_run_dependencies/vtol_gazebo_plugins
[1.043s] -- Up-to-date: /home/asambhav/vtol_ws/install/vtol_gazebo_plugins/share/ament_index/resource_index/parent_prefix_path/vtol_gazebo_plugins
[1.043s] -- Up-to-date: /home/asambhav/vtol_ws/install/vtol_gazebo_plugins/share/vtol_gazebo_plugins/environment/ament_prefix_path.sh
[1.043s] -- Up-to-date: /home/asambhav/vtol_ws/install/vtol_gazebo_plugins/share/vtol_gazebo_plugins/environment/ament_prefix_path.dsv
[1.043s] -- Up-to-date: /home/asambhav/vtol_ws/install/vtol_gazebo_plugins/share/vtol_gazebo_plugins/environment/path.sh
[1.043s] -- Up-to-date: /home/asambhav/vtol_ws/install/vtol_gazebo_plugins/share/vtol_gazebo_plugins/environment/path.dsv
[1.044s] -- Up-to-date: /home/asambhav/vtol_ws/install/vtol_gazebo_plugins/share/vtol_gazebo_plugins/local_setup.bash
[1.044s] -- Up-to-date: /home/asambhav/vtol_ws/install/vtol_gazebo_plugins/share/vtol_gazebo_plugins/local_setup.sh
[1.044s] -- Up-to-date: /home/asambhav/vtol_ws/install/vtol_gazebo_plugins/share/vtol_gazebo_plugins/local_setup.zsh
[1.044s] -- Up-to-date: /home/asambhav/vtol_ws/install/vtol_gazebo_plugins/share/vtol_gazebo_plugins/local_setup.dsv
[1.044s] -- Installing: /home/asambhav/vtol_ws/install/vtol_gazebo_plugins/share/vtol_gazebo_plugins/package.dsv
[1.044s] -- Up-to-date: /home/asambhav/vtol_ws/install/vtol_gazebo_plugins/share/ament_index/resource_index/packages/vtol_gazebo_plugins
[1.044s] -- Up-to-date: /home/asambhav/vtol_ws/install/vtol_gazebo_plugins/share/vtol_gazebo_plugins/cmake/vtol_gazebo_pluginsConfig.cmake
[1.044s] -- Up-to-date: /home/asambhav/vtol_ws/install/vtol_gazebo_plugins/share/vtol_gazebo_plugins/cmake/vtol_gazebo_pluginsConfig-version.cmake
[1.044s] -- Up-to-date: /home/asambhav/vtol_ws/install/vtol_gazebo_plugins/share/vtol_gazebo_plugins/package.xml
[1.065s] Invoked command in '/home/asambhav/vtol_ws/build/vtol_gazebo_plugins' returned '0': CMAKE_PREFIX_PATH=${CMAKE_PREFIX_PATH}:/home/asambhav/vtol_ws/install/state_estimator:/home/asambhav/vtol_ws/install/sensor_simulator:/home/asambhav/vtol_ws/install/vtol_testbench:/home/asambhav/vtol_ws/install/vtol_plant:/home/asambhav/vtol_ws/install/vtol_planner:/home/asambhav/vtol_ws/install/vtol_dynamics:/home/asambhav/vtol_ws/install/vtol_controller:/home/asambhav/e-yantra_ws/install/task_1:/opt/ros/humble /usr/bin/cmake --install /home/asambhav/vtol_ws/build/vtol_gazebo_plugins
