[1.665s] Invoking command in '/home/asambhav/vtol_ws_clean/src/vtol_planner': PYTHONPATH=/home/asambhav/vtol_ws_clean/build/vtol_planner/prefix_override:/usr/lib/python3/dist-packages/colcon_core/task/python/colcon_distutils_commands:/home/asambhav/vtol_ws_clean/install/vtol_planner/lib/python3.10/site-packages:${PYTHONPATH} /usr/bin/python3 -W ignore:setup.py install is deprecated -W ignore:easy_install command is deprecated setup.py egg_info --egg-base ../../build/vtol_planner build --build-base /home/asambhav/vtol_ws_clean/build/vtol_planner/build install --record /home/asambhav/vtol_ws_clean/build/vtol_planner/install.log --single-version-externally-managed install_data
[1.932s] running egg_info
[1.942s] writing ../../build/vtol_planner/vtol_planner.egg-info/PKG-INFO
[1.942s] writing dependency_links to ../../build/vtol_planner/vtol_planner.egg-info/dependency_links.txt
[1.942s] writing entry points to ../../build/vtol_planner/vtol_planner.egg-info/entry_points.txt
[1.943s] writing requirements to ../../build/vtol_planner/vtol_planner.egg-info/requires.txt
[1.943s] writing top-level names to ../../build/vtol_planner/vtol_planner.egg-info/top_level.txt
[1.964s] reading manifest file '../../build/vtol_planner/vtol_planner.egg-info/SOURCES.txt'
[1.965s] writing manifest file '../../build/vtol_planner/vtol_planner.egg-info/SOURCES.txt'
[1.965s] running build
[1.965s] running build_py
[1.965s] copying vtol_planner/planner_node.py -> /home/asambhav/vtol_ws_clean/build/vtol_planner/build/lib/vtol_planner
[1.965s] copying vtol_planner/__init__.py -> /home/asambhav/vtol_ws_clean/build/vtol_planner/build/lib/vtol_planner
[1.965s] copying vtol_planner/transition_trajectory.py -> /home/asambhav/vtol_ws_clean/build/vtol_planner/build/lib/vtol_planner
[1.966s] copying vtol_planner/trajectory_visualizer.py -> /home/asambhav/vtol_ws_clean/build/vtol_planner/build/lib/vtol_planner
[1.966s] copying vtol_planner/circle_trajectory.py -> /home/asambhav/vtol_ws_clean/build/vtol_planner/build/lib/vtol_planner
[1.966s] running install
[1.968s] running install_lib
[1.978s] running install_data
[1.978s] copying resource/vtol_planner -> /home/asambhav/vtol_ws_clean/install/vtol_planner/share/ament_index/resource_index/packages
[1.978s] copying package.xml -> /home/asambhav/vtol_ws_clean/install/vtol_planner/share/vtol_planner
[1.978s] copying launch/vtol_sim.launch.py -> /home/asambhav/vtol_ws_clean/install/vtol_planner/share/vtol_planner/launch
[1.978s] copying launch/planner.launch.py -> /home/asambhav/vtol_ws_clean/install/vtol_planner/share/vtol_planner/launch
[1.978s] copying rviz/planner.rviz -> /home/asambhav/vtol_ws_clean/install/vtol_planner/share/vtol_planner/rviz
[1.978s] running install_egg_info
[1.989s] removing '/home/asambhav/vtol_ws_clean/install/vtol_planner/lib/python3.10/site-packages/vtol_planner-0.0.0-py3.10.egg-info' (and everything under it)
[1.989s] Copying ../../build/vtol_planner/vtol_planner.egg-info to /home/asambhav/vtol_ws_clean/install/vtol_planner/lib/python3.10/site-packages/vtol_planner-0.0.0-py3.10.egg-info
[1.990s] running install_scripts
[2.011s] Installing planner_node script to /home/asambhav/vtol_ws_clean/install/vtol_planner/lib/vtol_planner
[2.011s] Installing trajectory_visualizer script to /home/asambhav/vtol_ws_clean/install/vtol_planner/lib/vtol_planner
[2.011s] writing list of installed files to '/home/asambhav/vtol_ws_clean/build/vtol_planner/install.log'
[2.027s] Invoked command in '/home/asambhav/vtol_ws_clean/src/vtol_planner' returned '0': PYTHONPATH=/home/asambhav/vtol_ws_clean/build/vtol_planner/prefix_override:/usr/lib/python3/dist-packages/colcon_core/task/python/colcon_distutils_commands:/home/asambhav/vtol_ws_clean/install/vtol_planner/lib/python3.10/site-packages:${PYTHONPATH} /usr/bin/python3 -W ignore:setup.py install is deprecated -W ignore:easy_install command is deprecated setup.py egg_info --egg-base ../../build/vtol_planner build --build-base /home/asambhav/vtol_ws_clean/build/vtol_planner/build install --record /home/asambhav/vtol_ws_clean/build/vtol_planner/install.log --single-version-externally-managed install_data
