[0.612s] Invoking command in '/home/asambhav/vtol_ws/src/vtol_controller': PYTHONPATH=/home/asambhav/vtol_ws/build/vtol_controller/prefix_override:/usr/lib/python3/dist-packages/colcon_core/task/python/colcon_distutils_commands:/home/asambhav/vtol_ws/install/vtol_controller/lib/python3.10/site-packages:${PYTHONPATH} /usr/bin/python3 -W ignore:setup.py install is deprecated -W ignore:easy_install command is deprecated setup.py egg_info --egg-base ../../build/vtol_controller build --build-base /home/asambhav/vtol_ws/build/vtol_controller/build install --record /home/asambhav/vtol_ws/build/vtol_controller/install.log --single-version-externally-managed install_data
[0.770s] running egg_info
[0.779s] writing ../../build/vtol_controller/vtol_controller.egg-info/PKG-INFO
[0.780s] writing dependency_links to ../../build/vtol_controller/vtol_controller.egg-info/dependency_links.txt
[0.780s] writing entry points to ../../build/vtol_controller/vtol_controller.egg-info/entry_points.txt
[0.780s] writing requirements to ../../build/vtol_controller/vtol_controller.egg-info/requires.txt
[0.780s] writing top-level names to ../../build/vtol_controller/vtol_controller.egg-info/top_level.txt
[0.799s] reading manifest file '../../build/vtol_controller/vtol_controller.egg-info/SOURCES.txt'
[0.800s] writing manifest file '../../build/vtol_controller/vtol_controller.egg-info/SOURCES.txt'
[0.800s] running build
[0.800s] running build_py
[0.801s] copying vtol_controller/__init__.py -> /home/asambhav/vtol_ws/build/vtol_controller/build/lib/vtol_controller
[0.801s] copying vtol_controller/thrust_allocator.py -> /home/asambhav/vtol_ws/build/vtol_controller/build/lib/vtol_controller
[0.801s] running install
[0.803s] running install_lib
[0.813s] running install_data
[0.813s] copying resource/vtol_controller -> /home/asambhav/vtol_ws/install/vtol_controller/share/ament_index/resource_index/packages
[0.813s] copying package.xml -> /home/asambhav/vtol_ws/install/vtol_controller/share/vtol_controller
[0.813s] copying config/controllers.yaml -> /home/asambhav/vtol_ws/install/vtol_controller/share/vtol_controller/config
[0.813s] running install_egg_info
[0.823s] removing '/home/asambhav/vtol_ws/install/vtol_controller/lib/python3.10/site-packages/vtol_controller-0.0.0-py3.10.egg-info' (and everything under it)
[0.824s] Copying ../../build/vtol_controller/vtol_controller.egg-info to /home/asambhav/vtol_ws/install/vtol_controller/lib/python3.10/site-packages/vtol_controller-0.0.0-py3.10.egg-info
[0.824s] running install_scripts
[0.848s] Installing thrust_allocator script to /home/asambhav/vtol_ws/install/vtol_controller/lib/vtol_controller
[0.848s] writing list of installed files to '/home/asambhav/vtol_ws/build/vtol_controller/install.log'
[0.869s] Invoked command in '/home/asambhav/vtol_ws/src/vtol_controller' returned '0': PYTHONPATH=/home/asambhav/vtol_ws/build/vtol_controller/prefix_override:/usr/lib/python3/dist-packages/colcon_core/task/python/colcon_distutils_commands:/home/asambhav/vtol_ws/install/vtol_controller/lib/python3.10/site-packages:${PYTHONPATH} /usr/bin/python3 -W ignore:setup.py install is deprecated -W ignore:easy_install command is deprecated setup.py egg_info --egg-base ../../build/vtol_controller build --build-base /home/asambhav/vtol_ws/build/vtol_controller/build install --record /home/asambhav/vtol_ws/build/vtol_controller/install.log --single-version-externally-managed install_data
