[0.067s] DEBUG:colcon:Command line arguments: ['/usr/bin/colcon', 'build']
[0.067s] DEBUG:colcon:Parsed command line arguments: Namespace(log_base=None, log_level=None, verb_name='build', build_base='build', install_base='install', merge_install=False, symlink_install=False, test_result_base=None, continue_on_error=False, executor='parallel', parallel_workers=18, event_handlers=None, ignore_user_meta=False, metas=['./colcon.meta'], base_paths=['.'], packages_ignore=None, packages_ignore_regex=None, paths=None, packages_up_to=None, packages_up_to_regex=None, packages_above=None, packages_above_and_dependencies=None, packages_above_depth=None, packages_select_by_dep=None, packages_skip_by_dep=None, packages_skip_up_to=None, packages_select_build_failed=False, packages_skip_build_finished=False, packages_select_test_failures=False, packages_skip_test_passed=False, packages_select=None, packages_skip=None, packages_select_regex=None, packages_skip_regex=None, packages_start=None, packages_end=None, allow_overriding=[], cmake_args=None, cmake_target=None, cmake_target_skip_unavailable=False, cmake_clean_cache=False, cmake_clean_first=False, cmake_force_configure=False, ament_cmake_args=None, catkin_cmake_args=None, catkin_skip_building_tests=False, mixin_files=None, mixin=None, verb_parser=<colcon_mixin.mixin.mixin_argument.MixinArgumentDecorator object at 0x75ac2d1f9db0>, verb_extension=<colcon_core.verb.build.BuildVerb object at 0x75ac2d182aa0>, main=<bound method BuildVerb.main of <colcon_core.verb.build.BuildVerb object at 0x75ac2d182aa0>>, mixin_verb=('build',))
[0.091s] Level 1:colcon.colcon_core.package_discovery:discover_packages(colcon_meta) check parameters
[0.091s] Level 1:colcon.colcon_core.package_discovery:discover_packages(recursive) check parameters
[0.091s] Level 1:colcon.colcon_core.package_discovery:discover_packages(ignore) check parameters
[0.091s] Level 1:colcon.colcon_core.package_discovery:discover_packages(path) check parameters
[0.091s] Level 1:colcon.colcon_core.package_discovery:discover_packages(colcon_meta) discover
[0.091s] Level 1:colcon.colcon_core.package_discovery:discover_packages(recursive) discover
[0.091s] INFO:colcon.colcon_core.package_discovery:Crawling recursively for packages in '/home/asambhav/vtol_ws_clean'
[0.091s] Level 1:colcon.colcon_core.package_identification:_identify(.) by extensions ['ignore', 'ignore_ament_install']
[0.091s] Level 1:colcon.colcon_core.package_identification:_identify(.) by extension 'ignore'
[0.091s] Level 1:colcon.colcon_core.package_identification:_identify(.) by extension 'ignore_ament_install'
[0.091s] Level 1:colcon.colcon_core.package_identification:_identify(.) by extensions ['colcon_pkg']
[0.091s] Level 1:colcon.colcon_core.package_identification:_identify(.) by extension 'colcon_pkg'
[0.091s] Level 1:colcon.colcon_core.package_identification:_identify(.) by extensions ['colcon_meta']
[0.091s] Level 1:colcon.colcon_core.package_identification:_identify(.) by extension 'colcon_meta'
[0.091s] Level 1:colcon.colcon_core.package_identification:_identify(.) by extensions ['ros']
[0.091s] Level 1:colcon.colcon_core.package_identification:_identify(.) by extension 'ros'
[0.100s] Level 1:colcon.colcon_core.package_identification:_identify(.) by extensions ['cmake', 'python']
[0.100s] Level 1:colcon.colcon_core.package_identification:_identify(.) by extension 'cmake'
[0.100s] Level 1:colcon.colcon_core.package_identification:_identify(.) by extension 'python'
[0.100s] Level 1:colcon.colcon_core.package_identification:_identify(.) by extensions ['python_setup_py']
[0.100s] Level 1:colcon.colcon_core.package_identification:_identify(.) by extension 'python_setup_py'
[0.100s] Level 1:colcon.colcon_core.package_identification:_identify(build) by extensions ['ignore', 'ignore_ament_install']
[0.100s] Level 1:colcon.colcon_core.package_identification:_identify(build) by extension 'ignore'
[0.100s] Level 1:colcon.colcon_core.package_identification:_identify(build) ignored
[0.100s] Level 1:colcon.colcon_core.package_identification:_identify(install) by extensions ['ignore', 'ignore_ament_install']
[0.100s] Level 1:colcon.colcon_core.package_identification:_identify(install) by extension 'ignore'
[0.100s] Level 1:colcon.colcon_core.package_identification:_identify(install) ignored
[0.100s] Level 1:colcon.colcon_core.package_identification:_identify(log) by extensions ['ignore', 'ignore_ament_install']
[0.100s] Level 1:colcon.colcon_core.package_identification:_identify(log) by extension 'ignore'
[0.100s] Level 1:colcon.colcon_core.package_identification:_identify(log) ignored
[0.100s] Level 1:colcon.colcon_core.package_identification:_identify(src) by extensions ['ignore', 'ignore_ament_install']
[0.100s] Level 1:colcon.colcon_core.package_identification:_identify(src) by extension 'ignore'
[0.100s] Level 1:colcon.colcon_core.package_identification:_identify(src) by extension 'ignore_ament_install'
[0.100s] Level 1:colcon.colcon_core.package_identification:_identify(src) by extensions ['colcon_pkg']
[0.100s] Level 1:colcon.colcon_core.package_identification:_identify(src) by extension 'colcon_pkg'
[0.100s] Level 1:colcon.colcon_core.package_identification:_identify(src) by extensions ['colcon_meta']
[0.100s] Level 1:colcon.colcon_core.package_identification:_identify(src) by extension 'colcon_meta'
[0.100s] Level 1:colcon.colcon_core.package_identification:_identify(src) by extensions ['ros']
[0.101s] Level 1:colcon.colcon_core.package_identification:_identify(src) by extension 'ros'
[0.101s] Level 1:colcon.colcon_core.package_identification:_identify(src) by extensions ['cmake', 'python']
[0.101s] Level 1:colcon.colcon_core.package_identification:_identify(src) by extension 'cmake'
[0.101s] Level 1:colcon.colcon_core.package_identification:_identify(src) by extension 'python'
[0.101s] Level 1:colcon.colcon_core.package_identification:_identify(src) by extensions ['python_setup_py']
[0.101s] Level 1:colcon.colcon_core.package_identification:_identify(src) by extension 'python_setup_py'
[0.101s] Level 1:colcon.colcon_core.package_identification:_identify(src/sensor_simulator) by extensions ['ignore', 'ignore_ament_install']
[0.101s] Level 1:colcon.colcon_core.package_identification:_identify(src/sensor_simulator) by extension 'ignore'
[0.101s] Level 1:colcon.colcon_core.package_identification:_identify(src/sensor_simulator) by extension 'ignore_ament_install'
[0.101s] Level 1:colcon.colcon_core.package_identification:_identify(src/sensor_simulator) by extensions ['colcon_pkg']
[0.101s] Level 1:colcon.colcon_core.package_identification:_identify(src/sensor_simulator) by extension 'colcon_pkg'
[0.101s] Level 1:colcon.colcon_core.package_identification:_identify(src/sensor_simulator) by extensions ['colcon_meta']
[0.101s] Level 1:colcon.colcon_core.package_identification:_identify(src/sensor_simulator) by extension 'colcon_meta'
[0.101s] Level 1:colcon.colcon_core.package_identification:_identify(src/sensor_simulator) by extensions ['ros']
[0.101s] Level 1:colcon.colcon_core.package_identification:_identify(src/sensor_simulator) by extension 'ros'
[0.102s] DEBUG:colcon.colcon_core.package_identification:Package 'src/sensor_simulator' with type 'ros.ament_python' and name 'sensor_simulator'
[0.102s] Level 1:colcon.colcon_core.package_identification:_identify(src/state_estimator) by extensions ['ignore', 'ignore_ament_install']
[0.102s] Level 1:colcon.colcon_core.package_identification:_identify(src/state_estimator) by extension 'ignore'
[0.102s] Level 1:colcon.colcon_core.package_identification:_identify(src/state_estimator) by extension 'ignore_ament_install'
[0.103s] Level 1:colcon.colcon_core.package_identification:_identify(src/state_estimator) by extensions ['colcon_pkg']
[0.103s] Level 1:colcon.colcon_core.package_identification:_identify(src/state_estimator) by extension 'colcon_pkg'
[0.103s] Level 1:colcon.colcon_core.package_identification:_identify(src/state_estimator) by extensions ['colcon_meta']
[0.103s] Level 1:colcon.colcon_core.package_identification:_identify(src/state_estimator) by extension 'colcon_meta'
[0.103s] Level 1:colcon.colcon_core.package_identification:_identify(src/state_estimator) by extensions ['ros']
[0.103s] Level 1:colcon.colcon_core.package_identification:_identify(src/state_estimator) by extension 'ros'
[0.103s] DEBUG:colcon.colcon_core.package_identification:Package 'src/state_estimator' with type 'ros.ament_python' and name 'state_estimator'
[0.103s] Level 1:colcon.colcon_core.package_identification:_identify(src/vtol_controller) by extensions ['ignore', 'ignore_ament_install']
[0.103s] Level 1:colcon.colcon_core.package_identification:_identify(src/vtol_controller) by extension 'ignore'
[0.103s] Level 1:colcon.colcon_core.package_identification:_identify(src/vtol_controller) by extension 'ignore_ament_install'
[0.103s] Level 1:colcon.colcon_core.package_identification:_identify(src/vtol_controller) by extensions ['colcon_pkg']
[0.103s] Level 1:colcon.colcon_core.package_identification:_identify(src/vtol_controller) by extension 'colcon_pkg'
[0.103s] Level 1:colcon.colcon_core.package_identification:_identify(src/vtol_controller) by extensions ['colcon_meta']
[0.103s] Level 1:colcon.colcon_core.package_identification:_identify(src/vtol_controller) by extension 'colcon_meta'
[0.103s] Level 1:colcon.colcon_core.package_identification:_identify(src/vtol_controller) by extensions ['ros']
[0.103s] Level 1:colcon.colcon_core.package_identification:_identify(src/vtol_controller) by extension 'ros'
[0.104s] DEBUG:colcon.colcon_core.package_identification:Package 'src/vtol_controller' with type 'ros.ament_python' and name 'vtol_controller'
[0.104s] Level 1:colcon.colcon_core.package_identification:_identify(src/vtol_description) by extensions ['ignore', 'ignore_ament_install']
[0.104s] Level 1:colcon.colcon_core.package_identification:_identify(src/vtol_description) by extension 'ignore'
[0.104s] Level 1:colcon.colcon_core.package_identification:_identify(src/vtol_description) by extension 'ignore_ament_install'
[0.104s] Level 1:colcon.colcon_core.package_identification:_identify(src/vtol_description) by extensions ['colcon_pkg']
[0.104s] Level 1:colcon.colcon_core.package_identification:_identify(src/vtol_description) by extension 'colcon_pkg'
[0.104s] Level 1:colcon.colcon_core.package_identification:_identify(src/vtol_description) by extensions ['colcon_meta']
[0.104s] Level 1:colcon.colcon_core.package_identification:_identify(src/vtol_description) by extension 'colcon_meta'
[0.104s] Level 1:colcon.colcon_core.package_identification:_identify(src/vtol_description) by extensions ['ros']
[0.105s] Level 1:colcon.colcon_core.package_identification:_identify(src/vtol_description) by extension 'ros'
[0.106s] DEBUG:colcon.colcon_core.package_identification:Package 'src/vtol_description' with type 'ros.ament_cmake' and name 'vtol_description'
[0.106s] Level 1:colcon.colcon_core.package_identification:_identify(src/vtol_dynamics) by extensions ['ignore', 'ignore_ament_install']
[0.106s] Level 1:colcon.colcon_core.package_identification:_identify(src/vtol_dynamics) by extension 'ignore'
[0.106s] Level 1:colcon.colcon_core.package_identification:_identify(src/vtol_dynamics) by extension 'ignore_ament_install'
[0.106s] Level 1:colcon.colcon_core.package_identification:_identify(src/vtol_dynamics) by extensions ['colcon_pkg']
[0.106s] Level 1:colcon.colcon_core.package_identification:_identify(src/vtol_dynamics) by extension 'colcon_pkg'
[0.106s] Level 1:colcon.colcon_core.package_identification:_identify(src/vtol_dynamics) by extensions ['colcon_meta']
[0.106s] Level 1:colcon.colcon_core.package_identification:_identify(src/vtol_dynamics) by extension 'colcon_meta'
[0.107s] Level 1:colcon.colcon_core.package_identification:_identify(src/vtol_dynamics) by extensions ['ros']
[0.107s] Level 1:colcon.colcon_core.package_identification:_identify(src/vtol_dynamics) by extension 'ros'
[0.107s] DEBUG:colcon.colcon_core.package_identification:Package 'src/vtol_dynamics' with type 'ros.ament_python' and name 'vtol_dynamics'
[0.107s] Level 1:colcon.colcon_core.package_identification:_identify(src/vtol_gazebo_plugins) by extensions ['ignore', 'ignore_ament_install']
[0.107s] Level 1:colcon.colcon_core.package_identification:_identify(src/vtol_gazebo_plugins) by extension 'ignore'
[0.107s] Level 1:colcon.colcon_core.package_identification:_identify(src/vtol_gazebo_plugins) by extension 'ignore_ament_install'
[0.107s] Level 1:colcon.colcon_core.package_identification:_identify(src/vtol_gazebo_plugins) by extensions ['colcon_pkg']
[0.107s] Level 1:colcon.colcon_core.package_identification:_identify(src/vtol_gazebo_plugins) by extension 'colcon_pkg'
[0.107s] Level 1:colcon.colcon_core.package_identification:_identify(src/vtol_gazebo_plugins) by extensions ['colcon_meta']
[0.107s] Level 1:colcon.colcon_core.package_identification:_identify(src/vtol_gazebo_plugins) by extension 'colcon_meta'
[0.107s] Level 1:colcon.colcon_core.package_identification:_identify(src/vtol_gazebo_plugins) by extensions ['ros']
[0.107s] Level 1:colcon.colcon_core.package_identification:_identify(src/vtol_gazebo_plugins) by extension 'ros'
[0.108s] DEBUG:colcon.colcon_core.package_identification:Package 'src/vtol_gazebo_plugins' with type 'ros.ament_cmake' and name 'vtol_gazebo_plugins'
[0.108s] Level 1:colcon.colcon_core.package_identification:_identify(src/vtol_planner) by extensions ['ignore', 'ignore_ament_install']
[0.108s] Level 1:colcon.colcon_core.package_identification:_identify(src/vtol_planner) by extension 'ignore'
[0.108s] Level 1:colcon.colcon_core.package_identification:_identify(src/vtol_planner) by extension 'ignore_ament_install'
[0.108s] Level 1:colcon.colcon_core.package_identification:_identify(src/vtol_planner) by extensions ['colcon_pkg']
[0.108s] Level 1:colcon.colcon_core.package_identification:_identify(src/vtol_planner) by extension 'colcon_pkg'
[0.108s] Level 1:colcon.colcon_core.package_identification:_identify(src/vtol_planner) by extensions ['colcon_meta']
[0.108s] Level 1:colcon.colcon_core.package_identification:_identify(src/vtol_planner) by extension 'colcon_meta'
[0.108s] Level 1:colcon.colcon_core.package_identification:_identify(src/vtol_planner) by extensions ['ros']
[0.108s] Level 1:colcon.colcon_core.package_identification:_identify(src/vtol_planner) by extension 'ros'
[0.108s] DEBUG:colcon.colcon_core.package_identification:Package 'src/vtol_planner' with type 'ros.ament_python' and name 'vtol_planner'
[0.109s] Level 1:colcon.colcon_core.package_identification:_identify(src/vtol_plant) by extensions ['ignore', 'ignore_ament_install']
[0.109s] Level 1:colcon.colcon_core.package_identification:_identify(src/vtol_plant) by extension 'ignore'
[0.109s] Level 1:colcon.colcon_core.package_identification:_identify(src/vtol_plant) by extension 'ignore_ament_install'
[0.109s] Level 1:colcon.colcon_core.package_identification:_identify(src/vtol_plant) by extensions ['colcon_pkg']
[0.109s] Level 1:colcon.colcon_core.package_identification:_identify(src/vtol_plant) by extension 'colcon_pkg'
[0.109s] Level 1:colcon.colcon_core.package_identification:_identify(src/vtol_plant) by extensions ['colcon_meta']
[0.109s] Level 1:colcon.colcon_core.package_identification:_identify(src/vtol_plant) by extension 'colcon_meta'
[0.109s] Level 1:colcon.colcon_core.package_identification:_identify(src/vtol_plant) by extensions ['ros']
[0.109s] Level 1:colcon.colcon_core.package_identification:_identify(src/vtol_plant) by extension 'ros'
[0.109s] DEBUG:colcon.colcon_core.package_identification:Package 'src/vtol_plant' with type 'ros.ament_python' and name 'vtol_plant'
[0.109s] Level 1:colcon.colcon_core.package_identification:_identify(src/vtol_testbench) by extensions ['ignore', 'ignore_ament_install']
[0.109s] Level 1:colcon.colcon_core.package_identification:_identify(src/vtol_testbench) by extension 'ignore'
[0.109s] Level 1:colcon.colcon_core.package_identification:_identify(src/vtol_testbench) by extension 'ignore_ament_install'
[0.109s] Level 1:colcon.colcon_core.package_identification:_identify(src/vtol_testbench) by extensions ['colcon_pkg']
[0.109s] Level 1:colcon.colcon_core.package_identification:_identify(src/vtol_testbench) by extension 'colcon_pkg'
[0.109s] Level 1:colcon.colcon_core.package_identification:_identify(src/vtol_testbench) by extensions ['colcon_meta']
[0.109s] Level 1:colcon.colcon_core.package_identification:_identify(src/vtol_testbench) by extension 'colcon_meta'
[0.109s] Level 1:colcon.colcon_core.package_identification:_identify(src/vtol_testbench) by extensions ['ros']
[0.109s] Level 1:colcon.colcon_core.package_identification:_identify(src/vtol_testbench) by extension 'ros'
[0.110s] DEBUG:colcon.colcon_core.package_identification:Package 'src/vtol_testbench' with type 'ros.ament_python' and name 'vtol_testbench'
[0.110s] Level 1:colcon.colcon_core.package_discovery:discover_packages(recursive) using defaults
[0.110s] Level 1:colcon.colcon_core.package_discovery:discover_packages(ignore) discover
[0.110s] Level 1:colcon.colcon_core.package_discovery:discover_packages(ignore) using defaults
[0.110s] Level 1:colcon.colcon_core.package_discovery:discover_packages(path) discover
[0.110s] Level 1:colcon.colcon_core.package_discovery:discover_packages(path) using defaults
[0.123s] Level 1:colcon.colcon_core.package_discovery:discover_packages(prefix_path) check parameters
[0.123s] Level 1:colcon.colcon_core.package_discovery:discover_packages(prefix_path) discover
[0.124s] DEBUG:colcon.colcon_installed_package_information.package_discovery:Found 9 installed packages in /home/asambhav/vtol_ws/install
[0.125s] DEBUG:colcon.colcon_installed_package_information.package_discovery:Found 9 installed packages in /home/asambhav/e-yantra_ws/install
[0.125s] DEBUG:colcon.colcon_installed_package_information.package_discovery:Found 409 installed packages in /opt/ros/humble
[0.127s] Level 1:colcon.colcon_core.package_discovery:discover_packages(prefix_path) using defaults
[0.160s] Level 5:colcon.colcon_core.verb:set package 'sensor_simulator' build argument 'cmake_args' from command line to 'None'
[0.160s] Level 5:colcon.colcon_core.verb:set package 'sensor_simulator' build argument 'cmake_target' from command line to 'None'
[0.160s] Level 5:colcon.colcon_core.verb:set package 'sensor_simulator' build argument 'cmake_target_skip_unavailable' from command line to 'False'
[0.160s] Level 5:colcon.colcon_core.verb:set package 'sensor_simulator' build argument 'cmake_clean_cache' from command line to 'False'
[0.160s] Level 5:colcon.colcon_core.verb:set package 'sensor_simulator' build argument 'cmake_clean_first' from command line to 'False'
[0.160s] Level 5:colcon.colcon_core.verb:set package 'sensor_simulator' build argument 'cmake_force_configure' from command line to 'False'
[0.160s] Level 5:colcon.colcon_core.verb:set package 'sensor_simulator' build argument 'ament_cmake_args' from command line to 'None'
[0.160s] Level 5:colcon.colcon_core.verb:set package 'sensor_simulator' build argument 'catkin_cmake_args' from command line to 'None'
[0.160s] Level 5:colcon.colcon_core.verb:set package 'sensor_simulator' build argument 'catkin_skip_building_tests' from command line to 'False'
[0.160s] DEBUG:colcon.colcon_core.verb:Building package 'sensor_simulator' with the following arguments: {'ament_cmake_args': None, 'build_base': '/home/asambhav/vtol_ws_clean/build/sensor_simulator', 'catkin_cmake_args': None, 'catkin_skip_building_tests': False, 'cmake_args': None, 'cmake_clean_cache': False, 'cmake_clean_first': False, 'cmake_force_configure': False, 'cmake_target': None, 'cmake_target_skip_unavailable': False, 'install_base': '/home/asambhav/vtol_ws_clean/install/sensor_simulator', 'merge_install': False, 'path': '/home/asambhav/vtol_ws_clean/src/sensor_simulator', 'symlink_install': False, 'test_result_base': None}
[0.160s] Level 5:colcon.colcon_core.verb:set package 'state_estimator' build argument 'cmake_args' from command line to 'None'
[0.160s] Level 5:colcon.colcon_core.verb:set package 'state_estimator' build argument 'cmake_target' from command line to 'None'
[0.160s] Level 5:colcon.colcon_core.verb:set package 'state_estimator' build argument 'cmake_target_skip_unavailable' from command line to 'False'
[0.160s] Level 5:colcon.colcon_core.verb:set package 'state_estimator' build argument 'cmake_clean_cache' from command line to 'False'
[0.160s] Level 5:colcon.colcon_core.verb:set package 'state_estimator' build argument 'cmake_clean_first' from command line to 'False'
[0.160s] Level 5:colcon.colcon_core.verb:set package 'state_estimator' build argument 'cmake_force_configure' from command line to 'False'
[0.160s] Level 5:colcon.colcon_core.verb:set package 'state_estimator' build argument 'ament_cmake_args' from command line to 'None'
[0.160s] Level 5:colcon.colcon_core.verb:set package 'state_estimator' build argument 'catkin_cmake_args' from command line to 'None'
[0.160s] Level 5:colcon.colcon_core.verb:set package 'state_estimator' build argument 'catkin_skip_building_tests' from command line to 'False'
[0.160s] DEBUG:colcon.colcon_core.verb:Building package 'state_estimator' with the following arguments: {'ament_cmake_args': None, 'build_base': '/home/asambhav/vtol_ws_clean/build/state_estimator', 'catkin_cmake_args': None, 'catkin_skip_building_tests': False, 'cmake_args': None, 'cmake_clean_cache': False, 'cmake_clean_first': False, 'cmake_force_configure': False, 'cmake_target': None, 'cmake_target_skip_unavailable': False, 'install_base': '/home/asambhav/vtol_ws_clean/install/state_estimator', 'merge_install': False, 'path': '/home/asambhav/vtol_ws_clean/src/state_estimator', 'symlink_install': False, 'test_result_base': None}
[0.160s] Level 5:colcon.colcon_core.verb:set package 'vtol_controller' build argument 'cmake_args' from command line to 'None'
[0.160s] Level 5:colcon.colcon_core.verb:set package 'vtol_controller' build argument 'cmake_target' from command line to 'None'
[0.160s] Level 5:colcon.colcon_core.verb:set package 'vtol_controller' build argument 'cmake_target_skip_unavailable' from command line to 'False'
[0.160s] Level 5:colcon.colcon_core.verb:set package 'vtol_controller' build argument 'cmake_clean_cache' from command line to 'False'
[0.160s] Level 5:colcon.colcon_core.verb:set package 'vtol_controller' build argument 'cmake_clean_first' from command line to 'False'
[0.160s] Level 5:colcon.colcon_core.verb:set package 'vtol_controller' build argument 'cmake_force_configure' from command line to 'False'
[0.160s] Level 5:colcon.colcon_core.verb:set package 'vtol_controller' build argument 'ament_cmake_args' from command line to 'None'
[0.160s] Level 5:colcon.colcon_core.verb:set package 'vtol_controller' build argument 'catkin_cmake_args' from command line to 'None'
[0.160s] Level 5:colcon.colcon_core.verb:set package 'vtol_controller' build argument 'catkin_skip_building_tests' from command line to 'False'
[0.161s] DEBUG:colcon.colcon_core.verb:Building package 'vtol_controller' with the following arguments: {'ament_cmake_args': None, 'build_base': '/home/asambhav/vtol_ws_clean/build/vtol_controller', 'catkin_cmake_args': None, 'catkin_skip_building_tests': False, 'cmake_args': None, 'cmake_clean_cache': False, 'cmake_clean_first': False, 'cmake_force_configure': False, 'cmake_target': None, 'cmake_target_skip_unavailable': False, 'install_base': '/home/asambhav/vtol_ws_clean/install/vtol_controller', 'merge_install': False, 'path': '/home/asambhav/vtol_ws_clean/src/vtol_controller', 'symlink_install': False, 'test_result_base': None}
[0.161s] Level 5:colcon.colcon_core.verb:set package 'vtol_description' build argument 'cmake_args' from command line to 'None'
[0.161s] Level 5:colcon.colcon_core.verb:set package 'vtol_description' build argument 'cmake_target' from command line to 'None'
[0.161s] Level 5:colcon.colcon_core.verb:set package 'vtol_description' build argument 'cmake_target_skip_unavailable' from command line to 'False'
[0.161s] Level 5:colcon.colcon_core.verb:set package 'vtol_description' build argument 'cmake_clean_cache' from command line to 'False'
[0.161s] Level 5:colcon.colcon_core.verb:set package 'vtol_description' build argument 'cmake_clean_first' from command line to 'False'
[0.161s] Level 5:colcon.colcon_core.verb:set package 'vtol_description' build argument 'cmake_force_configure' from command line to 'False'
[0.161s] Level 5:colcon.colcon_core.verb:set package 'vtol_description' build argument 'ament_cmake_args' from command line to 'None'
[0.161s] Level 5:colcon.colcon_core.verb:set package 'vtol_description' build argument 'catkin_cmake_args' from command line to 'None'
[0.161s] Level 5:colcon.colcon_core.verb:set package 'vtol_description' build argument 'catkin_skip_building_tests' from command line to 'False'
[0.161s] DEBUG:colcon.colcon_core.verb:Building package 'vtol_description' with the following arguments: {'ament_cmake_args': None, 'build_base': '/home/asambhav/vtol_ws_clean/build/vtol_description', 'catkin_cmake_args': None, 'catkin_skip_building_tests': False, 'cmake_args': None, 'cmake_clean_cache': False, 'cmake_clean_first': False, 'cmake_force_configure': False, 'cmake_target': None, 'cmake_target_skip_unavailable': False, 'install_base': '/home/asambhav/vtol_ws_clean/install/vtol_description', 'merge_install': False, 'path': '/home/asambhav/vtol_ws_clean/src/vtol_description', 'symlink_install': False, 'test_result_base': None}
[0.161s] Level 5:colcon.colcon_core.verb:set package 'vtol_dynamics' build argument 'cmake_args' from command line to 'None'
[0.161s] Level 5:colcon.colcon_core.verb:set package 'vtol_dynamics' build argument 'cmake_target' from command line to 'None'
[0.161s] Level 5:colcon.colcon_core.verb:set package 'vtol_dynamics' build argument 'cmake_target_skip_unavailable' from command line to 'False'
[0.161s] Level 5:colcon.colcon_core.verb:set package 'vtol_dynamics' build argument 'cmake_clean_cache' from command line to 'False'
[0.161s] Level 5:colcon.colcon_core.verb:set package 'vtol_dynamics' build argument 'cmake_clean_first' from command line to 'False'
[0.161s] Level 5:colcon.colcon_core.verb:set package 'vtol_dynamics' build argument 'cmake_force_configure' from command line to 'False'
[0.161s] Level 5:colcon.colcon_core.verb:set package 'vtol_dynamics' build argument 'ament_cmake_args' from command line to 'None'
[0.161s] Level 5:colcon.colcon_core.verb:set package 'vtol_dynamics' build argument 'catkin_cmake_args' from command line to 'None'
[0.161s] Level 5:colcon.colcon_core.verb:set package 'vtol_dynamics' build argument 'catkin_skip_building_tests' from command line to 'False'
[0.161s] DEBUG:colcon.colcon_core.verb:Building package 'vtol_dynamics' with the following arguments: {'ament_cmake_args': None, 'build_base': '/home/asambhav/vtol_ws_clean/build/vtol_dynamics', 'catkin_cmake_args': None, 'catkin_skip_building_tests': False, 'cmake_args': None, 'cmake_clean_cache': False, 'cmake_clean_first': False, 'cmake_force_configure': False, 'cmake_target': None, 'cmake_target_skip_unavailable': False, 'install_base': '/home/asambhav/vtol_ws_clean/install/vtol_dynamics', 'merge_install': False, 'path': '/home/asambhav/vtol_ws_clean/src/vtol_dynamics', 'symlink_install': False, 'test_result_base': None}
[0.161s] Level 5:colcon.colcon_core.verb:set package 'vtol_gazebo_plugins' build argument 'cmake_args' from command line to 'None'
[0.161s] Level 5:colcon.colcon_core.verb:set package 'vtol_gazebo_plugins' build argument 'cmake_target' from command line to 'None'
[0.161s] Level 5:colcon.colcon_core.verb:set package 'vtol_gazebo_plugins' build argument 'cmake_target_skip_unavailable' from command line to 'False'
[0.161s] Level 5:colcon.colcon_core.verb:set package 'vtol_gazebo_plugins' build argument 'cmake_clean_cache' from command line to 'False'
[0.161s] Level 5:colcon.colcon_core.verb:set package 'vtol_gazebo_plugins' build argument 'cmake_clean_first' from command line to 'False'
[0.161s] Level 5:colcon.colcon_core.verb:set package 'vtol_gazebo_plugins' build argument 'cmake_force_configure' from command line to 'False'
[0.161s] Level 5:colcon.colcon_core.verb:set package 'vtol_gazebo_plugins' build argument 'ament_cmake_args' from command line to 'None'
[0.161s] Level 5:colcon.colcon_core.verb:set package 'vtol_gazebo_plugins' build argument 'catkin_cmake_args' from command line to 'None'
[0.161s] Level 5:colcon.colcon_core.verb:set package 'vtol_gazebo_plugins' build argument 'catkin_skip_building_tests' from command line to 'False'
[0.161s] DEBUG:colcon.colcon_core.verb:Building package 'vtol_gazebo_plugins' with the following arguments: {'ament_cmake_args': None, 'build_base': '/home/asambhav/vtol_ws_clean/build/vtol_gazebo_plugins', 'catkin_cmake_args': None, 'catkin_skip_building_tests': False, 'cmake_args': None, 'cmake_clean_cache': False, 'cmake_clean_first': False, 'cmake_force_configure': False, 'cmake_target': None, 'cmake_target_skip_unavailable': False, 'install_base': '/home/asambhav/vtol_ws_clean/install/vtol_gazebo_plugins', 'merge_install': False, 'path': '/home/asambhav/vtol_ws_clean/src/vtol_gazebo_plugins', 'symlink_install': False, 'test_result_base': None}
[0.161s] Level 5:colcon.colcon_core.verb:set package 'vtol_planner' build argument 'cmake_args' from command line to 'None'
[0.161s] Level 5:colcon.colcon_core.verb:set package 'vtol_planner' build argument 'cmake_target' from command line to 'None'
[0.162s] Level 5:colcon.colcon_core.verb:set package 'vtol_planner' build argument 'cmake_target_skip_unavailable' from command line to 'False'
[0.162s] Level 5:colcon.colcon_core.verb:set package 'vtol_planner' build argument 'cmake_clean_cache' from command line to 'False'
[0.162s] Level 5:colcon.colcon_core.verb:set package 'vtol_planner' build argument 'cmake_clean_first' from command line to 'False'
[0.162s] Level 5:colcon.colcon_core.verb:set package 'vtol_planner' build argument 'cmake_force_configure' from command line to 'False'
[0.162s] Level 5:colcon.colcon_core.verb:set package 'vtol_planner' build argument 'ament_cmake_args' from command line to 'None'
[0.162s] Level 5:colcon.colcon_core.verb:set package 'vtol_planner' build argument 'catkin_cmake_args' from command line to 'None'
[0.162s] Level 5:colcon.colcon_core.verb:set package 'vtol_planner' build argument 'catkin_skip_building_tests' from command line to 'False'
[0.162s] DEBUG:colcon.colcon_core.verb:Building package 'vtol_planner' with the following arguments: {'ament_cmake_args': None, 'build_base': '/home/asambhav/vtol_ws_clean/build/vtol_planner', 'catkin_cmake_args': None, 'catkin_skip_building_tests': False, 'cmake_args': None, 'cmake_clean_cache': False, 'cmake_clean_first': False, 'cmake_force_configure': False, 'cmake_target': None, 'cmake_target_skip_unavailable': False, 'install_base': '/home/asambhav/vtol_ws_clean/install/vtol_planner', 'merge_install': False, 'path': '/home/asambhav/vtol_ws_clean/src/vtol_planner', 'symlink_install': False, 'test_result_base': None}
[0.162s] Level 5:colcon.colcon_core.verb:set package 'vtol_plant' build argument 'cmake_args' from command line to 'None'
[0.162s] Level 5:colcon.colcon_core.verb:set package 'vtol_plant' build argument 'cmake_target' from command line to 'None'
[0.162s] Level 5:colcon.colcon_core.verb:set package 'vtol_plant' build argument 'cmake_target_skip_unavailable' from command line to 'False'
[0.162s] Level 5:colcon.colcon_core.verb:set package 'vtol_plant' build argument 'cmake_clean_cache' from command line to 'False'
[0.162s] Level 5:colcon.colcon_core.verb:set package 'vtol_plant' build argument 'cmake_clean_first' from command line to 'False'
[0.162s] Level 5:colcon.colcon_core.verb:set package 'vtol_plant' build argument 'cmake_force_configure' from command line to 'False'
[0.162s] Level 5:colcon.colcon_core.verb:set package 'vtol_plant' build argument 'ament_cmake_args' from command line to 'None'
[0.162s] Level 5:colcon.colcon_core.verb:set package 'vtol_plant' build argument 'catkin_cmake_args' from command line to 'None'
[0.162s] Level 5:colcon.colcon_core.verb:set package 'vtol_plant' build argument 'catkin_skip_building_tests' from command line to 'False'
[0.162s] DEBUG:colcon.colcon_core.verb:Building package 'vtol_plant' with the following arguments: {'ament_cmake_args': None, 'build_base': '/home/asambhav/vtol_ws_clean/build/vtol_plant', 'catkin_cmake_args': None, 'catkin_skip_building_tests': False, 'cmake_args': None, 'cmake_clean_cache': False, 'cmake_clean_first': False, 'cmake_force_configure': False, 'cmake_target': None, 'cmake_target_skip_unavailable': False, 'install_base': '/home/asambhav/vtol_ws_clean/install/vtol_plant', 'merge_install': False, 'path': '/home/asambhav/vtol_ws_clean/src/vtol_plant', 'symlink_install': False, 'test_result_base': None}
[0.162s] Level 5:colcon.colcon_core.verb:set package 'vtol_testbench' build argument 'cmake_args' from command line to 'None'
[0.162s] Level 5:colcon.colcon_core.verb:set package 'vtol_testbench' build argument 'cmake_target' from command line to 'None'
[0.162s] Level 5:colcon.colcon_core.verb:set package 'vtol_testbench' build argument 'cmake_target_skip_unavailable' from command line to 'False'
[0.162s] Level 5:colcon.colcon_core.verb:set package 'vtol_testbench' build argument 'cmake_clean_cache' from command line to 'False'
[0.162s] Level 5:colcon.colcon_core.verb:set package 'vtol_testbench' build argument 'cmake_clean_first' from command line to 'False'
[0.162s] Level 5:colcon.colcon_core.verb:set package 'vtol_testbench' build argument 'cmake_force_configure' from command line to 'False'
[0.162s] Level 5:colcon.colcon_core.verb:set package 'vtol_testbench' build argument 'ament_cmake_args' from command line to 'None'
[0.162s] Level 5:colcon.colcon_core.verb:set package 'vtol_testbench' build argument 'catkin_cmake_args' from command line to 'None'
[0.162s] Level 5:colcon.colcon_core.verb:set package 'vtol_testbench' build argument 'catkin_skip_building_tests' from command line to 'False'
[0.162s] DEBUG:colcon.colcon_core.verb:Building package 'vtol_testbench' with the following arguments: {'ament_cmake_args': None, 'build_base': '/home/asambhav/vtol_ws_clean/build/vtol_testbench', 'catkin_cmake_args': None, 'catkin_skip_building_tests': False, 'cmake_args': None, 'cmake_clean_cache': False, 'cmake_clean_first': False, 'cmake_force_configure': False, 'cmake_target': None, 'cmake_target_skip_unavailable': False, 'install_base': '/home/asambhav/vtol_ws_clean/install/vtol_testbench', 'merge_install': False, 'path': '/home/asambhav/vtol_ws_clean/src/vtol_testbench', 'symlink_install': False, 'test_result_base': None}
[0.162s] INFO:colcon.colcon_core.executor:Executing jobs using 'parallel' executor
[0.163s] DEBUG:colcon.colcon_parallel_executor.executor.parallel:run_until_complete
[0.163s] INFO:colcon.colcon_ros.task.ament_python.build:Building ROS package in '/home/asambhav/vtol_ws_clean/src/sensor_simulator' with build type 'ament_python'
[0.163s] Level 1:colcon.colcon_core.shell:create_environment_hook('sensor_simulator', 'ament_prefix_path')
[0.166s] INFO:colcon.colcon_core.plugin_system:Skipping extension 'colcon_core.shell.bat': Not used on non-Windows systems
[0.166s] INFO:colcon.colcon_core.shell:Creating environment hook '/home/asambhav/vtol_ws_clean/install/sensor_simulator/share/sensor_simulator/hook/ament_prefix_path.ps1'
[0.167s] INFO:colcon.colcon_core.shell:Creating environment descriptor '/home/asambhav/vtol_ws_clean/install/sensor_simulator/share/sensor_simulator/hook/ament_prefix_path.dsv'
[0.168s] INFO:colcon.colcon_core.shell:Creating environment hook '/home/asambhav/vtol_ws_clean/install/sensor_simulator/share/sensor_simulator/hook/ament_prefix_path.sh'
[0.168s] INFO:colcon.colcon_core.shell:Skip shell extension 'powershell' for command environment: Not usable outside of PowerShell
[0.168s] DEBUG:colcon.colcon_core.shell:Skip shell extension 'dsv' for command environment
[0.171s] INFO:colcon.colcon_ros.task.ament_python.build:Building ROS package in '/home/asambhav/vtol_ws_clean/src/state_estimator' with build type 'ament_python'
[0.171s] Level 1:colcon.colcon_core.shell:create_environment_hook('state_estimator', 'ament_prefix_path')
[0.172s] INFO:colcon.colcon_core.shell:Creating environment hook '/home/asambhav/vtol_ws_clean/install/state_estimator/share/state_estimator/hook/ament_prefix_path.ps1'
[0.172s] INFO:colcon.colcon_core.shell:Creating environment descriptor '/home/asambhav/vtol_ws_clean/install/state_estimator/share/state_estimator/hook/ament_prefix_path.dsv'
[0.172s] INFO:colcon.colcon_core.shell:Creating environment hook '/home/asambhav/vtol_ws_clean/install/state_estimator/share/state_estimator/hook/ament_prefix_path.sh'
[0.172s] INFO:colcon.colcon_core.shell:Skip shell extension 'powershell' for command environment: Not usable outside of PowerShell
[0.172s] DEBUG:colcon.colcon_core.shell:Skip shell extension 'dsv' for command environment
[0.175s] INFO:colcon.colcon_ros.task.ament_python.build:Building ROS package in '/home/asambhav/vtol_ws_clean/src/vtol_controller' with build type 'ament_python'
[0.175s] Level 1:colcon.colcon_core.shell:create_environment_hook('vtol_controller', 'ament_prefix_path')
[0.175s] INFO:colcon.colcon_core.shell:Creating environment hook '/home/asambhav/vtol_ws_clean/install/vtol_controller/share/vtol_controller/hook/ament_prefix_path.ps1'
[0.175s] INFO:colcon.colcon_core.shell:Creating environment descriptor '/home/asambhav/vtol_ws_clean/install/vtol_controller/share/vtol_controller/hook/ament_prefix_path.dsv'
[0.176s] INFO:colcon.colcon_core.shell:Creating environment hook '/home/asambhav/vtol_ws_clean/install/vtol_controller/share/vtol_controller/hook/ament_prefix_path.sh'
[0.176s] INFO:colcon.colcon_core.shell:Skip shell extension 'powershell' for command environment: Not usable outside of PowerShell
[0.176s] DEBUG:colcon.colcon_core.shell:Skip shell extension 'dsv' for command environment
[0.178s] INFO:colcon.colcon_ros.task.ament_cmake.build:Building ROS package in '/home/asambhav/vtol_ws_clean/src/vtol_description' with build type 'ament_cmake'
[0.179s] INFO:colcon.colcon_cmake.task.cmake.build:Building CMake package in '/home/asambhav/vtol_ws_clean/src/vtol_description'
[0.179s] INFO:colcon.colcon_core.shell:Skip shell extension 'powershell' for command environment: Not usable outside of PowerShell
[0.179s] DEBUG:colcon.colcon_core.shell:Skip shell extension 'dsv' for command environment
[0.181s] INFO:colcon.colcon_ros.task.ament_python.build:Building ROS package in '/home/asambhav/vtol_ws_clean/src/vtol_dynamics' with build type 'ament_python'
[0.181s] Level 1:colcon.colcon_core.shell:create_environment_hook('vtol_dynamics', 'ament_prefix_path')
[0.182s] INFO:colcon.colcon_core.shell:Creating environment hook '/home/asambhav/vtol_ws_clean/install/vtol_dynamics/share/vtol_dynamics/hook/ament_prefix_path.ps1'
[0.182s] INFO:colcon.colcon_core.shell:Creating environment descriptor '/home/asambhav/vtol_ws_clean/install/vtol_dynamics/share/vtol_dynamics/hook/ament_prefix_path.dsv'
[0.182s] INFO:colcon.colcon_core.shell:Creating environment hook '/home/asambhav/vtol_ws_clean/install/vtol_dynamics/share/vtol_dynamics/hook/ament_prefix_path.sh'
[0.182s] INFO:colcon.colcon_core.shell:Skip shell extension 'powershell' for command environment: Not usable outside of PowerShell
[0.182s] DEBUG:colcon.colcon_core.shell:Skip shell extension 'dsv' for command environment
[0.185s] INFO:colcon.colcon_ros.task.ament_cmake.build:Building ROS package in '/home/asambhav/vtol_ws_clean/src/vtol_gazebo_plugins' with build type 'ament_cmake'
[0.185s] INFO:colcon.colcon_cmake.task.cmake.build:Building CMake package in '/home/asambhav/vtol_ws_clean/src/vtol_gazebo_plugins'
[0.185s] INFO:colcon.colcon_core.shell:Skip shell extension 'powershell' for command environment: Not usable outside of PowerShell
[0.185s] DEBUG:colcon.colcon_core.shell:Skip shell extension 'dsv' for command environment
[0.187s] INFO:colcon.colcon_ros.task.ament_python.build:Building ROS package in '/home/asambhav/vtol_ws_clean/src/vtol_planner' with build type 'ament_python'
[0.188s] Level 1:colcon.colcon_core.shell:create_environment_hook('vtol_planner', 'ament_prefix_path')
[0.188s] INFO:colcon.colcon_core.shell:Creating environment hook '/home/asambhav/vtol_ws_clean/install/vtol_planner/share/vtol_planner/hook/ament_prefix_path.ps1'
[0.188s] INFO:colcon.colcon_core.shell:Creating environment descriptor '/home/asambhav/vtol_ws_clean/install/vtol_planner/share/vtol_planner/hook/ament_prefix_path.dsv'
[0.188s] INFO:colcon.colcon_core.shell:Creating environment hook '/home/asambhav/vtol_ws_clean/install/vtol_planner/share/vtol_planner/hook/ament_prefix_path.sh'
[0.188s] INFO:colcon.colcon_core.shell:Skip shell extension 'powershell' for command environment: Not usable outside of PowerShell
[0.188s] DEBUG:colcon.colcon_core.shell:Skip shell extension 'dsv' for command environment
[0.191s] INFO:colcon.colcon_ros.task.ament_python.build:Building ROS package in '/home/asambhav/vtol_ws_clean/src/vtol_plant' with build type 'ament_python'
[0.191s] Level 1:colcon.colcon_core.shell:create_environment_hook('vtol_plant', 'ament_prefix_path')
[0.191s] INFO:colcon.colcon_core.shell:Creating environment hook '/home/asambhav/vtol_ws_clean/install/vtol_plant/share/vtol_plant/hook/ament_prefix_path.ps1'
[0.191s] INFO:colcon.colcon_core.shell:Creating environment descriptor '/home/asambhav/vtol_ws_clean/install/vtol_plant/share/vtol_plant/hook/ament_prefix_path.dsv'
[0.191s] INFO:colcon.colcon_core.shell:Creating environment hook '/home/asambhav/vtol_ws_clean/install/vtol_plant/share/vtol_plant/hook/ament_prefix_path.sh'
[0.192s] INFO:colcon.colcon_core.shell:Skip shell extension 'powershell' for command environment: Not usable outside of PowerShell
[0.192s] DEBUG:colcon.colcon_core.shell:Skip shell extension 'dsv' for command environment
[0.194s] INFO:colcon.colcon_ros.task.ament_python.build:Building ROS package in '/home/asambhav/vtol_ws_clean/src/vtol_testbench' with build type 'ament_python'
[0.194s] Level 1:colcon.colcon_core.shell:create_environment_hook('vtol_testbench', 'ament_prefix_path')
[0.194s] INFO:colcon.colcon_core.shell:Creating environment hook '/home/asambhav/vtol_ws_clean/install/vtol_testbench/share/vtol_testbench/hook/ament_prefix_path.ps1'
[0.195s] INFO:colcon.colcon_core.shell:Creating environment descriptor '/home/asambhav/vtol_ws_clean/install/vtol_testbench/share/vtol_testbench/hook/ament_prefix_path.dsv'
[0.195s] INFO:colcon.colcon_core.shell:Creating environment hook '/home/asambhav/vtol_ws_clean/install/vtol_testbench/share/vtol_testbench/hook/ament_prefix_path.sh'
[0.195s] INFO:colcon.colcon_core.shell:Skip shell extension 'powershell' for command environment: Not usable outside of PowerShell
[0.195s] DEBUG:colcon.colcon_core.shell:Skip shell extension 'dsv' for command environment
[0.327s] INFO:colcon.colcon_core.task.python.build:Building Python package in '/home/asambhav/vtol_ws_clean/src/sensor_simulator'
[0.327s] INFO:colcon.colcon_core.shell:Skip shell extension 'powershell' for command environment: Not usable outside of PowerShell
[0.327s] DEBUG:colcon.colcon_core.shell:Skip shell extension 'dsv' for command environment
[0.470s] INFO:colcon.colcon_core.task.python.build:Building Python package in '/home/asambhav/vtol_ws_clean/src/state_estimator'
[0.471s] INFO:colcon.colcon_core.shell:Skip shell extension 'powershell' for command environment: Not usable outside of PowerShell
[0.471s] DEBUG:colcon.colcon_core.shell:Skip shell extension 'dsv' for command environment
[0.607s] INFO:colcon.colcon_core.task.python.build:Building Python package in '/home/asambhav/vtol_ws_clean/src/vtol_controller'
[0.608s] INFO:colcon.colcon_core.shell:Skip shell extension 'powershell' for command environment: Not usable outside of PowerShell
[0.608s] DEBUG:colcon.colcon_core.shell:Skip shell extension 'dsv' for command environment
[0.614s] DEBUG:colcon.colcon_core.event_handler.log_command:Invoking command in '/home/asambhav/vtol_ws_clean/build/vtol_description': CMAKE_PREFIX_PATH=${CMAKE_PREFIX_PATH}:/home/asambhav/vtol_ws/install/vtol_testbench:/home/asambhav/vtol_ws/install/vtol_plant:/home/asambhav/vtol_ws/install/vtol_planner:/home/asambhav/vtol_ws/install/vtol_dynamics:/home/asambhav/vtol_ws/install/vtol_controller:/home/asambhav/vtol_ws/install/state_estimator:/home/asambhav/vtol_ws/install/sensor_simulator:/home/asambhav/e-yantra_ws/install/task_1:/opt/ros/humble /usr/bin/cmake --build /home/asambhav/vtol_ws_clean/build/vtol_description -- -j18 -l18
[0.750s] INFO:colcon.colcon_core.task.python.build:Building Python package in '/home/asambhav/vtol_ws_clean/src/vtol_dynamics'
[0.750s] INFO:colcon.colcon_core.shell:Skip shell extension 'powershell' for command environment: Not usable outside of PowerShell
[0.750s] DEBUG:colcon.colcon_core.shell:Skip shell extension 'dsv' for command environment
[0.756s] DEBUG:colcon.colcon_core.event_handler.log_command:Invoking command in '/home/asambhav/vtol_ws_clean/build/vtol_gazebo_plugins': CMAKE_PREFIX_PATH=${CMAKE_PREFIX_PATH}:/home/asambhav/vtol_ws/install/vtol_testbench:/home/asambhav/vtol_ws/install/vtol_plant:/home/asambhav/vtol_ws/install/vtol_planner:/home/asambhav/vtol_ws/install/vtol_dynamics:/home/asambhav/vtol_ws/install/vtol_controller:/home/asambhav/vtol_ws/install/state_estimator:/home/asambhav/vtol_ws/install/sensor_simulator:/home/asambhav/e-yantra_ws/install/task_1:/opt/ros/humble /usr/bin/cmake --build /home/asambhav/vtol_ws_clean/build/vtol_gazebo_plugins -- -j18 -l18
[0.898s] INFO:colcon.colcon_core.task.python.build:Building Python package in '/home/asambhav/vtol_ws_clean/src/vtol_planner'
[0.898s] INFO:colcon.colcon_core.shell:Skip shell extension 'powershell' for command environment: Not usable outside of PowerShell
[0.898s] DEBUG:colcon.colcon_core.shell:Skip shell extension 'dsv' for command environment
[1.082s] INFO:colcon.colcon_core.task.python.build:Building Python package in '/home/asambhav/vtol_ws_clean/src/vtol_plant'
[1.083s] INFO:colcon.colcon_core.shell:Skip shell extension 'powershell' for command environment: Not usable outside of PowerShell
[1.083s] DEBUG:colcon.colcon_core.shell:Skip shell extension 'dsv' for command environment
[1.093s] DEBUG:colcon.colcon_core.event_handler.log_command:Invoked command in '/home/asambhav/vtol_ws_clean/build/vtol_description' returned '0': CMAKE_PREFIX_PATH=${CMAKE_PREFIX_PATH}:/home/asambhav/vtol_ws/install/vtol_testbench:/home/asambhav/vtol_ws/install/vtol_plant:/home/asambhav/vtol_ws/install/vtol_planner:/home/asambhav/vtol_ws/install/vtol_dynamics:/home/asambhav/vtol_ws/install/vtol_controller:/home/asambhav/vtol_ws/install/state_estimator:/home/asambhav/vtol_ws/install/sensor_simulator:/home/asambhav/e-yantra_ws/install/task_1:/opt/ros/humble /usr/bin/cmake --build /home/asambhav/vtol_ws_clean/build/vtol_description -- -j18 -l18
[1.100s] DEBUG:colcon.colcon_core.event_handler.log_command:Invoking command in '/home/asambhav/vtol_ws_clean/build/vtol_description': CMAKE_PREFIX_PATH=${CMAKE_PREFIX_PATH}:/home/asambhav/vtol_ws/install/vtol_testbench:/home/asambhav/vtol_ws/install/vtol_plant:/home/asambhav/vtol_ws/install/vtol_planner:/home/asambhav/vtol_ws/install/vtol_dynamics:/home/asambhav/vtol_ws/install/vtol_controller:/home/asambhav/vtol_ws/install/state_estimator:/home/asambhav/vtol_ws/install/sensor_simulator:/home/asambhav/e-yantra_ws/install/task_1:/opt/ros/humble /usr/bin/cmake --install /home/asambhav/vtol_ws_clean/build/vtol_description
[1.241s] INFO:colcon.colcon_core.task.python.build:Building Python package in '/home/asambhav/vtol_ws_clean/src/vtol_testbench'
[1.242s] INFO:colcon.colcon_core.shell:Skip shell extension 'powershell' for command environment: Not usable outside of PowerShell
[1.242s] DEBUG:colcon.colcon_core.shell:Skip shell extension 'dsv' for command environment
[1.260s] Level 1:colcon.colcon_core.environment:create_environment_scripts_only(vtol_description)
[1.261s] DEBUG:colcon.colcon_core.event_handler.log_command:Invoked command in '/home/asambhav/vtol_ws_clean/build/vtol_description' returned '0': CMAKE_PREFIX_PATH=${CMAKE_PREFIX_PATH}:/home/asambhav/vtol_ws/install/vtol_testbench:/home/asambhav/vtol_ws/install/vtol_plant:/home/asambhav/vtol_ws/install/vtol_planner:/home/asambhav/vtol_ws/install/vtol_dynamics:/home/asambhav/vtol_ws/install/vtol_controller:/home/asambhav/vtol_ws/install/state_estimator:/home/asambhav/vtol_ws/install/sensor_simulator:/home/asambhav/e-yantra_ws/install/task_1:/opt/ros/humble /usr/bin/cmake --install /home/asambhav/vtol_ws_clean/build/vtol_description
[1.263s] Level 1:colcon.colcon_core.environment:checking '/home/asambhav/vtol_ws_clean/install/vtol_description' for CMake module files
[1.263s] Level 1:colcon.colcon_core.environment:checking '/home/asambhav/vtol_ws_clean/install/vtol_description' for CMake config files
[1.264s] Level 1:colcon.colcon_core.shell:create_environment_hook('vtol_description', 'cmake_prefix_path')
[1.264s] INFO:colcon.colcon_core.shell:Creating environment hook '/home/asambhav/vtol_ws_clean/install/vtol_description/share/vtol_description/hook/cmake_prefix_path.ps1'
[1.265s] INFO:colcon.colcon_core.shell:Creating environment descriptor '/home/asambhav/vtol_ws_clean/install/vtol_description/share/vtol_description/hook/cmake_prefix_path.dsv'
[1.265s] INFO:colcon.colcon_core.shell:Creating environment hook '/home/asambhav/vtol_ws_clean/install/vtol_description/share/vtol_description/hook/cmake_prefix_path.sh'
[1.266s] Level 1:colcon.colcon_core.environment:checking '/home/asambhav/vtol_ws_clean/install/vtol_description/bin'
[1.266s] Level 1:colcon.colcon_core.environment:checking '/home/asambhav/vtol_ws_clean/install/vtol_description/lib/pkgconfig/vtol_description.pc'
[1.266s] Level 1:colcon.colcon_core.environment:checking '/home/asambhav/vtol_ws_clean/install/vtol_description/lib/python3.10/site-packages'
[1.267s] Level 1:colcon.colcon_core.environment:checking '/home/asambhav/vtol_ws_clean/install/vtol_description/bin'
[1.267s] INFO:colcon.colcon_core.shell:Creating package script '/home/asambhav/vtol_ws_clean/install/vtol_description/share/vtol_description/package.ps1'
[1.269s] INFO:colcon.colcon_core.shell:Creating package descriptor '/home/asambhav/vtol_ws_clean/install/vtol_description/share/vtol_description/package.dsv'
[1.270s] INFO:colcon.colcon_core.shell:Creating package script '/home/asambhav/vtol_ws_clean/install/vtol_description/share/vtol_description/package.sh'
[1.270s] INFO:colcon.colcon_core.shell:Creating package script '/home/asambhav/vtol_ws_clean/install/vtol_description/share/vtol_description/package.bash'
[1.271s] INFO:colcon.colcon_core.shell:Creating package script '/home/asambhav/vtol_ws_clean/install/vtol_description/share/vtol_description/package.zsh'
[1.272s] Level 1:colcon.colcon_core.environment:create_file_with_runtime_dependencies(/home/asambhav/vtol_ws_clean/install/vtol_description/share/colcon-core/packages/vtol_description)
[1.273s] Level 1:colcon.colcon_core.environment:create_environment_scripts_only(vtol_description)
[1.273s] Level 1:colcon.colcon_core.environment:checking '/home/asambhav/vtol_ws_clean/install/vtol_description' for CMake module files
[1.273s] Level 1:colcon.colcon_core.environment:checking '/home/asambhav/vtol_ws_clean/install/vtol_description' for CMake config files
[1.273s] Level 1:colcon.colcon_core.shell:create_environment_hook('vtol_description', 'cmake_prefix_path')
[1.274s] INFO:colcon.colcon_core.shell:Creating environment hook '/home/asambhav/vtol_ws_clean/install/vtol_description/share/vtol_description/hook/cmake_prefix_path.ps1'
[1.274s] INFO:colcon.colcon_core.shell:Creating environment descriptor '/home/asambhav/vtol_ws_clean/install/vtol_description/share/vtol_description/hook/cmake_prefix_path.dsv'
[1.274s] INFO:colcon.colcon_core.shell:Creating environment hook '/home/asambhav/vtol_ws_clean/install/vtol_description/share/vtol_description/hook/cmake_prefix_path.sh'
[1.274s] Level 1:colcon.colcon_core.environment:checking '/home/asambhav/vtol_ws_clean/install/vtol_description/bin'
[1.274s] Level 1:colcon.colcon_core.environment:checking '/home/asambhav/vtol_ws_clean/install/vtol_description/lib/pkgconfig/vtol_description.pc'
[1.275s] Level 1:colcon.colcon_core.environment:checking '/home/asambhav/vtol_ws_clean/install/vtol_description/lib/python3.10/site-packages'
[1.275s] Level 1:colcon.colcon_core.environment:checking '/home/asambhav/vtol_ws_clean/install/vtol_description/bin'
[1.275s] INFO:colcon.colcon_core.shell:Creating package script '/home/asambhav/vtol_ws_clean/install/vtol_description/share/vtol_description/package.ps1'
[1.275s] INFO:colcon.colcon_core.shell:Creating package descriptor '/home/asambhav/vtol_ws_clean/install/vtol_description/share/vtol_description/package.dsv'
[1.276s] INFO:colcon.colcon_core.shell:Creating package script '/home/asambhav/vtol_ws_clean/install/vtol_description/share/vtol_description/package.sh'
[1.276s] INFO:colcon.colcon_core.shell:Creating package script '/home/asambhav/vtol_ws_clean/install/vtol_description/share/vtol_description/package.bash'
[1.276s] INFO:colcon.colcon_core.shell:Creating package script '/home/asambhav/vtol_ws_clean/install/vtol_description/share/vtol_description/package.zsh'
[1.276s] Level 1:colcon.colcon_core.environment:create_file_with_runtime_dependencies(/home/asambhav/vtol_ws_clean/install/vtol_description/share/colcon-core/packages/vtol_description)
[1.591s] DEBUG:colcon.colcon_core.event_handler.log_command:Invoking command in '/home/asambhav/vtol_ws_clean/src/vtol_testbench': PYTHONPATH=/home/asambhav/vtol_ws_clean/build/vtol_testbench/prefix_override:/usr/lib/python3/dist-packages/colcon_core/task/python/colcon_distutils_commands:/home/asambhav/vtol_ws_clean/install/vtol_testbench/lib/python3.10/site-packages:${PYTHONPATH} /usr/bin/python3 -W ignore:setup.py install is deprecated -W ignore:easy_install command is deprecated setup.py egg_info --egg-base ../../build/vtol_testbench build --build-base /home/asambhav/vtol_ws_clean/build/vtol_testbench/build install --record /home/asambhav/vtol_ws_clean/build/vtol_testbench/install.log --single-version-externally-managed install_data
[1.615s] DEBUG:colcon.colcon_core.event_handler.log_command:Invoking command in '/home/asambhav/vtol_ws_clean/src/vtol_controller': PYTHONPATH=/home/asambhav/vtol_ws_clean/build/vtol_controller/prefix_override:/usr/lib/python3/dist-packages/colcon_core/task/python/colcon_distutils_commands:/home/asambhav/vtol_ws_clean/install/vtol_controller/lib/python3.10/site-packages:${PYTHONPATH} /usr/bin/python3 -W ignore:setup.py install is deprecated -W ignore:easy_install command is deprecated setup.py egg_info --egg-base ../../build/vtol_controller build --build-base /home/asambhav/vtol_ws_clean/build/vtol_controller/build install --record /home/asambhav/vtol_ws_clean/build/vtol_controller/install.log --single-version-externally-managed install_data
[1.665s] DEBUG:colcon.colcon_core.event_handler.log_command:Invoking command in '/home/asambhav/vtol_ws_clean/src/sensor_simulator': PYTHONPATH=/home/asambhav/vtol_ws_clean/build/sensor_simulator/prefix_override:/usr/lib/python3/dist-packages/colcon_core/task/python/colcon_distutils_commands:/home/asambhav/vtol_ws_clean/install/sensor_simulator/lib/python3.10/site-packages:${PYTHONPATH} /usr/bin/python3 -W ignore:setup.py install is deprecated -W ignore:easy_install command is deprecated setup.py egg_info --egg-base ../../build/sensor_simulator build --build-base /home/asambhav/vtol_ws_clean/build/sensor_simulator/build install --record /home/asambhav/vtol_ws_clean/build/sensor_simulator/install.log --single-version-externally-managed install_data
[1.702s] DEBUG:colcon.colcon_core.event_handler.log_command:Invoking command in '/home/asambhav/vtol_ws_clean/src/state_estimator': PYTHONPATH=/home/asambhav/vtol_ws_clean/build/state_estimator/prefix_override:/usr/lib/python3/dist-packages/colcon_core/task/python/colcon_distutils_commands:/home/asambhav/vtol_ws_clean/install/state_estimator/lib/python3.10/site-packages:${PYTHONPATH} /usr/bin/python3 -W ignore:setup.py install is deprecated -W ignore:easy_install command is deprecated setup.py egg_info --egg-base ../../build/state_estimator build --build-base /home/asambhav/vtol_ws_clean/build/state_estimator/build install --record /home/asambhav/vtol_ws_clean/build/state_estimator/install.log --single-version-externally-managed install_data
[1.857s] DEBUG:colcon.colcon_core.event_handler.log_command:Invoked command in '/home/asambhav/vtol_ws_clean/build/vtol_gazebo_plugins' returned '0': CMAKE_PREFIX_PATH=${CMAKE_PREFIX_PATH}:/home/asambhav/vtol_ws/install/vtol_testbench:/home/asambhav/vtol_ws/install/vtol_plant:/home/asambhav/vtol_ws/install/vtol_planner:/home/asambhav/vtol_ws/install/vtol_dynamics:/home/asambhav/vtol_ws/install/vtol_controller:/home/asambhav/vtol_ws/install/state_estimator:/home/asambhav/vtol_ws/install/sensor_simulator:/home/asambhav/e-yantra_ws/install/task_1:/opt/ros/humble /usr/bin/cmake --build /home/asambhav/vtol_ws_clean/build/vtol_gazebo_plugins -- -j18 -l18
[1.858s] DEBUG:colcon.colcon_core.event_handler.log_command:Invoking command in '/home/asambhav/vtol_ws_clean/build/vtol_gazebo_plugins': CMAKE_PREFIX_PATH=${CMAKE_PREFIX_PATH}:/home/asambhav/vtol_ws/install/vtol_testbench:/home/asambhav/vtol_ws/install/vtol_plant:/home/asambhav/vtol_ws/install/vtol_planner:/home/asambhav/vtol_ws/install/vtol_dynamics:/home/asambhav/vtol_ws/install/vtol_controller:/home/asambhav/vtol_ws/install/state_estimator:/home/asambhav/vtol_ws/install/sensor_simulator:/home/asambhav/e-yantra_ws/install/task_1:/opt/ros/humble /usr/bin/cmake --install /home/asambhav/vtol_ws_clean/build/vtol_gazebo_plugins
[1.863s] DEBUG:colcon.colcon_core.event_handler.log_command:Invoking command in '/home/asambhav/vtol_ws_clean/src/vtol_planner': PYTHONPATH=/home/asambhav/vtol_ws_clean/build/vtol_planner/prefix_override:/usr/lib/python3/dist-packages/colcon_core/task/python/colcon_distutils_commands:/home/asambhav/vtol_ws_clean/install/vtol_planner/lib/python3.10/site-packages:${PYTHONPATH} /usr/bin/python3 -W ignore:setup.py install is deprecated -W ignore:easy_install command is deprecated setup.py egg_info --egg-base ../../build/vtol_planner build --build-base /home/asambhav/vtol_ws_clean/build/vtol_planner/build install --record /home/asambhav/vtol_ws_clean/build/vtol_planner/install.log --single-version-externally-managed install_data
[1.866s] Level 1:colcon.colcon_core.environment:create_environment_scripts_only(vtol_gazebo_plugins)
[1.866s] Level 1:colcon.colcon_core.environment:checking '/home/asambhav/vtol_ws_clean/install/vtol_gazebo_plugins' for CMake module files
[1.867s] DEBUG:colcon.colcon_core.event_handler.log_command:Invoked command in '/home/asambhav/vtol_ws_clean/build/vtol_gazebo_plugins' returned '0': CMAKE_PREFIX_PATH=${CMAKE_PREFIX_PATH}:/home/asambhav/vtol_ws/install/vtol_testbench:/home/asambhav/vtol_ws/install/vtol_plant:/home/asambhav/vtol_ws/install/vtol_planner:/home/asambhav/vtol_ws/install/vtol_dynamics:/home/asambhav/vtol_ws/install/vtol_controller:/home/asambhav/vtol_ws/install/state_estimator:/home/asambhav/vtol_ws/install/sensor_simulator:/home/asambhav/e-yantra_ws/install/task_1:/opt/ros/humble /usr/bin/cmake --install /home/asambhav/vtol_ws_clean/build/vtol_gazebo_plugins
[1.867s] Level 1:colcon.colcon_core.environment:checking '/home/asambhav/vtol_ws_clean/install/vtol_gazebo_plugins' for CMake config files
[1.868s] Level 1:colcon.colcon_core.shell:create_environment_hook('vtol_gazebo_plugins', 'cmake_prefix_path')
[1.868s] INFO:colcon.colcon_core.shell:Creating environment hook '/home/asambhav/vtol_ws_clean/install/vtol_gazebo_plugins/share/vtol_gazebo_plugins/hook/cmake_prefix_path.ps1'
[1.868s] INFO:colcon.colcon_core.shell:Creating environment descriptor '/home/asambhav/vtol_ws_clean/install/vtol_gazebo_plugins/share/vtol_gazebo_plugins/hook/cmake_prefix_path.dsv'
[1.868s] INFO:colcon.colcon_core.shell:Creating environment hook '/home/asambhav/vtol_ws_clean/install/vtol_gazebo_plugins/share/vtol_gazebo_plugins/hook/cmake_prefix_path.sh'
[1.869s] Level 1:colcon.colcon_core.environment:checking '/home/asambhav/vtol_ws_clean/install/vtol_gazebo_plugins/lib'
[1.869s] Level 1:colcon.colcon_core.shell:create_environment_hook('vtol_gazebo_plugins', 'ld_library_path_lib')
[1.869s] INFO:colcon.colcon_core.shell:Creating environment hook '/home/asambhav/vtol_ws_clean/install/vtol_gazebo_plugins/share/vtol_gazebo_plugins/hook/ld_library_path_lib.ps1'
[1.869s] INFO:colcon.colcon_core.shell:Creating environment descriptor '/home/asambhav/vtol_ws_clean/install/vtol_gazebo_plugins/share/vtol_gazebo_plugins/hook/ld_library_path_lib.dsv'
[1.869s] INFO:colcon.colcon_core.shell:Creating environment hook '/home/asambhav/vtol_ws_clean/install/vtol_gazebo_plugins/share/vtol_gazebo_plugins/hook/ld_library_path_lib.sh'
[1.870s] Level 1:colcon.colcon_core.environment:checking '/home/asambhav/vtol_ws_clean/install/vtol_gazebo_plugins/bin'
[1.870s] Level 1:colcon.colcon_core.environment:checking '/home/asambhav/vtol_ws_clean/install/vtol_gazebo_plugins/lib/pkgconfig/vtol_gazebo_plugins.pc'
[1.870s] Level 1:colcon.colcon_core.environment:checking '/home/asambhav/vtol_ws_clean/install/vtol_gazebo_plugins/lib/python3.10/site-packages'
[1.870s] Level 1:colcon.colcon_core.environment:checking '/home/asambhav/vtol_ws_clean/install/vtol_gazebo_plugins/bin'
[1.870s] INFO:colcon.colcon_core.shell:Creating package script '/home/asambhav/vtol_ws_clean/install/vtol_gazebo_plugins/share/vtol_gazebo_plugins/package.ps1'
[1.871s] INFO:colcon.colcon_core.shell:Creating package descriptor '/home/asambhav/vtol_ws_clean/install/vtol_gazebo_plugins/share/vtol_gazebo_plugins/package.dsv'
[1.871s] INFO:colcon.colcon_core.shell:Creating package script '/home/asambhav/vtol_ws_clean/install/vtol_gazebo_plugins/share/vtol_gazebo_plugins/package.sh'
[1.871s] INFO:colcon.colcon_core.shell:Creating package script '/home/asambhav/vtol_ws_clean/install/vtol_gazebo_plugins/share/vtol_gazebo_plugins/package.bash'
[1.871s] INFO:colcon.colcon_core.shell:Creating package script '/home/asambhav/vtol_ws_clean/install/vtol_gazebo_plugins/share/vtol_gazebo_plugins/package.zsh'
[1.872s] Level 1:colcon.colcon_core.environment:create_file_with_runtime_dependencies(/home/asambhav/vtol_ws_clean/install/vtol_gazebo_plugins/share/colcon-core/packages/vtol_gazebo_plugins)
[1.872s] Level 1:colcon.colcon_core.environment:create_environment_scripts_only(vtol_gazebo_plugins)
[1.872s] Level 1:colcon.colcon_core.environment:checking '/home/asambhav/vtol_ws_clean/install/vtol_gazebo_plugins' for CMake module files
[1.872s] Level 1:colcon.colcon_core.environment:checking '/home/asambhav/vtol_ws_clean/install/vtol_gazebo_plugins' for CMake config files
[1.872s] Level 1:colcon.colcon_core.shell:create_environment_hook('vtol_gazebo_plugins', 'cmake_prefix_path')
[1.873s] INFO:colcon.colcon_core.shell:Creating environment hook '/home/asambhav/vtol_ws_clean/install/vtol_gazebo_plugins/share/vtol_gazebo_plugins/hook/cmake_prefix_path.ps1'
[1.873s] INFO:colcon.colcon_core.shell:Creating environment descriptor '/home/asambhav/vtol_ws_clean/install/vtol_gazebo_plugins/share/vtol_gazebo_plugins/hook/cmake_prefix_path.dsv'
[1.873s] INFO:colcon.colcon_core.shell:Creating environment hook '/home/asambhav/vtol_ws_clean/install/vtol_gazebo_plugins/share/vtol_gazebo_plugins/hook/cmake_prefix_path.sh'
[1.873s] Level 1:colcon.colcon_core.environment:checking '/home/asambhav/vtol_ws_clean/install/vtol_gazebo_plugins/lib'
[1.873s] Level 1:colcon.colcon_core.shell:create_environment_hook('vtol_gazebo_plugins', 'ld_library_path_lib')
[1.873s] INFO:colcon.colcon_core.shell:Creating environment hook '/home/asambhav/vtol_ws_clean/install/vtol_gazebo_plugins/share/vtol_gazebo_plugins/hook/ld_library_path_lib.ps1'
[1.874s] INFO:colcon.colcon_core.shell:Creating environment descriptor '/home/asambhav/vtol_ws_clean/install/vtol_gazebo_plugins/share/vtol_gazebo_plugins/hook/ld_library_path_lib.dsv'
[1.874s] INFO:colcon.colcon_core.shell:Creating environment hook '/home/asambhav/vtol_ws_clean/install/vtol_gazebo_plugins/share/vtol_gazebo_plugins/hook/ld_library_path_lib.sh'
[1.874s] Level 1:colcon.colcon_core.environment:checking '/home/asambhav/vtol_ws_clean/install/vtol_gazebo_plugins/bin'
[1.874s] Level 1:colcon.colcon_core.environment:checking '/home/asambhav/vtol_ws_clean/install/vtol_gazebo_plugins/lib/pkgconfig/vtol_gazebo_plugins.pc'
[1.874s] Level 1:colcon.colcon_core.environment:checking '/home/asambhav/vtol_ws_clean/install/vtol_gazebo_plugins/lib/python3.10/site-packages'
[1.874s] Level 1:colcon.colcon_core.environment:checking '/home/asambhav/vtol_ws_clean/install/vtol_gazebo_plugins/bin'
[1.875s] INFO:colcon.colcon_core.shell:Creating package script '/home/asambhav/vtol_ws_clean/install/vtol_gazebo_plugins/share/vtol_gazebo_plugins/package.ps1'
[1.875s] INFO:colcon.colcon_core.shell:Creating package descriptor '/home/asambhav/vtol_ws_clean/install/vtol_gazebo_plugins/share/vtol_gazebo_plugins/package.dsv'
[1.875s] INFO:colcon.colcon_core.shell:Creating package script '/home/asambhav/vtol_ws_clean/install/vtol_gazebo_plugins/share/vtol_gazebo_plugins/package.sh'
[1.876s] INFO:colcon.colcon_core.shell:Creating package script '/home/asambhav/vtol_ws_clean/install/vtol_gazebo_plugins/share/vtol_gazebo_plugins/package.bash'
[1.876s] INFO:colcon.colcon_core.shell:Creating package script '/home/asambhav/vtol_ws_clean/install/vtol_gazebo_plugins/share/vtol_gazebo_plugins/package.zsh'
[1.876s] Level 1:colcon.colcon_core.environment:create_file_with_runtime_dependencies(/home/asambhav/vtol_ws_clean/install/vtol_gazebo_plugins/share/colcon-core/packages/vtol_gazebo_plugins)
[1.879s] DEBUG:colcon.colcon_core.event_handler.log_command:Invoking command in '/home/asambhav/vtol_ws_clean/src/vtol_plant': PYTHONPATH=/home/asambhav/vtol_ws_clean/build/vtol_plant/prefix_override:/usr/lib/python3/dist-packages/colcon_core/task/python/colcon_distutils_commands:/home/asambhav/vtol_ws_clean/install/vtol_plant/lib/python3.10/site-packages:${PYTHONPATH} /usr/bin/python3 -W ignore:setup.py install is deprecated -W ignore:easy_install command is deprecated setup.py egg_info --egg-base ../../build/vtol_plant build --build-base /home/asambhav/vtol_ws_clean/build/vtol_plant/build install --record /home/asambhav/vtol_ws_clean/build/vtol_plant/install.log --single-version-externally-managed install_data
[1.884s] DEBUG:colcon.colcon_core.event_handler.log_command:Invoking command in '/home/asambhav/vtol_ws_clean/src/vtol_dynamics': PYTHONPATH=/home/asambhav/vtol_ws_clean/build/vtol_dynamics/prefix_override:/usr/lib/python3/dist-packages/colcon_core/task/python/colcon_distutils_commands:/home/asambhav/vtol_ws_clean/install/vtol_dynamics/lib/python3.10/site-packages:${PYTHONPATH} /usr/bin/python3 -W ignore:setup.py install is deprecated -W ignore:easy_install command is deprecated setup.py egg_info --egg-base ../../build/vtol_dynamics build --build-base /home/asambhav/vtol_ws_clean/build/vtol_dynamics/build install --record /home/asambhav/vtol_ws_clean/build/vtol_dynamics/install.log --single-version-externally-managed install_data
[2.061s] Level 1:colcon.colcon_core.environment:checking '/home/asambhav/vtol_ws_clean/install/vtol_testbench' for CMake module files
[2.062s] DEBUG:colcon.colcon_core.event_handler.log_command:Invoked command in '/home/asambhav/vtol_ws_clean/src/vtol_testbench' returned '0': PYTHONPATH=/home/asambhav/vtol_ws_clean/build/vtol_testbench/prefix_override:/usr/lib/python3/dist-packages/colcon_core/task/python/colcon_distutils_commands:/home/asambhav/vtol_ws_clean/install/vtol_testbench/lib/python3.10/site-packages:${PYTHONPATH} /usr/bin/python3 -W ignore:setup.py install is deprecated -W ignore:easy_install command is deprecated setup.py egg_info --egg-base ../../build/vtol_testbench build --build-base /home/asambhav/vtol_ws_clean/build/vtol_testbench/build install --record /home/asambhav/vtol_ws_clean/build/vtol_testbench/install.log --single-version-externally-managed install_data
[2.062s] Level 1:colcon.colcon_core.environment:checking '/home/asambhav/vtol_ws_clean/install/vtol_testbench' for CMake config files
[2.063s] Level 1:colcon.colcon_core.environment:checking '/home/asambhav/vtol_ws_clean/install/vtol_testbench/lib'
[2.063s] Level 1:colcon.colcon_core.environment:checking '/home/asambhav/vtol_ws_clean/install/vtol_testbench/bin'
[2.063s] Level 1:colcon.colcon_core.environment:checking '/home/asambhav/vtol_ws_clean/install/vtol_testbench/lib/pkgconfig/vtol_testbench.pc'
[2.063s] Level 1:colcon.colcon_core.environment:checking '/home/asambhav/vtol_ws_clean/install/vtol_testbench/lib/python3.10/site-packages'
[2.063s] Level 1:colcon.colcon_core.shell:create_environment_hook('vtol_testbench', 'pythonpath')
[2.064s] INFO:colcon.colcon_core.shell:Creating environment hook '/home/asambhav/vtol_ws_clean/install/vtol_testbench/share/vtol_testbench/hook/pythonpath.ps1'
[2.065s] INFO:colcon.colcon_core.shell:Creating environment descriptor '/home/asambhav/vtol_ws_clean/install/vtol_testbench/share/vtol_testbench/hook/pythonpath.dsv'
[2.066s] INFO:colcon.colcon_core.shell:Creating environment hook '/home/asambhav/vtol_ws_clean/install/vtol_testbench/share/vtol_testbench/hook/pythonpath.sh'
[2.067s] Level 1:colcon.colcon_core.environment:checking '/home/asambhav/vtol_ws_clean/install/vtol_testbench/bin'
[2.067s] Level 1:colcon.colcon_core.environment:create_environment_scripts_only(vtol_testbench)
[2.068s] INFO:colcon.colcon_core.shell:Creating package script '/home/asambhav/vtol_ws_clean/install/vtol_testbench/share/vtol_testbench/package.ps1'
[2.069s] INFO:colcon.colcon_core.shell:Creating package descriptor '/home/asambhav/vtol_ws_clean/install/vtol_testbench/share/vtol_testbench/package.dsv'
[2.070s] INFO:colcon.colcon_core.shell:Creating package script '/home/asambhav/vtol_ws_clean/install/vtol_testbench/share/vtol_testbench/package.sh'
[2.070s] INFO:colcon.colcon_core.shell:Creating package script '/home/asambhav/vtol_ws_clean/install/vtol_testbench/share/vtol_testbench/package.bash'
[2.071s] INFO:colcon.colcon_core.shell:Creating package script '/home/asambhav/vtol_ws_clean/install/vtol_testbench/share/vtol_testbench/package.zsh'
[2.071s] Level 1:colcon.colcon_core.environment:create_file_with_runtime_dependencies(/home/asambhav/vtol_ws_clean/install/vtol_testbench/share/colcon-core/packages/vtol_testbench)
[2.097s] Level 1:colcon.colcon_core.environment:checking '/home/asambhav/vtol_ws_clean/install/vtol_controller' for CMake module files
[2.097s] DEBUG:colcon.colcon_core.event_handler.log_command:Invoked command in '/home/asambhav/vtol_ws_clean/src/vtol_controller' returned '0': PYTHONPATH=/home/asambhav/vtol_ws_clean/build/vtol_controller/prefix_override:/usr/lib/python3/dist-packages/colcon_core/task/python/colcon_distutils_commands:/home/asambhav/vtol_ws_clean/install/vtol_controller/lib/python3.10/site-packages:${PYTHONPATH} /usr/bin/python3 -W ignore:setup.py install is deprecated -W ignore:easy_install command is deprecated setup.py egg_info --egg-base ../../build/vtol_controller build --build-base /home/asambhav/vtol_ws_clean/build/vtol_controller/build install --record /home/asambhav/vtol_ws_clean/build/vtol_controller/install.log --single-version-externally-managed install_data
[2.098s] Level 1:colcon.colcon_core.environment:checking '/home/asambhav/vtol_ws_clean/install/vtol_controller' for CMake config files
[2.099s] Level 1:colcon.colcon_core.environment:checking '/home/asambhav/vtol_ws_clean/install/vtol_controller/lib'
[2.099s] Level 1:colcon.colcon_core.environment:checking '/home/asambhav/vtol_ws_clean/install/vtol_controller/bin'
[2.099s] Level 1:colcon.colcon_core.environment:checking '/home/asambhav/vtol_ws_clean/install/vtol_controller/lib/pkgconfig/vtol_controller.pc'
[2.099s] Level 1:colcon.colcon_core.environment:checking '/home/asambhav/vtol_ws_clean/install/vtol_controller/lib/python3.10/site-packages'
[2.099s] Level 1:colcon.colcon_core.shell:create_environment_hook('vtol_controller', 'pythonpath')
[2.100s] INFO:colcon.colcon_core.shell:Creating environment hook '/home/asambhav/vtol_ws_clean/install/vtol_controller/share/vtol_controller/hook/pythonpath.ps1'
[2.100s] INFO:colcon.colcon_core.shell:Creating environment descriptor '/home/asambhav/vtol_ws_clean/install/vtol_controller/share/vtol_controller/hook/pythonpath.dsv'
[2.101s] INFO:colcon.colcon_core.shell:Creating environment hook '/home/asambhav/vtol_ws_clean/install/vtol_controller/share/vtol_controller/hook/pythonpath.sh'
[2.102s] Level 1:colcon.colcon_core.environment:checking '/home/asambhav/vtol_ws_clean/install/vtol_controller/bin'
[2.102s] Level 1:colcon.colcon_core.environment:create_environment_scripts_only(vtol_controller)
[2.102s] INFO:colcon.colcon_core.shell:Creating package script '/home/asambhav/vtol_ws_clean/install/vtol_controller/share/vtol_controller/package.ps1'
[2.103s] INFO:colcon.colcon_core.shell:Creating package descriptor '/home/asambhav/vtol_ws_clean/install/vtol_controller/share/vtol_controller/package.dsv'
[2.103s] INFO:colcon.colcon_core.shell:Creating package script '/home/asambhav/vtol_ws_clean/install/vtol_controller/share/vtol_controller/package.sh'
[2.103s] INFO:colcon.colcon_core.shell:Creating package script '/home/asambhav/vtol_ws_clean/install/vtol_controller/share/vtol_controller/package.bash'
[2.103s] INFO:colcon.colcon_core.shell:Creating package script '/home/asambhav/vtol_ws_clean/install/vtol_controller/share/vtol_controller/package.zsh'
[2.104s] Level 1:colcon.colcon_core.environment:create_file_with_runtime_dependencies(/home/asambhav/vtol_ws_clean/install/vtol_controller/share/colcon-core/packages/vtol_controller)
[2.105s] Level 1:colcon.colcon_core.environment:checking '/home/asambhav/vtol_ws_clean/install/state_estimator' for CMake module files
[2.106s] DEBUG:colcon.colcon_core.event_handler.log_command:Invoked command in '/home/asambhav/vtol_ws_clean/src/state_estimator' returned '0': PYTHONPATH=/home/asambhav/vtol_ws_clean/build/state_estimator/prefix_override:/usr/lib/python3/dist-packages/colcon_core/task/python/colcon_distutils_commands:/home/asambhav/vtol_ws_clean/install/state_estimator/lib/python3.10/site-packages:${PYTHONPATH} /usr/bin/python3 -W ignore:setup.py install is deprecated -W ignore:easy_install command is deprecated setup.py egg_info --egg-base ../../build/state_estimator build --build-base /home/asambhav/vtol_ws_clean/build/state_estimator/build install --record /home/asambhav/vtol_ws_clean/build/state_estimator/install.log --single-version-externally-managed install_data
[2.106s] Level 1:colcon.colcon_core.environment:checking '/home/asambhav/vtol_ws_clean/install/state_estimator' for CMake config files
[2.107s] Level 1:colcon.colcon_core.environment:checking '/home/asambhav/vtol_ws_clean/install/state_estimator/lib'
[2.107s] Level 1:colcon.colcon_core.environment:checking '/home/asambhav/vtol_ws_clean/install/state_estimator/bin'
[2.107s] Level 1:colcon.colcon_core.environment:checking '/home/asambhav/vtol_ws_clean/install/state_estimator/lib/pkgconfig/state_estimator.pc'
[2.108s] Level 1:colcon.colcon_core.environment:checking '/home/asambhav/vtol_ws_clean/install/state_estimator/lib/python3.10/site-packages'
[2.108s] Level 1:colcon.colcon_core.shell:create_environment_hook('state_estimator', 'pythonpath')
[2.108s] INFO:colcon.colcon_core.shell:Creating environment hook '/home/asambhav/vtol_ws_clean/install/state_estimator/share/state_estimator/hook/pythonpath.ps1'
[2.109s] INFO:colcon.colcon_core.shell:Creating environment descriptor '/home/asambhav/vtol_ws_clean/install/state_estimator/share/state_estimator/hook/pythonpath.dsv'
[2.109s] INFO:colcon.colcon_core.shell:Creating environment hook '/home/asambhav/vtol_ws_clean/install/state_estimator/share/state_estimator/hook/pythonpath.sh'
[2.110s] Level 1:colcon.colcon_core.environment:checking '/home/asambhav/vtol_ws_clean/install/state_estimator/bin'
[2.110s] Level 1:colcon.colcon_core.environment:create_environment_scripts_only(state_estimator)
[2.111s] INFO:colcon.colcon_core.shell:Creating package script '/home/asambhav/vtol_ws_clean/install/state_estimator/share/state_estimator/package.ps1'
[2.111s] INFO:colcon.colcon_core.shell:Creating package descriptor '/home/asambhav/vtol_ws_clean/install/state_estimator/share/state_estimator/package.dsv'
[2.112s] INFO:colcon.colcon_core.shell:Creating package script '/home/asambhav/vtol_ws_clean/install/state_estimator/share/state_estimator/package.sh'
[2.112s] INFO:colcon.colcon_core.shell:Creating package script '/home/asambhav/vtol_ws_clean/install/state_estimator/share/state_estimator/package.bash'
[2.113s] INFO:colcon.colcon_core.shell:Creating package script '/home/asambhav/vtol_ws_clean/install/state_estimator/share/state_estimator/package.zsh'
[2.113s] Level 1:colcon.colcon_core.environment:create_file_with_runtime_dependencies(/home/asambhav/vtol_ws_clean/install/state_estimator/share/colcon-core/packages/state_estimator)
[2.150s] Level 1:colcon.colcon_core.environment:checking '/home/asambhav/vtol_ws_clean/install/sensor_simulator' for CMake module files
[2.151s] DEBUG:colcon.colcon_core.event_handler.log_command:Invoked command in '/home/asambhav/vtol_ws_clean/src/sensor_simulator' returned '0': PYTHONPATH=/home/asambhav/vtol_ws_clean/build/sensor_simulator/prefix_override:/usr/lib/python3/dist-packages/colcon_core/task/python/colcon_distutils_commands:/home/asambhav/vtol_ws_clean/install/sensor_simulator/lib/python3.10/site-packages:${PYTHONPATH} /usr/bin/python3 -W ignore:setup.py install is deprecated -W ignore:easy_install command is deprecated setup.py egg_info --egg-base ../../build/sensor_simulator build --build-base /home/asambhav/vtol_ws_clean/build/sensor_simulator/build install --record /home/asambhav/vtol_ws_clean/build/sensor_simulator/install.log --single-version-externally-managed install_data
[2.152s] Level 1:colcon.colcon_core.environment:checking '/home/asambhav/vtol_ws_clean/install/sensor_simulator' for CMake config files
[2.152s] Level 1:colcon.colcon_core.environment:checking '/home/asambhav/vtol_ws_clean/install/sensor_simulator/lib'
[2.152s] Level 1:colcon.colcon_core.environment:checking '/home/asambhav/vtol_ws_clean/install/sensor_simulator/bin'
[2.152s] Level 1:colcon.colcon_core.environment:checking '/home/asambhav/vtol_ws_clean/install/sensor_simulator/lib/pkgconfig/sensor_simulator.pc'
[2.153s] Level 1:colcon.colcon_core.environment:checking '/home/asambhav/vtol_ws_clean/install/sensor_simulator/lib/python3.10/site-packages'
[2.153s] Level 1:colcon.colcon_core.shell:create_environment_hook('sensor_simulator', 'pythonpath')
[2.153s] INFO:colcon.colcon_core.shell:Creating environment hook '/home/asambhav/vtol_ws_clean/install/sensor_simulator/share/sensor_simulator/hook/pythonpath.ps1'
[2.154s] INFO:colcon.colcon_core.shell:Creating environment descriptor '/home/asambhav/vtol_ws_clean/install/sensor_simulator/share/sensor_simulator/hook/pythonpath.dsv'
[2.154s] INFO:colcon.colcon_core.shell:Creating environment hook '/home/asambhav/vtol_ws_clean/install/sensor_simulator/share/sensor_simulator/hook/pythonpath.sh'
[2.155s] Level 1:colcon.colcon_core.environment:checking '/home/asambhav/vtol_ws_clean/install/sensor_simulator/bin'
[2.155s] Level 1:colcon.colcon_core.environment:create_environment_scripts_only(sensor_simulator)
[2.155s] INFO:colcon.colcon_core.shell:Creating package script '/home/asambhav/vtol_ws_clean/install/sensor_simulator/share/sensor_simulator/package.ps1'
[2.156s] INFO:colcon.colcon_core.shell:Creating package descriptor '/home/asambhav/vtol_ws_clean/install/sensor_simulator/share/sensor_simulator/package.dsv'
[2.157s] INFO:colcon.colcon_core.shell:Creating package script '/home/asambhav/vtol_ws_clean/install/sensor_simulator/share/sensor_simulator/package.sh'
[2.157s] INFO:colcon.colcon_core.shell:Creating package script '/home/asambhav/vtol_ws_clean/install/sensor_simulator/share/sensor_simulator/package.bash'
[2.157s] INFO:colcon.colcon_core.shell:Creating package script '/home/asambhav/vtol_ws_clean/install/sensor_simulator/share/sensor_simulator/package.zsh'
[2.158s] Level 1:colcon.colcon_core.environment:create_file_with_runtime_dependencies(/home/asambhav/vtol_ws_clean/install/sensor_simulator/share/colcon-core/packages/sensor_simulator)
[2.173s] Level 1:colcon.colcon_core.environment:checking '/home/asambhav/vtol_ws_clean/install/vtol_dynamics' for CMake module files
[2.174s] DEBUG:colcon.colcon_core.event_handler.log_command:Invoked command in '/home/asambhav/vtol_ws_clean/src/vtol_dynamics' returned '0': PYTHONPATH=/home/asambhav/vtol_ws_clean/build/vtol_dynamics/prefix_override:/usr/lib/python3/dist-packages/colcon_core/task/python/colcon_distutils_commands:/home/asambhav/vtol_ws_clean/install/vtol_dynamics/lib/python3.10/site-packages:${PYTHONPATH} /usr/bin/python3 -W ignore:setup.py install is deprecated -W ignore:easy_install command is deprecated setup.py egg_info --egg-base ../../build/vtol_dynamics build --build-base /home/asambhav/vtol_ws_clean/build/vtol_dynamics/build install --record /home/asambhav/vtol_ws_clean/build/vtol_dynamics/install.log --single-version-externally-managed install_data
[2.174s] Level 1:colcon.colcon_core.environment:checking '/home/asambhav/vtol_ws_clean/install/vtol_dynamics' for CMake config files
[2.175s] Level 1:colcon.colcon_core.environment:checking '/home/asambhav/vtol_ws_clean/install/vtol_dynamics/lib'
[2.175s] Level 1:colcon.colcon_core.environment:checking '/home/asambhav/vtol_ws_clean/install/vtol_dynamics/bin'
[2.175s] Level 1:colcon.colcon_core.environment:checking '/home/asambhav/vtol_ws_clean/install/vtol_dynamics/lib/pkgconfig/vtol_dynamics.pc'
[2.175s] Level 1:colcon.colcon_core.environment:checking '/home/asambhav/vtol_ws_clean/install/vtol_dynamics/lib/python3.10/site-packages'
[2.175s] Level 1:colcon.colcon_core.shell:create_environment_hook('vtol_dynamics', 'pythonpath')
[2.175s] INFO:colcon.colcon_core.shell:Creating environment hook '/home/asambhav/vtol_ws_clean/install/vtol_dynamics/share/vtol_dynamics/hook/pythonpath.ps1'
[2.175s] INFO:colcon.colcon_core.shell:Creating environment descriptor '/home/asambhav/vtol_ws_clean/install/vtol_dynamics/share/vtol_dynamics/hook/pythonpath.dsv'
[2.175s] INFO:colcon.colcon_core.shell:Creating environment hook '/home/asambhav/vtol_ws_clean/install/vtol_dynamics/share/vtol_dynamics/hook/pythonpath.sh'
[2.176s] Level 1:colcon.colcon_core.environment:checking '/home/asambhav/vtol_ws_clean/install/vtol_dynamics/bin'
[2.176s] Level 1:colcon.colcon_core.environment:create_environment_scripts_only(vtol_dynamics)
[2.176s] INFO:colcon.colcon_core.shell:Creating package script '/home/asambhav/vtol_ws_clean/install/vtol_dynamics/share/vtol_dynamics/package.ps1'
[2.177s] INFO:colcon.colcon_core.shell:Creating package descriptor '/home/asambhav/vtol_ws_clean/install/vtol_dynamics/share/vtol_dynamics/package.dsv'
[2.177s] INFO:colcon.colcon_core.shell:Creating package script '/home/asambhav/vtol_ws_clean/install/vtol_dynamics/share/vtol_dynamics/package.sh'
[2.177s] INFO:colcon.colcon_core.shell:Creating package script '/home/asambhav/vtol_ws_clean/install/vtol_dynamics/share/vtol_dynamics/package.bash'
[2.177s] INFO:colcon.colcon_core.shell:Creating package script '/home/asambhav/vtol_ws_clean/install/vtol_dynamics/share/vtol_dynamics/package.zsh'
[2.177s] Level 1:colcon.colcon_core.environment:create_file_with_runtime_dependencies(/home/asambhav/vtol_ws_clean/install/vtol_dynamics/share/colcon-core/packages/vtol_dynamics)
[2.249s] Level 1:colcon.colcon_core.environment:checking '/home/asambhav/vtol_ws_clean/install/vtol_plant' for CMake module files
[2.250s] DEBUG:colcon.colcon_core.event_handler.log_command:Invoked command in '/home/asambhav/vtol_ws_clean/src/vtol_plant' returned '0': PYTHONPATH=/home/asambhav/vtol_ws_clean/build/vtol_plant/prefix_override:/usr/lib/python3/dist-packages/colcon_core/task/python/colcon_distutils_commands:/home/asambhav/vtol_ws_clean/install/vtol_plant/lib/python3.10/site-packages:${PYTHONPATH} /usr/bin/python3 -W ignore:setup.py install is deprecated -W ignore:easy_install command is deprecated setup.py egg_info --egg-base ../../build/vtol_plant build --build-base /home/asambhav/vtol_ws_clean/build/vtol_plant/build install --record /home/asambhav/vtol_ws_clean/build/vtol_plant/install.log --single-version-externally-managed install_data
[2.250s] Level 1:colcon.colcon_core.environment:checking '/home/asambhav/vtol_ws_clean/install/vtol_plant' for CMake config files
[2.250s] Level 1:colcon.colcon_core.environment:checking '/home/asambhav/vtol_ws_clean/install/vtol_plant/lib'
[2.250s] Level 1:colcon.colcon_core.environment:checking '/home/asambhav/vtol_ws_clean/install/vtol_plant/bin'
[2.250s] Level 1:colcon.colcon_core.environment:checking '/home/asambhav/vtol_ws_clean/install/vtol_plant/lib/pkgconfig/vtol_plant.pc'
[2.251s] Level 1:colcon.colcon_core.environment:checking '/home/asambhav/vtol_ws_clean/install/vtol_plant/lib/python3.10/site-packages'
[2.251s] Level 1:colcon.colcon_core.shell:create_environment_hook('vtol_plant', 'pythonpath')
[2.251s] INFO:colcon.colcon_core.shell:Creating environment hook '/home/asambhav/vtol_ws_clean/install/vtol_plant/share/vtol_plant/hook/pythonpath.ps1'
[2.251s] INFO:colcon.colcon_core.shell:Creating environment descriptor '/home/asambhav/vtol_ws_clean/install/vtol_plant/share/vtol_plant/hook/pythonpath.dsv'
[2.251s] INFO:colcon.colcon_core.shell:Creating environment hook '/home/asambhav/vtol_ws_clean/install/vtol_plant/share/vtol_plant/hook/pythonpath.sh'
[2.252s] Level 1:colcon.colcon_core.environment:checking '/home/asambhav/vtol_ws_clean/install/vtol_plant/bin'
[2.252s] Level 1:colcon.colcon_core.environment:create_environment_scripts_only(vtol_plant)
[2.252s] INFO:colcon.colcon_core.shell:Creating package script '/home/asambhav/vtol_ws_clean/install/vtol_plant/share/vtol_plant/package.ps1'
[2.252s] INFO:colcon.colcon_core.shell:Creating package descriptor '/home/asambhav/vtol_ws_clean/install/vtol_plant/share/vtol_plant/package.dsv'
[2.253s] INFO:colcon.colcon_core.shell:Creating package script '/home/asambhav/vtol_ws_clean/install/vtol_plant/share/vtol_plant/package.sh'
[2.253s] INFO:colcon.colcon_core.shell:Creating package script '/home/asambhav/vtol_ws_clean/install/vtol_plant/share/vtol_plant/package.bash'
[2.253s] INFO:colcon.colcon_core.shell:Creating package script '/home/asambhav/vtol_ws_clean/install/vtol_plant/share/vtol_plant/package.zsh'
[2.253s] Level 1:colcon.colcon_core.environment:create_file_with_runtime_dependencies(/home/asambhav/vtol_ws_clean/install/vtol_plant/share/colcon-core/packages/vtol_plant)
[2.274s] Level 1:colcon.colcon_core.environment:checking '/home/asambhav/vtol_ws_clean/install/vtol_planner' for CMake module files
[2.275s] DEBUG:colcon.colcon_core.event_handler.log_command:Invoked command in '/home/asambhav/vtol_ws_clean/src/vtol_planner' returned '0': PYTHONPATH=/home/asambhav/vtol_ws_clean/build/vtol_planner/prefix_override:/usr/lib/python3/dist-packages/colcon_core/task/python/colcon_distutils_commands:/home/asambhav/vtol_ws_clean/install/vtol_planner/lib/python3.10/site-packages:${PYTHONPATH} /usr/bin/python3 -W ignore:setup.py install is deprecated -W ignore:easy_install command is deprecated setup.py egg_info --egg-base ../../build/vtol_planner build --build-base /home/asambhav/vtol_ws_clean/build/vtol_planner/build install --record /home/asambhav/vtol_ws_clean/build/vtol_planner/install.log --single-version-externally-managed install_data
[2.275s] Level 1:colcon.colcon_core.environment:checking '/home/asambhav/vtol_ws_clean/install/vtol_planner' for CMake config files
[2.275s] Level 1:colcon.colcon_core.environment:checking '/home/asambhav/vtol_ws_clean/install/vtol_planner/lib'
[2.275s] Level 1:colcon.colcon_core.environment:checking '/home/asambhav/vtol_ws_clean/install/vtol_planner/bin'
[2.275s] Level 1:colcon.colcon_core.environment:checking '/home/asambhav/vtol_ws_clean/install/vtol_planner/lib/pkgconfig/vtol_planner.pc'
[2.275s] Level 1:colcon.colcon_core.environment:checking '/home/asambhav/vtol_ws_clean/install/vtol_planner/lib/python3.10/site-packages'
[2.275s] Level 1:colcon.colcon_core.shell:create_environment_hook('vtol_planner', 'pythonpath')
[2.276s] INFO:colcon.colcon_core.shell:Creating environment hook '/home/asambhav/vtol_ws_clean/install/vtol_planner/share/vtol_planner/hook/pythonpath.ps1'
[2.276s] INFO:colcon.colcon_core.shell:Creating environment descriptor '/home/asambhav/vtol_ws_clean/install/vtol_planner/share/vtol_planner/hook/pythonpath.dsv'
[2.276s] INFO:colcon.colcon_core.shell:Creating environment hook '/home/asambhav/vtol_ws_clean/install/vtol_planner/share/vtol_planner/hook/pythonpath.sh'
[2.277s] Level 1:colcon.colcon_core.environment:checking '/home/asambhav/vtol_ws_clean/install/vtol_planner/bin'
[2.277s] Level 1:colcon.colcon_core.environment:create_environment_scripts_only(vtol_planner)
[2.277s] INFO:colcon.colcon_core.shell:Creating package script '/home/asambhav/vtol_ws_clean/install/vtol_planner/share/vtol_planner/package.ps1'
[2.277s] INFO:colcon.colcon_core.shell:Creating package descriptor '/home/asambhav/vtol_ws_clean/install/vtol_planner/share/vtol_planner/package.dsv'
[2.278s] INFO:colcon.colcon_core.shell:Creating package script '/home/asambhav/vtol_ws_clean/install/vtol_planner/share/vtol_planner/package.sh'
[2.278s] INFO:colcon.colcon_core.shell:Creating package script '/home/asambhav/vtol_ws_clean/install/vtol_planner/share/vtol_planner/package.bash'
[2.278s] INFO:colcon.colcon_core.shell:Creating package script '/home/asambhav/vtol_ws_clean/install/vtol_planner/share/vtol_planner/package.zsh'
[2.278s] Level 1:colcon.colcon_core.environment:create_file_with_runtime_dependencies(/home/asambhav/vtol_ws_clean/install/vtol_planner/share/colcon-core/packages/vtol_planner)
[2.278s] DEBUG:colcon.colcon_parallel_executor.executor.parallel:closing loop
[2.279s] DEBUG:colcon.colcon_parallel_executor.executor.parallel:loop closed
[2.279s] DEBUG:colcon.colcon_parallel_executor.executor.parallel:run_until_complete finished with '0'
[2.279s] DEBUG:colcon.colcon_core.event_reactor:joining thread
[2.284s] INFO:colcon.colcon_core.plugin_system:Skipping extension 'colcon_notification.desktop_notification.terminal_notifier': Not used on non-Darwin systems
[2.285s] INFO:colcon.colcon_core.plugin_system:Skipping extension 'colcon_notification.desktop_notification.win32': Not used on non-Windows systems
[2.285s] INFO:colcon.colcon_notification.desktop_notification:Sending desktop notification using 'notify2'
[2.293s] DEBUG:colcon.colcon_core.event_reactor:joined thread
[2.293s] INFO:colcon.colcon_core.shell:Creating prefix script '/home/asambhav/vtol_ws_clean/install/local_setup.ps1'
[2.294s] INFO:colcon.colcon_core.shell:Creating prefix util module '/home/asambhav/vtol_ws_clean/install/_local_setup_util_ps1.py'
[2.295s] INFO:colcon.colcon_core.shell:Creating prefix chain script '/home/asambhav/vtol_ws_clean/install/setup.ps1'
[2.296s] INFO:colcon.colcon_core.shell:Creating prefix script '/home/asambhav/vtol_ws_clean/install/local_setup.sh'
[2.296s] INFO:colcon.colcon_core.shell:Creating prefix util module '/home/asambhav/vtol_ws_clean/install/_local_setup_util_sh.py'
[2.296s] INFO:colcon.colcon_core.shell:Creating prefix chain script '/home/asambhav/vtol_ws_clean/install/setup.sh'
[2.297s] INFO:colcon.colcon_core.shell:Creating prefix script '/home/asambhav/vtol_ws_clean/install/local_setup.bash'
[2.297s] INFO:colcon.colcon_core.shell:Creating prefix chain script '/home/asambhav/vtol_ws_clean/install/setup.bash'
[2.298s] INFO:colcon.colcon_core.shell:Creating prefix script '/home/asambhav/vtol_ws_clean/install/local_setup.zsh'
[2.298s] INFO:colcon.colcon_core.shell:Creating prefix chain script '/home/asambhav/vtol_ws_clean/install/setup.zsh'
