[0.431s] Invoking command in '/home/asambhav/vtol_ws/src/vtol_controller': PYTHONPATH=/home/asambhav/vtol_ws/build/vtol_controller/prefix_override:/usr/lib/python3/dist-packages/colcon_core/task/python/colcon_distutils_commands:/home/asambhav/vtol_ws/install/vtol_controller/lib/python3.10/site-packages:${PYTHONPATH} /usr/bin/python3 -W ignore:setup.py install is deprecated -W ignore:easy_install command is deprecated setup.py egg_info --egg-base ../../build/vtol_controller build --build-base /home/asambhav/vtol_ws/build/vtol_controller/build install --record /home/asambhav/vtol_ws/build/vtol_controller/install.log --single-version-externally-managed install_data
[0.581s] running egg_info
[0.589s] writing ../../build/vtol_controller/vtol_controller.egg-info/PKG-INFO
[0.590s] writing dependency_links to ../../build/vtol_controller/vtol_controller.egg-info/dependency_links.txt
[0.590s] writing entry points to ../../build/vtol_controller/vtol_controller.egg-info/entry_points.txt
[0.590s] writing requirements to ../../build/vtol_controller/vtol_controller.egg-info/requires.txt
[0.590s] writing top-level names to ../../build/vtol_controller/vtol_controller.egg-info/top_level.txt
[0.609s] reading manifest file '../../build/vtol_controller/vtol_controller.egg-info/SOURCES.txt'
[0.610s] writing manifest file '../../build/vtol_controller/vtol_controller.egg-info/SOURCES.txt'
[0.610s] running build
[0.610s] running build_py
[0.610s] copying vtol_controller/__init__.py -> /home/asambhav/vtol_ws/build/vtol_controller/build/lib/vtol_controller
[0.611s] copying vtol_controller/thrust_allocator.py -> /home/asambhav/vtol_ws/build/vtol_controller/build/lib/vtol_controller
[0.611s] running install
[0.612s] running install_lib
[0.622s] copying /home/asambhav/vtol_ws/build/vtol_controller/build/lib/vtol_controller/thrust_allocator.py -> /home/asambhav/vtol_ws/install/vtol_controller/lib/python3.10/site-packages/vtol_controller
[0.622s] byte-compiling /home/asambhav/vtol_ws/install/vtol_controller/lib/python3.10/site-packages/vtol_controller/thrust_allocator.py to thrust_allocator.cpython-310.pyc
[0.623s] running install_data
[0.623s] copying resource/vtol_controller -> /home/asambhav/vtol_ws/install/vtol_controller/share/ament_index/resource_index/packages
[0.623s] copying package.xml -> /home/asambhav/vtol_ws/install/vtol_controller/share/vtol_controller
[0.624s] copying config/controllers.yaml -> /home/asambhav/vtol_ws/install/vtol_controller/share/vtol_controller/config
[0.624s] running install_egg_info
[0.633s] removing '/home/asambhav/vtol_ws/install/vtol_controller/lib/python3.10/site-packages/vtol_controller-0.0.0-py3.10.egg-info' (and everything under it)
[0.634s] Copying ../../build/vtol_controller/vtol_controller.egg-info to /home/asambhav/vtol_ws/install/vtol_controller/lib/python3.10/site-packages/vtol_controller-0.0.0-py3.10.egg-info
[0.634s] running install_scripts
[0.653s] Installing thrust_allocator script to /home/asambhav/vtol_ws/install/vtol_controller/lib/vtol_controller
[0.654s] writing list of installed files to '/home/asambhav/vtol_ws/build/vtol_controller/install.log'
[0.669s] Invoked command in '/home/asambhav/vtol_ws/src/vtol_controller' returned '0': PYTHONPATH=/home/asambhav/vtol_ws/build/vtol_controller/prefix_override:/usr/lib/python3/dist-packages/colcon_core/task/python/colcon_distutils_commands:/home/asambhav/vtol_ws/install/vtol_controller/lib/python3.10/site-packages:${PYTHONPATH} /usr/bin/python3 -W ignore:setup.py install is deprecated -W ignore:easy_install command is deprecated setup.py egg_info --egg-base ../../build/vtol_controller build --build-base /home/asambhav/vtol_ws/build/vtol_controller/build install --record /home/asambhav/vtol_ws/build/vtol_controller/install.log --single-version-externally-managed install_data
