[1.551s] Invoking command in '/home/asambhav/vtol_ws_clean/src/vtol_dynamics': PYTHONPATH=/home/asambhav/vtol_ws_clean/build/vtol_dynamics/prefix_override:/usr/lib/python3/dist-packages/colcon_core/task/python/colcon_distutils_commands:/home/asambhav/vtol_ws_clean/install/vtol_dynamics/lib/python3.10/site-packages:${PYTHONPATH} /usr/bin/python3 -W ignore:setup.py install is deprecated -W ignore:easy_install command is deprecated setup.py egg_info --egg-base ../../build/vtol_dynamics build --build-base /home/asambhav/vtol_ws_clean/build/vtol_dynamics/build install --record /home/asambhav/vtol_ws_clean/build/vtol_dynamics/install.log --single-version-externally-managed install_data
[1.731s] running egg_info
[1.741s] writing ../../build/vtol_dynamics/vtol_dynamics.egg-info/PKG-INFO
[1.742s] writing dependency_links to ../../build/vtol_dynamics/vtol_dynamics.egg-info/dependency_links.txt
[1.742s] writing entry points to ../../build/vtol_dynamics/vtol_dynamics.egg-info/entry_points.txt
[1.742s] writing requirements to ../../build/vtol_dynamics/vtol_dynamics.egg-info/requires.txt
[1.743s] writing top-level names to ../../build/vtol_dynamics/vtol_dynamics.egg-info/top_level.txt
[1.787s] reading manifest file '../../build/vtol_dynamics/vtol_dynamics.egg-info/SOURCES.txt'
[1.788s] writing manifest file '../../build/vtol_dynamics/vtol_dynamics.egg-info/SOURCES.txt'
[1.788s] running build
[1.789s] running build_py
[1.789s] copying vtol_dynamics/vtol_dynamics_node.py -> /home/asambhav/vtol_ws_clean/build/vtol_dynamics/build/lib/vtol_dynamics
[1.789s] copying vtol_dynamics/__init__.py -> /home/asambhav/vtol_ws_clean/build/vtol_dynamics/build/lib/vtol_dynamics
[1.789s] running install
[1.794s] running install_lib
[1.814s] running install_data
[1.814s] copying resource/vtol_dynamics -> /home/asambhav/vtol_ws_clean/install/vtol_dynamics/share/ament_index/resource_index/packages
[1.814s] copying package.xml -> /home/asambhav/vtol_ws_clean/install/vtol_dynamics/share/vtol_dynamics
[1.815s] running install_egg_info
[1.835s] removing '/home/asambhav/vtol_ws_clean/install/vtol_dynamics/lib/python3.10/site-packages/vtol_dynamics-0.0.0-py3.10.egg-info' (and everything under it)
[1.835s] Copying ../../build/vtol_dynamics/vtol_dynamics.egg-info to /home/asambhav/vtol_ws_clean/install/vtol_dynamics/lib/python3.10/site-packages/vtol_dynamics-0.0.0-py3.10.egg-info
[1.836s] running install_scripts
[1.874s] Installing vtol_dynamics_node script to /home/asambhav/vtol_ws_clean/install/vtol_dynamics/lib/vtol_dynamics
[1.874s] writing list of installed files to '/home/asambhav/vtol_ws_clean/build/vtol_dynamics/install.log'
[1.892s] Invoked command in '/home/asambhav/vtol_ws_clean/src/vtol_dynamics' returned '0': PYTHONPATH=/home/asambhav/vtol_ws_clean/build/vtol_dynamics/prefix_override:/usr/lib/python3/dist-packages/colcon_core/task/python/colcon_distutils_commands:/home/asambhav/vtol_ws_clean/install/vtol_dynamics/lib/python3.10/site-packages:${PYTHONPATH} /usr/bin/python3 -W ignore:setup.py install is deprecated -W ignore:easy_install command is deprecated setup.py egg_info --egg-base ../../build/vtol_dynamics build --build-base /home/asambhav/vtol_ws_clean/build/vtol_dynamics/build install --record /home/asambhav/vtol_ws_clean/build/vtol_dynamics/install.log --single-version-externally-managed install_data
