running egg_info
writing ../../build/vtol_controller/vtol_controller.egg-info/PKG-INFO
writing dependency_links to ../../build/vtol_controller/vtol_controller.egg-info/dependency_links.txt
writing entry points to ../../build/vtol_controller/vtol_controller.egg-info/entry_points.txt
writing requirements to ../../build/vtol_controller/vtol_controller.egg-info/requires.txt
writing top-level names to ../../build/vtol_controller/vtol_controller.egg-info/top_level.txt
reading manifest file '../../build/vtol_controller/vtol_controller.egg-info/SOURCES.txt'
writing manifest file '../../build/vtol_controller/vtol_controller.egg-info/SOURCES.txt'
running build
running build_py
copying vtol_controller/__init__.py -> /home/asambhav/vtol_ws/build/vtol_controller/build/lib/vtol_controller
copying vtol_controller/thrust_allocator.py -> /home/asambhav/vtol_ws/build/vtol_controller/build/lib/vtol_controller
running install
running install_lib
copying /home/asambhav/vtol_ws/build/vtol_controller/build/lib/vtol_controller/thrust_allocator.py -> /home/asambhav/vtol_ws/install/vtol_controller/lib/python3.10/site-packages/vtol_controller
byte-compiling /home/asambhav/vtol_ws/install/vtol_controller/lib/python3.10/site-packages/vtol_controller/thrust_allocator.py to thrust_allocator.cpython-310.pyc
running install_data
copying resource/vtol_controller -> /home/asambhav/vtol_ws/install/vtol_controller/share/ament_index/resource_index/packages
copying package.xml -> /home/asambhav/vtol_ws/install/vtol_controller/share/vtol_controller
copying config/controllers.yaml -> /home/asambhav/vtol_ws/install/vtol_controller/share/vtol_controller/config
running install_egg_info
removing '/home/asambhav/vtol_ws/install/vtol_controller/lib/python3.10/site-packages/vtol_controller-0.0.0-py3.10.egg-info' (and everything under it)
Copying ../../build/vtol_controller/vtol_controller.egg-info to /home/asambhav/vtol_ws/install/vtol_controller/lib/python3.10/site-packages/vtol_controller-0.0.0-py3.10.egg-info
running install_scripts
Installing thrust_allocator script to /home/asambhav/vtol_ws/install/vtol_controller/lib/vtol_controller
writing list of installed files to '/home/asambhav/vtol_ws/build/vtol_controller/install.log'
