[1.008s] Invoking command in '/home/asambhav/vtol_ws/src/vtol_plant': PYTHONPATH=/home/asambhav/vtol_ws/build/vtol_plant/prefix_override:/usr/lib/python3/dist-packages/colcon_core/task/python/colcon_distutils_commands:/home/asambhav/vtol_ws/install/vtol_plant/lib/python3.10/site-packages:${PYTHONPATH} /usr/bin/python3 -W ignore:setup.py install is deprecated -W ignore:easy_install command is deprecated setup.py egg_info --egg-base ../../build/vtol_plant build --build-base /home/asambhav/vtol_ws/build/vtol_plant/build install --record /home/asambhav/vtol_ws/build/vtol_plant/install.log --single-version-externally-managed install_data
[1.161s] /home/asambhav/.local/lib/python3.10/site-packages/setuptools/_distutils/dist.py:289: UserWarning: Unknown distribution option: 'tests_require'
[1.161s]   warnings.warn(msg)
[1.260s] running egg_info
[1.279s] writing ../../build/vtol_plant/vtol_plant.egg-info/PKG-INFO
[1.279s] writing dependency_links to ../../build/vtol_plant/vtol_plant.egg-info/dependency_links.txt
[1.279s] writing entry points to ../../build/vtol_plant/vtol_plant.egg-info/entry_points.txt
[1.280s] writing requirements to ../../build/vtol_plant/vtol_plant.egg-info/requires.txt
[1.280s] writing top-level names to ../../build/vtol_plant/vtol_plant.egg-info/top_level.txt
[1.319s] reading manifest file '../../build/vtol_plant/vtol_plant.egg-info/SOURCES.txt'
[1.320s] writing manifest file '../../build/vtol_plant/vtol_plant.egg-info/SOURCES.txt'
[1.320s] running build
[1.320s] running build_py
[1.321s] copying vtol_plant/__init__.py -> /home/asambhav/vtol_ws/build/vtol_plant/build/lib/vtol_plant
[1.321s] copying vtol_plant/plant_node.py -> /home/asambhav/vtol_ws/build/vtol_plant/build/lib/vtol_plant
[1.321s] copying vtol_plant/allocator.py -> /home/asambhav/vtol_ws/build/vtol_plant/build/lib/vtol_plant
[1.321s] copying vtol_plant/parameter.py -> /home/asambhav/vtol_ws/build/vtol_plant/build/lib/vtol_plant
[1.321s] copying vtol_plant/dynamics.py -> /home/asambhav/vtol_ws/build/vtol_plant/build/lib/vtol_plant
[1.321s] copying vtol_plant/state_visualizer.py -> /home/asambhav/vtol_ws/build/vtol_plant/build/lib/vtol_plant
[1.322s] copying vtol_plant/integrator.py -> /home/asambhav/vtol_ws/build/vtol_plant/build/lib/vtol_plant
[1.322s] running install
[1.326s] running install_lib
[1.336s] copying /home/asambhav/vtol_ws/build/vtol_plant/build/lib/vtol_plant/dynamics.py -> /home/asambhav/vtol_ws/install/vtol_plant/lib/python3.10/site-packages/vtol_plant
[1.337s] byte-compiling /home/asambhav/vtol_ws/install/vtol_plant/lib/python3.10/site-packages/vtol_plant/dynamics.py to dynamics.cpython-310.pyc
[1.337s] running install_data
[1.337s] copying resource/vtol_plant -> /home/asambhav/vtol_ws/install/vtol_plant/share/ament_index/resource_index/packages
[1.337s] copying package.xml -> /home/asambhav/vtol_ws/install/vtol_plant/share/vtol_plant
[1.338s] running install_egg_info
[1.348s] removing '/home/asambhav/vtol_ws/install/vtol_plant/lib/python3.10/site-packages/vtol_plant-0.0.1-py3.10.egg-info' (and everything under it)
[1.348s] Copying ../../build/vtol_plant/vtol_plant.egg-info to /home/asambhav/vtol_ws/install/vtol_plant/lib/python3.10/site-packages/vtol_plant-0.0.1-py3.10.egg-info
[1.349s] running install_scripts
[1.369s] Installing plant_node script to /home/asambhav/vtol_ws/install/vtol_plant/lib/vtol_plant
[1.369s] Installing state_visualizer script to /home/asambhav/vtol_ws/install/vtol_plant/lib/vtol_plant
[1.369s] writing list of installed files to '/home/asambhav/vtol_ws/build/vtol_plant/install.log'
[1.390s] Invoked command in '/home/asambhav/vtol_ws/src/vtol_plant' returned '0': PYTHONPATH=/home/asambhav/vtol_ws/build/vtol_plant/prefix_override:/usr/lib/python3/dist-packages/colcon_core/task/python/colcon_distutils_commands:/home/asambhav/vtol_ws/install/vtol_plant/lib/python3.10/site-packages:${PYTHONPATH} /usr/bin/python3 -W ignore:setup.py install is deprecated -W ignore:easy_install command is deprecated setup.py egg_info --egg-base ../../build/vtol_plant build --build-base /home/asambhav/vtol_ws/build/vtol_plant/build install --record /home/asambhav/vtol_ws/build/vtol_plant/install.log --single-version-externally-managed install_data
