[0.487s] Invoking command in '/home/asambhav/vtol_ws/build/vtol_description': CMAKE_PREFIX_PATH=${CMAKE_PREFIX_PATH}:/home/asambhav/vtol_ws/install/state_estimator:/home/asambhav/vtol_ws/install/sensor_simulator:/home/asambhav/vtol_ws/install/vtol_testbench:/home/asambhav/vtol_ws/install/vtol_plant:/home/asambhav/vtol_ws/install/vtol_planner:/home/asambhav/vtol_ws/install/vtol_dynamics:/home/asambhav/vtol_ws/install/vtol_controller:/home/asambhav/e-yantra_ws/install/task_1:/opt/ros/humble /usr/bin/cmake --build /home/asambhav/vtol_ws/build/vtol_description -- -j18 -l18
[1.067s] Invoked command in '/home/asambhav/vtol_ws/build/vtol_description' returned '0': CMAKE_PREFIX_PATH=${CMAKE_PREFIX_PATH}:/home/asambhav/vtol_ws/install/state_estimator:/home/asambhav/vtol_ws/install/sensor_simulator:/home/asambhav/vtol_ws/install/vtol_testbench:/home/asambhav/vtol_ws/install/vtol_plant:/home/asambhav/vtol_ws/install/vtol_planner:/home/asambhav/vtol_ws/install/vtol_dynamics:/home/asambhav/vtol_ws/install/vtol_controller:/home/asambhav/e-yantra_ws/install/task_1:/opt/ros/humble /usr/bin/cmake --build /home/asambhav/vtol_ws/build/vtol_description -- -j18 -l18
[1.068s] Invoking command in '/home/asambhav/vtol_ws/build/vtol_description': CMAKE_PREFIX_PATH=${CMAKE_PREFIX_PATH}:/home/asambhav/vtol_ws/install/state_estimator:/home/asambhav/vtol_ws/install/sensor_simulator:/home/asambhav/vtol_ws/install/vtol_testbench:/home/asambhav/vtol_ws/install/vtol_plant:/home/asambhav/vtol_ws/install/vtol_planner:/home/asambhav/vtol_ws/install/vtol_dynamics:/home/asambhav/vtol_ws/install/vtol_controller:/home/asambhav/e-yantra_ws/install/task_1:/opt/ros/humble /usr/bin/cmake --install /home/asambhav/vtol_ws/build/vtol_description
[1.080s] -- Install configuration: ""
[1.080s] -- Up-to-date: /home/asambhav/vtol_ws/install/vtol_description/share/vtol_description/launch
[1.080s] -- Up-to-date: /home/asambhav/vtol_ws/install/vtol_description/share/vtol_description/launch/gazebo.launch.py
[1.080s] -- Up-to-date: /home/asambhav/vtol_ws/install/vtol_description/share/vtol_description/launch/display.launch.py
[1.080s] -- Up-to-date: /home/asambhav/vtol_ws/install/vtol_description/share/vtol_description/meshes
[1.081s] -- Up-to-date: /home/asambhav/vtol_ws/install/vtol_description/share/vtol_description/meshes/rack_n_pinion1.STL
[1.081s] -- Up-to-date: /home/asambhav/vtol_ws/install/vtol_description/share/vtol_description/meshes/motor3.STL
[1.081s] -- Up-to-date: /home/asambhav/vtol_ws/install/vtol_description/share/vtol_description/meshes/rack_n_pinion2.STL
[1.082s] -- Up-to-date: /home/asambhav/vtol_ws/install/vtol_description/share/vtol_description/meshes/body.STL
[1.082s] -- Up-to-date: /home/asambhav/vtol_ws/install/vtol_description/share/vtol_description/meshes/motor4.STL
[1.082s] -- Up-to-date: /home/asambhav/vtol_ws/install/vtol_description/share/vtol_description/meshes/motor2.STL
[1.083s] -- Up-to-date: /home/asambhav/vtol_ws/install/vtol_description/share/vtol_description/meshes/motor1.STL
[1.083s] -- Up-to-date: /home/asambhav/vtol_ws/install/vtol_description/share/vtol_description/meshes/fixed_wing_propeller.STL
[1.083s] -- Up-to-date: /home/asambhav/vtol_ws/install/vtol_description/share/vtol_description/urdf
[1.083s] -- Up-to-date: /home/asambhav/vtol_ws/install/vtol_description/share/vtol_description/urdf/vtol_controller.xacro
[1.083s] -- Up-to-date: /home/asambhav/vtol_ws/install/vtol_description/share/vtol_description/urdf/vtol_description.urdf.xacro
[1.083s] -- Up-to-date: /home/asambhav/vtol_ws/install/vtol_description/share/vtol_description/urdf/vtol_gazebo.xacro
[1.084s] -- Up-to-date: /home/asambhav/vtol_ws/install/vtol_description/share/vtol_description/rviz
[1.084s] -- Up-to-date: /home/asambhav/vtol_ws/install/vtol_description/share/vtol_description/worlds
[1.084s] -- Up-to-date: /home/asambhav/vtol_ws/install/vtol_description/share/vtol_description/worlds/empty.sdf
[1.084s] -- Up-to-date: /home/asambhav/vtol_ws/install/vtol_description/share/ament_index/resource_index/package_run_dependencies/vtol_description
[1.084s] -- Up-to-date: /home/asambhav/vtol_ws/install/vtol_description/share/ament_index/resource_index/parent_prefix_path/vtol_description
[1.084s] -- Up-to-date: /home/asambhav/vtol_ws/install/vtol_description/share/vtol_description/environment/ament_prefix_path.sh
[1.084s] -- Up-to-date: /home/asambhav/vtol_ws/install/vtol_description/share/vtol_description/environment/ament_prefix_path.dsv
[1.084s] -- Up-to-date: /home/asambhav/vtol_ws/install/vtol_description/share/vtol_description/environment/path.sh
[1.084s] -- Up-to-date: /home/asambhav/vtol_ws/install/vtol_description/share/vtol_description/environment/path.dsv
[1.085s] -- Up-to-date: /home/asambhav/vtol_ws/install/vtol_description/share/vtol_description/local_setup.bash
[1.085s] -- Up-to-date: /home/asambhav/vtol_ws/install/vtol_description/share/vtol_description/local_setup.sh
[1.085s] -- Up-to-date: /home/asambhav/vtol_ws/install/vtol_description/share/vtol_description/local_setup.zsh
[1.085s] -- Up-to-date: /home/asambhav/vtol_ws/install/vtol_description/share/vtol_description/local_setup.dsv
[1.086s] -- Installing: /home/asambhav/vtol_ws/install/vtol_description/share/vtol_description/package.dsv
[1.086s] -- Up-to-date: /home/asambhav/vtol_ws/install/vtol_description/share/ament_index/resource_index/packages/vtol_description
[1.086s] -- Up-to-date: /home/asambhav/vtol_ws/install/vtol_description/share/vtol_description/cmake/vtol_descriptionConfig.cmake
[1.086s] -- Up-to-date: /home/asambhav/vtol_ws/install/vtol_description/share/vtol_description/cmake/vtol_descriptionConfig-version.cmake
[1.086s] -- Up-to-date: /home/asambhav/vtol_ws/install/vtol_description/share/vtol_description/package.xml
[1.110s] Invoked command in '/home/asambhav/vtol_ws/build/vtol_description' returned '0': CMAKE_PREFIX_PATH=${CMAKE_PREFIX_PATH}:/home/asambhav/vtol_ws/install/state_estimator:/home/asambhav/vtol_ws/install/sensor_simulator:/home/asambhav/vtol_ws/install/vtol_testbench:/home/asambhav/vtol_ws/install/vtol_plant:/home/asambhav/vtol_ws/install/vtol_planner:/home/asambhav/vtol_ws/install/vtol_dynamics:/home/asambhav/vtol_ws/install/vtol_controller:/home/asambhav/e-yantra_ws/install/task_1:/opt/ros/humble /usr/bin/cmake --install /home/asambhav/vtol_ws/build/vtol_description
