-- Install configuration: ""
-- Up-to-date: /home/asambhav/vtol_ws/install/vtol_description/share/vtol_description/launch
-- Up-to-date: /home/asambhav/vtol_ws/install/vtol_description/share/vtol_description/launch/gazebo.launch.py
-- Up-to-date: /home/asambhav/vtol_ws/install/vtol_description/share/vtol_description/launch/display.launch.py
-- Up-to-date: /home/asambhav/vtol_ws/install/vtol_description/share/vtol_description/meshes
-- Up-to-date: /home/asambhav/vtol_ws/install/vtol_description/share/vtol_description/meshes/rack_n_pinion1.STL
-- Up-to-date: /home/asambhav/vtol_ws/install/vtol_description/share/vtol_description/meshes/motor3.STL
-- Up-to-date: /home/asambhav/vtol_ws/install/vtol_description/share/vtol_description/meshes/rack_n_pinion2.STL
-- Up-to-date: /home/asambhav/vtol_ws/install/vtol_description/share/vtol_description/meshes/body.STL
-- Up-to-date: /home/asambhav/vtol_ws/install/vtol_description/share/vtol_description/meshes/motor4.STL
-- Up-to-date: /home/asambhav/vtol_ws/install/vtol_description/share/vtol_description/meshes/motor2.STL
-- Up-to-date: /home/asambhav/vtol_ws/install/vtol_description/share/vtol_description/meshes/motor1.STL
-- Up-to-date: /home/asambhav/vtol_ws/install/vtol_description/share/vtol_description/meshes/fixed_wing_propeller.STL
-- Up-to-date: /home/asambhav/vtol_ws/install/vtol_description/share/vtol_description/urdf
-- Up-to-date: /home/asambhav/vtol_ws/install/vtol_description/share/vtol_description/urdf/vtol_description.urdf.xacro
-- Installing: /home/asambhav/vtol_ws/install/vtol_description/share/vtol_description/urdf/vtol_gazebo.xacro
-- Up-to-date: /home/asambhav/vtol_ws/install/vtol_description/share/vtol_description/rviz
-- Up-to-date: /home/asambhav/vtol_ws/install/vtol_description/share/vtol_description/worlds
-- Up-to-date: /home/asambhav/vtol_ws/install/vtol_description/share/vtol_description/worlds/empty.sdf
-- Up-to-date: /home/asambhav/vtol_ws/install/vtol_description/share/ament_index/resource_index/package_run_dependencies/vtol_description
-- Up-to-date: /home/asambhav/vtol_ws/install/vtol_description/share/ament_index/resource_index/parent_prefix_path/vtol_description
-- Up-to-date: /home/asambhav/vtol_ws/install/vtol_description/share/vtol_description/environment/ament_prefix_path.sh
-- Up-to-date: /home/asambhav/vtol_ws/install/vtol_description/share/vtol_description/environment/ament_prefix_path.dsv
-- Up-to-date: /home/asambhav/vtol_ws/install/vtol_description/share/vtol_description/environment/path.sh
-- Up-to-date: /home/asambhav/vtol_ws/install/vtol_description/share/vtol_description/environment/path.dsv
-- Up-to-date: /home/asambhav/vtol_ws/install/vtol_description/share/vtol_description/local_setup.bash
-- Up-to-date: /home/asambhav/vtol_ws/install/vtol_description/share/vtol_description/local_setup.sh
-- Up-to-date: /home/asambhav/vtol_ws/install/vtol_description/share/vtol_description/local_setup.zsh
-- Up-to-date: /home/asambhav/vtol_ws/install/vtol_description/share/vtol_description/local_setup.dsv
-- Installing: /home/asambhav/vtol_ws/install/vtol_description/share/vtol_description/package.dsv
-- Up-to-date: /home/asambhav/vtol_ws/install/vtol_description/share/ament_index/resource_index/packages/vtol_description
-- Up-to-date: /home/asambhav/vtol_ws/install/vtol_description/share/vtol_description/cmake/vtol_descriptionConfig.cmake
-- Up-to-date: /home/asambhav/vtol_ws/install/vtol_description/share/vtol_description/cmake/vtol_descriptionConfig-version.cmake
-- Up-to-date: /home/asambhav/vtol_ws/install/vtol_description/share/vtol_description/package.xml
