/home/asambhav/vtol_ws/install/vtol_planner/lib/python3.10/site-packages/vtol_planner/planner_node.py
/home/asambhav/vtol_ws/install/vtol_planner/lib/python3.10/site-packages/vtol_planner/__init__.py
/home/asambhav/vtol_ws/install/vtol_planner/lib/python3.10/site-packages/vtol_planner/transition_trajectory.py
/home/asambhav/vtol_ws/install/vtol_planner/lib/python3.10/site-packages/vtol_planner/trajectory_visualizer.py
/home/asambhav/vtol_ws/install/vtol_planner/lib/python3.10/site-packages/vtol_planner/circle_trajectory.py
/home/asambhav/vtol_ws/install/vtol_planner/lib/python3.10/site-packages/vtol_planner/__pycache__/planner_node.cpython-310.pyc
/home/asambhav/vtol_ws/install/vtol_planner/lib/python3.10/site-packages/vtol_planner/__pycache__/__init__.cpython-310.pyc
/home/asambhav/vtol_ws/install/vtol_planner/lib/python3.10/site-packages/vtol_planner/__pycache__/transition_trajectory.cpython-310.pyc
/home/asambhav/vtol_ws/install/vtol_planner/lib/python3.10/site-packages/vtol_planner/__pycache__/trajectory_visualizer.cpython-310.pyc
/home/asambhav/vtol_ws/install/vtol_planner/lib/python3.10/site-packages/vtol_planner/__pycache__/circle_trajectory.cpython-310.pyc
/home/asambhav/vtol_ws/install/vtol_planner/share/ament_index/resource_index/packages/vtol_planner
/home/asambhav/vtol_ws/install/vtol_planner/share/vtol_planner/package.xml
/home/asambhav/vtol_ws/install/vtol_planner/share/vtol_planner/launch/planner.launch.py
/home/asambhav/vtol_ws/install/vtol_planner/share/vtol_planner/rviz/planner.rviz
/home/asambhav/vtol_ws/install/vtol_planner/lib/python3.10/site-packages/vtol_planner-0.0.0-py3.10.egg-info/top_level.txt
/home/asambhav/vtol_ws/install/vtol_planner/lib/python3.10/site-packages/vtol_planner-0.0.0-py3.10.egg-info/zip-safe
/home/asambhav/vtol_ws/install/vtol_planner/lib/python3.10/site-packages/vtol_planner-0.0.0-py3.10.egg-info/entry_points.txt
/home/asambhav/vtol_ws/install/vtol_planner/lib/python3.10/site-packages/vtol_planner-0.0.0-py3.10.egg-info/dependency_links.txt
/home/asambhav/vtol_ws/install/vtol_planner/lib/python3.10/site-packages/vtol_planner-0.0.0-py3.10.egg-info/SOURCES.txt
/home/asambhav/vtol_ws/install/vtol_planner/lib/python3.10/site-packages/vtol_planner-0.0.0-py3.10.egg-info/PKG-INFO
/home/asambhav/vtol_ws/install/vtol_planner/lib/python3.10/site-packages/vtol_planner-0.0.0-py3.10.egg-info/requires.txt
/home/asambhav/vtol_ws/install/vtol_planner/lib/vtol_planner/planner_node
/home/asambhav/vtol_ws/install/vtol_planner/lib/vtol_planner/trajectory_visualizer
