[1.114s] Invoking command in '/home/asambhav/vtol_ws/src/vtol_plant': PYTHONPATH=/home/asambhav/vtol_ws/build/vtol_plant/prefix_override:/usr/lib/python3/dist-packages/colcon_core/task/python/colcon_distutils_commands:/home/asambhav/vtol_ws/install/vtol_plant/lib/python3.10/site-packages:${PYTHONPATH} /usr/bin/python3 -W ignore:setup.py install is deprecated -W ignore:easy_install command is deprecated setup.py egg_info --egg-base ../../build/vtol_plant build --build-base /home/asambhav/vtol_ws/build/vtol_plant/build install --record /home/asambhav/vtol_ws/build/vtol_plant/install.log --single-version-externally-managed install_data
[1.271s] /home/asambhav/.local/lib/python3.10/site-packages/setuptools/_distutils/dist.py:289: UserWarning: Unknown distribution option: 'tests_require'
[1.272s]   warnings.warn(msg)
[1.340s] running egg_info
[1.350s] writing ../../build/vtol_plant/vtol_plant.egg-info/PKG-INFO
[1.350s] writing dependency_links to ../../build/vtol_plant/vtol_plant.egg-info/dependency_links.txt
[1.350s] writing entry points to ../../build/vtol_plant/vtol_plant.egg-info/entry_points.txt
[1.350s] writing requirements to ../../build/vtol_plant/vtol_plant.egg-info/requires.txt
[1.350s] writing top-level names to ../../build/vtol_plant/vtol_plant.egg-info/top_level.txt
[1.371s] reading manifest file '../../build/vtol_plant/vtol_plant.egg-info/SOURCES.txt'
[1.373s] writing manifest file '../../build/vtol_plant/vtol_plant.egg-info/SOURCES.txt'
[1.373s] running build
[1.373s] running build_py
[1.373s] copying vtol_plant/__init__.py -> /home/asambhav/vtol_ws/build/vtol_plant/build/lib/vtol_plant
[1.373s] copying vtol_plant/plant_node.py -> /home/asambhav/vtol_ws/build/vtol_plant/build/lib/vtol_plant
[1.373s] copying vtol_plant/allocator.py -> /home/asambhav/vtol_ws/build/vtol_plant/build/lib/vtol_plant
[1.373s] copying vtol_plant/parameter.py -> /home/asambhav/vtol_ws/build/vtol_plant/build/lib/vtol_plant
[1.373s] copying vtol_plant/odom_tf_broadcaster.py -> /home/asambhav/vtol_ws/build/vtol_plant/build/lib/vtol_plant
[1.373s] copying vtol_plant/dynamics.py -> /home/asambhav/vtol_ws/build/vtol_plant/build/lib/vtol_plant
[1.373s] copying vtol_plant/state_visualizer.py -> /home/asambhav/vtol_ws/build/vtol_plant/build/lib/vtol_plant
[1.373s] copying vtol_plant/integrator.py -> /home/asambhav/vtol_ws/build/vtol_plant/build/lib/vtol_plant
[1.373s] running install
[1.375s] running install_lib
[1.385s] running install_data
[1.385s] copying resource/vtol_plant -> /home/asambhav/vtol_ws/install/vtol_plant/share/ament_index/resource_index/packages
[1.385s] copying package.xml -> /home/asambhav/vtol_ws/install/vtol_plant/share/vtol_plant
[1.385s] running install_egg_info
[1.395s] removing '/home/asambhav/vtol_ws/install/vtol_plant/lib/python3.10/site-packages/vtol_plant-0.0.1-py3.10.egg-info' (and everything under it)
[1.395s] Copying ../../build/vtol_plant/vtol_plant.egg-info to /home/asambhav/vtol_ws/install/vtol_plant/lib/python3.10/site-packages/vtol_plant-0.0.1-py3.10.egg-info
[1.396s] running install_scripts
[1.416s] Installing odom_tf_broadcaster script to /home/asambhav/vtol_ws/install/vtol_plant/lib/vtol_plant
[1.416s] Installing plant_node script to /home/asambhav/vtol_ws/install/vtol_plant/lib/vtol_plant
[1.416s] Installing state_visualizer script to /home/asambhav/vtol_ws/install/vtol_plant/lib/vtol_plant
[1.416s] writing list of installed files to '/home/asambhav/vtol_ws/build/vtol_plant/install.log'
[1.432s] Invoked command in '/home/asambhav/vtol_ws/src/vtol_plant' returned '0': PYTHONPATH=/home/asambhav/vtol_ws/build/vtol_plant/prefix_override:/usr/lib/python3/dist-packages/colcon_core/task/python/colcon_distutils_commands:/home/asambhav/vtol_ws/install/vtol_plant/lib/python3.10/site-packages:${PYTHONPATH} /usr/bin/python3 -W ignore:setup.py install is deprecated -W ignore:easy_install command is deprecated setup.py egg_info --egg-base ../../build/vtol_plant build --build-base /home/asambhav/vtol_ws/build/vtol_plant/build install --record /home/asambhav/vtol_ws/build/vtol_plant/install.log --single-version-externally-managed install_data
