running egg_info
writing ../../build/state_estimator/state_estimator.egg-info/PKG-INFO
writing dependency_links to ../../build/state_estimator/state_estimator.egg-info/dependency_links.txt
writing entry points to ../../build/state_estimator/state_estimator.egg-info/entry_points.txt
writing requirements to ../../build/state_estimator/state_estimator.egg-info/requires.txt
writing top-level names to ../../build/state_estimator/state_estimator.egg-info/top_level.txt
reading manifest file '../../build/state_estimator/state_estimator.egg-info/SOURCES.txt'
writing manifest file '../../build/state_estimator/state_estimator.egg-info/SOURCES.txt'
running build
running build_py
copying state_estimator/__init__.py -> /home/asambhav/vtol_ws_clean/build/state_estimator/build/lib/state_estimator
copying state_estimator/state_estimator_node.py -> /home/asambhav/vtol_ws_clean/build/state_estimator/build/lib/state_estimator
running install
running install_lib
running install_data
copying resource/state_estimator -> /home/asambhav/vtol_ws_clean/install/state_estimator/share/ament_index/resource_index/packages
copying package.xml -> /home/asambhav/vtol_ws_clean/install/state_estimator/share/state_estimator
running install_egg_info
removing '/home/asambhav/vtol_ws_clean/install/state_estimator/lib/python3.10/site-packages/state_estimator-0.0.0-py3.10.egg-info' (and everything under it)
Copying ../../build/state_estimator/state_estimator.egg-info to /home/asambhav/vtol_ws_clean/install/state_estimator/lib/python3.10/site-packages/state_estimator-0.0.0-py3.10.egg-info
running install_scripts
Installing state_estimator_node script to /home/asambhav/vtol_ws_clean/install/state_estimator/lib/state_estimator
writing list of installed files to '/home/asambhav/vtol_ws_clean/build/state_estimator/install.log'
