[1.109s] Invoking command in '/home/asambhav/vtol_ws/src/vtol_controller': PYTHONPATH=/home/asambhav/vtol_ws/build/vtol_controller/prefix_override:/usr/lib/python3/dist-packages/colcon_core/task/python/colcon_distutils_commands:/home/asambhav/vtol_ws/install/vtol_controller/lib/python3.10/site-packages:${PYTHONPATH} /usr/bin/python3 -W ignore:setup.py install is deprecated -W ignore:easy_install command is deprecated setup.py egg_info --egg-base ../../build/vtol_controller build --build-base /home/asambhav/vtol_ws/build/vtol_controller/build install --record /home/asambhav/vtol_ws/build/vtol_controller/install.log --single-version-externally-managed install_data
[1.269s] running egg_info
[1.278s] writing ../../build/vtol_controller/vtol_controller.egg-info/PKG-INFO
[1.279s] writing dependency_links to ../../build/vtol_controller/vtol_controller.egg-info/dependency_links.txt
[1.279s] writing entry points to ../../build/vtol_controller/vtol_controller.egg-info/entry_points.txt
[1.279s] writing requirements to ../../build/vtol_controller/vtol_controller.egg-info/requires.txt
[1.279s] writing top-level names to ../../build/vtol_controller/vtol_controller.egg-info/top_level.txt
[1.300s] reading manifest file '../../build/vtol_controller/vtol_controller.egg-info/SOURCES.txt'
[1.301s] writing manifest file '../../build/vtol_controller/vtol_controller.egg-info/SOURCES.txt'
[1.301s] running build
[1.301s] running build_py
[1.301s] copying vtol_controller/__init__.py -> /home/asambhav/vtol_ws/build/vtol_controller/build/lib/vtol_controller
[1.301s] copying vtol_controller/thrust_allocator.py -> /home/asambhav/vtol_ws/build/vtol_controller/build/lib/vtol_controller
[1.302s] running install
[1.304s] running install_lib
[1.314s] running install_data
[1.315s] copying resource/vtol_controller -> /home/asambhav/vtol_ws/install/vtol_controller/share/ament_index/resource_index/packages
[1.315s] copying package.xml -> /home/asambhav/vtol_ws/install/vtol_controller/share/vtol_controller
[1.315s] copying config/controllers.yaml -> /home/asambhav/vtol_ws/install/vtol_controller/share/vtol_controller/config
[1.315s] running install_egg_info
[1.327s] removing '/home/asambhav/vtol_ws/install/vtol_controller/lib/python3.10/site-packages/vtol_controller-0.0.0-py3.10.egg-info' (and everything under it)
[1.327s] Copying ../../build/vtol_controller/vtol_controller.egg-info to /home/asambhav/vtol_ws/install/vtol_controller/lib/python3.10/site-packages/vtol_controller-0.0.0-py3.10.egg-info
[1.328s] running install_scripts
[1.349s] Installing thrust_allocator script to /home/asambhav/vtol_ws/install/vtol_controller/lib/vtol_controller
[1.349s] writing list of installed files to '/home/asambhav/vtol_ws/build/vtol_controller/install.log'
[1.367s] Invoked command in '/home/asambhav/vtol_ws/src/vtol_controller' returned '0': PYTHONPATH=/home/asambhav/vtol_ws/build/vtol_controller/prefix_override:/usr/lib/python3/dist-packages/colcon_core/task/python/colcon_distutils_commands:/home/asambhav/vtol_ws/install/vtol_controller/lib/python3.10/site-packages:${PYTHONPATH} /usr/bin/python3 -W ignore:setup.py install is deprecated -W ignore:easy_install command is deprecated setup.py egg_info --egg-base ../../build/vtol_controller build --build-base /home/asambhav/vtol_ws/build/vtol_controller/build install --record /home/asambhav/vtol_ws/build/vtol_controller/install.log --single-version-externally-managed install_data
