[1.440s] Invoking command in '/home/asambhav/vtol_ws/src/vtol_planner': PYTHONPATH=/home/asambhav/vtol_ws/build/vtol_planner/prefix_override:/usr/lib/python3/dist-packages/colcon_core/task/python/colcon_distutils_commands:/home/asambhav/vtol_ws/install/vtol_planner/lib/python3.10/site-packages:${PYTHONPATH} /usr/bin/python3 -W ignore:setup.py install is deprecated -W ignore:easy_install command is deprecated setup.py egg_info --egg-base ../../build/vtol_planner build --build-base /home/asambhav/vtol_ws/build/vtol_planner/build install --record /home/asambhav/vtol_ws/build/vtol_planner/install.log --single-version-externally-managed install_data
[1.605s] running egg_info
[1.615s] writing ../../build/vtol_planner/vtol_planner.egg-info/PKG-INFO
[1.617s] writing dependency_links to ../../build/vtol_planner/vtol_planner.egg-info/dependency_links.txt
[1.617s] writing entry points to ../../build/vtol_planner/vtol_planner.egg-info/entry_points.txt
[1.617s] writing requirements to ../../build/vtol_planner/vtol_planner.egg-info/requires.txt
[1.617s] writing top-level names to ../../build/vtol_planner/vtol_planner.egg-info/top_level.txt
[1.651s] reading manifest file '../../build/vtol_planner/vtol_planner.egg-info/SOURCES.txt'
[1.653s] writing manifest file '../../build/vtol_planner/vtol_planner.egg-info/SOURCES.txt'
[1.653s] running build
[1.653s] running build_py
[1.654s] copying vtol_planner/planner_node.py -> /home/asambhav/vtol_ws/build/vtol_planner/build/lib/vtol_planner
[1.654s] copying vtol_planner/__init__.py -> /home/asambhav/vtol_ws/build/vtol_planner/build/lib/vtol_planner
[1.654s] copying vtol_planner/transition_trajectory.py -> /home/asambhav/vtol_ws/build/vtol_planner/build/lib/vtol_planner
[1.655s] copying vtol_planner/trajectory_visualizer.py -> /home/asambhav/vtol_ws/build/vtol_planner/build/lib/vtol_planner
[1.655s] copying vtol_planner/circle_trajectory.py -> /home/asambhav/vtol_ws/build/vtol_planner/build/lib/vtol_planner
[1.657s] running install
[1.661s] running install_lib
[1.673s] running install_data
[1.673s] copying resource/vtol_planner -> /home/asambhav/vtol_ws/install/vtol_planner/share/ament_index/resource_index/packages
[1.673s] copying package.xml -> /home/asambhav/vtol_ws/install/vtol_planner/share/vtol_planner
[1.673s] copying launch/vtol_sim.launch.py -> /home/asambhav/vtol_ws/install/vtol_planner/share/vtol_planner/launch
[1.673s] copying launch/planner.launch.py -> /home/asambhav/vtol_ws/install/vtol_planner/share/vtol_planner/launch
[1.674s] running install_egg_info
[1.684s] removing '/home/asambhav/vtol_ws/install/vtol_planner/lib/python3.10/site-packages/vtol_planner-0.0.0-py3.10.egg-info' (and everything under it)
[1.684s] Copying ../../build/vtol_planner/vtol_planner.egg-info to /home/asambhav/vtol_ws/install/vtol_planner/lib/python3.10/site-packages/vtol_planner-0.0.0-py3.10.egg-info
[1.685s] running install_scripts
[1.705s] Installing planner_node script to /home/asambhav/vtol_ws/install/vtol_planner/lib/vtol_planner
[1.705s] Installing trajectory_visualizer script to /home/asambhav/vtol_ws/install/vtol_planner/lib/vtol_planner
[1.706s] writing list of installed files to '/home/asambhav/vtol_ws/build/vtol_planner/install.log'
[1.722s] Invoked command in '/home/asambhav/vtol_ws/src/vtol_planner' returned '0': PYTHONPATH=/home/asambhav/vtol_ws/build/vtol_planner/prefix_override:/usr/lib/python3/dist-packages/colcon_core/task/python/colcon_distutils_commands:/home/asambhav/vtol_ws/install/vtol_planner/lib/python3.10/site-packages:${PYTHONPATH} /usr/bin/python3 -W ignore:setup.py install is deprecated -W ignore:easy_install command is deprecated setup.py egg_info --egg-base ../../build/vtol_planner build --build-base /home/asambhav/vtol_ws/build/vtol_planner/build install --record /home/asambhav/vtol_ws/build/vtol_planner/install.log --single-version-externally-managed install_data
