[1.678s] Invoking command in '/home/asambhav/vtol_ws/src/state_estimator': PYTHONPATH=/home/asambhav/vtol_ws/build/state_estimator/prefix_override:/usr/lib/python3/dist-packages/colcon_core/task/python/colcon_distutils_commands:/home/asambhav/vtol_ws/install/state_estimator/lib/python3.10/site-packages:${PYTHONPATH} /usr/bin/python3 -W ignore:setup.py install is deprecated -W ignore:easy_install command is deprecated setup.py egg_info --egg-base ../../build/state_estimator build --build-base /home/asambhav/vtol_ws/build/state_estimator/build install --record /home/asambhav/vtol_ws/build/state_estimator/install.log --single-version-externally-managed install_data
[1.915s] running egg_info
[1.926s] writing ../../build/state_estimator/state_estimator.egg-info/PKG-INFO
[1.926s] writing dependency_links to ../../build/state_estimator/state_estimator.egg-info/dependency_links.txt
[1.926s] writing entry points to ../../build/state_estimator/state_estimator.egg-info/entry_points.txt
[1.927s] writing requirements to ../../build/state_estimator/state_estimator.egg-info/requires.txt
[1.927s] writing top-level names to ../../build/state_estimator/state_estimator.egg-info/top_level.txt
[1.948s] reading manifest file '../../build/state_estimator/state_estimator.egg-info/SOURCES.txt'
[1.949s] writing manifest file '../../build/state_estimator/state_estimator.egg-info/SOURCES.txt'
[1.949s] running build
[1.949s] running build_py
[1.949s] copying state_estimator/__init__.py -> /home/asambhav/vtol_ws/build/state_estimator/build/lib/state_estimator
[1.949s] copying state_estimator/state_estimator_node.py -> /home/asambhav/vtol_ws/build/state_estimator/build/lib/state_estimator
[1.950s] running install
[1.952s] running install_lib
[1.964s] running install_data
[1.964s] copying resource/state_estimator -> /home/asambhav/vtol_ws/install/state_estimator/share/ament_index/resource_index/packages
[1.964s] copying package.xml -> /home/asambhav/vtol_ws/install/state_estimator/share/state_estimator
[1.964s] running install_egg_info
[1.975s] removing '/home/asambhav/vtol_ws/install/state_estimator/lib/python3.10/site-packages/state_estimator-0.0.0-py3.10.egg-info' (and everything under it)
[1.975s] Copying ../../build/state_estimator/state_estimator.egg-info to /home/asambhav/vtol_ws/install/state_estimator/lib/python3.10/site-packages/state_estimator-0.0.0-py3.10.egg-info
[1.976s] running install_scripts
[1.997s] Installing state_estimator_node script to /home/asambhav/vtol_ws/install/state_estimator/lib/state_estimator
[1.997s] writing list of installed files to '/home/asambhav/vtol_ws/build/state_estimator/install.log'
[2.015s] Invoked command in '/home/asambhav/vtol_ws/src/state_estimator' returned '0': PYTHONPATH=/home/asambhav/vtol_ws/build/state_estimator/prefix_override:/usr/lib/python3/dist-packages/colcon_core/task/python/colcon_distutils_commands:/home/asambhav/vtol_ws/install/state_estimator/lib/python3.10/site-packages:${PYTHONPATH} /usr/bin/python3 -W ignore:setup.py install is deprecated -W ignore:easy_install command is deprecated setup.py egg_info --egg-base ../../build/state_estimator build --build-base /home/asambhav/vtol_ws/build/state_estimator/build install --record /home/asambhav/vtol_ws/build/state_estimator/install.log --single-version-externally-managed install_data
