[0.599s] Invoking command in '/home/asambhav/vtol_ws/src/vtol_dynamics': PYTHONPATH=/home/asambhav/vtol_ws/build/vtol_dynamics/prefix_override:/usr/lib/python3/dist-packages/colcon_core/task/python/colcon_distutils_commands:/home/asambhav/vtol_ws/install/vtol_dynamics/lib/python3.10/site-packages:${PYTHONPATH} /usr/bin/python3 -W ignore:setup.py install is deprecated -W ignore:easy_install command is deprecated setup.py egg_info --egg-base ../../build/vtol_dynamics build --build-base /home/asambhav/vtol_ws/build/vtol_dynamics/build install --record /home/asambhav/vtol_ws/build/vtol_dynamics/install.log --single-version-externally-managed install_data
[0.757s] running egg_info
[0.765s] writing ../../build/vtol_dynamics/vtol_dynamics.egg-info/PKG-INFO
[0.766s] writing dependency_links to ../../build/vtol_dynamics/vtol_dynamics.egg-info/dependency_links.txt
[0.766s] writing entry points to ../../build/vtol_dynamics/vtol_dynamics.egg-info/entry_points.txt
[0.766s] writing requirements to ../../build/vtol_dynamics/vtol_dynamics.egg-info/requires.txt
[0.767s] writing top-level names to ../../build/vtol_dynamics/vtol_dynamics.egg-info/top_level.txt
[0.786s] reading manifest file '../../build/vtol_dynamics/vtol_dynamics.egg-info/SOURCES.txt'
[0.787s] writing manifest file '../../build/vtol_dynamics/vtol_dynamics.egg-info/SOURCES.txt'
[0.787s] running build
[0.787s] running build_py
[0.788s] copying vtol_dynamics/vtol_dynamics_node.py -> /home/asambhav/vtol_ws/build/vtol_dynamics/build/lib/vtol_dynamics
[0.788s] copying vtol_dynamics/__init__.py -> /home/asambhav/vtol_ws/build/vtol_dynamics/build/lib/vtol_dynamics
[0.788s] running install
[0.790s] running install_lib
[0.800s] copying /home/asambhav/vtol_ws/build/vtol_dynamics/build/lib/vtol_dynamics/vtol_dynamics_node.py -> /home/asambhav/vtol_ws/install/vtol_dynamics/lib/python3.10/site-packages/vtol_dynamics
[0.800s] byte-compiling /home/asambhav/vtol_ws/install/vtol_dynamics/lib/python3.10/site-packages/vtol_dynamics/vtol_dynamics_node.py to vtol_dynamics_node.cpython-310.pyc
[0.801s] running install_data
[0.801s] copying resource/vtol_dynamics -> /home/asambhav/vtol_ws/install/vtol_dynamics/share/ament_index/resource_index/packages
[0.801s] copying package.xml -> /home/asambhav/vtol_ws/install/vtol_dynamics/share/vtol_dynamics
[0.801s] running install_egg_info
[0.811s] removing '/home/asambhav/vtol_ws/install/vtol_dynamics/lib/python3.10/site-packages/vtol_dynamics-0.0.0-py3.10.egg-info' (and everything under it)
[0.811s] Copying ../../build/vtol_dynamics/vtol_dynamics.egg-info to /home/asambhav/vtol_ws/install/vtol_dynamics/lib/python3.10/site-packages/vtol_dynamics-0.0.0-py3.10.egg-info
[0.811s] running install_scripts
[0.833s] Installing vtol_dynamics_node script to /home/asambhav/vtol_ws/install/vtol_dynamics/lib/vtol_dynamics
[0.834s] writing list of installed files to '/home/asambhav/vtol_ws/build/vtol_dynamics/install.log'
[0.850s] Invoked command in '/home/asambhav/vtol_ws/src/vtol_dynamics' returned '0': PYTHONPATH=/home/asambhav/vtol_ws/build/vtol_dynamics/prefix_override:/usr/lib/python3/dist-packages/colcon_core/task/python/colcon_distutils_commands:/home/asambhav/vtol_ws/install/vtol_dynamics/lib/python3.10/site-packages:${PYTHONPATH} /usr/bin/python3 -W ignore:setup.py install is deprecated -W ignore:easy_install command is deprecated setup.py egg_info --egg-base ../../build/vtol_dynamics build --build-base /home/asambhav/vtol_ws/build/vtol_dynamics/build install --record /home/asambhav/vtol_ws/build/vtol_dynamics/install.log --single-version-externally-managed install_data
