running egg_info
creating ../../build/sensor_simulator/sensor_simulator.egg-info
writing ../../build/sensor_simulator/sensor_simulator.egg-info/PKG-INFO
writing dependency_links to ../../build/sensor_simulator/sensor_simulator.egg-info/dependency_links.txt
writing requirements to ../../build/sensor_simulator/sensor_simulator.egg-info/requires.txt
writing top-level names to ../../build/sensor_simulator/sensor_simulator.egg-info/top_level.txt
writing manifest file '../../build/sensor_simulator/sensor_simulator.egg-info/SOURCES.txt'
reading manifest file '../../build/sensor_simulator/sensor_simulator.egg-info/SOURCES.txt'
writing manifest file '../../build/sensor_simulator/sensor_simulator.egg-info/SOURCES.txt'
running build
running build_py
creating /home/asambhav/vtol_ws/build/sensor_simulator/build/lib/sensor_simulator
copying sensor_simulator/__init__.py -> /home/asambhav/vtol_ws/build/sensor_simulator/build/lib/sensor_simulator
copying sensor_simulator/sensor_simulator_node.py -> /home/asambhav/vtol_ws/build/sensor_simulator/build/lib/sensor_simulator
running install
running install_lib
creating /home/asambhav/vtol_ws/install/sensor_simulator/lib/python3.10/site-packages/sensor_simulator
copying /home/asambhav/vtol_ws/build/sensor_simulator/build/lib/sensor_simulator/__init__.py -> /home/asambhav/vtol_ws/install/sensor_simulator/lib/python3.10/site-packages/sensor_simulator
copying /home/asambhav/vtol_ws/build/sensor_simulator/build/lib/sensor_simulator/sensor_simulator_node.py -> /home/asambhav/vtol_ws/install/sensor_simulator/lib/python3.10/site-packages/sensor_simulator
byte-compiling /home/asambhav/vtol_ws/install/sensor_simulator/lib/python3.10/site-packages/sensor_simulator/__init__.py to __init__.cpython-310.pyc
byte-compiling /home/asambhav/vtol_ws/install/sensor_simulator/lib/python3.10/site-packages/sensor_simulator/sensor_simulator_node.py to sensor_simulator_node.cpython-310.pyc
running install_data
creating /home/asambhav/vtol_ws/install/sensor_simulator/share/ament_index/resource_index/packages
copying resource/sensor_simulator -> /home/asambhav/vtol_ws/install/sensor_simulator/share/ament_index/resource_index/packages
copying package.xml -> /home/asambhav/vtol_ws/install/sensor_simulator/share/sensor_simulator
running install_egg_info
Copying ../../build/sensor_simulator/sensor_simulator.egg-info to /home/asambhav/vtol_ws/install/sensor_simulator/lib/python3.10/site-packages/sensor_simulator-0.0.0-py3.10.egg-info
running install_scripts
writing list of installed files to '/home/asambhav/vtol_ws/build/sensor_simulator/install.log'
