-- The C compiler identification is GNU 11.4.0
-- The CXX compiler identification is GNU 11.4.0
-- Detecting C compiler ABI info
-- Detecting C compiler ABI info - done
-- Check for working C compiler: /usr/lib/ccache/cc - skipped
-- Detecting C compile features
-- Detecting C compile features - done
-- Detecting CXX compiler ABI info
-- Detecting CXX compiler ABI info - done
-- Check for working CXX compiler: /usr/lib/ccache/c++ - skipped
-- Detecting CXX compile features
-- Detecting CXX compile features - done
-- Found ament_cmake: 1.3.14 (/opt/ros/humble/share/ament_cmake/cmake)
-- Found Python3: /usr/bin/python3 (found version "3.10.12") found components: Interpreter 
-- Found ament_lint_auto: 0.12.15 (/opt/ros/humble/share/ament_lint_auto/cmake)
-- Added test 'flake8' to check Python code syntax and style conventions
-- Added test 'lint_cmake' to check CMake code style
-- Added test 'pep257' to check Python code against some of the docstring style conventions in PEP 257
-- Added test 'xmllint' to check XML markup files
-- Configuring done
-- Generating done
-- Build files have been written to: /home/asambhav/vtol_ws/build/vtol_description
-- Install configuration: ""
-- Installing: /home/asambhav/vtol_ws/install/vtol_description/share/vtol_description/launch
-- Installing: /home/asambhav/vtol_ws/install/vtol_description/share/vtol_description/launch/display.launch.py
-- Installing: /home/asambhav/vtol_ws/install/vtol_description/share/vtol_description/meshes
-- Installing: /home/asambhav/vtol_ws/install/vtol_description/share/vtol_description/meshes/rack_n_pinion1.STL
-- Installing: /home/asambhav/vtol_ws/install/vtol_description/share/vtol_description/meshes/motor3.STL
-- Installing: /home/asambhav/vtol_ws/install/vtol_description/share/vtol_description/meshes/rack_n_pinion2.STL
-- Installing: /home/asambhav/vtol_ws/install/vtol_description/share/vtol_description/meshes/body.STL
-- Installing: /home/asambhav/vtol_ws/install/vtol_description/share/vtol_description/meshes/motor4.STL
-- Installing: /home/asambhav/vtol_ws/install/vtol_description/share/vtol_description/meshes/motor2.STL
-- Installing: /home/asambhav/vtol_ws/install/vtol_description/share/vtol_description/meshes/motor1.STL
-- Installing: /home/asambhav/vtol_ws/install/vtol_description/share/vtol_description/meshes/fixed_wing_propeller.STL
