[0.015s] Invoking command in '/home/asambhav/vtol_ws/build/vtol_description': CMAKE_PREFIX_PATH=${CMAKE_PREFIX_PATH}:/home/asambhav/e-yantra_ws/install/task_1:/opt/ros/humble /usr/bin/cmake /home/asambhav/vtol_ws/src/vtol_description -DCMAKE_INSTALL_PREFIX=/home/asambhav/vtol_ws/install/vtol_description
[0.102s] -- The C compiler identification is GNU 11.4.0
[0.167s] -- The CXX compiler identification is GNU 11.4.0
[0.180s] -- Detecting C compiler ABI info
[0.237s] -- Detecting C compiler ABI info - done
[0.242s] -- Check for working C compiler: /usr/lib/ccache/cc - skipped
[0.242s] -- Detecting C compile features
[0.242s] -- Detecting C compile features - done
[0.245s] -- Detecting CXX compiler ABI info
[0.300s] -- Detecting CXX compiler ABI info - done
[0.305s] -- Check for working CXX compiler: /usr/lib/ccache/c++ - skipped
[0.305s] -- Detecting CXX compile features
[0.306s] -- Detecting CXX compile features - done
[0.313s] -- Found ament_cmake: 1.3.14 (/opt/ros/humble/share/ament_cmake/cmake)
[0.571s] -- Found Python3: /usr/bin/python3 (found version "3.10.12") found components: Interpreter 
[0.658s] -- Found ament_lint_auto: 0.12.15 (/opt/ros/humble/share/ament_lint_auto/cmake)
[0.718s] -- Added test 'flake8' to check Python code syntax and style conventions
[0.718s] -- Added test 'lint_cmake' to check CMake code style
[0.719s] -- Added test 'pep257' to check Python code against some of the docstring style conventions in PEP 257
[0.720s] -- Added test 'xmllint' to check XML markup files
[0.721s] -- Configuring done
[0.722s] -- Generating done
[0.723s] -- Build files have been written to: /home/asambhav/vtol_ws/build/vtol_description
[0.727s] Invoked command in '/home/asambhav/vtol_ws/build/vtol_description' returned '0': CMAKE_PREFIX_PATH=${CMAKE_PREFIX_PATH}:/home/asambhav/e-yantra_ws/install/task_1:/opt/ros/humble /usr/bin/cmake /home/asambhav/vtol_ws/src/vtol_description -DCMAKE_INSTALL_PREFIX=/home/asambhav/vtol_ws/install/vtol_description
[0.729s] Invoking command in '/home/asambhav/vtol_ws/build/vtol_description': CMAKE_PREFIX_PATH=${CMAKE_PREFIX_PATH}:/home/asambhav/e-yantra_ws/install/task_1:/opt/ros/humble /usr/bin/cmake --build /home/asambhav/vtol_ws/build/vtol_description -- -j18 -l18
[0.761s] Invoked command in '/home/asambhav/vtol_ws/build/vtol_description' returned '0': CMAKE_PREFIX_PATH=${CMAKE_PREFIX_PATH}:/home/asambhav/e-yantra_ws/install/task_1:/opt/ros/humble /usr/bin/cmake --build /home/asambhav/vtol_ws/build/vtol_description -- -j18 -l18
[0.770s] Invoking command in '/home/asambhav/vtol_ws/build/vtol_description': CMAKE_PREFIX_PATH=${CMAKE_PREFIX_PATH}:/home/asambhav/e-yantra_ws/install/task_1:/opt/ros/humble /usr/bin/cmake --install /home/asambhav/vtol_ws/build/vtol_description
[0.777s] -- Install configuration: ""
[0.777s] -- Installing: /home/asambhav/vtol_ws/install/vtol_description/share/vtol_description/launch
[0.777s] -- Installing: /home/asambhav/vtol_ws/install/vtol_description/share/vtol_description/launch/display.launch.py
[0.777s] -- Installing: /home/asambhav/vtol_ws/install/vtol_description/share/vtol_description/meshes
[0.777s] -- Installing: /home/asambhav/vtol_ws/install/vtol_description/share/vtol_description/meshes/rack_n_pinion1.STL
[0.778s] -- Installing: /home/asambhav/vtol_ws/install/vtol_description/share/vtol_description/meshes/motor3.STL
[0.778s] -- Installing: /home/asambhav/vtol_ws/install/vtol_description/share/vtol_description/meshes/rack_n_pinion2.STL
[0.779s] -- Installing: /home/asambhav/vtol_ws/install/vtol_description/share/vtol_description/meshes/body.STL
[0.781s] -- Installing: /home/asambhav/vtol_ws/install/vtol_description/share/vtol_description/meshes/motor4.STL
[0.781s] -- Installing: /home/asambhav/vtol_ws/install/vtol_description/share/vtol_description/meshes/motor2.STL
[0.781s] -- Installing: /home/asambhav/vtol_ws/install/vtol_description/share/vtol_description/meshes/motor1.STL
[0.782s] -- Installing: /home/asambhav/vtol_ws/install/vtol_description/share/vtol_description/meshes/fixed_wing_propeller.STL
[0.782s] [31mCMake Error at cmake_install.cmake:46 (file):
[0.782s]   file INSTALL cannot find
[0.782s]   "/home/asambhav/vtol_ws/src/vtol_description/models": No such file or
[0.782s]   directory.
[0.782s] 
[0.782s] [0m
[0.783s] Invoked command in '/home/asambhav/vtol_ws/build/vtol_description' returned '1': CMAKE_PREFIX_PATH=${CMAKE_PREFIX_PATH}:/home/asambhav/e-yantra_ws/install/task_1:/opt/ros/humble /usr/bin/cmake --install /home/asambhav/vtol_ws/build/vtol_description
